[  1%] Built target robot_motion_interface_ros_msgs__rosidl_generator_type_description
[  1%] Built target ament_cmake_python_symlink_robot_motion_interface_ros_msgs
[  2%] Built target robot_motion_interface_ros_msgs__cpp
[ 25%] Built target robot_motion_interface_ros_msgs__rosidl_generator_c
[ 35%] Built target robot_motion_interface_ros_msgs__rosidl_typesupport_introspection_c
[ 44%] Built target robot_motion_interface_ros_msgs__rosidl_typesupport_c
[ 54%] Built target robot_motion_interface_ros_msgs__rosidl_typesupport_cpp
[ 63%] Built target robot_motion_interface_ros_msgs__rosidl_typesupport_fastrtps_cpp
[ 72%] Built target robot_motion_interface_ros_msgs__rosidl_typesupport_fastrtps_c
[ 82%] Built target robot_motion_interface_ros_msgs__rosidl_typesupport_introspection_cpp
[ 82%] Built target robot_motion_interface_ros_msgs
[ 83%] Built target robot_motion_interface_ros_msgs__py
[ 91%] Built target robot_motion_interface_ros_msgs__rosidl_generator_py
[ 94%] Built target robot_motion_interface_ros_msgs_s__rosidl_typesupport_c
[ 97%] Built target robot_motion_interface_ros_msgs_s__rosidl_typesupport_fastrtps_c
[100%] Built target robot_motion_interface_ros_msgs_s__rosidl_typesupport_introspection_c
running egg_info
writing robot_motion_interface_ros_msgs.egg-info/PKG-INFO
writing dependency_links to robot_motion_interface_ros_msgs.egg-info/dependency_links.txt
writing top-level names to robot_motion_interface_ros_msgs.egg-info/top_level.txt
listing git files failed - pretending there aren't any
reading manifest file 'robot_motion_interface_ros_msgs.egg-info/SOURCES.txt'
writing manifest file 'robot_motion_interface_ros_msgs.egg-info/SOURCES.txt'
[100%] Built target ament_cmake_python_build_robot_motion_interface_ros_msgs_egg
-- Install configuration: ""
-- Execute custom install script
-- Up-to-date symlink: /workspace/libs/robot_motion_interface/ros/install/robot_motion_interface_ros_msgs/share/ament_index/resource_index/rosidl_interfaces/robot_motion_interface_ros_msgs
-- Up-to-date symlink: /workspace/libs/robot_motion_interface/ros/install/robot_motion_interface_ros_msgs/share/robot_motion_interface_ros_msgs/action/SetCartesianPose.json
-- Up-to-date symlink: /workspace/libs/robot_motion_interface/ros/install/robot_motion_interface_ros_msgs/share/robot_motion_interface_ros_msgs/action/Home.json
-- Up-to-date symlink: /workspace/libs/robot_motion_interface/ros/install/robot_motion_interface_ros_msgs/share/robot_motion_interface_ros_msgs/action/SetJointPositions.json
-- Up-to-date symlink: /workspace/libs/robot_motion_interface/ros/install/robot_motion_interface_ros_msgs/share/robot_motion_interface_ros_msgs/msg/ObjectPose.json
-- Up-to-date symlink: /workspace/libs/robot_motion_interface/ros/install/robot_motion_interface_ros_msgs/share/robot_motion_interface_ros_msgs/msg/ObjectPoses.json
-- Up-to-date symlink: /workspace/libs/robot_motion_interface/ros/install/robot_motion_interface_ros_msgs/include/robot_motion_interface_ros_msgs/robot_motion_interface_ros_msgs/action/detail/home__functions.h
-- Up-to-date symlink: /workspace/libs/robot_motion_interface/ros/install/robot_motion_interface_ros_msgs/include/robot_motion_interface_ros_msgs/robot_motion_interface_ros_msgs/action/detail/home__struct.h
-- Up-to-date symlink: /workspace/libs/robot_motion_interface/ros/install/robot_motion_interface_ros_msgs/include/robot_motion_interface_ros_msgs/robot_motion_interface_ros_msgs/action/detail/home__type_support.h
-- Up-to-date symlink: /workspace/libs/robot_motion_interface/ros/install/robot_motion_interface_ros_msgs/include/robot_motion_interface_ros_msgs/robot_motion_interface_ros_msgs/action/detail/set_cartesian_pose__functions.h
-- Up-to-date symlink: /workspace/libs/robot_motion_interface/ros/install/robot_motion_interface_ros_msgs/include/robot_motion_interface_ros_msgs/robot_motion_interface_ros_msgs/action/detail/set_cartesian_pose__struct.h
-- Up-to-date symlink: /workspace/libs/robot_motion_interface/ros/install/robot_motion_interface_ros_msgs/include/robot_motion_interface_ros_msgs/robot_motion_interface_ros_msgs/action/detail/set_cartesian_pose__type_support.h
-- Up-to-date symlink: /workspace/libs/robot_motion_interface/ros/install/robot_motion_interface_ros_msgs/include/robot_motion_interface_ros_msgs/robot_motion_interface_ros_msgs/action/detail/set_joint_positions__functions.h
-- Up-to-date symlink: /workspace/libs/robot_motion_interface/ros/install/robot_motion_interface_ros_msgs/include/robot_motion_interface_ros_msgs/robot_motion_interface_ros_msgs/action/detail/set_joint_positions__struct.h
-- Up-to-date symlink: /workspace/libs/robot_motion_interface/ros/install/robot_motion_interface_ros_msgs/include/robot_motion_interface_ros_msgs/robot_motion_interface_ros_msgs/action/detail/set_joint_positions__type_support.h
-- Up-to-date symlink: /workspace/libs/robot_motion_interface/ros/install/robot_motion_interface_ros_msgs/include/robot_motion_interface_ros_msgs/robot_motion_interface_ros_msgs/action/home.h
-- Up-to-date symlink: /workspace/libs/robot_motion_interface/ros/install/robot_motion_interface_ros_msgs/include/robot_motion_interface_ros_msgs/robot_motion_interface_ros_msgs/action/set_cartesian_pose.h
-- Up-to-date symlink: /workspace/libs/robot_motion_interface/ros/install/robot_motion_interface_ros_msgs/include/robot_motion_interface_ros_msgs/robot_motion_interface_ros_msgs/action/set_joint_positions.h
-- Up-to-date symlink: /workspace/libs/robot_motion_interface/ros/install/robot_motion_interface_ros_msgs/include/robot_motion_interface_ros_msgs/robot_motion_interface_ros_msgs/msg/detail/object_pose__functions.h
-- Up-to-date symlink: /workspace/libs/robot_motion_interface/ros/install/robot_motion_interface_ros_msgs/include/robot_motion_interface_ros_msgs/robot_motion_interface_ros_msgs/msg/detail/object_pose__struct.h
-- Up-to-date symlink: /workspace/libs/robot_motion_interface/ros/install/robot_motion_interface_ros_msgs/include/robot_motion_interface_ros_msgs/robot_motion_interface_ros_msgs/msg/detail/object_pose__type_support.h
-- Up-to-date symlink: /workspace/libs/robot_motion_interface/ros/install/robot_motion_interface_ros_msgs/include/robot_motion_interface_ros_msgs/robot_motion_interface_ros_msgs/msg/detail/object_poses__functions.h
-- Up-to-date symlink: /workspace/libs/robot_motion_interface/ros/install/robot_motion_interface_ros_msgs/include/robot_motion_interface_ros_msgs/robot_motion_interface_ros_msgs/msg/detail/object_poses__struct.h
-- Up-to-date symlink: /workspace/libs/robot_motion_interface/ros/install/robot_motion_interface_ros_msgs/include/robot_motion_interface_ros_msgs/robot_motion_interface_ros_msgs/msg/detail/object_poses__type_support.h
-- Up-to-date symlink: /workspace/libs/robot_motion_interface/ros/install/robot_motion_interface_ros_msgs/include/robot_motion_interface_ros_msgs/robot_motion_interface_ros_msgs/msg/object_pose.h
-- Up-to-date symlink: /workspace/libs/robot_motion_interface/ros/install/robot_motion_interface_ros_msgs/include/robot_motion_interface_ros_msgs/robot_motion_interface_ros_msgs/msg/object_poses.h
-- Up-to-date symlink: /workspace/libs/robot_motion_interface/ros/install/robot_motion_interface_ros_msgs/include/robot_motion_interface_ros_msgs/robot_motion_interface_ros_msgs/msg/rosidl_generator_c__visibility_control.h
-- Up-to-date symlink: /workspace/libs/robot_motion_interface/ros/install/robot_motion_interface_ros_msgs/share/robot_motion_interface_ros_msgs/environment/library_path.sh
-- Up-to-date symlink: /workspace/libs/robot_motion_interface/ros/install/robot_motion_interface_ros_msgs/share/robot_motion_interface_ros_msgs/environment/library_path.dsv
-- Up-to-date symlink: /workspace/libs/robot_motion_interface/ros/install/robot_motion_interface_ros_msgs/include/robot_motion_interface_ros_msgs/robot_motion_interface_ros_msgs/action/detail/home__rosidl_typesupport_fastrtps_c.h
-- Up-to-date symlink: /workspace/libs/robot_motion_interface/ros/install/robot_motion_interface_ros_msgs/include/robot_motion_interface_ros_msgs/robot_motion_interface_ros_msgs/action/detail/set_cartesian_pose__rosidl_typesupport_fastrtps_c.h
-- Up-to-date symlink: /workspace/libs/robot_motion_interface/ros/install/robot_motion_interface_ros_msgs/include/robot_motion_interface_ros_msgs/robot_motion_interface_ros_msgs/action/detail/set_joint_positions__rosidl_typesupport_fastrtps_c.h
-- Up-to-date symlink: /workspace/libs/robot_motion_interface/ros/install/robot_motion_interface_ros_msgs/include/robot_motion_interface_ros_msgs/robot_motion_interface_ros_msgs/msg/detail/object_pose__rosidl_typesupport_fastrtps_c.h
-- Up-to-date symlink: /workspace/libs/robot_motion_interface/ros/install/robot_motion_interface_ros_msgs/include/robot_motion_interface_ros_msgs/robot_motion_interface_ros_msgs/msg/detail/object_poses__rosidl_typesupport_fastrtps_c.h
-- Up-to-date symlink: /workspace/libs/robot_motion_interface/ros/install/robot_motion_interface_ros_msgs/include/robot_motion_interface_ros_msgs/robot_motion_interface_ros_msgs/msg/rosidl_typesupport_fastrtps_c__visibility_control.h
-- Up-to-date symlink: /workspace/libs/robot_motion_interface/ros/install/robot_motion_interface_ros_msgs/include/robot_motion_interface_ros_msgs/robot_motion_interface_ros_msgs/action/detail/home__rosidl_typesupport_introspection_c.h
-- Up-to-date symlink: /workspace/libs/robot_motion_interface/ros/install/robot_motion_interface_ros_msgs/include/robot_motion_interface_ros_msgs/robot_motion_interface_ros_msgs/action/detail/set_cartesian_pose__rosidl_typesupport_introspection_c.h
-- Up-to-date symlink: /workspace/libs/robot_motion_interface/ros/install/robot_motion_interface_ros_msgs/include/robot_motion_interface_ros_msgs/robot_motion_interface_ros_msgs/action/detail/set_joint_positions__rosidl_typesupport_introspection_c.h
-- Up-to-date symlink: /workspace/libs/robot_motion_interface/ros/install/robot_motion_interface_ros_msgs/include/robot_motion_interface_ros_msgs/robot_motion_interface_ros_msgs/msg/detail/object_pose__rosidl_typesupport_introspection_c.h
-- Up-to-date symlink: /workspace/libs/robot_motion_interface/ros/install/robot_motion_interface_ros_msgs/include/robot_motion_interface_ros_msgs/robot_motion_interface_ros_msgs/msg/detail/object_poses__rosidl_typesupport_introspection_c.h
-- Up-to-date symlink: /workspace/libs/robot_motion_interface/ros/install/robot_motion_interface_ros_msgs/include/robot_motion_interface_ros_msgs/robot_motion_interface_ros_msgs/msg/rosidl_typesupport_introspection_c__visibility_control.h
-- Up-to-date symlink: /workspace/libs/robot_motion_interface/ros/install/robot_motion_interface_ros_msgs/include/robot_motion_interface_ros_msgs/robot_motion_interface_ros_msgs/action/detail/home__builder.hpp
-- Up-to-date symlink: /workspace/libs/robot_motion_interface/ros/install/robot_motion_interface_ros_msgs/include/robot_motion_interface_ros_msgs/robot_motion_interface_ros_msgs/action/detail/home__struct.hpp
-- Up-to-date symlink: /workspace/libs/robot_motion_interface/ros/install/robot_motion_interface_ros_msgs/include/robot_motion_interface_ros_msgs/robot_motion_interface_ros_msgs/action/detail/home__traits.hpp
-- Up-to-date symlink: /workspace/libs/robot_motion_interface/ros/install/robot_motion_interface_ros_msgs/include/robot_motion_interface_ros_msgs/robot_motion_interface_ros_msgs/action/detail/home__type_support.hpp
-- Up-to-date symlink: /workspace/libs/robot_motion_interface/ros/install/robot_motion_interface_ros_msgs/include/robot_motion_interface_ros_msgs/robot_motion_interface_ros_msgs/action/detail/set_cartesian_pose__builder.hpp
-- Up-to-date symlink: /workspace/libs/robot_motion_interface/ros/install/robot_motion_interface_ros_msgs/include/robot_motion_interface_ros_msgs/robot_motion_interface_ros_msgs/action/detail/set_cartesian_pose__struct.hpp
-- Up-to-date symlink: /workspace/libs/robot_motion_interface/ros/install/robot_motion_interface_ros_msgs/include/robot_motion_interface_ros_msgs/robot_motion_interface_ros_msgs/action/detail/set_cartesian_pose__traits.hpp
-- Up-to-date symlink: /workspace/libs/robot_motion_interface/ros/install/robot_motion_interface_ros_msgs/include/robot_motion_interface_ros_msgs/robot_motion_interface_ros_msgs/action/detail/set_cartesian_pose__type_support.hpp
-- Up-to-date symlink: /workspace/libs/robot_motion_interface/ros/install/robot_motion_interface_ros_msgs/include/robot_motion_interface_ros_msgs/robot_motion_interface_ros_msgs/action/detail/set_joint_positions__builder.hpp
-- Up-to-date symlink: /workspace/libs/robot_motion_interface/ros/install/robot_motion_interface_ros_msgs/include/robot_motion_interface_ros_msgs/robot_motion_interface_ros_msgs/action/detail/set_joint_positions__struct.hpp
-- Up-to-date symlink: /workspace/libs/robot_motion_interface/ros/install/robot_motion_interface_ros_msgs/include/robot_motion_interface_ros_msgs/robot_motion_interface_ros_msgs/action/detail/set_joint_positions__traits.hpp
-- Up-to-date symlink: /workspace/libs/robot_motion_interface/ros/install/robot_motion_interface_ros_msgs/include/robot_motion_interface_ros_msgs/robot_motion_interface_ros_msgs/action/detail/set_joint_positions__type_support.hpp
-- Up-to-date symlink: /workspace/libs/robot_motion_interface/ros/install/robot_motion_interface_ros_msgs/include/robot_motion_interface_ros_msgs/robot_motion_interface_ros_msgs/action/home.hpp
-- Up-to-date symlink: /workspace/libs/robot_motion_interface/ros/install/robot_motion_interface_ros_msgs/include/robot_motion_interface_ros_msgs/robot_motion_interface_ros_msgs/action/set_cartesian_pose.hpp
-- Up-to-date symlink: /workspace/libs/robot_motion_interface/ros/install/robot_motion_interface_ros_msgs/include/robot_motion_interface_ros_msgs/robot_motion_interface_ros_msgs/action/set_joint_positions.hpp
-- Up-to-date symlink: /workspace/libs/robot_motion_interface/ros/install/robot_motion_interface_ros_msgs/include/robot_motion_interface_ros_msgs/robot_motion_interface_ros_msgs/msg/detail/object_pose__builder.hpp
-- Up-to-date symlink: /workspace/libs/robot_motion_interface/ros/install/robot_motion_interface_ros_msgs/include/robot_motion_interface_ros_msgs/robot_motion_interface_ros_msgs/msg/detail/object_pose__struct.hpp
-- Up-to-date symlink: /workspace/libs/robot_motion_interface/ros/install/robot_motion_interface_ros_msgs/include/robot_motion_interface_ros_msgs/robot_motion_interface_ros_msgs/msg/detail/object_pose__traits.hpp
-- Up-to-date symlink: /workspace/libs/robot_motion_interface/ros/install/robot_motion_interface_ros_msgs/include/robot_motion_interface_ros_msgs/robot_motion_interface_ros_msgs/msg/detail/object_pose__type_support.hpp
-- Up-to-date symlink: /workspace/libs/robot_motion_interface/ros/install/robot_motion_interface_ros_msgs/include/robot_motion_interface_ros_msgs/robot_motion_interface_ros_msgs/msg/detail/object_poses__builder.hpp
-- Up-to-date symlink: /workspace/libs/robot_motion_interface/ros/install/robot_motion_interface_ros_msgs/include/robot_motion_interface_ros_msgs/robot_motion_interface_ros_msgs/msg/detail/object_poses__struct.hpp
-- Up-to-date symlink: /workspace/libs/robot_motion_interface/ros/install/robot_motion_interface_ros_msgs/include/robot_motion_interface_ros_msgs/robot_motion_interface_ros_msgs/msg/detail/object_poses__traits.hpp
-- Up-to-date symlink: /workspace/libs/robot_motion_interface/ros/install/robot_motion_interface_ros_msgs/include/robot_motion_interface_ros_msgs/robot_motion_interface_ros_msgs/msg/detail/object_poses__type_support.hpp
-- Up-to-date symlink: /workspace/libs/robot_motion_interface/ros/install/robot_motion_interface_ros_msgs/include/robot_motion_interface_ros_msgs/robot_motion_interface_ros_msgs/msg/object_pose.hpp
-- Up-to-date symlink: /workspace/libs/robot_motion_interface/ros/install/robot_motion_interface_ros_msgs/include/robot_motion_interface_ros_msgs/robot_motion_interface_ros_msgs/msg/object_poses.hpp
-- Up-to-date symlink: /workspace/libs/robot_motion_interface/ros/install/robot_motion_interface_ros_msgs/include/robot_motion_interface_ros_msgs/robot_motion_interface_ros_msgs/msg/rosidl_generator_cpp__visibility_control.hpp
-- Up-to-date symlink: /workspace/libs/robot_motion_interface/ros/install/robot_motion_interface_ros_msgs/include/robot_motion_interface_ros_msgs/robot_motion_interface_ros_msgs/action/detail/home__rosidl_typesupport_fastrtps_cpp.hpp
-- Up-to-date symlink: /workspace/libs/robot_motion_interface/ros/install/robot_motion_interface_ros_msgs/include/robot_motion_interface_ros_msgs/robot_motion_interface_ros_msgs/action/detail/set_cartesian_pose__rosidl_typesupport_fastrtps_cpp.hpp
-- Up-to-date symlink: /workspace/libs/robot_motion_interface/ros/install/robot_motion_interface_ros_msgs/include/robot_motion_interface_ros_msgs/robot_motion_interface_ros_msgs/action/detail/set_joint_positions__rosidl_typesupport_fastrtps_cpp.hpp
-- Up-to-date symlink: /workspace/libs/robot_motion_interface/ros/install/robot_motion_interface_ros_msgs/include/robot_motion_interface_ros_msgs/robot_motion_interface_ros_msgs/msg/detail/object_pose__rosidl_typesupport_fastrtps_cpp.hpp
-- Up-to-date symlink: /workspace/libs/robot_motion_interface/ros/install/robot_motion_interface_ros_msgs/include/robot_motion_interface_ros_msgs/robot_motion_interface_ros_msgs/msg/detail/object_poses__rosidl_typesupport_fastrtps_cpp.hpp
-- Up-to-date symlink: /workspace/libs/robot_motion_interface/ros/install/robot_motion_interface_ros_msgs/include/robot_motion_interface_ros_msgs/robot_motion_interface_ros_msgs/msg/rosidl_typesupport_fastrtps_cpp__visibility_control.h
-- Up-to-date symlink: /workspace/libs/robot_motion_interface/ros/install/robot_motion_interface_ros_msgs/include/robot_motion_interface_ros_msgs/robot_motion_interface_ros_msgs/action/detail/home__rosidl_typesupport_introspection_cpp.hpp
-- Up-to-date symlink: /workspace/libs/robot_motion_interface/ros/install/robot_motion_interface_ros_msgs/include/robot_motion_interface_ros_msgs/robot_motion_interface_ros_msgs/action/detail/set_cartesian_pose__rosidl_typesupport_introspection_cpp.hpp
-- Up-to-date symlink: /workspace/libs/robot_motion_interface/ros/install/robot_motion_interface_ros_msgs/include/robot_motion_interface_ros_msgs/robot_motion_interface_ros_msgs/action/detail/set_joint_positions__rosidl_typesupport_introspection_cpp.hpp
-- Up-to-date symlink: /workspace/libs/robot_motion_interface/ros/install/robot_motion_interface_ros_msgs/include/robot_motion_interface_ros_msgs/robot_motion_interface_ros_msgs/msg/detail/object_pose__rosidl_typesupport_introspection_cpp.hpp
-- Up-to-date symlink: /workspace/libs/robot_motion_interface/ros/install/robot_motion_interface_ros_msgs/include/robot_motion_interface_ros_msgs/robot_motion_interface_ros_msgs/msg/detail/object_poses__rosidl_typesupport_introspection_cpp.hpp
-- Up-to-date symlink: /workspace/libs/robot_motion_interface/ros/install/robot_motion_interface_ros_msgs/share/robot_motion_interface_ros_msgs/environment/pythonpath.sh
-- Up-to-date symlink: /workspace/libs/robot_motion_interface/ros/install/robot_motion_interface_ros_msgs/share/robot_motion_interface_ros_msgs/environment/pythonpath.dsv
-- Up-to-date symlink: /workspace/libs/robot_motion_interface/ros/install/robot_motion_interface_ros_msgs/lib/python3.12/site-packages/robot_motion_interface_ros_msgs-0.0.0-py3.12.egg-info/PKG-INFO
-- Up-to-date symlink: /workspace/libs/robot_motion_interface/ros/install/robot_motion_interface_ros_msgs/lib/python3.12/site-packages/robot_motion_interface_ros_msgs-0.0.0-py3.12.egg-info/SOURCES.txt
-- Up-to-date symlink: /workspace/libs/robot_motion_interface/ros/install/robot_motion_interface_ros_msgs/lib/python3.12/site-packages/robot_motion_interface_ros_msgs-0.0.0-py3.12.egg-info/dependency_links.txt
-- Up-to-date symlink: /workspace/libs/robot_motion_interface/ros/install/robot_motion_interface_ros_msgs/lib/python3.12/site-packages/robot_motion_interface_ros_msgs-0.0.0-py3.12.egg-info/top_level.txt
-- Up-to-date symlink: /workspace/libs/robot_motion_interface/ros/install/robot_motion_interface_ros_msgs/lib/python3.12/site-packages/robot_motion_interface_ros_msgs/__init__.py
-- Up-to-date symlink: /workspace/libs/robot_motion_interface/ros/install/robot_motion_interface_ros_msgs/lib/python3.12/site-packages/robot_motion_interface_ros_msgs/_robot_motion_interface_ros_msgs_s.ep.rosidl_typesupport_c.c
-- Up-to-date symlink: /workspace/libs/robot_motion_interface/ros/install/robot_motion_interface_ros_msgs/lib/python3.12/site-packages/robot_motion_interface_ros_msgs/_robot_motion_interface_ros_msgs_s.ep.rosidl_typesupport_fastrtps_c.c
-- Up-to-date symlink: /workspace/libs/robot_motion_interface/ros/install/robot_motion_interface_ros_msgs/lib/python3.12/site-packages/robot_motion_interface_ros_msgs/_robot_motion_interface_ros_msgs_s.ep.rosidl_typesupport_introspection_c.c
-- Up-to-date symlink: /workspace/libs/robot_motion_interface/ros/install/robot_motion_interface_ros_msgs/lib/python3.12/site-packages/robot_motion_interface_ros_msgs/action/__init__.py
-- Up-to-date symlink: /workspace/libs/robot_motion_interface/ros/install/robot_motion_interface_ros_msgs/lib/python3.12/site-packages/robot_motion_interface_ros_msgs/action/_home.py
-- Up-to-date symlink: /workspace/libs/robot_motion_interface/ros/install/robot_motion_interface_ros_msgs/lib/python3.12/site-packages/robot_motion_interface_ros_msgs/action/_home_s.c
-- Up-to-date symlink: /workspace/libs/robot_motion_interface/ros/install/robot_motion_interface_ros_msgs/lib/python3.12/site-packages/robot_motion_interface_ros_msgs/action/_set_cartesian_pose.py
-- Up-to-date symlink: /workspace/libs/robot_motion_interface/ros/install/robot_motion_interface_ros_msgs/lib/python3.12/site-packages/robot_motion_interface_ros_msgs/action/_set_cartesian_pose_s.c
-- Up-to-date symlink: /workspace/libs/robot_motion_interface/ros/install/robot_motion_interface_ros_msgs/lib/python3.12/site-packages/robot_motion_interface_ros_msgs/action/_set_joint_positions.py
-- Up-to-date symlink: /workspace/libs/robot_motion_interface/ros/install/robot_motion_interface_ros_msgs/lib/python3.12/site-packages/robot_motion_interface_ros_msgs/action/_set_joint_positions_s.c
-- Up-to-date symlink: /workspace/libs/robot_motion_interface/ros/install/robot_motion_interface_ros_msgs/lib/python3.12/site-packages/robot_motion_interface_ros_msgs/msg/__init__.py
-- Up-to-date symlink: /workspace/libs/robot_motion_interface/ros/install/robot_motion_interface_ros_msgs/lib/python3.12/site-packages/robot_motion_interface_ros_msgs/msg/_object_pose.py
-- Up-to-date symlink: /workspace/libs/robot_motion_interface/ros/install/robot_motion_interface_ros_msgs/lib/python3.12/site-packages/robot_motion_interface_ros_msgs/msg/_object_pose_s.c
-- Up-to-date symlink: /workspace/libs/robot_motion_interface/ros/install/robot_motion_interface_ros_msgs/lib/python3.12/site-packages/robot_motion_interface_ros_msgs/msg/_object_poses.py
-- Up-to-date symlink: /workspace/libs/robot_motion_interface/ros/install/robot_motion_interface_ros_msgs/lib/python3.12/site-packages/robot_motion_interface_ros_msgs/msg/_object_poses_s.c
-- Up-to-date symlink: /workspace/libs/robot_motion_interface/ros/install/robot_motion_interface_ros_msgs/lib/python3.12/site-packages/robot_motion_interface_ros_msgs/robot_motion_interface_ros_msgs_s__rosidl_typesupport_c.so
-- Up-to-date symlink: /workspace/libs/robot_motion_interface/ros/install/robot_motion_interface_ros_msgs/lib/python3.12/site-packages/robot_motion_interface_ros_msgs/robot_motion_interface_ros_msgs_s__rosidl_typesupport_fastrtps_c.so
-- Up-to-date symlink: /workspace/libs/robot_motion_interface/ros/install/robot_motion_interface_ros_msgs/lib/python3.12/site-packages/robot_motion_interface_ros_msgs/robot_motion_interface_ros_msgs_s__rosidl_typesupport_introspection_c.so
-- Up-to-date symlink: /workspace/libs/robot_motion_interface/ros/install/robot_motion_interface_ros_msgs/lib/python3.12/site-packages/robot_motion_interface_ros_msgs/robot_motion_interface_ros_msgs_s__rosidl_typesupport_fastrtps_c.so
-- Up-to-date symlink: /workspace/libs/robot_motion_interface/ros/install/robot_motion_interface_ros_msgs/lib/python3.12/site-packages/robot_motion_interface_ros_msgs/robot_motion_interface_ros_msgs_s__rosidl_typesupport_introspection_c.so
-- Up-to-date symlink: /workspace/libs/robot_motion_interface/ros/install/robot_motion_interface_ros_msgs/lib/python3.12/site-packages/robot_motion_interface_ros_msgs/robot_motion_interface_ros_msgs_s__rosidl_typesupport_c.so
-- Up-to-date symlink: /workspace/libs/robot_motion_interface/ros/install/robot_motion_interface_ros_msgs/share/robot_motion_interface_ros_msgs/action/SetCartesianPose.idl
-- Up-to-date symlink: /workspace/libs/robot_motion_interface/ros/install/robot_motion_interface_ros_msgs/share/robot_motion_interface_ros_msgs/action/Home.idl
-- Up-to-date symlink: /workspace/libs/robot_motion_interface/ros/install/robot_motion_interface_ros_msgs/share/robot_motion_interface_ros_msgs/action/SetJointPositions.idl
-- Up-to-date symlink: /workspace/libs/robot_motion_interface/ros/install/robot_motion_interface_ros_msgs/share/robot_motion_interface_ros_msgs/msg/ObjectPose.idl
-- Up-to-date symlink: /workspace/libs/robot_motion_interface/ros/install/robot_motion_interface_ros_msgs/share/robot_motion_interface_ros_msgs/msg/ObjectPoses.idl
-- Up-to-date symlink: /workspace/libs/robot_motion_interface/ros/install/robot_motion_interface_ros_msgs/share/robot_motion_interface_ros_msgs/action/SetCartesianPose.action
-- Up-to-date symlink: /workspace/libs/robot_motion_interface/ros/install/robot_motion_interface_ros_msgs/share/robot_motion_interface_ros_msgs/action/Home.action
-- Up-to-date symlink: /workspace/libs/robot_motion_interface/ros/install/robot_motion_interface_ros_msgs/share/robot_motion_interface_ros_msgs/action/SetJointPositions.action
-- Up-to-date symlink: /workspace/libs/robot_motion_interface/ros/install/robot_motion_interface_ros_msgs/share/robot_motion_interface_ros_msgs/msg/ObjectPose.msg
-- Up-to-date symlink: /workspace/libs/robot_motion_interface/ros/install/robot_motion_interface_ros_msgs/share/robot_motion_interface_ros_msgs/msg/ObjectPoses.msg
-- Up-to-date symlink: /workspace/libs/robot_motion_interface/ros/install/robot_motion_interface_ros_msgs/share/ament_index/resource_index/package_run_dependencies/robot_motion_interface_ros_msgs
-- Up-to-date symlink: /workspace/libs/robot_motion_interface/ros/install/robot_motion_interface_ros_msgs/share/ament_index/resource_index/parent_prefix_path/robot_motion_interface_ros_msgs
-- Up-to-date symlink: /workspace/libs/robot_motion_interface/ros/install/robot_motion_interface_ros_msgs/share/robot_motion_interface_ros_msgs/environment/ament_prefix_path.sh
-- Up-to-date symlink: /workspace/libs/robot_motion_interface/ros/install/robot_motion_interface_ros_msgs/share/robot_motion_interface_ros_msgs/environment/ament_prefix_path.dsv
-- Up-to-date symlink: /workspace/libs/robot_motion_interface/ros/install/robot_motion_interface_ros_msgs/share/robot_motion_interface_ros_msgs/environment/path.sh
-- Up-to-date symlink: /workspace/libs/robot_motion_interface/ros/install/robot_motion_interface_ros_msgs/share/robot_motion_interface_ros_msgs/environment/path.dsv
-- Up-to-date symlink: /workspace/libs/robot_motion_interface/ros/install/robot_motion_interface_ros_msgs/share/robot_motion_interface_ros_msgs/local_setup.bash
-- Up-to-date symlink: /workspace/libs/robot_motion_interface/ros/install/robot_motion_interface_ros_msgs/share/robot_motion_interface_ros_msgs/local_setup.sh
-- Up-to-date symlink: /workspace/libs/robot_motion_interface/ros/install/robot_motion_interface_ros_msgs/share/robot_motion_interface_ros_msgs/local_setup.zsh
-- Up-to-date symlink: /workspace/libs/robot_motion_interface/ros/install/robot_motion_interface_ros_msgs/share/robot_motion_interface_ros_msgs/local_setup.dsv
-- Symlinking: /workspace/libs/robot_motion_interface/ros/install/robot_motion_interface_ros_msgs/share/robot_motion_interface_ros_msgs/package.dsv
-- Up-to-date symlink: /workspace/libs/robot_motion_interface/ros/install/robot_motion_interface_ros_msgs/share/ament_index/resource_index/packages/robot_motion_interface_ros_msgs
-- Up-to-date symlink: /workspace/libs/robot_motion_interface/ros/install/robot_motion_interface_ros_msgs/share/robot_motion_interface_ros_msgs/cmake/rosidl_cmake-extras.cmake
-- Up-to-date symlink: /workspace/libs/robot_motion_interface/ros/install/robot_motion_interface_ros_msgs/share/robot_motion_interface_ros_msgs/cmake/ament_cmake_export_dependencies-extras.cmake
-- Up-to-date symlink: /workspace/libs/robot_motion_interface/ros/install/robot_motion_interface_ros_msgs/share/robot_motion_interface_ros_msgs/cmake/ament_cmake_export_include_directories-extras.cmake
-- Up-to-date symlink: /workspace/libs/robot_motion_interface/ros/install/robot_motion_interface_ros_msgs/share/robot_motion_interface_ros_msgs/cmake/ament_cmake_export_libraries-extras.cmake
-- Up-to-date symlink: /workspace/libs/robot_motion_interface/ros/install/robot_motion_interface_ros_msgs/share/robot_motion_interface_ros_msgs/cmake/ament_cmake_export_targets-extras.cmake
-- Up-to-date symlink: /workspace/libs/robot_motion_interface/ros/install/robot_motion_interface_ros_msgs/share/robot_motion_interface_ros_msgs/cmake/rosidl_cmake_export_typesupport_targets-extras.cmake
-- Up-to-date symlink: /workspace/libs/robot_motion_interface/ros/install/robot_motion_interface_ros_msgs/share/robot_motion_interface_ros_msgs/cmake/rosidl_cmake_export_typesupport_libraries-extras.cmake
-- Up-to-date symlink: /workspace/libs/robot_motion_interface/ros/install/robot_motion_interface_ros_msgs/share/robot_motion_interface_ros_msgs/cmake/robot_motion_interface_ros_msgsConfig.cmake
-- Up-to-date symlink: /workspace/libs/robot_motion_interface/ros/install/robot_motion_interface_ros_msgs/share/robot_motion_interface_ros_msgs/cmake/robot_motion_interface_ros_msgsConfig-version.cmake
-- Up-to-date symlink: /workspace/libs/robot_motion_interface/ros/install/robot_motion_interface_ros_msgs/share/robot_motion_interface_ros_msgs/package.xml
-- Up-to-date: /workspace/libs/robot_motion_interface/ros/install/robot_motion_interface_ros_msgs/lib/librobot_motion_interface_ros_msgs__rosidl_generator_c.so
-- Up-to-date: /workspace/libs/robot_motion_interface/ros/install/robot_motion_interface_ros_msgs/lib/librobot_motion_interface_ros_msgs__rosidl_typesupport_fastrtps_c.so
-- Up-to-date: /workspace/libs/robot_motion_interface/ros/install/robot_motion_interface_ros_msgs/lib/librobot_motion_interface_ros_msgs__rosidl_typesupport_introspection_c.so
-- Up-to-date: /workspace/libs/robot_motion_interface/ros/install/robot_motion_interface_ros_msgs/lib/librobot_motion_interface_ros_msgs__rosidl_typesupport_c.so
-- Up-to-date: /workspace/libs/robot_motion_interface/ros/install/robot_motion_interface_ros_msgs/lib/librobot_motion_interface_ros_msgs__rosidl_typesupport_fastrtps_cpp.so
-- Up-to-date: /workspace/libs/robot_motion_interface/ros/install/robot_motion_interface_ros_msgs/lib/librobot_motion_interface_ros_msgs__rosidl_typesupport_introspection_cpp.so
-- Up-to-date: /workspace/libs/robot_motion_interface/ros/install/robot_motion_interface_ros_msgs/lib/librobot_motion_interface_ros_msgs__rosidl_typesupport_cpp.so
Listing '/workspace/libs/robot_motion_interface/ros/install/robot_motion_interface_ros_msgs/lib/python3.12/site-packages/robot_motion_interface_ros_msgs'...
Listing '/workspace/libs/robot_motion_interface/ros/install/robot_motion_interface_ros_msgs/lib/python3.12/site-packages/robot_motion_interface_ros_msgs/action'...
Listing '/workspace/libs/robot_motion_interface/ros/install/robot_motion_interface_ros_msgs/lib/python3.12/site-packages/robot_motion_interface_ros_msgs/msg'...
-- Up-to-date: /workspace/libs/robot_motion_interface/ros/install/robot_motion_interface_ros_msgs/lib/librobot_motion_interface_ros_msgs__rosidl_generator_py.so
-- Up-to-date: /workspace/libs/robot_motion_interface/ros/install/robot_motion_interface_ros_msgs/share/robot_motion_interface_ros_msgs/cmake/export_robot_motion_interface_ros_msgs__rosidl_generator_cExport.cmake
-- Up-to-date: /workspace/libs/robot_motion_interface/ros/install/robot_motion_interface_ros_msgs/share/robot_motion_interface_ros_msgs/cmake/export_robot_motion_interface_ros_msgs__rosidl_generator_cExport-noconfig.cmake
-- Up-to-date: /workspace/libs/robot_motion_interface/ros/install/robot_motion_interface_ros_msgs/share/robot_motion_interface_ros_msgs/cmake/export_robot_motion_interface_ros_msgs__rosidl_typesupport_fastrtps_cExport.cmake
-- Up-to-date: /workspace/libs/robot_motion_interface/ros/install/robot_motion_interface_ros_msgs/share/robot_motion_interface_ros_msgs/cmake/export_robot_motion_interface_ros_msgs__rosidl_typesupport_fastrtps_cExport-noconfig.cmake
-- Up-to-date: /workspace/libs/robot_motion_interface/ros/install/robot_motion_interface_ros_msgs/share/robot_motion_interface_ros_msgs/cmake/robot_motion_interface_ros_msgs__rosidl_typesupport_introspection_cExport.cmake
-- Up-to-date: /workspace/libs/robot_motion_interface/ros/install/robot_motion_interface_ros_msgs/share/robot_motion_interface_ros_msgs/cmake/robot_motion_interface_ros_msgs__rosidl_typesupport_introspection_cExport-noconfig.cmake
-- Up-to-date: /workspace/libs/robot_motion_interface/ros/install/robot_motion_interface_ros_msgs/share/robot_motion_interface_ros_msgs/cmake/robot_motion_interface_ros_msgs__rosidl_typesupport_cExport.cmake
-- Up-to-date: /workspace/libs/robot_motion_interface/ros/install/robot_motion_interface_ros_msgs/share/robot_motion_interface_ros_msgs/cmake/robot_motion_interface_ros_msgs__rosidl_typesupport_cExport-noconfig.cmake
-- Up-to-date: /workspace/libs/robot_motion_interface/ros/install/robot_motion_interface_ros_msgs/share/robot_motion_interface_ros_msgs/cmake/export_robot_motion_interface_ros_msgs__rosidl_generator_cppExport.cmake
-- Up-to-date: /workspace/libs/robot_motion_interface/ros/install/robot_motion_interface_ros_msgs/share/robot_motion_interface_ros_msgs/cmake/export_robot_motion_interface_ros_msgs__rosidl_typesupport_fastrtps_cppExport.cmake
-- Up-to-date: /workspace/libs/robot_motion_interface/ros/install/robot_motion_interface_ros_msgs/share/robot_motion_interface_ros_msgs/cmake/export_robot_motion_interface_ros_msgs__rosidl_typesupport_fastrtps_cppExport-noconfig.cmake
-- Up-to-date: /workspace/libs/robot_motion_interface/ros/install/robot_motion_interface_ros_msgs/share/robot_motion_interface_ros_msgs/cmake/robot_motion_interface_ros_msgs__rosidl_typesupport_introspection_cppExport.cmake
-- Up-to-date: /workspace/libs/robot_motion_interface/ros/install/robot_motion_interface_ros_msgs/share/robot_motion_interface_ros_msgs/cmake/robot_motion_interface_ros_msgs__rosidl_typesupport_introspection_cppExport-noconfig.cmake
-- Up-to-date: /workspace/libs/robot_motion_interface/ros/install/robot_motion_interface_ros_msgs/share/robot_motion_interface_ros_msgs/cmake/robot_motion_interface_ros_msgs__rosidl_typesupport_cppExport.cmake
-- Up-to-date: /workspace/libs/robot_motion_interface/ros/install/robot_motion_interface_ros_msgs/share/robot_motion_interface_ros_msgs/cmake/robot_motion_interface_ros_msgs__rosidl_typesupport_cppExport-noconfig.cmake
-- Up-to-date: /workspace/libs/robot_motion_interface/ros/install/robot_motion_interface_ros_msgs/share/robot_motion_interface_ros_msgs/cmake/export_robot_motion_interface_ros_msgs__rosidl_generator_pyExport.cmake
-- Up-to-date: /workspace/libs/robot_motion_interface/ros/install/robot_motion_interface_ros_msgs/share/robot_motion_interface_ros_msgs/cmake/export_robot_motion_interface_ros_msgs__rosidl_generator_pyExport-noconfig.cmake
