[  1%] [34m[1mGenerating type hashes for ROS interfaces[0m
[  1%] Built target ament_cmake_python_symlink_robot_motion_interface_ros_msgs
Traceback (most recent call last):
  File "/opt/ros/jazzy/lib/rosidl_generator_type_description/rosidl_generator_type_description", line 21, in <module>
    from rosidl_generator_type_description import generate_type_hash
  File "/opt/ros/jazzy/lib/python3.12/site-packages/rosidl_generator_type_description/__init__.py", line 24, in <module>
    from rosidl_parser.parser import parse_idl_file
  File "/opt/ros/jazzy/lib/python3.12/site-packages/rosidl_parser/parser.py", line 20, in <module>
    from lark import Lark
ModuleNotFoundError: No module named 'lark'
gmake[2]: *** [CMakeFiles/robot_motion_interface_ros_msgs__rosidl_generator_type_description.dir/build.make:83: rosidl_generator_type_description/robot_motion_interface_ros_msgs/action/SetCartesianPose.json] Error 1
gmake[1]: *** [CMakeFiles/Makefile2:215: CMakeFiles/robot_motion_interface_ros_msgs__rosidl_generator_type_description.dir/all] Error 2
gmake[1]: *** Waiting for unfinished jobs....
running egg_info
writing robot_motion_interface_ros_msgs.egg-info/PKG-INFO
writing dependency_links to robot_motion_interface_ros_msgs.egg-info/dependency_links.txt
writing top-level names to robot_motion_interface_ros_msgs.egg-info/top_level.txt
listing git files failed - pretending there aren't any
reading manifest file 'robot_motion_interface_ros_msgs.egg-info/SOURCES.txt'
writing manifest file 'robot_motion_interface_ros_msgs.egg-info/SOURCES.txt'
[  1%] Built target ament_cmake_python_build_robot_motion_interface_ros_msgs_egg
gmake: *** [Makefile:146: all] Error 2
