[0.078s] DEBUG:colcon:Command line arguments: ['/root/miniconda3/envs/env_isaaclab/bin/colcon', 'build', '--cmake-clean-cache', '--symlink-install']
[0.078s] DEBUG:colcon:Parsed command line arguments: Namespace(log_base=None, log_level=None, verb_name='build', build_base='build', install_base='install', merge_install=False, symlink_install=True, test_result_base=None, continue_on_error=False, executor='parallel', parallel_workers=16, event_handlers=None, ignore_user_meta=False, metas=['./colcon.meta'], base_paths=['.'], packages_ignore=None, packages_ignore_regex=None, paths=None, packages_up_to=None, packages_up_to_regex=None, packages_above=None, packages_above_and_dependencies=None, packages_above_depth=None, packages_select_by_dep=None, packages_skip_by_dep=None, packages_skip_up_to=None, packages_select_build_failed=False, packages_skip_build_finished=False, packages_select_test_failures=False, packages_skip_test_passed=False, packages_select=None, packages_skip=None, packages_select_regex=None, packages_skip_regex=None, packages_start=None, packages_end=None, cmake_args=None, cmake_target=None, cmake_target_skip_unavailable=False, cmake_clean_cache=True, cmake_clean_first=False, cmake_force_configure=False, ament_cmake_args=None, catkin_cmake_args=None, catkin_skip_building_tests=False, verb_parser=<colcon_defaults.argument_parser.defaults.DefaultArgumentsDecorator object at 0x7b8aa3cfbe10>, verb_extension=<colcon_core.verb.build.BuildVerb object at 0x7b8aa3cfb710>, main=<bound method BuildVerb.main of <colcon_core.verb.build.BuildVerb object at 0x7b8aa3cfb710>>)
[0.099s] Level 1:colcon.colcon_core.package_discovery:discover_packages(colcon_meta) check parameters
[0.099s] Level 1:colcon.colcon_core.package_discovery:discover_packages(recursive) check parameters
[0.099s] Level 1:colcon.colcon_core.package_discovery:discover_packages(ignore) check parameters
[0.099s] Level 1:colcon.colcon_core.package_discovery:discover_packages(path) check parameters
[0.099s] Level 1:colcon.colcon_core.package_discovery:discover_packages(colcon_meta) discover
[0.099s] Level 1:colcon.colcon_core.package_discovery:discover_packages(recursive) discover
[0.099s] INFO:colcon.colcon_core.package_discovery:Crawling recursively for packages in '/workspace/libs/robot_motion_interface/ros'
[0.099s] Level 1:colcon.colcon_core.package_identification:_identify(.) by extensions ['ignore', 'ignore_ament_install']
[0.099s] Level 1:colcon.colcon_core.package_identification:_identify(.) by extension 'ignore'
[0.099s] Level 1:colcon.colcon_core.package_identification:_identify(.) by extension 'ignore_ament_install'
[0.099s] Level 1:colcon.colcon_core.package_identification:_identify(.) by extensions ['colcon_pkg']
[0.099s] Level 1:colcon.colcon_core.package_identification:_identify(.) by extension 'colcon_pkg'
[0.099s] Level 1:colcon.colcon_core.package_identification:_identify(.) by extensions ['colcon_meta']
[0.099s] Level 1:colcon.colcon_core.package_identification:_identify(.) by extension 'colcon_meta'
[0.099s] Level 1:colcon.colcon_core.package_identification:_identify(.) by extensions ['ros']
[0.099s] Level 1:colcon.colcon_core.package_identification:_identify(.) by extension 'ros'
[0.113s] Level 1:colcon.colcon_core.package_identification:_identify(.) by extensions ['cmake', 'python']
[0.113s] Level 1:colcon.colcon_core.package_identification:_identify(.) by extension 'cmake'
[0.113s] Level 1:colcon.colcon_core.package_identification:_identify(.) by extension 'python'
[0.113s] Level 1:colcon.colcon_core.package_identification:_identify(.) by extensions ['python_setup_py']
[0.113s] Level 1:colcon.colcon_core.package_identification:_identify(.) by extension 'python_setup_py'
[0.113s] Level 1:colcon.colcon_core.package_identification:_identify(build) by extensions ['ignore', 'ignore_ament_install']
[0.113s] Level 1:colcon.colcon_core.package_identification:_identify(build) by extension 'ignore'
[0.113s] Level 1:colcon.colcon_core.package_identification:_identify(build) ignored
[0.113s] Level 1:colcon.colcon_core.package_identification:_identify(install) by extensions ['ignore', 'ignore_ament_install']
[0.113s] Level 1:colcon.colcon_core.package_identification:_identify(install) by extension 'ignore'
[0.113s] Level 1:colcon.colcon_core.package_identification:_identify(install) ignored
[0.113s] Level 1:colcon.colcon_core.package_identification:_identify(log) by extensions ['ignore', 'ignore_ament_install']
[0.113s] Level 1:colcon.colcon_core.package_identification:_identify(log) by extension 'ignore'
[0.113s] Level 1:colcon.colcon_core.package_identification:_identify(log) ignored
[0.113s] Level 1:colcon.colcon_core.package_identification:_identify(src) by extensions ['ignore', 'ignore_ament_install']
[0.113s] Level 1:colcon.colcon_core.package_identification:_identify(src) by extension 'ignore'
[0.113s] Level 1:colcon.colcon_core.package_identification:_identify(src) by extension 'ignore_ament_install'
[0.113s] Level 1:colcon.colcon_core.package_identification:_identify(src) by extensions ['colcon_pkg']
[0.113s] Level 1:colcon.colcon_core.package_identification:_identify(src) by extension 'colcon_pkg'
[0.113s] Level 1:colcon.colcon_core.package_identification:_identify(src) by extensions ['colcon_meta']
[0.113s] Level 1:colcon.colcon_core.package_identification:_identify(src) by extension 'colcon_meta'
[0.114s] Level 1:colcon.colcon_core.package_identification:_identify(src) by extensions ['ros']
[0.114s] Level 1:colcon.colcon_core.package_identification:_identify(src) by extension 'ros'
[0.114s] Level 1:colcon.colcon_core.package_identification:_identify(src) by extensions ['cmake', 'python']
[0.114s] Level 1:colcon.colcon_core.package_identification:_identify(src) by extension 'cmake'
[0.114s] Level 1:colcon.colcon_core.package_identification:_identify(src) by extension 'python'
[0.114s] Level 1:colcon.colcon_core.package_identification:_identify(src) by extensions ['python_setup_py']
[0.114s] Level 1:colcon.colcon_core.package_identification:_identify(src) by extension 'python_setup_py'
[0.114s] Level 1:colcon.colcon_core.package_identification:_identify(src/robot_motion_interface_ros) by extensions ['ignore', 'ignore_ament_install']
[0.114s] Level 1:colcon.colcon_core.package_identification:_identify(src/robot_motion_interface_ros) by extension 'ignore'
[0.114s] Level 1:colcon.colcon_core.package_identification:_identify(src/robot_motion_interface_ros) by extension 'ignore_ament_install'
[0.114s] Level 1:colcon.colcon_core.package_identification:_identify(src/robot_motion_interface_ros) by extensions ['colcon_pkg']
[0.114s] Level 1:colcon.colcon_core.package_identification:_identify(src/robot_motion_interface_ros) by extension 'colcon_pkg'
[0.114s] Level 1:colcon.colcon_core.package_identification:_identify(src/robot_motion_interface_ros) by extensions ['colcon_meta']
[0.114s] Level 1:colcon.colcon_core.package_identification:_identify(src/robot_motion_interface_ros) by extension 'colcon_meta'
[0.114s] Level 1:colcon.colcon_core.package_identification:_identify(src/robot_motion_interface_ros) by extensions ['ros']
[0.114s] Level 1:colcon.colcon_core.package_identification:_identify(src/robot_motion_interface_ros) by extension 'ros'
[0.115s] DEBUG:colcon.colcon_core.package_identification:Package 'src/robot_motion_interface_ros' with type 'ros.ament_python' and name 'robot_motion_interface_ros'
[0.116s] Level 1:colcon.colcon_core.package_identification:_identify(src/robot_motion_interface_ros_msgs) by extensions ['ignore', 'ignore_ament_install']
[0.116s] Level 1:colcon.colcon_core.package_identification:_identify(src/robot_motion_interface_ros_msgs) by extension 'ignore'
[0.116s] Level 1:colcon.colcon_core.package_identification:_identify(src/robot_motion_interface_ros_msgs) by extension 'ignore_ament_install'
[0.116s] Level 1:colcon.colcon_core.package_identification:_identify(src/robot_motion_interface_ros_msgs) by extensions ['colcon_pkg']
[0.116s] Level 1:colcon.colcon_core.package_identification:_identify(src/robot_motion_interface_ros_msgs) by extension 'colcon_pkg'
[0.116s] Level 1:colcon.colcon_core.package_identification:_identify(src/robot_motion_interface_ros_msgs) by extensions ['colcon_meta']
[0.116s] Level 1:colcon.colcon_core.package_identification:_identify(src/robot_motion_interface_ros_msgs) by extension 'colcon_meta'
[0.116s] Level 1:colcon.colcon_core.package_identification:_identify(src/robot_motion_interface_ros_msgs) by extensions ['ros']
[0.116s] Level 1:colcon.colcon_core.package_identification:_identify(src/robot_motion_interface_ros_msgs) by extension 'ros'
[0.116s] DEBUG:colcon.colcon_core.package_identification:Package 'src/robot_motion_interface_ros_msgs' with type 'ros.ament_cmake' and name 'robot_motion_interface_ros_msgs'
[0.116s] Level 1:colcon.colcon_core.package_discovery:discover_packages(recursive) using defaults
[0.116s] Level 1:colcon.colcon_core.package_discovery:discover_packages(ignore) discover
[0.116s] Level 1:colcon.colcon_core.package_discovery:discover_packages(ignore) using defaults
[0.116s] Level 1:colcon.colcon_core.package_discovery:discover_packages(path) discover
[0.116s] Level 1:colcon.colcon_core.package_discovery:discover_packages(path) using defaults
[0.128s] Level 5:colcon.colcon_core.verb:set package 'robot_motion_interface_ros_msgs' build argument 'cmake_args' from command line to 'None'
[0.128s] Level 5:colcon.colcon_core.verb:set package 'robot_motion_interface_ros_msgs' build argument 'cmake_target' from command line to 'None'
[0.128s] Level 5:colcon.colcon_core.verb:set package 'robot_motion_interface_ros_msgs' build argument 'cmake_target_skip_unavailable' from command line to 'False'
[0.128s] Level 5:colcon.colcon_core.verb:set package 'robot_motion_interface_ros_msgs' build argument 'cmake_clean_cache' from command line to 'True'
[0.128s] Level 5:colcon.colcon_core.verb:set package 'robot_motion_interface_ros_msgs' build argument 'cmake_clean_first' from command line to 'False'
[0.128s] Level 5:colcon.colcon_core.verb:set package 'robot_motion_interface_ros_msgs' build argument 'cmake_force_configure' from command line to 'False'
[0.128s] Level 5:colcon.colcon_core.verb:set package 'robot_motion_interface_ros_msgs' build argument 'ament_cmake_args' from command line to 'None'
[0.128s] Level 5:colcon.colcon_core.verb:set package 'robot_motion_interface_ros_msgs' build argument 'catkin_cmake_args' from command line to 'None'
[0.128s] Level 5:colcon.colcon_core.verb:set package 'robot_motion_interface_ros_msgs' build argument 'catkin_skip_building_tests' from command line to 'False'
[0.128s] DEBUG:colcon.colcon_core.verb:Building package 'robot_motion_interface_ros_msgs' with the following arguments: {'ament_cmake_args': None, 'build_base': '/workspace/libs/robot_motion_interface/ros/build/robot_motion_interface_ros_msgs', 'catkin_cmake_args': None, 'catkin_skip_building_tests': False, 'cmake_args': None, 'cmake_clean_cache': True, 'cmake_clean_first': False, 'cmake_force_configure': False, 'cmake_target': None, 'cmake_target_skip_unavailable': False, 'install_base': '/workspace/libs/robot_motion_interface/ros/install/robot_motion_interface_ros_msgs', 'merge_install': False, 'path': '/workspace/libs/robot_motion_interface/ros/src/robot_motion_interface_ros_msgs', 'symlink_install': True, 'test_result_base': None}
[0.128s] Level 5:colcon.colcon_core.verb:set package 'robot_motion_interface_ros' build argument 'cmake_args' from command line to 'None'
[0.128s] Level 5:colcon.colcon_core.verb:set package 'robot_motion_interface_ros' build argument 'cmake_target' from command line to 'None'
[0.128s] Level 5:colcon.colcon_core.verb:set package 'robot_motion_interface_ros' build argument 'cmake_target_skip_unavailable' from command line to 'False'
[0.128s] Level 5:colcon.colcon_core.verb:set package 'robot_motion_interface_ros' build argument 'cmake_clean_cache' from command line to 'True'
[0.128s] Level 5:colcon.colcon_core.verb:set package 'robot_motion_interface_ros' build argument 'cmake_clean_first' from command line to 'False'
[0.128s] Level 5:colcon.colcon_core.verb:set package 'robot_motion_interface_ros' build argument 'cmake_force_configure' from command line to 'False'
[0.128s] Level 5:colcon.colcon_core.verb:set package 'robot_motion_interface_ros' build argument 'ament_cmake_args' from command line to 'None'
[0.128s] Level 5:colcon.colcon_core.verb:set package 'robot_motion_interface_ros' build argument 'catkin_cmake_args' from command line to 'None'
[0.128s] Level 5:colcon.colcon_core.verb:set package 'robot_motion_interface_ros' build argument 'catkin_skip_building_tests' from command line to 'False'
[0.128s] DEBUG:colcon.colcon_core.verb:Building package 'robot_motion_interface_ros' with the following arguments: {'ament_cmake_args': None, 'build_base': '/workspace/libs/robot_motion_interface/ros/build/robot_motion_interface_ros', 'catkin_cmake_args': None, 'catkin_skip_building_tests': False, 'cmake_args': None, 'cmake_clean_cache': True, 'cmake_clean_first': False, 'cmake_force_configure': False, 'cmake_target': None, 'cmake_target_skip_unavailable': False, 'install_base': '/workspace/libs/robot_motion_interface/ros/install/robot_motion_interface_ros', 'merge_install': False, 'path': '/workspace/libs/robot_motion_interface/ros/src/robot_motion_interface_ros', 'symlink_install': True, 'test_result_base': None}
[0.128s] INFO:colcon.colcon_core.executor:Executing jobs using 'parallel' executor
[0.129s] DEBUG:colcon.colcon_parallel_executor.executor.parallel:run_until_complete
[0.129s] INFO:colcon.colcon_ros.task.ament_cmake.build:Building ROS package in '/workspace/libs/robot_motion_interface/ros/src/robot_motion_interface_ros_msgs' with build type 'ament_cmake'
[0.129s] INFO:colcon.colcon_cmake.task.cmake.build:Building CMake package in '/workspace/libs/robot_motion_interface/ros/src/robot_motion_interface_ros_msgs'
[0.131s] INFO:colcon.colcon_core.plugin_system:Skipping extension 'colcon_core.shell.bat': Not used on non-Windows systems
[0.131s] INFO:colcon.colcon_core.shell:Skip shell extension 'powershell' for command environment: Not usable outside of PowerShell
[0.131s] DEBUG:colcon.colcon_core.shell:Skip shell extension 'dsv' for command environment
[0.139s] DEBUG:colcon.colcon_core.event_handler.log_command:Invoking command in '/workspace/libs/robot_motion_interface/ros/build/robot_motion_interface_ros_msgs': CMAKE_PREFIX_PATH=${CMAKE_PREFIX_PATH}:/workspace/libs/primitives/ros/install/primitives_ros:/workspace/libs/robot_motion_interface/ros/install/robot_motion_interface_ros CONDA_PROMPT_MODIFIER=(env_isaaclab) /usr/local/bin/cmake /workspace/libs/robot_motion_interface/ros/src/robot_motion_interface_ros_msgs -DAMENT_CMAKE_SYMLINK_INSTALL=1 -DCMAKE_INSTALL_PREFIX=/workspace/libs/robot_motion_interface/ros/install/robot_motion_interface_ros_msgs
[5.398s] DEBUG:colcon.colcon_core.event_handler.log_command:Invoked command in '/workspace/libs/robot_motion_interface/ros/build/robot_motion_interface_ros_msgs' returned '0': CMAKE_PREFIX_PATH=${CMAKE_PREFIX_PATH}:/workspace/libs/primitives/ros/install/primitives_ros:/workspace/libs/robot_motion_interface/ros/install/robot_motion_interface_ros CONDA_PROMPT_MODIFIER=(env_isaaclab) /usr/local/bin/cmake /workspace/libs/robot_motion_interface/ros/src/robot_motion_interface_ros_msgs -DAMENT_CMAKE_SYMLINK_INSTALL=1 -DCMAKE_INSTALL_PREFIX=/workspace/libs/robot_motion_interface/ros/install/robot_motion_interface_ros_msgs
[5.399s] DEBUG:colcon.colcon_core.event_handler.log_command:Invoking command in '/workspace/libs/robot_motion_interface/ros/build/robot_motion_interface_ros_msgs': CMAKE_PREFIX_PATH=${CMAKE_PREFIX_PATH}:/workspace/libs/primitives/ros/install/primitives_ros:/workspace/libs/robot_motion_interface/ros/install/robot_motion_interface_ros CONDA_PROMPT_MODIFIER=(env_isaaclab) /usr/local/bin/cmake --build /workspace/libs/robot_motion_interface/ros/build/robot_motion_interface_ros_msgs -- -j16 -l16
[5.849s] DEBUG:colcon.colcon_core.event_handler.log_command:Invoked command in '/workspace/libs/robot_motion_interface/ros/build/robot_motion_interface_ros_msgs' returned '0': CMAKE_PREFIX_PATH=${CMAKE_PREFIX_PATH}:/workspace/libs/primitives/ros/install/primitives_ros:/workspace/libs/robot_motion_interface/ros/install/robot_motion_interface_ros CONDA_PROMPT_MODIFIER=(env_isaaclab) /usr/local/bin/cmake --build /workspace/libs/robot_motion_interface/ros/build/robot_motion_interface_ros_msgs -- -j16 -l16
[5.923s] DEBUG:colcon.colcon_core.event_handler.log_command:Invoking command in '/workspace/libs/robot_motion_interface/ros/build/robot_motion_interface_ros_msgs': CMAKE_PREFIX_PATH=${CMAKE_PREFIX_PATH}:/workspace/libs/primitives/ros/install/primitives_ros:/workspace/libs/robot_motion_interface/ros/install/robot_motion_interface_ros CONDA_PROMPT_MODIFIER=(env_isaaclab) /usr/local/bin/cmake --install /workspace/libs/robot_motion_interface/ros/build/robot_motion_interface_ros_msgs
[6.096s] Level 1:colcon.colcon_core.environment:create_environment_scripts_only(robot_motion_interface_ros_msgs)
[6.096s] DEBUG:colcon.colcon_core.event_handler.log_command:Invoked command in '/workspace/libs/robot_motion_interface/ros/build/robot_motion_interface_ros_msgs' returned '0': CMAKE_PREFIX_PATH=${CMAKE_PREFIX_PATH}:/workspace/libs/primitives/ros/install/primitives_ros:/workspace/libs/robot_motion_interface/ros/install/robot_motion_interface_ros CONDA_PROMPT_MODIFIER=(env_isaaclab) /usr/local/bin/cmake --install /workspace/libs/robot_motion_interface/ros/build/robot_motion_interface_ros_msgs
[6.099s] Level 1:colcon.colcon_core.environment:checking '/workspace/libs/robot_motion_interface/ros/install/robot_motion_interface_ros_msgs' for CMake module files
[6.099s] Level 1:colcon.colcon_core.environment:checking '/workspace/libs/robot_motion_interface/ros/install/robot_motion_interface_ros_msgs' for CMake config files
[6.099s] Level 1:colcon.colcon_core.shell:create_environment_hook('robot_motion_interface_ros_msgs', 'cmake_prefix_path')
[6.099s] INFO:colcon.colcon_core.shell:Creating environment hook '/workspace/libs/robot_motion_interface/ros/install/robot_motion_interface_ros_msgs/share/robot_motion_interface_ros_msgs/hook/cmake_prefix_path.ps1'
[6.100s] INFO:colcon.colcon_core.shell:Creating environment descriptor '/workspace/libs/robot_motion_interface/ros/install/robot_motion_interface_ros_msgs/share/robot_motion_interface_ros_msgs/hook/cmake_prefix_path.dsv'
[6.100s] INFO:colcon.colcon_core.shell:Creating environment hook '/workspace/libs/robot_motion_interface/ros/install/robot_motion_interface_ros_msgs/share/robot_motion_interface_ros_msgs/hook/cmake_prefix_path.sh'
[6.101s] Level 1:colcon.colcon_core.environment:checking '/workspace/libs/robot_motion_interface/ros/install/robot_motion_interface_ros_msgs/lib'
[6.101s] Level 1:colcon.colcon_core.shell:create_environment_hook('robot_motion_interface_ros_msgs', 'ld_library_path_lib')
[6.101s] INFO:colcon.colcon_core.shell:Creating environment hook '/workspace/libs/robot_motion_interface/ros/install/robot_motion_interface_ros_msgs/share/robot_motion_interface_ros_msgs/hook/ld_library_path_lib.ps1'
[6.101s] INFO:colcon.colcon_core.shell:Creating environment descriptor '/workspace/libs/robot_motion_interface/ros/install/robot_motion_interface_ros_msgs/share/robot_motion_interface_ros_msgs/hook/ld_library_path_lib.dsv'
[6.102s] INFO:colcon.colcon_core.shell:Creating environment hook '/workspace/libs/robot_motion_interface/ros/install/robot_motion_interface_ros_msgs/share/robot_motion_interface_ros_msgs/hook/ld_library_path_lib.sh'
[6.102s] Level 1:colcon.colcon_core.environment:checking '/workspace/libs/robot_motion_interface/ros/install/robot_motion_interface_ros_msgs/bin'
[6.102s] Level 1:colcon.colcon_core.environment:checking '/workspace/libs/robot_motion_interface/ros/install/robot_motion_interface_ros_msgs/lib/pkgconfig/robot_motion_interface_ros_msgs.pc'
[6.103s] Level 1:colcon.colcon_core.environment:checking '/workspace/libs/robot_motion_interface/ros/install/robot_motion_interface_ros_msgs/lib/python3.11/site-packages'
[6.103s] Level 1:colcon.colcon_core.shell:create_environment_hook('robot_motion_interface_ros_msgs', 'pythonpath')
[6.103s] INFO:colcon.colcon_core.shell:Creating environment hook '/workspace/libs/robot_motion_interface/ros/install/robot_motion_interface_ros_msgs/share/robot_motion_interface_ros_msgs/hook/pythonpath.ps1'
[6.103s] INFO:colcon.colcon_core.shell:Creating environment descriptor '/workspace/libs/robot_motion_interface/ros/install/robot_motion_interface_ros_msgs/share/robot_motion_interface_ros_msgs/hook/pythonpath.dsv'
[6.103s] INFO:colcon.colcon_core.shell:Creating environment hook '/workspace/libs/robot_motion_interface/ros/install/robot_motion_interface_ros_msgs/share/robot_motion_interface_ros_msgs/hook/pythonpath.sh'
[6.104s] Level 1:colcon.colcon_core.environment:checking '/workspace/libs/robot_motion_interface/ros/install/robot_motion_interface_ros_msgs/bin'
[6.104s] INFO:colcon.colcon_core.shell:Creating package script '/workspace/libs/robot_motion_interface/ros/install/robot_motion_interface_ros_msgs/share/robot_motion_interface_ros_msgs/package.ps1'
[6.105s] INFO:colcon.colcon_core.shell:Creating package descriptor '/workspace/libs/robot_motion_interface/ros/install/robot_motion_interface_ros_msgs/share/robot_motion_interface_ros_msgs/package.dsv'
[6.105s] INFO:colcon.colcon_core.shell:Creating package script '/workspace/libs/robot_motion_interface/ros/install/robot_motion_interface_ros_msgs/share/robot_motion_interface_ros_msgs/package.sh'
[6.106s] INFO:colcon.colcon_core.shell:Creating package script '/workspace/libs/robot_motion_interface/ros/install/robot_motion_interface_ros_msgs/share/robot_motion_interface_ros_msgs/package.bash'
[6.106s] INFO:colcon.colcon_core.shell:Creating package script '/workspace/libs/robot_motion_interface/ros/install/robot_motion_interface_ros_msgs/share/robot_motion_interface_ros_msgs/package.zsh'
[6.106s] Level 1:colcon.colcon_core.environment:create_file_with_runtime_dependencies(/workspace/libs/robot_motion_interface/ros/install/robot_motion_interface_ros_msgs/share/colcon-core/packages/robot_motion_interface_ros_msgs)
[6.107s] Level 1:colcon.colcon_core.environment:create_environment_scripts_only(robot_motion_interface_ros_msgs)
[6.107s] Level 1:colcon.colcon_core.environment:checking '/workspace/libs/robot_motion_interface/ros/install/robot_motion_interface_ros_msgs' for CMake module files
[6.107s] Level 1:colcon.colcon_core.environment:checking '/workspace/libs/robot_motion_interface/ros/install/robot_motion_interface_ros_msgs' for CMake config files
[6.107s] Level 1:colcon.colcon_core.shell:create_environment_hook('robot_motion_interface_ros_msgs', 'cmake_prefix_path')
[6.108s] INFO:colcon.colcon_core.shell:Creating environment hook '/workspace/libs/robot_motion_interface/ros/install/robot_motion_interface_ros_msgs/share/robot_motion_interface_ros_msgs/hook/cmake_prefix_path.ps1'
[6.108s] INFO:colcon.colcon_core.shell:Creating environment descriptor '/workspace/libs/robot_motion_interface/ros/install/robot_motion_interface_ros_msgs/share/robot_motion_interface_ros_msgs/hook/cmake_prefix_path.dsv'
[6.108s] INFO:colcon.colcon_core.shell:Creating environment hook '/workspace/libs/robot_motion_interface/ros/install/robot_motion_interface_ros_msgs/share/robot_motion_interface_ros_msgs/hook/cmake_prefix_path.sh'
[6.108s] Level 1:colcon.colcon_core.environment:checking '/workspace/libs/robot_motion_interface/ros/install/robot_motion_interface_ros_msgs/lib'
[6.108s] Level 1:colcon.colcon_core.shell:create_environment_hook('robot_motion_interface_ros_msgs', 'ld_library_path_lib')
[6.108s] INFO:colcon.colcon_core.shell:Creating environment hook '/workspace/libs/robot_motion_interface/ros/install/robot_motion_interface_ros_msgs/share/robot_motion_interface_ros_msgs/hook/ld_library_path_lib.ps1'
[6.109s] INFO:colcon.colcon_core.shell:Creating environment descriptor '/workspace/libs/robot_motion_interface/ros/install/robot_motion_interface_ros_msgs/share/robot_motion_interface_ros_msgs/hook/ld_library_path_lib.dsv'
[6.109s] INFO:colcon.colcon_core.shell:Creating environment hook '/workspace/libs/robot_motion_interface/ros/install/robot_motion_interface_ros_msgs/share/robot_motion_interface_ros_msgs/hook/ld_library_path_lib.sh'
[6.109s] Level 1:colcon.colcon_core.environment:checking '/workspace/libs/robot_motion_interface/ros/install/robot_motion_interface_ros_msgs/bin'
[6.109s] Level 1:colcon.colcon_core.environment:checking '/workspace/libs/robot_motion_interface/ros/install/robot_motion_interface_ros_msgs/lib/pkgconfig/robot_motion_interface_ros_msgs.pc'
[6.109s] Level 1:colcon.colcon_core.environment:checking '/workspace/libs/robot_motion_interface/ros/install/robot_motion_interface_ros_msgs/lib/python3.11/site-packages'
[6.109s] Level 1:colcon.colcon_core.shell:create_environment_hook('robot_motion_interface_ros_msgs', 'pythonpath')
[6.109s] INFO:colcon.colcon_core.shell:Creating environment hook '/workspace/libs/robot_motion_interface/ros/install/robot_motion_interface_ros_msgs/share/robot_motion_interface_ros_msgs/hook/pythonpath.ps1'
[6.110s] INFO:colcon.colcon_core.shell:Creating environment descriptor '/workspace/libs/robot_motion_interface/ros/install/robot_motion_interface_ros_msgs/share/robot_motion_interface_ros_msgs/hook/pythonpath.dsv'
[6.110s] INFO:colcon.colcon_core.shell:Creating environment hook '/workspace/libs/robot_motion_interface/ros/install/robot_motion_interface_ros_msgs/share/robot_motion_interface_ros_msgs/hook/pythonpath.sh'
[6.110s] Level 1:colcon.colcon_core.environment:checking '/workspace/libs/robot_motion_interface/ros/install/robot_motion_interface_ros_msgs/bin'
[6.110s] INFO:colcon.colcon_core.shell:Creating package script '/workspace/libs/robot_motion_interface/ros/install/robot_motion_interface_ros_msgs/share/robot_motion_interface_ros_msgs/package.ps1'
[6.111s] INFO:colcon.colcon_core.shell:Creating package descriptor '/workspace/libs/robot_motion_interface/ros/install/robot_motion_interface_ros_msgs/share/robot_motion_interface_ros_msgs/package.dsv'
[6.111s] INFO:colcon.colcon_core.shell:Creating package script '/workspace/libs/robot_motion_interface/ros/install/robot_motion_interface_ros_msgs/share/robot_motion_interface_ros_msgs/package.sh'
[6.111s] INFO:colcon.colcon_core.shell:Creating package script '/workspace/libs/robot_motion_interface/ros/install/robot_motion_interface_ros_msgs/share/robot_motion_interface_ros_msgs/package.bash'
[6.112s] INFO:colcon.colcon_core.shell:Creating package script '/workspace/libs/robot_motion_interface/ros/install/robot_motion_interface_ros_msgs/share/robot_motion_interface_ros_msgs/package.zsh'
[6.112s] Level 1:colcon.colcon_core.environment:create_file_with_runtime_dependencies(/workspace/libs/robot_motion_interface/ros/install/robot_motion_interface_ros_msgs/share/colcon-core/packages/robot_motion_interface_ros_msgs)
[6.112s] INFO:colcon.colcon_ros.task.ament_python.build:Building ROS package in '/workspace/libs/robot_motion_interface/ros/src/robot_motion_interface_ros' with build type 'ament_python'
[6.112s] Level 1:colcon.colcon_core.shell:create_environment_hook('robot_motion_interface_ros', 'ament_prefix_path')
[6.112s] INFO:colcon.colcon_core.shell:Creating environment hook '/workspace/libs/robot_motion_interface/ros/install/robot_motion_interface_ros/share/robot_motion_interface_ros/hook/ament_prefix_path.ps1'
[6.113s] INFO:colcon.colcon_core.shell:Creating environment descriptor '/workspace/libs/robot_motion_interface/ros/install/robot_motion_interface_ros/share/robot_motion_interface_ros/hook/ament_prefix_path.dsv'
[6.113s] INFO:colcon.colcon_core.shell:Creating environment hook '/workspace/libs/robot_motion_interface/ros/install/robot_motion_interface_ros/share/robot_motion_interface_ros/hook/ament_prefix_path.sh'
[6.114s] INFO:colcon.colcon_core.shell:Skip shell extension 'powershell' for command environment: Not usable outside of PowerShell
[6.114s] DEBUG:colcon.colcon_core.shell:Skip shell extension 'dsv' for command environment
[6.294s] INFO:colcon.colcon_core.task.python.build:Building Python package in '/workspace/libs/robot_motion_interface/ros/src/robot_motion_interface_ros'
[6.295s] INFO:colcon.colcon_core.shell:Skip shell extension 'powershell' for command environment: Not usable outside of PowerShell
[6.295s] DEBUG:colcon.colcon_core.shell:Skip shell extension 'dsv' for command environment
[6.657s] DEBUG:colcon.colcon_core.event_handler.log_command:Invoking command in '/workspace/libs/robot_motion_interface/ros/build/robot_motion_interface_ros': CMAKE_PREFIX_PATH=/workspace/libs/robot_motion_interface/ros/install/robot_motion_interface_ros_msgs:/workspace/libs/primitives/ros/install/primitive_msgs_ros:/jazzy_ws/install:/opt/openrobots CONDA_PROMPT_MODIFIER=(env_isaaclab) LD_LIBRARY_PATH=/workspace/libs/robot_motion_interface/ros/install/robot_motion_interface_ros_msgs/lib:/workspace/libs/primitives/ros/install/primitive_msgs_ros/lib:/jazzy_ws/install/opt/spdlog_vendor/lib:/jazzy_ws/install/opt/mimick_vendor/lib:/jazzy_ws/install/opt/libyaml_vendor/lib:/jazzy_ws/install/lib:/opt/openrobots/lib:/isaaclab/_isaac_sim/.:/isaaclab/_isaac_sim/exts/isaacsim.robot.schema/plugins/lib:/isaaclab/_isaac_sim/exts/isaacsim.robot_motion.lula/pip_prebundle:/isaaclab/_isaac_sim/exts/isaacsim.asset.exporter.urdf/pip_prebundle:/isaaclab/_isaac_sim/kit:/isaaclab/_isaac_sim/kit/kernel/plugins:/isaaclab/_isaac_sim/kit/libs/iray:/isaaclab/_isaac_sim/kit/plugins:/isaaclab/_isaac_sim/kit/plugins/bindings-python:/isaaclab/_isaac_sim/kit/plugins/carb_gfx:/isaaclab/_isaac_sim/kit/plugins/rtx:/isaaclab/_isaac_sim/kit/plugins/gpu.foundation PYTHONPATH=/workspace/libs/robot_motion_interface/ros/build/robot_motion_interface_ros/prefix_override:/root/miniconda3/envs/env_isaaclab/lib/python3.11/site-packages/colcon_core/task/python/colcon_distutils_commands:/workspace/libs/robot_motion_interface/ros/install/robot_motion_interface_ros/lib/python3.11/site-packages:/workspace/libs/robot_motion_interface/ros/install/robot_motion_interface_ros_msgs/lib/python3.11/site-packages:/workspace/libs/primitives/ros/build/primitives_ros:/workspace/libs/primitives/ros/install/primitives_ros/lib/python3.11/site-packages:/workspace/libs/primitives/ros/install/primitive_msgs_ros/lib/python3.12/site-packages:/workspace/libs/robot_motion_interface/ros/build/robot_motion_interface_ros:/workspace/libs/robot_motion_interface/ros/install/robot_motion_interface_ros/lib/python3.11/site-packages:/jazzy_ws/install/lib/python3.11/site-packages:/opt/openrobots/lib/python3.11/site-packages:/usr/local/lib/python3.11/dist-packages:/isaaclab/_isaac_sim/python_packages:/isaaclab/_isaac_sim/exts/isaacsim.simulation_app:/isaaclab/_isaac_sim/extsDeprecated/omni.isaac.kit:/isaaclab/_isaac_sim/kit/kernel/py:/isaaclab/_isaac_sim/kit/plugins/bindings-python:/isaaclab/_isaac_sim/exts/isaacsim.robot_motion.lula/pip_prebundle:/isaaclab/_isaac_sim/exts/isaacsim.asset.exporter.urdf/pip_prebundle:/isaaclab/_isaac_sim/extscache/omni.kit.pip_archive-0.0.0+8131b85d.lx64.cp311/pip_prebundle:/isaaclab/_isaac_sim/exts/omni.isaac.core_archive/pip_prebundle:/isaaclab/_isaac_sim/exts/omni.isaac.ml_archive/pip_prebundle:/isaaclab/_isaac_sim/exts/omni.pip.compute/pip_prebundle:/isaaclab/_isaac_sim/exts/omni.pip.cloud/pip_prebundle /root/miniconda3/envs/env_isaaclab/bin/python3.11 -W ignore:setup.py install is deprecated -W ignore:easy_install command is deprecated setup.py develop --editable --build-directory /workspace/libs/robot_motion_interface/ros/build/robot_motion_interface_ros/build --no-deps symlink_data
[7.138s] Level 1:colcon.colcon_core.shell:create_environment_hook('robot_motion_interface_ros', 'pythonpath_develop')
[7.138s] INFO:colcon.colcon_core.shell:Creating environment hook '/workspace/libs/robot_motion_interface/ros/build/robot_motion_interface_ros/share/robot_motion_interface_ros/hook/pythonpath_develop.ps1'
[7.139s] DEBUG:colcon.colcon_core.event_handler.log_command:Invoked command in '/workspace/libs/robot_motion_interface/ros/build/robot_motion_interface_ros' returned '0': CMAKE_PREFIX_PATH=/workspace/libs/robot_motion_interface/ros/install/robot_motion_interface_ros_msgs:/workspace/libs/primitives/ros/install/primitive_msgs_ros:/jazzy_ws/install:/opt/openrobots CONDA_PROMPT_MODIFIER=(env_isaaclab) LD_LIBRARY_PATH=/workspace/libs/robot_motion_interface/ros/install/robot_motion_interface_ros_msgs/lib:/workspace/libs/primitives/ros/install/primitive_msgs_ros/lib:/jazzy_ws/install/opt/spdlog_vendor/lib:/jazzy_ws/install/opt/mimick_vendor/lib:/jazzy_ws/install/opt/libyaml_vendor/lib:/jazzy_ws/install/lib:/opt/openrobots/lib:/isaaclab/_isaac_sim/.:/isaaclab/_isaac_sim/exts/isaacsim.robot.schema/plugins/lib:/isaaclab/_isaac_sim/exts/isaacsim.robot_motion.lula/pip_prebundle:/isaaclab/_isaac_sim/exts/isaacsim.asset.exporter.urdf/pip_prebundle:/isaaclab/_isaac_sim/kit:/isaaclab/_isaac_sim/kit/kernel/plugins:/isaaclab/_isaac_sim/kit/libs/iray:/isaaclab/_isaac_sim/kit/plugins:/isaaclab/_isaac_sim/kit/plugins/bindings-python:/isaaclab/_isaac_sim/kit/plugins/carb_gfx:/isaaclab/_isaac_sim/kit/plugins/rtx:/isaaclab/_isaac_sim/kit/plugins/gpu.foundation PYTHONPATH=/workspace/libs/robot_motion_interface/ros/build/robot_motion_interface_ros/prefix_override:/root/miniconda3/envs/env_isaaclab/lib/python3.11/site-packages/colcon_core/task/python/colcon_distutils_commands:/workspace/libs/robot_motion_interface/ros/install/robot_motion_interface_ros/lib/python3.11/site-packages:/workspace/libs/robot_motion_interface/ros/install/robot_motion_interface_ros_msgs/lib/python3.11/site-packages:/workspace/libs/primitives/ros/build/primitives_ros:/workspace/libs/primitives/ros/install/primitives_ros/lib/python3.11/site-packages:/workspace/libs/primitives/ros/install/primitive_msgs_ros/lib/python3.12/site-packages:/workspace/libs/robot_motion_interface/ros/build/robot_motion_interface_ros:/workspace/libs/robot_motion_interface/ros/install/robot_motion_interface_ros/lib/python3.11/site-packages:/jazzy_ws/install/lib/python3.11/site-packages:/opt/openrobots/lib/python3.11/site-packages:/usr/local/lib/python3.11/dist-packages:/isaaclab/_isaac_sim/python_packages:/isaaclab/_isaac_sim/exts/isaacsim.simulation_app:/isaaclab/_isaac_sim/extsDeprecated/omni.isaac.kit:/isaaclab/_isaac_sim/kit/kernel/py:/isaaclab/_isaac_sim/kit/plugins/bindings-python:/isaaclab/_isaac_sim/exts/isaacsim.robot_motion.lula/pip_prebundle:/isaaclab/_isaac_sim/exts/isaacsim.asset.exporter.urdf/pip_prebundle:/isaaclab/_isaac_sim/extscache/omni.kit.pip_archive-0.0.0+8131b85d.lx64.cp311/pip_prebundle:/isaaclab/_isaac_sim/exts/omni.isaac.core_archive/pip_prebundle:/isaaclab/_isaac_sim/exts/omni.isaac.ml_archive/pip_prebundle:/isaaclab/_isaac_sim/exts/omni.pip.compute/pip_prebundle:/isaaclab/_isaac_sim/exts/omni.pip.cloud/pip_prebundle /root/miniconda3/envs/env_isaaclab/bin/python3.11 -W ignore:setup.py install is deprecated -W ignore:easy_install command is deprecated setup.py develop --editable --build-directory /workspace/libs/robot_motion_interface/ros/build/robot_motion_interface_ros/build --no-deps symlink_data
[7.139s] INFO:colcon.colcon_core.shell:Creating environment descriptor '/workspace/libs/robot_motion_interface/ros/build/robot_motion_interface_ros/share/robot_motion_interface_ros/hook/pythonpath_develop.dsv'
[7.140s] INFO:colcon.colcon_core.shell:Creating environment hook '/workspace/libs/robot_motion_interface/ros/build/robot_motion_interface_ros/share/robot_motion_interface_ros/hook/pythonpath_develop.sh'
[7.141s] Level 1:colcon.colcon_core.environment:checking '/workspace/libs/robot_motion_interface/ros/install/robot_motion_interface_ros' for CMake module files
[7.141s] Level 1:colcon.colcon_core.environment:checking '/workspace/libs/robot_motion_interface/ros/install/robot_motion_interface_ros' for CMake config files
[7.142s] Level 1:colcon.colcon_core.environment:checking '/workspace/libs/robot_motion_interface/ros/install/robot_motion_interface_ros/lib'
[7.142s] Level 1:colcon.colcon_core.environment:checking '/workspace/libs/robot_motion_interface/ros/install/robot_motion_interface_ros/bin'
[7.142s] Level 1:colcon.colcon_core.environment:checking '/workspace/libs/robot_motion_interface/ros/install/robot_motion_interface_ros/lib/pkgconfig/robot_motion_interface_ros.pc'
[7.142s] Level 1:colcon.colcon_core.environment:checking '/workspace/libs/robot_motion_interface/ros/install/robot_motion_interface_ros/lib/python3.11/site-packages'
[7.142s] Level 1:colcon.colcon_core.shell:create_environment_hook('robot_motion_interface_ros', 'pythonpath')
[7.143s] INFO:colcon.colcon_core.shell:Creating environment hook '/workspace/libs/robot_motion_interface/ros/install/robot_motion_interface_ros/share/robot_motion_interface_ros/hook/pythonpath.ps1'
[7.143s] INFO:colcon.colcon_core.shell:Creating environment descriptor '/workspace/libs/robot_motion_interface/ros/install/robot_motion_interface_ros/share/robot_motion_interface_ros/hook/pythonpath.dsv'
[7.144s] INFO:colcon.colcon_core.shell:Creating environment hook '/workspace/libs/robot_motion_interface/ros/install/robot_motion_interface_ros/share/robot_motion_interface_ros/hook/pythonpath.sh'
[7.145s] Level 1:colcon.colcon_core.environment:checking '/workspace/libs/robot_motion_interface/ros/install/robot_motion_interface_ros/bin'
[7.145s] Level 1:colcon.colcon_core.environment:create_environment_scripts_only(robot_motion_interface_ros)
[7.145s] INFO:colcon.colcon_core.shell:Creating package script '/workspace/libs/robot_motion_interface/ros/install/robot_motion_interface_ros/share/robot_motion_interface_ros/package.ps1'
[7.146s] INFO:colcon.colcon_core.shell:Creating package descriptor '/workspace/libs/robot_motion_interface/ros/install/robot_motion_interface_ros/share/robot_motion_interface_ros/package.dsv'
[7.147s] INFO:colcon.colcon_core.shell:Creating package script '/workspace/libs/robot_motion_interface/ros/install/robot_motion_interface_ros/share/robot_motion_interface_ros/package.sh'
[7.148s] INFO:colcon.colcon_core.shell:Creating package script '/workspace/libs/robot_motion_interface/ros/install/robot_motion_interface_ros/share/robot_motion_interface_ros/package.bash'
[7.149s] INFO:colcon.colcon_core.shell:Creating package script '/workspace/libs/robot_motion_interface/ros/install/robot_motion_interface_ros/share/robot_motion_interface_ros/package.zsh'
[7.149s] Level 1:colcon.colcon_core.environment:create_file_with_runtime_dependencies(/workspace/libs/robot_motion_interface/ros/install/robot_motion_interface_ros/share/colcon-core/packages/robot_motion_interface_ros)
[7.149s] DEBUG:colcon.colcon_parallel_executor.executor.parallel:closing loop
[7.149s] DEBUG:colcon.colcon_parallel_executor.executor.parallel:loop closed
[7.149s] DEBUG:colcon.colcon_parallel_executor.executor.parallel:run_until_complete finished with '0'
[7.150s] DEBUG:colcon.colcon_core.event_reactor:joining thread
[7.151s] INFO:colcon.colcon_core.plugin_system:Skipping extension 'colcon_notification.desktop_notification.notify2': 'notify2' not found
[7.151s] INFO:colcon.colcon_core.plugin_system:Skipping extension 'colcon_notification.desktop_notification.notify_send': Could not find 'notify-send'
[7.152s] INFO:colcon.colcon_core.plugin_system:Skipping extension 'colcon_notification.desktop_notification.terminal_notifier': Not used on non-Darwin systems
[7.152s] INFO:colcon.colcon_core.plugin_system:Skipping extension 'colcon_notification.desktop_notification.win32': Not used on non-Windows systems
[7.152s] DEBUG:colcon.colcon_core.event_reactor:joined thread
[7.152s] INFO:colcon.colcon_core.shell:Creating prefix script '/workspace/libs/robot_motion_interface/ros/install/local_setup.ps1'
[7.153s] INFO:colcon.colcon_core.shell:Creating prefix util module '/workspace/libs/robot_motion_interface/ros/install/_local_setup_util_ps1.py'
[7.154s] INFO:colcon.colcon_core.shell:Creating prefix chain script '/workspace/libs/robot_motion_interface/ros/install/setup.ps1'
[7.156s] INFO:colcon.colcon_core.shell:Creating prefix script '/workspace/libs/robot_motion_interface/ros/install/local_setup.sh'
[7.157s] INFO:colcon.colcon_core.shell:Creating prefix util module '/workspace/libs/robot_motion_interface/ros/install/_local_setup_util_sh.py'
[7.159s] INFO:colcon.colcon_core.shell:Creating prefix chain script '/workspace/libs/robot_motion_interface/ros/install/setup.sh'
[7.161s] INFO:colcon.colcon_core.shell:Creating prefix script '/workspace/libs/robot_motion_interface/ros/install/local_setup.bash'
[7.162s] INFO:colcon.colcon_core.shell:Creating prefix chain script '/workspace/libs/robot_motion_interface/ros/install/setup.bash'
[7.164s] INFO:colcon.colcon_core.shell:Creating prefix script '/workspace/libs/robot_motion_interface/ros/install/local_setup.zsh'
[7.164s] INFO:colcon.colcon_core.shell:Creating prefix chain script '/workspace/libs/robot_motion_interface/ros/install/setup.zsh'
