[0.081s] DEBUG:colcon:Command line arguments: ['/opt/venv-dex/bin/colcon', 'build', '--symlink-install']
[0.081s] DEBUG:colcon:Parsed command line arguments: Namespace(log_base=None, log_level=None, verb_name='build', build_base='build', install_base='install', merge_install=False, symlink_install=True, test_result_base=None, continue_on_error=False, executor='parallel', parallel_workers=16, event_handlers=None, ignore_user_meta=False, metas=['./colcon.meta'], base_paths=['.'], packages_ignore=None, packages_ignore_regex=None, paths=None, packages_up_to=None, packages_up_to_regex=None, packages_above=None, packages_above_and_dependencies=None, packages_above_depth=None, packages_select_by_dep=None, packages_skip_by_dep=None, packages_skip_up_to=None, packages_select_build_failed=False, packages_skip_build_finished=False, packages_select_test_failures=False, packages_skip_test_passed=False, packages_select=None, packages_skip=None, packages_select_regex=None, packages_skip_regex=None, packages_start=None, packages_end=None, cmake_args=None, cmake_target=None, cmake_target_skip_unavailable=False, cmake_clean_cache=False, cmake_clean_first=False, cmake_force_configure=False, ament_cmake_args=None, catkin_cmake_args=None, catkin_skip_building_tests=False, verb_parser=<colcon_defaults.argument_parser.defaults.DefaultArgumentsDecorator object at 0x70dfcb124410>, verb_extension=<colcon_core.verb.build.BuildVerb object at 0x70dfcb124080>, main=<bound method BuildVerb.main of <colcon_core.verb.build.BuildVerb object at 0x70dfcb124080>>)
[0.109s] Level 1:colcon.colcon_core.package_discovery:discover_packages(colcon_meta) check parameters
[0.110s] INFO:colcon.colcon_metadata.package_discovery.colcon_meta:Using configuration from '/root/.colcon/metadata/default/Gazebo.meta'
[0.110s] INFO:colcon.colcon_metadata.package_discovery.colcon_meta:Using configuration from '/root/.colcon/metadata/default/fastdds.meta'
[0.110s] INFO:colcon.colcon_metadata.package_discovery.colcon_meta:Using configuration from '/root/.colcon/metadata/default/fastrtps.meta'
[0.111s] Level 1:colcon.colcon_core.package_discovery:discover_packages(recursive) check parameters
[0.111s] Level 1:colcon.colcon_core.package_discovery:discover_packages(ignore) check parameters
[0.111s] Level 1:colcon.colcon_core.package_discovery:discover_packages(path) check parameters
[0.111s] Level 1:colcon.colcon_core.package_discovery:discover_packages(colcon_meta) discover
[0.111s] Level 1:colcon.colcon_core.package_discovery:discover_packages(recursive) discover
[0.111s] INFO:colcon.colcon_core.package_discovery:Crawling recursively for packages in '/workspace/libs/robot_motion_interface/ros'
[0.111s] Level 1:colcon.colcon_core.package_identification:_identify(.) by extensions ['ignore', 'ignore_ament_install']
[0.111s] Level 1:colcon.colcon_core.package_identification:_identify(.) by extension 'ignore'
[0.111s] Level 1:colcon.colcon_core.package_identification:_identify(.) by extension 'ignore_ament_install'
[0.111s] Level 1:colcon.colcon_core.package_identification:_identify(.) by extensions ['colcon_pkg']
[0.111s] Level 1:colcon.colcon_core.package_identification:_identify(.) by extension 'colcon_pkg'
[0.111s] Level 1:colcon.colcon_core.package_identification:_identify(.) by extensions ['colcon_meta']
[0.111s] Level 1:colcon.colcon_core.package_identification:_identify(.) by extension 'colcon_meta'
[0.111s] Level 1:colcon.colcon_core.package_identification:_identify(.) by extensions ['ros']
[0.111s] Level 1:colcon.colcon_core.package_identification:_identify(.) by extension 'ros'
[0.134s] Level 1:colcon.colcon_core.package_identification:_identify(.) by extensions ['cmake', 'python']
[0.134s] Level 1:colcon.colcon_core.package_identification:_identify(.) by extension 'cmake'
[0.134s] Level 1:colcon.colcon_core.package_identification:_identify(.) by extension 'python'
[0.134s] Level 1:colcon.colcon_core.package_identification:_identify(.) by extensions ['python_setup_py']
[0.134s] Level 1:colcon.colcon_core.package_identification:_identify(.) by extension 'python_setup_py'
[0.134s] Level 1:colcon.colcon_core.package_identification:_identify(build) by extensions ['ignore', 'ignore_ament_install']
[0.134s] Level 1:colcon.colcon_core.package_identification:_identify(build) by extension 'ignore'
[0.134s] Level 1:colcon.colcon_core.package_identification:_identify(build) ignored
[0.134s] Level 1:colcon.colcon_core.package_identification:_identify(install) by extensions ['ignore', 'ignore_ament_install']
[0.134s] Level 1:colcon.colcon_core.package_identification:_identify(install) by extension 'ignore'
[0.134s] Level 1:colcon.colcon_core.package_identification:_identify(install) ignored
[0.134s] Level 1:colcon.colcon_core.package_identification:_identify(log) by extensions ['ignore', 'ignore_ament_install']
[0.134s] Level 1:colcon.colcon_core.package_identification:_identify(log) by extension 'ignore'
[0.134s] Level 1:colcon.colcon_core.package_identification:_identify(log) ignored
[0.134s] Level 1:colcon.colcon_core.package_identification:_identify(src) by extensions ['ignore', 'ignore_ament_install']
[0.134s] Level 1:colcon.colcon_core.package_identification:_identify(src) by extension 'ignore'
[0.134s] Level 1:colcon.colcon_core.package_identification:_identify(src) by extension 'ignore_ament_install'
[0.134s] Level 1:colcon.colcon_core.package_identification:_identify(src) by extensions ['colcon_pkg']
[0.134s] Level 1:colcon.colcon_core.package_identification:_identify(src) by extension 'colcon_pkg'
[0.135s] Level 1:colcon.colcon_core.package_identification:_identify(src) by extensions ['colcon_meta']
[0.135s] Level 1:colcon.colcon_core.package_identification:_identify(src) by extension 'colcon_meta'
[0.135s] Level 1:colcon.colcon_core.package_identification:_identify(src) by extensions ['ros']
[0.135s] Level 1:colcon.colcon_core.package_identification:_identify(src) by extension 'ros'
[0.135s] Level 1:colcon.colcon_core.package_identification:_identify(src) by extensions ['cmake', 'python']
[0.135s] Level 1:colcon.colcon_core.package_identification:_identify(src) by extension 'cmake'
[0.135s] Level 1:colcon.colcon_core.package_identification:_identify(src) by extension 'python'
[0.135s] Level 1:colcon.colcon_core.package_identification:_identify(src) by extensions ['python_setup_py']
[0.135s] Level 1:colcon.colcon_core.package_identification:_identify(src) by extension 'python_setup_py'
[0.135s] Level 1:colcon.colcon_core.package_identification:_identify(src/robot_motion_interface_ros) by extensions ['ignore', 'ignore_ament_install']
[0.135s] Level 1:colcon.colcon_core.package_identification:_identify(src/robot_motion_interface_ros) by extension 'ignore'
[0.135s] Level 1:colcon.colcon_core.package_identification:_identify(src/robot_motion_interface_ros) by extension 'ignore_ament_install'
[0.135s] Level 1:colcon.colcon_core.package_identification:_identify(src/robot_motion_interface_ros) by extensions ['colcon_pkg']
[0.135s] Level 1:colcon.colcon_core.package_identification:_identify(src/robot_motion_interface_ros) by extension 'colcon_pkg'
[0.135s] Level 1:colcon.colcon_core.package_identification:_identify(src/robot_motion_interface_ros) by extensions ['colcon_meta']
[0.135s] Level 1:colcon.colcon_core.package_identification:_identify(src/robot_motion_interface_ros) by extension 'colcon_meta'
[0.135s] Level 1:colcon.colcon_core.package_identification:_identify(src/robot_motion_interface_ros) by extensions ['ros']
[0.135s] Level 1:colcon.colcon_core.package_identification:_identify(src/robot_motion_interface_ros) by extension 'ros'
[0.136s] DEBUG:colcon.colcon_core.package_identification:Package 'src/robot_motion_interface_ros' with type 'ros.ament_python' and name 'robot_motion_interface_ros'
[0.137s] Level 1:colcon.colcon_core.package_identification:_identify(src/robot_motion_interface_ros_msgs) by extensions ['ignore', 'ignore_ament_install']
[0.137s] Level 1:colcon.colcon_core.package_identification:_identify(src/robot_motion_interface_ros_msgs) by extension 'ignore'
[0.137s] Level 1:colcon.colcon_core.package_identification:_identify(src/robot_motion_interface_ros_msgs) by extension 'ignore_ament_install'
[0.137s] Level 1:colcon.colcon_core.package_identification:_identify(src/robot_motion_interface_ros_msgs) by extensions ['colcon_pkg']
[0.137s] Level 1:colcon.colcon_core.package_identification:_identify(src/robot_motion_interface_ros_msgs) by extension 'colcon_pkg'
[0.137s] Level 1:colcon.colcon_core.package_identification:_identify(src/robot_motion_interface_ros_msgs) by extensions ['colcon_meta']
[0.137s] Level 1:colcon.colcon_core.package_identification:_identify(src/robot_motion_interface_ros_msgs) by extension 'colcon_meta'
[0.137s] Level 1:colcon.colcon_core.package_identification:_identify(src/robot_motion_interface_ros_msgs) by extensions ['ros']
[0.137s] Level 1:colcon.colcon_core.package_identification:_identify(src/robot_motion_interface_ros_msgs) by extension 'ros'
[0.137s] DEBUG:colcon.colcon_core.package_identification:Package 'src/robot_motion_interface_ros_msgs' with type 'ros.ament_cmake' and name 'robot_motion_interface_ros_msgs'
[0.137s] Level 1:colcon.colcon_core.package_discovery:discover_packages(recursive) using defaults
[0.137s] Level 1:colcon.colcon_core.package_discovery:discover_packages(ignore) discover
[0.137s] Level 1:colcon.colcon_core.package_discovery:discover_packages(ignore) using defaults
[0.137s] Level 1:colcon.colcon_core.package_discovery:discover_packages(path) discover
[0.137s] Level 1:colcon.colcon_core.package_discovery:discover_packages(path) using defaults
[0.150s] Level 5:colcon.colcon_core.verb:set package 'robot_motion_interface_ros_msgs' build argument 'cmake_args' from command line to 'None'
[0.150s] Level 5:colcon.colcon_core.verb:set package 'robot_motion_interface_ros_msgs' build argument 'cmake_target' from command line to 'None'
[0.150s] Level 5:colcon.colcon_core.verb:set package 'robot_motion_interface_ros_msgs' build argument 'cmake_target_skip_unavailable' from command line to 'False'
[0.150s] Level 5:colcon.colcon_core.verb:set package 'robot_motion_interface_ros_msgs' build argument 'cmake_clean_cache' from command line to 'False'
[0.150s] Level 5:colcon.colcon_core.verb:set package 'robot_motion_interface_ros_msgs' build argument 'cmake_clean_first' from command line to 'False'
[0.150s] Level 5:colcon.colcon_core.verb:set package 'robot_motion_interface_ros_msgs' build argument 'cmake_force_configure' from command line to 'False'
[0.150s] Level 5:colcon.colcon_core.verb:set package 'robot_motion_interface_ros_msgs' build argument 'ament_cmake_args' from command line to 'None'
[0.150s] Level 5:colcon.colcon_core.verb:set package 'robot_motion_interface_ros_msgs' build argument 'catkin_cmake_args' from command line to 'None'
[0.150s] Level 5:colcon.colcon_core.verb:set package 'robot_motion_interface_ros_msgs' build argument 'catkin_skip_building_tests' from command line to 'False'
[0.150s] DEBUG:colcon.colcon_core.verb:Building package 'robot_motion_interface_ros_msgs' with the following arguments: {'ament_cmake_args': None, 'build_base': '/workspace/libs/robot_motion_interface/ros/build/robot_motion_interface_ros_msgs', 'catkin_cmake_args': None, 'catkin_skip_building_tests': False, 'cmake_args': None, 'cmake_clean_cache': False, 'cmake_clean_first': False, 'cmake_force_configure': False, 'cmake_target': None, 'cmake_target_skip_unavailable': False, 'install_base': '/workspace/libs/robot_motion_interface/ros/install/robot_motion_interface_ros_msgs', 'merge_install': False, 'path': '/workspace/libs/robot_motion_interface/ros/src/robot_motion_interface_ros_msgs', 'symlink_install': True, 'test_result_base': None}
[0.150s] Level 5:colcon.colcon_core.verb:set package 'robot_motion_interface_ros' build argument 'cmake_args' from command line to 'None'
[0.150s] Level 5:colcon.colcon_core.verb:set package 'robot_motion_interface_ros' build argument 'cmake_target' from command line to 'None'
[0.150s] Level 5:colcon.colcon_core.verb:set package 'robot_motion_interface_ros' build argument 'cmake_target_skip_unavailable' from command line to 'False'
[0.150s] Level 5:colcon.colcon_core.verb:set package 'robot_motion_interface_ros' build argument 'cmake_clean_cache' from command line to 'False'
[0.150s] Level 5:colcon.colcon_core.verb:set package 'robot_motion_interface_ros' build argument 'cmake_clean_first' from command line to 'False'
[0.150s] Level 5:colcon.colcon_core.verb:set package 'robot_motion_interface_ros' build argument 'cmake_force_configure' from command line to 'False'
[0.150s] Level 5:colcon.colcon_core.verb:set package 'robot_motion_interface_ros' build argument 'ament_cmake_args' from command line to 'None'
[0.150s] Level 5:colcon.colcon_core.verb:set package 'robot_motion_interface_ros' build argument 'catkin_cmake_args' from command line to 'None'
[0.150s] Level 5:colcon.colcon_core.verb:set package 'robot_motion_interface_ros' build argument 'catkin_skip_building_tests' from command line to 'False'
[0.150s] DEBUG:colcon.colcon_core.verb:Building package 'robot_motion_interface_ros' with the following arguments: {'ament_cmake_args': None, 'build_base': '/workspace/libs/robot_motion_interface/ros/build/robot_motion_interface_ros', 'catkin_cmake_args': None, 'catkin_skip_building_tests': False, 'cmake_args': None, 'cmake_clean_cache': False, 'cmake_clean_first': False, 'cmake_force_configure': False, 'cmake_target': None, 'cmake_target_skip_unavailable': False, 'install_base': '/workspace/libs/robot_motion_interface/ros/install/robot_motion_interface_ros', 'merge_install': False, 'path': '/workspace/libs/robot_motion_interface/ros/src/robot_motion_interface_ros', 'symlink_install': True, 'test_result_base': None}
[0.151s] INFO:colcon.colcon_core.executor:Executing jobs using 'parallel' executor
[0.151s] DEBUG:colcon.colcon_parallel_executor.executor.parallel:run_until_complete
[0.151s] INFO:colcon.colcon_ros.task.ament_cmake.build:Building ROS package in '/workspace/libs/robot_motion_interface/ros/src/robot_motion_interface_ros_msgs' with build type 'ament_cmake'
[0.151s] INFO:colcon.colcon_cmake.task.cmake.build:Building CMake package in '/workspace/libs/robot_motion_interface/ros/src/robot_motion_interface_ros_msgs'
[0.153s] INFO:colcon.colcon_core.plugin_system:Skipping extension 'colcon_core.shell.bat': Not used on non-Windows systems
[0.153s] INFO:colcon.colcon_core.shell:Skip shell extension 'powershell' for command environment: Not usable outside of PowerShell
[0.153s] DEBUG:colcon.colcon_core.shell:Skip shell extension 'dsv' for command environment
[0.160s] DEBUG:colcon.colcon_core.event_handler.log_command:Invoking command in '/workspace/libs/robot_motion_interface/ros/build/robot_motion_interface_ros_msgs': CMAKE_PREFIX_PATH=${CMAKE_PREFIX_PATH}:/opt/ros/jazzy PS1=(venv-dex) \[\e]0;\u@\h: \w\a\]${debian_chroot:+($debian_chroot)}\u@\h:\w\$ VIRTUAL_ENV_PROMPT=(venv-dex) /usr/bin/cmake --build /workspace/libs/robot_motion_interface/ros/build/robot_motion_interface_ros_msgs -- -j16 -l16
[6.152s] DEBUG:colcon.colcon_core.event_handler.log_command:Invoked command in '/workspace/libs/robot_motion_interface/ros/build/robot_motion_interface_ros_msgs' returned '0': CMAKE_PREFIX_PATH=${CMAKE_PREFIX_PATH}:/opt/ros/jazzy PS1=(venv-dex) \[\e]0;\u@\h: \w\a\]${debian_chroot:+($debian_chroot)}\u@\h:\w\$ VIRTUAL_ENV_PROMPT=(venv-dex) /usr/bin/cmake --build /workspace/libs/robot_motion_interface/ros/build/robot_motion_interface_ros_msgs -- -j16 -l16
[6.158s] DEBUG:colcon.colcon_core.event_handler.log_command:Invoking command in '/workspace/libs/robot_motion_interface/ros/build/robot_motion_interface_ros_msgs': CMAKE_PREFIX_PATH=${CMAKE_PREFIX_PATH}:/opt/ros/jazzy PS1=(venv-dex) \[\e]0;\u@\h: \w\a\]${debian_chroot:+($debian_chroot)}\u@\h:\w\$ VIRTUAL_ENV_PROMPT=(venv-dex) /usr/bin/cmake --install /workspace/libs/robot_motion_interface/ros/build/robot_motion_interface_ros_msgs
[7.386s] Level 1:colcon.colcon_core.environment:create_environment_scripts_only(robot_motion_interface_ros_msgs)
[7.386s] DEBUG:colcon.colcon_core.event_handler.log_command:Invoked command in '/workspace/libs/robot_motion_interface/ros/build/robot_motion_interface_ros_msgs' returned '0': CMAKE_PREFIX_PATH=${CMAKE_PREFIX_PATH}:/opt/ros/jazzy PS1=(venv-dex) \[\e]0;\u@\h: \w\a\]${debian_chroot:+($debian_chroot)}\u@\h:\w\$ VIRTUAL_ENV_PROMPT=(venv-dex) /usr/bin/cmake --install /workspace/libs/robot_motion_interface/ros/build/robot_motion_interface_ros_msgs
[7.389s] Level 1:colcon.colcon_core.environment:checking '/workspace/libs/robot_motion_interface/ros/install/robot_motion_interface_ros_msgs' for CMake module files
[7.390s] Level 1:colcon.colcon_core.environment:checking '/workspace/libs/robot_motion_interface/ros/install/robot_motion_interface_ros_msgs' for CMake config files
[7.391s] Level 1:colcon.colcon_core.shell:create_environment_hook('robot_motion_interface_ros_msgs', 'cmake_prefix_path')
[7.391s] INFO:colcon.colcon_core.shell:Creating environment hook '/workspace/libs/robot_motion_interface/ros/install/robot_motion_interface_ros_msgs/share/robot_motion_interface_ros_msgs/hook/cmake_prefix_path.ps1'
[7.392s] INFO:colcon.colcon_core.shell:Creating environment descriptor '/workspace/libs/robot_motion_interface/ros/install/robot_motion_interface_ros_msgs/share/robot_motion_interface_ros_msgs/hook/cmake_prefix_path.dsv'
[7.392s] INFO:colcon.colcon_core.shell:Creating environment hook '/workspace/libs/robot_motion_interface/ros/install/robot_motion_interface_ros_msgs/share/robot_motion_interface_ros_msgs/hook/cmake_prefix_path.sh'
[7.393s] Level 1:colcon.colcon_core.environment:checking '/workspace/libs/robot_motion_interface/ros/install/robot_motion_interface_ros_msgs/lib'
[7.394s] Level 1:colcon.colcon_core.shell:create_environment_hook('robot_motion_interface_ros_msgs', 'ld_library_path_lib')
[7.394s] INFO:colcon.colcon_core.shell:Creating environment hook '/workspace/libs/robot_motion_interface/ros/install/robot_motion_interface_ros_msgs/share/robot_motion_interface_ros_msgs/hook/ld_library_path_lib.ps1'
[7.395s] INFO:colcon.colcon_core.shell:Creating environment descriptor '/workspace/libs/robot_motion_interface/ros/install/robot_motion_interface_ros_msgs/share/robot_motion_interface_ros_msgs/hook/ld_library_path_lib.dsv'
[7.395s] INFO:colcon.colcon_core.shell:Creating environment hook '/workspace/libs/robot_motion_interface/ros/install/robot_motion_interface_ros_msgs/share/robot_motion_interface_ros_msgs/hook/ld_library_path_lib.sh'
[7.396s] Level 1:colcon.colcon_core.environment:checking '/workspace/libs/robot_motion_interface/ros/install/robot_motion_interface_ros_msgs/bin'
[7.396s] Level 1:colcon.colcon_core.environment:checking '/workspace/libs/robot_motion_interface/ros/install/robot_motion_interface_ros_msgs/lib/pkgconfig/robot_motion_interface_ros_msgs.pc'
[7.397s] Level 1:colcon.colcon_core.environment:checking '/workspace/libs/robot_motion_interface/ros/install/robot_motion_interface_ros_msgs/lib/python3.12/site-packages'
[7.397s] Level 1:colcon.colcon_core.shell:create_environment_hook('robot_motion_interface_ros_msgs', 'pythonpath')
[7.398s] INFO:colcon.colcon_core.shell:Creating environment hook '/workspace/libs/robot_motion_interface/ros/install/robot_motion_interface_ros_msgs/share/robot_motion_interface_ros_msgs/hook/pythonpath.ps1'
[7.398s] INFO:colcon.colcon_core.shell:Creating environment descriptor '/workspace/libs/robot_motion_interface/ros/install/robot_motion_interface_ros_msgs/share/robot_motion_interface_ros_msgs/hook/pythonpath.dsv'
[7.399s] INFO:colcon.colcon_core.shell:Creating environment hook '/workspace/libs/robot_motion_interface/ros/install/robot_motion_interface_ros_msgs/share/robot_motion_interface_ros_msgs/hook/pythonpath.sh'
[7.400s] Level 1:colcon.colcon_core.environment:checking '/workspace/libs/robot_motion_interface/ros/install/robot_motion_interface_ros_msgs/bin'
[7.400s] INFO:colcon.colcon_core.shell:Creating package script '/workspace/libs/robot_motion_interface/ros/install/robot_motion_interface_ros_msgs/share/robot_motion_interface_ros_msgs/package.ps1'
[7.402s] INFO:colcon.colcon_core.shell:Creating package descriptor '/workspace/libs/robot_motion_interface/ros/install/robot_motion_interface_ros_msgs/share/robot_motion_interface_ros_msgs/package.dsv'
[7.403s] INFO:colcon.colcon_core.shell:Creating package script '/workspace/libs/robot_motion_interface/ros/install/robot_motion_interface_ros_msgs/share/robot_motion_interface_ros_msgs/package.sh'
[7.404s] INFO:colcon.colcon_core.shell:Creating package script '/workspace/libs/robot_motion_interface/ros/install/robot_motion_interface_ros_msgs/share/robot_motion_interface_ros_msgs/package.bash'
[7.404s] INFO:colcon.colcon_core.shell:Creating package script '/workspace/libs/robot_motion_interface/ros/install/robot_motion_interface_ros_msgs/share/robot_motion_interface_ros_msgs/package.zsh'
[7.405s] Level 1:colcon.colcon_core.environment:create_file_with_runtime_dependencies(/workspace/libs/robot_motion_interface/ros/install/robot_motion_interface_ros_msgs/share/colcon-core/packages/robot_motion_interface_ros_msgs)
[7.405s] Level 1:colcon.colcon_core.environment:create_environment_scripts_only(robot_motion_interface_ros_msgs)
[7.405s] Level 1:colcon.colcon_core.environment:checking '/workspace/libs/robot_motion_interface/ros/install/robot_motion_interface_ros_msgs' for CMake module files
[7.406s] Level 1:colcon.colcon_core.environment:checking '/workspace/libs/robot_motion_interface/ros/install/robot_motion_interface_ros_msgs' for CMake config files
[7.406s] Level 1:colcon.colcon_core.shell:create_environment_hook('robot_motion_interface_ros_msgs', 'cmake_prefix_path')
[7.406s] INFO:colcon.colcon_core.shell:Creating environment hook '/workspace/libs/robot_motion_interface/ros/install/robot_motion_interface_ros_msgs/share/robot_motion_interface_ros_msgs/hook/cmake_prefix_path.ps1'
[7.406s] INFO:colcon.colcon_core.shell:Creating environment descriptor '/workspace/libs/robot_motion_interface/ros/install/robot_motion_interface_ros_msgs/share/robot_motion_interface_ros_msgs/hook/cmake_prefix_path.dsv'
[7.406s] INFO:colcon.colcon_core.shell:Creating environment hook '/workspace/libs/robot_motion_interface/ros/install/robot_motion_interface_ros_msgs/share/robot_motion_interface_ros_msgs/hook/cmake_prefix_path.sh'
[7.407s] Level 1:colcon.colcon_core.environment:checking '/workspace/libs/robot_motion_interface/ros/install/robot_motion_interface_ros_msgs/lib'
[7.407s] Level 1:colcon.colcon_core.shell:create_environment_hook('robot_motion_interface_ros_msgs', 'ld_library_path_lib')
[7.407s] INFO:colcon.colcon_core.shell:Creating environment hook '/workspace/libs/robot_motion_interface/ros/install/robot_motion_interface_ros_msgs/share/robot_motion_interface_ros_msgs/hook/ld_library_path_lib.ps1'
[7.407s] INFO:colcon.colcon_core.shell:Creating environment descriptor '/workspace/libs/robot_motion_interface/ros/install/robot_motion_interface_ros_msgs/share/robot_motion_interface_ros_msgs/hook/ld_library_path_lib.dsv'
[7.407s] INFO:colcon.colcon_core.shell:Creating environment hook '/workspace/libs/robot_motion_interface/ros/install/robot_motion_interface_ros_msgs/share/robot_motion_interface_ros_msgs/hook/ld_library_path_lib.sh'
[7.408s] Level 1:colcon.colcon_core.environment:checking '/workspace/libs/robot_motion_interface/ros/install/robot_motion_interface_ros_msgs/bin'
[7.408s] Level 1:colcon.colcon_core.environment:checking '/workspace/libs/robot_motion_interface/ros/install/robot_motion_interface_ros_msgs/lib/pkgconfig/robot_motion_interface_ros_msgs.pc'
[7.408s] Level 1:colcon.colcon_core.environment:checking '/workspace/libs/robot_motion_interface/ros/install/robot_motion_interface_ros_msgs/lib/python3.12/site-packages'
[7.408s] Level 1:colcon.colcon_core.shell:create_environment_hook('robot_motion_interface_ros_msgs', 'pythonpath')
[7.408s] INFO:colcon.colcon_core.shell:Creating environment hook '/workspace/libs/robot_motion_interface/ros/install/robot_motion_interface_ros_msgs/share/robot_motion_interface_ros_msgs/hook/pythonpath.ps1'
[7.408s] INFO:colcon.colcon_core.shell:Creating environment descriptor '/workspace/libs/robot_motion_interface/ros/install/robot_motion_interface_ros_msgs/share/robot_motion_interface_ros_msgs/hook/pythonpath.dsv'
[7.409s] INFO:colcon.colcon_core.shell:Creating environment hook '/workspace/libs/robot_motion_interface/ros/install/robot_motion_interface_ros_msgs/share/robot_motion_interface_ros_msgs/hook/pythonpath.sh'
[7.409s] Level 1:colcon.colcon_core.environment:checking '/workspace/libs/robot_motion_interface/ros/install/robot_motion_interface_ros_msgs/bin'
[7.409s] INFO:colcon.colcon_core.shell:Creating package script '/workspace/libs/robot_motion_interface/ros/install/robot_motion_interface_ros_msgs/share/robot_motion_interface_ros_msgs/package.ps1'
[7.410s] INFO:colcon.colcon_core.shell:Creating package descriptor '/workspace/libs/robot_motion_interface/ros/install/robot_motion_interface_ros_msgs/share/robot_motion_interface_ros_msgs/package.dsv'
[7.410s] INFO:colcon.colcon_core.shell:Creating package script '/workspace/libs/robot_motion_interface/ros/install/robot_motion_interface_ros_msgs/share/robot_motion_interface_ros_msgs/package.sh'
[7.410s] INFO:colcon.colcon_core.shell:Creating package script '/workspace/libs/robot_motion_interface/ros/install/robot_motion_interface_ros_msgs/share/robot_motion_interface_ros_msgs/package.bash'
[7.411s] INFO:colcon.colcon_core.shell:Creating package script '/workspace/libs/robot_motion_interface/ros/install/robot_motion_interface_ros_msgs/share/robot_motion_interface_ros_msgs/package.zsh'
[7.411s] Level 1:colcon.colcon_core.environment:create_file_with_runtime_dependencies(/workspace/libs/robot_motion_interface/ros/install/robot_motion_interface_ros_msgs/share/colcon-core/packages/robot_motion_interface_ros_msgs)
[7.411s] INFO:colcon.colcon_ros.task.ament_python.build:Building ROS package in '/workspace/libs/robot_motion_interface/ros/src/robot_motion_interface_ros' with build type 'ament_python'
[7.411s] Level 1:colcon.colcon_core.shell:create_environment_hook('robot_motion_interface_ros', 'ament_prefix_path')
[7.411s] INFO:colcon.colcon_core.shell:Creating environment hook '/workspace/libs/robot_motion_interface/ros/install/robot_motion_interface_ros/share/robot_motion_interface_ros/hook/ament_prefix_path.ps1'
[7.412s] INFO:colcon.colcon_core.shell:Creating environment descriptor '/workspace/libs/robot_motion_interface/ros/install/robot_motion_interface_ros/share/robot_motion_interface_ros/hook/ament_prefix_path.dsv'
[7.412s] INFO:colcon.colcon_core.shell:Creating environment hook '/workspace/libs/robot_motion_interface/ros/install/robot_motion_interface_ros/share/robot_motion_interface_ros/hook/ament_prefix_path.sh'
[7.413s] INFO:colcon.colcon_core.shell:Skip shell extension 'powershell' for command environment: Not usable outside of PowerShell
[7.413s] DEBUG:colcon.colcon_core.shell:Skip shell extension 'dsv' for command environment
[7.582s] INFO:colcon.colcon_core.task.python.build:Building Python package in '/workspace/libs/robot_motion_interface/ros/src/robot_motion_interface_ros'
[7.582s] INFO:colcon.colcon_core.shell:Skip shell extension 'powershell' for command environment: Not usable outside of PowerShell
[7.582s] DEBUG:colcon.colcon_core.shell:Skip shell extension 'dsv' for command environment
[7.913s] DEBUG:colcon.colcon_core.event_handler.log_command:Invoking command in '/workspace/libs/robot_motion_interface/ros/build/robot_motion_interface_ros': AMENT_PREFIX_PATH=/workspace/libs/robot_motion_interface/ros/install/robot_motion_interface_ros_msgs:${AMENT_PREFIX_PATH} CMAKE_PREFIX_PATH=/workspace/libs/robot_motion_interface/ros/install/robot_motion_interface_ros_msgs:/opt/openrobots LD_LIBRARY_PATH=/workspace/libs/robot_motion_interface/ros/install/robot_motion_interface_ros_msgs/lib:/opt/ros/jazzy/lib/x86_64-linux-gnu:/opt/ros/jazzy/lib:/opt/openrobots/lib PS1=(venv-dex) \[\e]0;\u@\h: \w\a\]${debian_chroot:+($debian_chroot)}\u@\h:\w\$ PYTHONPATH=/workspace/libs/robot_motion_interface/ros/build/robot_motion_interface_ros/prefix_override:/opt/venv-dex/lib/python3.12/site-packages/colcon_core/task/python/colcon_distutils_commands:/workspace/libs/robot_motion_interface/ros/install/robot_motion_interface_ros/lib/python3.12/site-packages:/workspace/libs/robot_motion_interface/ros/install/robot_motion_interface_ros_msgs/lib/python3.12/site-packages:/opt/ros/jazzy/lib/python3.12/site-packages:/opt/openrobots/lib/python3.10/site-packages VIRTUAL_ENV_PROMPT=(venv-dex) /opt/venv-dex/bin/python3 -W ignore:setup.py install is deprecated -W ignore:easy_install command is deprecated setup.py develop --editable --build-directory /workspace/libs/robot_motion_interface/ros/build/robot_motion_interface_ros/build --no-deps symlink_data
[8.302s] Level 1:colcon.colcon_core.shell:create_environment_hook('robot_motion_interface_ros', 'pythonpath_develop')
[8.303s] INFO:colcon.colcon_core.shell:Creating environment hook '/workspace/libs/robot_motion_interface/ros/build/robot_motion_interface_ros/share/robot_motion_interface_ros/hook/pythonpath_develop.ps1'
[8.303s] DEBUG:colcon.colcon_core.event_handler.log_command:Invoked command in '/workspace/libs/robot_motion_interface/ros/build/robot_motion_interface_ros' returned '0': AMENT_PREFIX_PATH=/workspace/libs/robot_motion_interface/ros/install/robot_motion_interface_ros_msgs:${AMENT_PREFIX_PATH} CMAKE_PREFIX_PATH=/workspace/libs/robot_motion_interface/ros/install/robot_motion_interface_ros_msgs:/opt/openrobots LD_LIBRARY_PATH=/workspace/libs/robot_motion_interface/ros/install/robot_motion_interface_ros_msgs/lib:/opt/ros/jazzy/lib/x86_64-linux-gnu:/opt/ros/jazzy/lib:/opt/openrobots/lib PS1=(venv-dex) \[\e]0;\u@\h: \w\a\]${debian_chroot:+($debian_chroot)}\u@\h:\w\$ PYTHONPATH=/workspace/libs/robot_motion_interface/ros/build/robot_motion_interface_ros/prefix_override:/opt/venv-dex/lib/python3.12/site-packages/colcon_core/task/python/colcon_distutils_commands:/workspace/libs/robot_motion_interface/ros/install/robot_motion_interface_ros/lib/python3.12/site-packages:/workspace/libs/robot_motion_interface/ros/install/robot_motion_interface_ros_msgs/lib/python3.12/site-packages:/opt/ros/jazzy/lib/python3.12/site-packages:/opt/openrobots/lib/python3.10/site-packages VIRTUAL_ENV_PROMPT=(venv-dex) /opt/venv-dex/bin/python3 -W ignore:setup.py install is deprecated -W ignore:easy_install command is deprecated setup.py develop --editable --build-directory /workspace/libs/robot_motion_interface/ros/build/robot_motion_interface_ros/build --no-deps symlink_data
[8.304s] INFO:colcon.colcon_core.shell:Creating environment descriptor '/workspace/libs/robot_motion_interface/ros/build/robot_motion_interface_ros/share/robot_motion_interface_ros/hook/pythonpath_develop.dsv'
[8.304s] INFO:colcon.colcon_core.shell:Creating environment hook '/workspace/libs/robot_motion_interface/ros/build/robot_motion_interface_ros/share/robot_motion_interface_ros/hook/pythonpath_develop.sh'
[8.304s] Level 1:colcon.colcon_core.environment:checking '/workspace/libs/robot_motion_interface/ros/install/robot_motion_interface_ros' for CMake module files
[8.305s] Level 1:colcon.colcon_core.environment:checking '/workspace/libs/robot_motion_interface/ros/install/robot_motion_interface_ros' for CMake config files
[8.305s] Level 1:colcon.colcon_core.environment:checking '/workspace/libs/robot_motion_interface/ros/install/robot_motion_interface_ros/lib'
[8.305s] Level 1:colcon.colcon_core.environment:checking '/workspace/libs/robot_motion_interface/ros/install/robot_motion_interface_ros/bin'
[8.305s] Level 1:colcon.colcon_core.environment:checking '/workspace/libs/robot_motion_interface/ros/install/robot_motion_interface_ros/lib/pkgconfig/robot_motion_interface_ros.pc'
[8.305s] Level 1:colcon.colcon_core.environment:checking '/workspace/libs/robot_motion_interface/ros/install/robot_motion_interface_ros/lib/python3.12/site-packages'
[8.305s] Level 1:colcon.colcon_core.shell:create_environment_hook('robot_motion_interface_ros', 'pythonpath')
[8.305s] INFO:colcon.colcon_core.shell:Creating environment hook '/workspace/libs/robot_motion_interface/ros/install/robot_motion_interface_ros/share/robot_motion_interface_ros/hook/pythonpath.ps1'
[8.306s] INFO:colcon.colcon_core.shell:Creating environment descriptor '/workspace/libs/robot_motion_interface/ros/install/robot_motion_interface_ros/share/robot_motion_interface_ros/hook/pythonpath.dsv'
[8.306s] INFO:colcon.colcon_core.shell:Creating environment hook '/workspace/libs/robot_motion_interface/ros/install/robot_motion_interface_ros/share/robot_motion_interface_ros/hook/pythonpath.sh'
[8.307s] Level 1:colcon.colcon_core.environment:checking '/workspace/libs/robot_motion_interface/ros/install/robot_motion_interface_ros/bin'
[8.307s] Level 1:colcon.colcon_core.environment:create_environment_scripts_only(robot_motion_interface_ros)
[8.307s] INFO:colcon.colcon_core.shell:Creating package script '/workspace/libs/robot_motion_interface/ros/install/robot_motion_interface_ros/share/robot_motion_interface_ros/package.ps1'
[8.308s] INFO:colcon.colcon_core.shell:Creating package descriptor '/workspace/libs/robot_motion_interface/ros/install/robot_motion_interface_ros/share/robot_motion_interface_ros/package.dsv'
[8.308s] INFO:colcon.colcon_core.shell:Creating package script '/workspace/libs/robot_motion_interface/ros/install/robot_motion_interface_ros/share/robot_motion_interface_ros/package.sh'
[8.309s] INFO:colcon.colcon_core.shell:Creating package script '/workspace/libs/robot_motion_interface/ros/install/robot_motion_interface_ros/share/robot_motion_interface_ros/package.bash'
[8.309s] INFO:colcon.colcon_core.shell:Creating package script '/workspace/libs/robot_motion_interface/ros/install/robot_motion_interface_ros/share/robot_motion_interface_ros/package.zsh'
[8.310s] Level 1:colcon.colcon_core.environment:create_file_with_runtime_dependencies(/workspace/libs/robot_motion_interface/ros/install/robot_motion_interface_ros/share/colcon-core/packages/robot_motion_interface_ros)
[8.310s] DEBUG:colcon.colcon_parallel_executor.executor.parallel:closing loop
[8.310s] DEBUG:colcon.colcon_parallel_executor.executor.parallel:loop closed
[8.310s] DEBUG:colcon.colcon_parallel_executor.executor.parallel:run_until_complete finished with '0'
[8.310s] DEBUG:colcon.colcon_core.event_reactor:joining thread
[8.312s] INFO:colcon.colcon_core.plugin_system:Skipping extension 'colcon_notification.desktop_notification.notify2': 'notify2' not found
[8.312s] INFO:colcon.colcon_core.plugin_system:Skipping extension 'colcon_notification.desktop_notification.notify_send': Could not find 'notify-send'
[8.312s] INFO:colcon.colcon_core.plugin_system:Skipping extension 'colcon_notification.desktop_notification.terminal_notifier': Not used on non-Darwin systems
[8.312s] INFO:colcon.colcon_core.plugin_system:Skipping extension 'colcon_notification.desktop_notification.win32': Not used on non-Windows systems
[8.312s] DEBUG:colcon.colcon_core.event_reactor:joined thread
[8.312s] INFO:colcon.colcon_core.shell:Creating prefix script '/workspace/libs/robot_motion_interface/ros/install/local_setup.ps1'
[8.314s] INFO:colcon.colcon_core.shell:Creating prefix util module '/workspace/libs/robot_motion_interface/ros/install/_local_setup_util_ps1.py'
[8.315s] INFO:colcon.colcon_core.shell:Creating prefix chain script '/workspace/libs/robot_motion_interface/ros/install/setup.ps1'
[8.316s] INFO:colcon.colcon_core.shell:Creating prefix script '/workspace/libs/robot_motion_interface/ros/install/local_setup.sh'
[8.317s] INFO:colcon.colcon_core.shell:Creating prefix util module '/workspace/libs/robot_motion_interface/ros/install/_local_setup_util_sh.py'
[8.317s] INFO:colcon.colcon_core.shell:Creating prefix chain script '/workspace/libs/robot_motion_interface/ros/install/setup.sh'
[8.318s] INFO:colcon.colcon_core.shell:Creating prefix script '/workspace/libs/robot_motion_interface/ros/install/local_setup.bash'
[8.319s] INFO:colcon.colcon_core.shell:Creating prefix chain script '/workspace/libs/robot_motion_interface/ros/install/setup.bash'
[8.319s] INFO:colcon.colcon_core.shell:Creating prefix script '/workspace/libs/robot_motion_interface/ros/install/local_setup.zsh'
[8.321s] INFO:colcon.colcon_core.shell:Creating prefix chain script '/workspace/libs/robot_motion_interface/ros/install/setup.zsh'
