running develop
running egg_info
creating robot_description.egg-info
writing robot_description.egg-info/PKG-INFO
writing dependency_links to robot_description.egg-info/dependency_links.txt
writing entry points to robot_description.egg-info/entry_points.txt
writing requirements to robot_description.egg-info/requires.txt
writing top-level names to robot_description.egg-info/top_level.txt
writing manifest file 'robot_description.egg-info/SOURCES.txt'
reading manifest file 'robot_description.egg-info/SOURCES.txt'
writing manifest file 'robot_description.egg-info/SOURCES.txt'
running build_ext
Creating /workspace/libs/robot_description/install/robot_description/lib/python3.12/site-packages/robot-description.egg-link (link to .)
Installing frame_listener script to /workspace/libs/robot_description/install/robot_description/lib/robot_description

Installed /workspace/libs/robot_description/build/robot_description
running symlink_data
creating /workspace/libs/robot_description/install/robot_description/share/ament_index/resource_index/packages
symbolically linking /workspace/libs/robot_description/build/robot_description/resource/robot_description -> /workspace/libs/robot_description/install/robot_description/share/ament_index/resource_index/packages
symbolically linking /workspace/libs/robot_description/build/robot_description/package.xml -> /workspace/libs/robot_description/install/robot_description/share/robot_description
creating /workspace/libs/robot_description/install/robot_description/share/robot_description/launch
symbolically linking /workspace/libs/robot_description/build/robot_description/launch/display.launch.py -> /workspace/libs/robot_description/install/robot_description/share/robot_description/launch
creating /workspace/libs/robot_description/install/robot_description/share/robot_description/config
symbolically linking /workspace/libs/robot_description/build/robot_description/config/bimanual_arm.rviz -> /workspace/libs/robot_description/install/robot_description/share/robot_description/config
creating /workspace/libs/robot_description/install/robot_description/share/robot_description/urdf
symbolically linking /workspace/libs/robot_description/build/robot_description/urdf/bimanual_arms.urdf -> /workspace/libs/robot_description/install/robot_description/share/robot_description/urdf
creating /workspace/libs/robot_description/install/robot_description/share/robot_description/urdf/panda
symbolically linking /workspace/libs/robot_description/build/robot_description/urdf/panda/panda.urdf.xacro -> /workspace/libs/robot_description/install/robot_description/share/robot_description/urdf/panda
symbolically linking /workspace/libs/robot_description/build/robot_description/urdf/panda/panda_hand.urdf.xacro -> /workspace/libs/robot_description/install/robot_description/share/robot_description/urdf/panda
symbolically linking /workspace/libs/robot_description/build/robot_description/urdf/panda/panda_w_hand.urdf.xacro -> /workspace/libs/robot_description/install/robot_description/share/robot_description/urdf/panda
creating /workspace/libs/robot_description/install/robot_description/share/robot_description/urdf/panda/meshes/visual
symbolically linking /workspace/libs/robot_description/build/robot_description/urdf/panda/meshes/visual/link5.dae -> /workspace/libs/robot_description/install/robot_description/share/robot_description/urdf/panda/meshes/visual
symbolically linking /workspace/libs/robot_description/build/robot_description/urdf/panda/meshes/visual/link0.dae -> /workspace/libs/robot_description/install/robot_description/share/robot_description/urdf/panda/meshes/visual
symbolically linking /workspace/libs/robot_description/build/robot_description/urdf/panda/meshes/visual/link3.dae -> /workspace/libs/robot_description/install/robot_description/share/robot_description/urdf/panda/meshes/visual
symbolically linking /workspace/libs/robot_description/build/robot_description/urdf/panda/meshes/visual/link7.dae -> /workspace/libs/robot_description/install/robot_description/share/robot_description/urdf/panda/meshes/visual
symbolically linking /workspace/libs/robot_description/build/robot_description/urdf/panda/meshes/visual/hand.dae -> /workspace/libs/robot_description/install/robot_description/share/robot_description/urdf/panda/meshes/visual
symbolically linking /workspace/libs/robot_description/build/robot_description/urdf/panda/meshes/visual/finger.dae -> /workspace/libs/robot_description/install/robot_description/share/robot_description/urdf/panda/meshes/visual
symbolically linking /workspace/libs/robot_description/build/robot_description/urdf/panda/meshes/visual/link4.dae -> /workspace/libs/robot_description/install/robot_description/share/robot_description/urdf/panda/meshes/visual
symbolically linking /workspace/libs/robot_description/build/robot_description/urdf/panda/meshes/visual/link2.dae -> /workspace/libs/robot_description/install/robot_description/share/robot_description/urdf/panda/meshes/visual
symbolically linking /workspace/libs/robot_description/build/robot_description/urdf/panda/meshes/visual/link1.dae -> /workspace/libs/robot_description/install/robot_description/share/robot_description/urdf/panda/meshes/visual
symbolically linking /workspace/libs/robot_description/build/robot_description/urdf/panda/meshes/visual/link6.dae -> /workspace/libs/robot_description/install/robot_description/share/robot_description/urdf/panda/meshes/visual
creating /workspace/libs/robot_description/install/robot_description/share/robot_description/urdf/panda/meshes/collision
symbolically linking /workspace/libs/robot_description/build/robot_description/urdf/panda/meshes/collision/hand.stl -> /workspace/libs/robot_description/install/robot_description/share/robot_description/urdf/panda/meshes/collision
symbolically linking /workspace/libs/robot_description/build/robot_description/urdf/panda/meshes/collision/link7.stl -> /workspace/libs/robot_description/install/robot_description/share/robot_description/urdf/panda/meshes/collision
symbolically linking /workspace/libs/robot_description/build/robot_description/urdf/panda/meshes/collision/link3.stl -> /workspace/libs/robot_description/install/robot_description/share/robot_description/urdf/panda/meshes/collision
symbolically linking /workspace/libs/robot_description/build/robot_description/urdf/panda/meshes/collision/link5.stl -> /workspace/libs/robot_description/install/robot_description/share/robot_description/urdf/panda/meshes/collision
symbolically linking /workspace/libs/robot_description/build/robot_description/urdf/panda/meshes/collision/link4.stl -> /workspace/libs/robot_description/install/robot_description/share/robot_description/urdf/panda/meshes/collision
symbolically linking /workspace/libs/robot_description/build/robot_description/urdf/panda/meshes/collision/link1.stl -> /workspace/libs/robot_description/install/robot_description/share/robot_description/urdf/panda/meshes/collision
symbolically linking /workspace/libs/robot_description/build/robot_description/urdf/panda/meshes/collision/finger.stl -> /workspace/libs/robot_description/install/robot_description/share/robot_description/urdf/panda/meshes/collision
symbolically linking /workspace/libs/robot_description/build/robot_description/urdf/panda/meshes/collision/link2.stl -> /workspace/libs/robot_description/install/robot_description/share/robot_description/urdf/panda/meshes/collision
symbolically linking /workspace/libs/robot_description/build/robot_description/urdf/panda/meshes/collision/link6.stl -> /workspace/libs/robot_description/install/robot_description/share/robot_description/urdf/panda/meshes/collision
symbolically linking /workspace/libs/robot_description/build/robot_description/urdf/panda/meshes/collision/link0.stl -> /workspace/libs/robot_description/install/robot_description/share/robot_description/urdf/panda/meshes/collision
creating /workspace/libs/robot_description/install/robot_description/share/robot_description/urdf/ft_sensor
symbolically linking /workspace/libs/robot_description/build/robot_description/urdf/ft_sensor/ft_sensor.urdf.xacro -> /workspace/libs/robot_description/install/robot_description/share/robot_description/urdf/ft_sensor
creating /workspace/libs/robot_description/install/robot_description/share/robot_description/urdf/ft_sensor/meshes
symbolically linking /workspace/libs/robot_description/build/robot_description/urdf/ft_sensor/meshes/force_torque_sensor.stl -> /workspace/libs/robot_description/install/robot_description/share/robot_description/urdf/ft_sensor/meshes
symbolically linking /workspace/libs/robot_description/build/robot_description/urdf/ft_sensor/meshes/force_torque_sensor.dae -> /workspace/libs/robot_description/install/robot_description/share/robot_description/urdf/ft_sensor/meshes
creating /workspace/libs/robot_description/install/robot_description/share/robot_description/urdf/composites
symbolically linking /workspace/libs/robot_description/build/robot_description/urdf/composites/bimanual_arms.urdf.xacro -> /workspace/libs/robot_description/install/robot_description/share/robot_description/urdf/composites
symbolically linking /workspace/libs/robot_description/build/robot_description/urdf/composites/panda_w_ft_kinect.urdf.xacro -> /workspace/libs/robot_description/install/robot_description/share/robot_description/urdf/composites
symbolically linking /workspace/libs/robot_description/build/robot_description/urdf/composites/panda_w_tesollo.urdf.xacro -> /workspace/libs/robot_description/install/robot_description/share/robot_description/urdf/composites
creating /workspace/libs/robot_description/install/robot_description/share/robot_description/urdf/tesollo_DG3F
symbolically linking /workspace/libs/robot_description/build/robot_description/urdf/tesollo_DG3F/tesollo_DG3F.urdf.xacro -> /workspace/libs/robot_description/install/robot_description/share/robot_description/urdf/tesollo_DG3F
creating /workspace/libs/robot_description/install/robot_description/share/robot_description/urdf/tesollo_DG3F/meshes
symbolically linking /workspace/libs/robot_description/build/robot_description/urdf/tesollo_DG3F/meshes/link_04.stl -> /workspace/libs/robot_description/install/robot_description/share/robot_description/urdf/tesollo_DG3F/meshes
symbolically linking /workspace/libs/robot_description/build/robot_description/urdf/tesollo_DG3F/meshes/link_tip_high.stl -> /workspace/libs/robot_description/install/robot_description/share/robot_description/urdf/tesollo_DG3F/meshes
symbolically linking /workspace/libs/robot_description/build/robot_description/urdf/tesollo_DG3F/meshes/link_01.stl -> /workspace/libs/robot_description/install/robot_description/share/robot_description/urdf/tesollo_DG3F/meshes
symbolically linking /workspace/libs/robot_description/build/robot_description/urdf/tesollo_DG3F/meshes/link_02.stl -> /workspace/libs/robot_description/install/robot_description/share/robot_description/urdf/tesollo_DG3F/meshes
symbolically linking /workspace/libs/robot_description/build/robot_description/urdf/tesollo_DG3F/meshes/link_03.stl -> /workspace/libs/robot_description/install/robot_description/share/robot_description/urdf/tesollo_DG3F/meshes
symbolically linking /workspace/libs/robot_description/build/robot_description/urdf/tesollo_DG3F/meshes/delto_base_link.stl -> /workspace/libs/robot_description/install/robot_description/share/robot_description/urdf/tesollo_DG3F/meshes
creating /workspace/libs/robot_description/install/robot_description/share/robot_description/urdf/kinect
symbolically linking /workspace/libs/robot_description/build/robot_description/urdf/kinect/kinect.urdf.xacro -> /workspace/libs/robot_description/install/robot_description/share/robot_description/urdf/kinect
creating /workspace/libs/robot_description/install/robot_description/share/robot_description/urdf/kinect/meshes
symbolically linking /workspace/libs/robot_description/build/robot_description/urdf/kinect/meshes/kinect.stl -> /workspace/libs/robot_description/install/robot_description/share/robot_description/urdf/kinect/meshes
