[0.437s] Invoking command in '/workspace/libs/robot_description/build/robot_description': PS1=(venv-dex) \[\e]0;\u@\h: \w\a\]${debian_chroot:+($debian_chroot)}\u@\h:\w\$ PYTHONPATH=/workspace/libs/robot_description/build/robot_description/prefix_override:/opt/venv-dex/lib/python3.12/site-packages/colcon_core/task/python/colcon_distutils_commands:/workspace/libs/robot_description/install/robot_description/lib/python3.12/site-packages:${PYTHONPATH} VIRTUAL_ENV_PROMPT=(venv-dex) /opt/venv-dex/bin/python3 -W ignore:setup.py install is deprecated -W ignore:easy_install command is deprecated setup.py develop --editable --build-directory /workspace/libs/robot_description/build/robot_description/build --no-deps symlink_data
[0.616s] running develop
[0.690s] running egg_info
[0.699s] creating robot_description.egg-info
[0.699s] writing robot_description.egg-info/PKG-INFO
[0.700s] writing dependency_links to robot_description.egg-info/dependency_links.txt
[0.700s] writing entry points to robot_description.egg-info/entry_points.txt
[0.700s] writing requirements to robot_description.egg-info/requires.txt
[0.700s] writing top-level names to robot_description.egg-info/top_level.txt
[0.700s] writing manifest file 'robot_description.egg-info/SOURCES.txt'
[0.748s] listing git files failed - pretending there aren't any
[0.749s] reading manifest file 'robot_description.egg-info/SOURCES.txt'
[0.750s] writing manifest file 'robot_description.egg-info/SOURCES.txt'
[0.759s] running build_ext
[0.761s] Creating /workspace/libs/robot_description/install/robot_description/lib/python3.12/site-packages/robot-description.egg-link (link to .)
[0.761s] Installing frame_listener script to /workspace/libs/robot_description/install/robot_description/lib/robot_description
[0.761s] 
[0.761s] Installed /workspace/libs/robot_description/build/robot_description
[0.762s] running symlink_data
[0.762s] creating /workspace/libs/robot_description/install/robot_description/share/ament_index/resource_index/packages
[0.762s] symbolically linking /workspace/libs/robot_description/build/robot_description/resource/robot_description -> /workspace/libs/robot_description/install/robot_description/share/ament_index/resource_index/packages
[0.762s] symbolically linking /workspace/libs/robot_description/build/robot_description/package.xml -> /workspace/libs/robot_description/install/robot_description/share/robot_description
[0.762s] creating /workspace/libs/robot_description/install/robot_description/share/robot_description/launch
[0.762s] symbolically linking /workspace/libs/robot_description/build/robot_description/launch/display.launch.py -> /workspace/libs/robot_description/install/robot_description/share/robot_description/launch
[0.762s] creating /workspace/libs/robot_description/install/robot_description/share/robot_description/config
[0.763s] symbolically linking /workspace/libs/robot_description/build/robot_description/config/bimanual_arm.rviz -> /workspace/libs/robot_description/install/robot_description/share/robot_description/config
[0.763s] creating /workspace/libs/robot_description/install/robot_description/share/robot_description/urdf
[0.763s] symbolically linking /workspace/libs/robot_description/build/robot_description/urdf/bimanual_arms.urdf -> /workspace/libs/robot_description/install/robot_description/share/robot_description/urdf
[0.763s] creating /workspace/libs/robot_description/install/robot_description/share/robot_description/urdf/panda
[0.763s] symbolically linking /workspace/libs/robot_description/build/robot_description/urdf/panda/panda.urdf.xacro -> /workspace/libs/robot_description/install/robot_description/share/robot_description/urdf/panda
[0.763s] symbolically linking /workspace/libs/robot_description/build/robot_description/urdf/panda/panda_hand.urdf.xacro -> /workspace/libs/robot_description/install/robot_description/share/robot_description/urdf/panda
[0.763s] symbolically linking /workspace/libs/robot_description/build/robot_description/urdf/panda/panda_w_hand.urdf.xacro -> /workspace/libs/robot_description/install/robot_description/share/robot_description/urdf/panda
[0.763s] creating /workspace/libs/robot_description/install/robot_description/share/robot_description/urdf/panda/meshes/visual
[0.763s] symbolically linking /workspace/libs/robot_description/build/robot_description/urdf/panda/meshes/visual/link5.dae -> /workspace/libs/robot_description/install/robot_description/share/robot_description/urdf/panda/meshes/visual
[0.764s] symbolically linking /workspace/libs/robot_description/build/robot_description/urdf/panda/meshes/visual/link0.dae -> /workspace/libs/robot_description/install/robot_description/share/robot_description/urdf/panda/meshes/visual
[0.764s] symbolically linking /workspace/libs/robot_description/build/robot_description/urdf/panda/meshes/visual/link3.dae -> /workspace/libs/robot_description/install/robot_description/share/robot_description/urdf/panda/meshes/visual
[0.764s] symbolically linking /workspace/libs/robot_description/build/robot_description/urdf/panda/meshes/visual/link7.dae -> /workspace/libs/robot_description/install/robot_description/share/robot_description/urdf/panda/meshes/visual
[0.764s] symbolically linking /workspace/libs/robot_description/build/robot_description/urdf/panda/meshes/visual/hand.dae -> /workspace/libs/robot_description/install/robot_description/share/robot_description/urdf/panda/meshes/visual
[0.764s] symbolically linking /workspace/libs/robot_description/build/robot_description/urdf/panda/meshes/visual/finger.dae -> /workspace/libs/robot_description/install/robot_description/share/robot_description/urdf/panda/meshes/visual
[0.764s] symbolically linking /workspace/libs/robot_description/build/robot_description/urdf/panda/meshes/visual/link4.dae -> /workspace/libs/robot_description/install/robot_description/share/robot_description/urdf/panda/meshes/visual
[0.764s] symbolically linking /workspace/libs/robot_description/build/robot_description/urdf/panda/meshes/visual/link2.dae -> /workspace/libs/robot_description/install/robot_description/share/robot_description/urdf/panda/meshes/visual
[0.764s] symbolically linking /workspace/libs/robot_description/build/robot_description/urdf/panda/meshes/visual/link1.dae -> /workspace/libs/robot_description/install/robot_description/share/robot_description/urdf/panda/meshes/visual
[0.764s] symbolically linking /workspace/libs/robot_description/build/robot_description/urdf/panda/meshes/visual/link6.dae -> /workspace/libs/robot_description/install/robot_description/share/robot_description/urdf/panda/meshes/visual
[0.764s] creating /workspace/libs/robot_description/install/robot_description/share/robot_description/urdf/panda/meshes/collision
[0.765s] symbolically linking /workspace/libs/robot_description/build/robot_description/urdf/panda/meshes/collision/hand.stl -> /workspace/libs/robot_description/install/robot_description/share/robot_description/urdf/panda/meshes/collision
[0.765s] symbolically linking /workspace/libs/robot_description/build/robot_description/urdf/panda/meshes/collision/link7.stl -> /workspace/libs/robot_description/install/robot_description/share/robot_description/urdf/panda/meshes/collision
[0.765s] symbolically linking /workspace/libs/robot_description/build/robot_description/urdf/panda/meshes/collision/link3.stl -> /workspace/libs/robot_description/install/robot_description/share/robot_description/urdf/panda/meshes/collision
[0.765s] symbolically linking /workspace/libs/robot_description/build/robot_description/urdf/panda/meshes/collision/link5.stl -> /workspace/libs/robot_description/install/robot_description/share/robot_description/urdf/panda/meshes/collision
[0.765s] symbolically linking /workspace/libs/robot_description/build/robot_description/urdf/panda/meshes/collision/link4.stl -> /workspace/libs/robot_description/install/robot_description/share/robot_description/urdf/panda/meshes/collision
[0.765s] symbolically linking /workspace/libs/robot_description/build/robot_description/urdf/panda/meshes/collision/link1.stl -> /workspace/libs/robot_description/install/robot_description/share/robot_description/urdf/panda/meshes/collision
[0.765s] symbolically linking /workspace/libs/robot_description/build/robot_description/urdf/panda/meshes/collision/finger.stl -> /workspace/libs/robot_description/install/robot_description/share/robot_description/urdf/panda/meshes/collision
[0.765s] symbolically linking /workspace/libs/robot_description/build/robot_description/urdf/panda/meshes/collision/link2.stl -> /workspace/libs/robot_description/install/robot_description/share/robot_description/urdf/panda/meshes/collision
[0.765s] symbolically linking /workspace/libs/robot_description/build/robot_description/urdf/panda/meshes/collision/link6.stl -> /workspace/libs/robot_description/install/robot_description/share/robot_description/urdf/panda/meshes/collision
[0.765s] symbolically linking /workspace/libs/robot_description/build/robot_description/urdf/panda/meshes/collision/link0.stl -> /workspace/libs/robot_description/install/robot_description/share/robot_description/urdf/panda/meshes/collision
[0.765s] creating /workspace/libs/robot_description/install/robot_description/share/robot_description/urdf/ft_sensor
[0.766s] symbolically linking /workspace/libs/robot_description/build/robot_description/urdf/ft_sensor/ft_sensor.urdf.xacro -> /workspace/libs/robot_description/install/robot_description/share/robot_description/urdf/ft_sensor
[0.766s] creating /workspace/libs/robot_description/install/robot_description/share/robot_description/urdf/ft_sensor/meshes
[0.766s] symbolically linking /workspace/libs/robot_description/build/robot_description/urdf/ft_sensor/meshes/force_torque_sensor.stl -> /workspace/libs/robot_description/install/robot_description/share/robot_description/urdf/ft_sensor/meshes
[0.766s] symbolically linking /workspace/libs/robot_description/build/robot_description/urdf/ft_sensor/meshes/force_torque_sensor.dae -> /workspace/libs/robot_description/install/robot_description/share/robot_description/urdf/ft_sensor/meshes
[0.766s] creating /workspace/libs/robot_description/install/robot_description/share/robot_description/urdf/composites
[0.766s] symbolically linking /workspace/libs/robot_description/build/robot_description/urdf/composites/bimanual_arms.urdf.xacro -> /workspace/libs/robot_description/install/robot_description/share/robot_description/urdf/composites
[0.766s] symbolically linking /workspace/libs/robot_description/build/robot_description/urdf/composites/panda_w_ft_kinect.urdf.xacro -> /workspace/libs/robot_description/install/robot_description/share/robot_description/urdf/composites
[0.766s] symbolically linking /workspace/libs/robot_description/build/robot_description/urdf/composites/panda_w_tesollo.urdf.xacro -> /workspace/libs/robot_description/install/robot_description/share/robot_description/urdf/composites
[0.766s] creating /workspace/libs/robot_description/install/robot_description/share/robot_description/urdf/tesollo_DG3F
[0.766s] symbolically linking /workspace/libs/robot_description/build/robot_description/urdf/tesollo_DG3F/tesollo_DG3F.urdf.xacro -> /workspace/libs/robot_description/install/robot_description/share/robot_description/urdf/tesollo_DG3F
[0.766s] creating /workspace/libs/robot_description/install/robot_description/share/robot_description/urdf/tesollo_DG3F/meshes
[0.766s] symbolically linking /workspace/libs/robot_description/build/robot_description/urdf/tesollo_DG3F/meshes/link_04.stl -> /workspace/libs/robot_description/install/robot_description/share/robot_description/urdf/tesollo_DG3F/meshes
[0.767s] symbolically linking /workspace/libs/robot_description/build/robot_description/urdf/tesollo_DG3F/meshes/link_tip_high.stl -> /workspace/libs/robot_description/install/robot_description/share/robot_description/urdf/tesollo_DG3F/meshes
[0.767s] symbolically linking /workspace/libs/robot_description/build/robot_description/urdf/tesollo_DG3F/meshes/link_01.stl -> /workspace/libs/robot_description/install/robot_description/share/robot_description/urdf/tesollo_DG3F/meshes
[0.767s] symbolically linking /workspace/libs/robot_description/build/robot_description/urdf/tesollo_DG3F/meshes/link_02.stl -> /workspace/libs/robot_description/install/robot_description/share/robot_description/urdf/tesollo_DG3F/meshes
[0.767s] symbolically linking /workspace/libs/robot_description/build/robot_description/urdf/tesollo_DG3F/meshes/link_03.stl -> /workspace/libs/robot_description/install/robot_description/share/robot_description/urdf/tesollo_DG3F/meshes
[0.767s] symbolically linking /workspace/libs/robot_description/build/robot_description/urdf/tesollo_DG3F/meshes/delto_base_link.stl -> /workspace/libs/robot_description/install/robot_description/share/robot_description/urdf/tesollo_DG3F/meshes
[0.767s] creating /workspace/libs/robot_description/install/robot_description/share/robot_description/urdf/kinect
[0.767s] symbolically linking /workspace/libs/robot_description/build/robot_description/urdf/kinect/kinect.urdf.xacro -> /workspace/libs/robot_description/install/robot_description/share/robot_description/urdf/kinect
[0.767s] creating /workspace/libs/robot_description/install/robot_description/share/robot_description/urdf/kinect/meshes
[0.767s] symbolically linking /workspace/libs/robot_description/build/robot_description/urdf/kinect/meshes/kinect.stl -> /workspace/libs/robot_description/install/robot_description/share/robot_description/urdf/kinect/meshes
[0.780s] Invoked command in '/workspace/libs/robot_description/build/robot_description' returned '0': PS1=(venv-dex) \[\e]0;\u@\h: \w\a\]${debian_chroot:+($debian_chroot)}\u@\h:\w\$ PYTHONPATH=/workspace/libs/robot_description/build/robot_description/prefix_override:/opt/venv-dex/lib/python3.12/site-packages/colcon_core/task/python/colcon_distutils_commands:/workspace/libs/robot_description/install/robot_description/lib/python3.12/site-packages:${PYTHONPATH} VIRTUAL_ENV_PROMPT=(venv-dex) /opt/venv-dex/bin/python3 -W ignore:setup.py install is deprecated -W ignore:easy_install command is deprecated setup.py develop --editable --build-directory /workspace/libs/robot_description/build/robot_description/build --no-deps symlink_data
