[0.015s] Invoking command in '/workspace/libs/robot_motion_interface/ros/build/robot_motion_interface_ros_msgs': CMAKE_PREFIX_PATH=${CMAKE_PREFIX_PATH}:/opt/ros/jazzy PS1=(venv-dex) \[\e]0;\u@\h: \w\a\]${debian_chroot:+($debian_chroot)}\u@\h:\w\$ VIRTUAL_ENV_PROMPT=(venv-dex) /usr/bin/cmake --build /workspace/libs/robot_motion_interface/ros/build/robot_motion_interface_ros_msgs -- -j16 -l16
[0.076s] [  1%] [34m[1mGenerating type hashes for ROS interfaces[0m
[0.081s] [  1%] Built target ament_cmake_python_symlink_robot_motion_interface_ros_msgs
[0.183s] Traceback (most recent call last):
[0.183s]   File "/opt/ros/jazzy/lib/rosidl_generator_type_description/rosidl_generator_type_description", line 21, in <module>
[0.183s]     from rosidl_generator_type_description import generate_type_hash
[0.183s]   File "/opt/ros/jazzy/lib/python3.12/site-packages/rosidl_generator_type_description/__init__.py", line 24, in <module>
[0.183s]     from rosidl_parser.parser import parse_idl_file
[0.184s]   File "/opt/ros/jazzy/lib/python3.12/site-packages/rosidl_parser/parser.py", line 20, in <module>
[0.184s]     from lark import Lark
[0.184s] ModuleNotFoundError: No module named 'lark'
[0.192s] gmake[2]: *** [CMakeFiles/robot_motion_interface_ros_msgs__rosidl_generator_type_description.dir/build.make:83: rosidl_generator_type_description/robot_motion_interface_ros_msgs/action/SetCartesianPose.json] Error 1
[0.192s] gmake[1]: *** [CMakeFiles/Makefile2:215: CMakeFiles/robot_motion_interface_ros_msgs__rosidl_generator_type_description.dir/all] Error 2
[0.192s] gmake[1]: *** Waiting for unfinished jobs....
[0.264s] running egg_info
[0.274s] writing robot_motion_interface_ros_msgs.egg-info/PKG-INFO
[0.274s] writing dependency_links to robot_motion_interface_ros_msgs.egg-info/dependency_links.txt
[0.274s] writing top-level names to robot_motion_interface_ros_msgs.egg-info/top_level.txt
[0.331s] listing git files failed - pretending there aren't any
[0.332s] reading manifest file 'robot_motion_interface_ros_msgs.egg-info/SOURCES.txt'
[0.333s] writing manifest file 'robot_motion_interface_ros_msgs.egg-info/SOURCES.txt'
[0.351s] [  1%] Built target ament_cmake_python_build_robot_motion_interface_ros_msgs_egg
[0.352s] gmake: *** [Makefile:146: all] Error 2
[0.353s] Invoked command in '/workspace/libs/robot_motion_interface/ros/build/robot_motion_interface_ros_msgs' returned '2': CMAKE_PREFIX_PATH=${CMAKE_PREFIX_PATH}:/opt/ros/jazzy PS1=(venv-dex) \[\e]0;\u@\h: \w\a\]${debian_chroot:+($debian_chroot)}\u@\h:\w\$ VIRTUAL_ENV_PROMPT=(venv-dex) /usr/bin/cmake --build /workspace/libs/robot_motion_interface/ros/build/robot_motion_interface_ros_msgs -- -j16 -l16
