[0.000000] (-) TimerEvent: {}
[0.000412] (robot_motion_interface_ros_msgs) JobQueued: {'identifier': 'robot_motion_interface_ros_msgs', 'dependencies': OrderedDict()}
[0.000576] (robot_motion_interface_ros) JobQueued: {'identifier': 'robot_motion_interface_ros', 'dependencies': OrderedDict({'robot_motion_interface_ros_msgs': '/workspace/libs/robot_motion_interface/ros/install/robot_motion_interface_ros_msgs'})}
[0.000628] (robot_motion_interface_ros_msgs) JobStarted: {'identifier': 'robot_motion_interface_ros_msgs'}
[0.006389] (robot_motion_interface_ros_msgs) JobProgress: {'identifier': 'robot_motion_interface_ros_msgs', 'progress': 'cmake'}
[0.006634] (robot_motion_interface_ros_msgs) Command: {'cmd': ['/usr/bin/cmake', '/workspace/libs/robot_motion_interface/ros/src/robot_motion_interface_ros_msgs', '-DAMENT_CMAKE_SYMLINK_INSTALL=1', '-DCMAKE_INSTALL_PREFIX=/workspace/libs/robot_motion_interface/ros/install/robot_motion_interface_ros_msgs'], 'cwd': '/workspace/libs/robot_motion_interface/ros/build/robot_motion_interface_ros_msgs', 'env': OrderedDict({'HOSTNAME': 'pop-os', 'SHLVL': '1', 'LD_LIBRARY_PATH': '/opt/ros/jazzy/opt/rviz_ogre_vendor/lib:/opt/ros/jazzy/lib/x86_64-linux-gnu:/opt/ros/jazzy/opt/gz_math_vendor/lib:/opt/ros/jazzy/opt/gz_utils_vendor/lib:/opt/ros/jazzy/opt/gz_cmake_vendor/lib:/opt/ros/jazzy/lib:/opt/openrobots/lib:', 'HOME': '/root', 'OLDPWD': '/workspace', 'ROS_PYTHON_VERSION': '3', 'ROS_STATIC_PEERS': '192.168.4.9', 'ROS_DISTRO': 'jazzy', '_': '/usr/bin/colcon', 'ROS_VERSION': '2', 'PKG_CONFIG_PATH': '/opt/openrobots/lib/pkgconfig:', 'PIP_BREAK_SYSTEM_PACKAGES': '1', 'TERM': 'xterm', 'PATH': '/opt/ros/jazzy/bin:/root/.cargo/bin:/opt/openrobots/bin:/usr/local/sbin:/usr/local/bin:/usr/sbin:/usr/bin:/sbin:/bin', 'DISPLAY': ':1', 'LANG': 'C.UTF-8', 'RMW_IMPLEMENTATION': 'rmw_fastrtps_cpp', 'AMENT_PREFIX_PATH': '/opt/ros/jazzy', 'DEBIAN_FRONTEND': 'noninteractive', 'ROS_AUTOMATIC_DISCOVERY_RANGE': 'SUBNET', 'PWD': '/workspace/libs/robot_motion_interface/ros/build/robot_motion_interface_ros_msgs', 'LC_ALL': 'C.UTF-8', 'PYTHONPATH': '/opt/ros/jazzy/lib/python3.12/site-packages:/opt/openrobots/lib/python3.10/site-packages:', 'COLCON': '1', 'CMAKE_PREFIX_PATH': '/opt/ros/jazzy/opt/gz_math_vendor:/opt/ros/jazzy/opt/gz_utils_vendor:/opt/ros/jazzy/opt/gz_cmake_vendor:/opt/openrobots::/opt/ros/jazzy'}), 'shell': False}
[0.077811] (robot_motion_interface_ros_msgs) StdoutLine: {'line': b'-- The C compiler identification is GNU 13.3.0\n'}
[0.099880] (-) TimerEvent: {}
[0.127041] (robot_motion_interface_ros_msgs) StdoutLine: {'line': b'-- The CXX compiler identification is GNU 13.3.0\n'}
[0.140111] (robot_motion_interface_ros_msgs) StdoutLine: {'line': b'-- Detecting C compiler ABI info\n'}
[0.199988] (-) TimerEvent: {}
[0.214249] (robot_motion_interface_ros_msgs) StdoutLine: {'line': b'-- Detecting C compiler ABI info - done\n'}
[0.223119] (robot_motion_interface_ros_msgs) StdoutLine: {'line': b'-- Check for working C compiler: /usr/bin/cc - skipped\n'}
[0.223321] (robot_motion_interface_ros_msgs) StdoutLine: {'line': b'-- Detecting C compile features\n'}
[0.223613] (robot_motion_interface_ros_msgs) StdoutLine: {'line': b'-- Detecting C compile features - done\n'}
[0.233290] (robot_motion_interface_ros_msgs) StdoutLine: {'line': b'-- Detecting CXX compiler ABI info\n'}
[0.300124] (-) TimerEvent: {}
[0.319359] (robot_motion_interface_ros_msgs) StdoutLine: {'line': b'-- Detecting CXX compiler ABI info - done\n'}
[0.327105] (robot_motion_interface_ros_msgs) StdoutLine: {'line': b'-- Check for working CXX compiler: /usr/bin/c++ - skipped\n'}
[0.327290] (robot_motion_interface_ros_msgs) StdoutLine: {'line': b'-- Detecting CXX compile features\n'}
[0.327710] (robot_motion_interface_ros_msgs) StdoutLine: {'line': b'-- Detecting CXX compile features - done\n'}
[0.330385] (robot_motion_interface_ros_msgs) StdoutLine: {'line': b'-- Found ament_cmake: 2.5.6 (/opt/ros/jazzy/share/ament_cmake/cmake)\n'}
[0.400263] (-) TimerEvent: {}
[0.500575] (-) TimerEvent: {}
[0.588249] (robot_motion_interface_ros_msgs) StdoutLine: {'line': b'-- Found Python3: /usr/bin/python3 (found version "3.12.3") found components: Interpreter \n'}
[0.600724] (-) TimerEvent: {}
[0.658070] (robot_motion_interface_ros_msgs) StdoutLine: {'line': b'-- Override CMake install command with custom implementation using symlinks instead of copying resources\n'}
[0.683944] (robot_motion_interface_ros_msgs) StdoutLine: {'line': b'-- Found rosidl_default_generators: 1.6.0 (/opt/ros/jazzy/share/rosidl_default_generators/cmake)\n'}
[0.688308] (robot_motion_interface_ros_msgs) StdoutLine: {'line': b'-- Using all available rosidl_typesupport_c: rosidl_typesupport_fastrtps_c;rosidl_typesupport_introspection_c\n'}
[0.700888] (-) TimerEvent: {}
[0.725880] (robot_motion_interface_ros_msgs) StdoutLine: {'line': b'-- Using all available rosidl_typesupport_cpp: rosidl_typesupport_fastrtps_cpp;rosidl_typesupport_introspection_cpp\n'}
[0.760857] (robot_motion_interface_ros_msgs) StdoutLine: {'line': b'-- Found rosidl_adapter: 4.6.7 (/opt/ros/jazzy/share/rosidl_adapter/cmake)\n'}
[0.763809] (robot_motion_interface_ros_msgs) StdoutLine: {'line': b'-- Found geometry_msgs: 5.3.7 (/opt/ros/jazzy/share/geometry_msgs/cmake)\n'}
[0.801042] (-) TimerEvent: {}
[0.801389] (robot_motion_interface_ros_msgs) StdoutLine: {'line': b'-- Found sensor_msgs: 5.3.7 (/opt/ros/jazzy/share/sensor_msgs/cmake)\n'}
[0.901252] (-) TimerEvent: {}
[1.001513] (-) TimerEvent: {}
[1.101864] (-) TimerEvent: {}
[1.202226] (-) TimerEvent: {}
[1.302736] (-) TimerEvent: {}
[1.402952] (-) TimerEvent: {}
[1.503188] (-) TimerEvent: {}
[1.603384] (-) TimerEvent: {}
[1.703592] (-) TimerEvent: {}
[1.803785] (-) TimerEvent: {}
[1.892906] (robot_motion_interface_ros_msgs) StdoutLine: {'line': b'-- Found ament_cmake_ros: 0.12.0 (/opt/ros/jazzy/share/ament_cmake_ros/cmake)\n'}
[1.903850] (-) TimerEvent: {}
[2.004033] (-) TimerEvent: {}
[2.104213] (-) TimerEvent: {}
[2.204427] (-) TimerEvent: {}
[2.304663] (-) TimerEvent: {}
[2.404838] (-) TimerEvent: {}
[2.505071] (-) TimerEvent: {}
[2.605278] (-) TimerEvent: {}
[2.705521] (-) TimerEvent: {}
[2.757100] (robot_motion_interface_ros_msgs) StdoutLine: {'line': b'-- Using all available rosidl_typesupport_c: rosidl_typesupport_fastrtps_c;rosidl_typesupport_introspection_c\n'}
[2.805649] (-) TimerEvent: {}
[2.905847] (-) TimerEvent: {}
[3.006195] (-) TimerEvent: {}
[3.106439] (-) TimerEvent: {}
[3.206668] (-) TimerEvent: {}
[3.306844] (-) TimerEvent: {}
[3.407059] (-) TimerEvent: {}
[3.507280] (-) TimerEvent: {}
[3.607577] (-) TimerEvent: {}
[3.707854] (-) TimerEvent: {}
[3.808034] (-) TimerEvent: {}
[3.908208] (-) TimerEvent: {}
[3.953527] (robot_motion_interface_ros_msgs) StdoutLine: {'line': b'-- Using all available rosidl_typesupport_cpp: rosidl_typesupport_fastrtps_cpp;rosidl_typesupport_introspection_cpp\n'}
[3.956036] (robot_motion_interface_ros_msgs) StdoutLine: {'line': b'-- Found python_cmake_module: 0.11.1 (/opt/ros/jazzy/share/python_cmake_module/cmake)\n'}
[4.008285] (-) TimerEvent: {}
[4.108459] (-) TimerEvent: {}
[4.207622] (robot_motion_interface_ros_msgs) StdoutLine: {'line': b'-- Found PythonExtra: /usr/bin/python3  \n'}
[4.208520] (-) TimerEvent: {}
[4.308658] (-) TimerEvent: {}
[4.408840] (-) TimerEvent: {}
[4.509070] (-) TimerEvent: {}
[4.609301] (-) TimerEvent: {}
[4.709482] (-) TimerEvent: {}
[4.809660] (-) TimerEvent: {}
[4.849112] (robot_motion_interface_ros_msgs) StdoutLine: {'line': b'-- Found Python3: /usr/bin/python3 (found version "3.12.3") found components: Interpreter Development NumPy Development.Module Development.Embed \n'}
[4.909746] (-) TimerEvent: {}
[4.997002] (robot_motion_interface_ros_msgs) StdoutLine: {'line': b'-- Found Python3: /usr/bin/python3 (found version "3.12.3") found components: Interpreter \n'}
[5.000622] (robot_motion_interface_ros_msgs) StdoutLine: {'line': b'-- Found ament_lint_auto: 0.17.5 (/opt/ros/jazzy/share/ament_lint_auto/cmake)\n'}
[5.009816] (-) TimerEvent: {}
[5.017925] (robot_motion_interface_ros_msgs) StdoutLine: {'line': b"-- Added test 'lint_cmake' to check CMake code style\n"}
[5.018450] (robot_motion_interface_ros_msgs) StdoutLine: {'line': b"-- Added test 'xmllint' to check XML markup files\n"}
[5.021450] (robot_motion_interface_ros_msgs) StdoutLine: {'line': b'-- Configuring done (5.0s)\n'}
[5.059963] (robot_motion_interface_ros_msgs) StdoutLine: {'line': b'-- Generating done (0.0s)\n'}
[5.067684] (robot_motion_interface_ros_msgs) StdoutLine: {'line': b'-- Build files have been written to: /workspace/libs/robot_motion_interface/ros/build/robot_motion_interface_ros_msgs\n'}
[5.074009] (robot_motion_interface_ros_msgs) CommandEnded: {'returncode': 0}
[5.074474] (robot_motion_interface_ros_msgs) JobProgress: {'identifier': 'robot_motion_interface_ros_msgs', 'progress': 'build'}
[5.075033] (robot_motion_interface_ros_msgs) Command: {'cmd': ['/usr/bin/cmake', '--build', '/workspace/libs/robot_motion_interface/ros/build/robot_motion_interface_ros_msgs', '--', '-j16', '-l16'], 'cwd': '/workspace/libs/robot_motion_interface/ros/build/robot_motion_interface_ros_msgs', 'env': OrderedDict({'HOSTNAME': 'pop-os', 'SHLVL': '1', 'LD_LIBRARY_PATH': '/opt/ros/jazzy/opt/rviz_ogre_vendor/lib:/opt/ros/jazzy/lib/x86_64-linux-gnu:/opt/ros/jazzy/opt/gz_math_vendor/lib:/opt/ros/jazzy/opt/gz_utils_vendor/lib:/opt/ros/jazzy/opt/gz_cmake_vendor/lib:/opt/ros/jazzy/lib:/opt/openrobots/lib:', 'HOME': '/root', 'OLDPWD': '/workspace', 'ROS_PYTHON_VERSION': '3', 'ROS_STATIC_PEERS': '192.168.4.9', 'ROS_DISTRO': 'jazzy', '_': '/usr/bin/colcon', 'ROS_VERSION': '2', 'PKG_CONFIG_PATH': '/opt/openrobots/lib/pkgconfig:', 'PIP_BREAK_SYSTEM_PACKAGES': '1', 'TERM': 'xterm', 'PATH': '/opt/ros/jazzy/bin:/root/.cargo/bin:/opt/openrobots/bin:/usr/local/sbin:/usr/local/bin:/usr/sbin:/usr/bin:/sbin:/bin', 'DISPLAY': ':1', 'LANG': 'C.UTF-8', 'RMW_IMPLEMENTATION': 'rmw_fastrtps_cpp', 'AMENT_PREFIX_PATH': '/opt/ros/jazzy', 'DEBIAN_FRONTEND': 'noninteractive', 'ROS_AUTOMATIC_DISCOVERY_RANGE': 'SUBNET', 'PWD': '/workspace/libs/robot_motion_interface/ros/build/robot_motion_interface_ros_msgs', 'LC_ALL': 'C.UTF-8', 'PYTHONPATH': '/opt/ros/jazzy/lib/python3.12/site-packages:/opt/openrobots/lib/python3.10/site-packages:', 'COLCON': '1', 'CMAKE_PREFIX_PATH': '/opt/ros/jazzy/opt/gz_math_vendor:/opt/ros/jazzy/opt/gz_utils_vendor:/opt/ros/jazzy/opt/gz_cmake_vendor:/opt/openrobots::/opt/ros/jazzy'}), 'shell': False}
[5.109933] (-) TimerEvent: {}
[5.114194] (robot_motion_interface_ros_msgs) StdoutLine: {'line': b'[  1%] Built target robot_motion_interface_ros_msgs__rosidl_generator_type_description\n'}
[5.114386] (robot_motion_interface_ros_msgs) StdoutLine: {'line': b'[  2%] \x1b[34m\x1b[1mGenerating Rust code for ROS interfaces\x1b[0m\n'}
[5.123255] (robot_motion_interface_ros_msgs) StdoutLine: {'line': b'[  4%] \x1b[34m\x1b[1mGenerating C code for ROS interfaces\x1b[0m\n'}
[5.123771] (robot_motion_interface_ros_msgs) StdoutLine: {'line': b'[  4%] Built target ament_cmake_python_symlink_robot_motion_interface_ros_msgs\n'}
[5.129704] (robot_motion_interface_ros_msgs) StdoutLine: {'line': b'[  5%] \x1b[34m\x1b[1mGenerating C++ code for ROS interfaces\x1b[0m\n'}
[5.210033] (-) TimerEvent: {}
[5.271502] (robot_motion_interface_ros_msgs) StdoutLine: {'line': b'running egg_info\n'}
[5.282111] (robot_motion_interface_ros_msgs) StdoutLine: {'line': b'writing robot_motion_interface_ros_msgs.egg-info/PKG-INFO\n'}
[5.282366] (robot_motion_interface_ros_msgs) StdoutLine: {'line': b'writing dependency_links to robot_motion_interface_ros_msgs.egg-info/dependency_links.txt\n'}
[5.282480] (robot_motion_interface_ros_msgs) StdoutLine: {'line': b'writing top-level names to robot_motion_interface_ros_msgs.egg-info/top_level.txt\n'}
[5.309470] (robot_motion_interface_ros_msgs) StdoutLine: {'line': b"reading manifest file 'robot_motion_interface_ros_msgs.egg-info/SOURCES.txt'\n"}
[5.309956] (robot_motion_interface_ros_msgs) StdoutLine: {'line': b"writing manifest file 'robot_motion_interface_ros_msgs.egg-info/SOURCES.txt'\n"}
[5.310075] (-) TimerEvent: {}
[5.330502] (robot_motion_interface_ros_msgs) StdoutLine: {'line': b'[  5%] Built target ament_cmake_python_build_robot_motion_interface_ros_msgs_egg\n'}
[5.408475] (robot_motion_interface_ros_msgs) StdoutLine: {'line': b'[  5%] Built target robot_motion_interface_ros_msgs__rs\n'}
[5.410190] (-) TimerEvent: {}
[5.510424] (-) TimerEvent: {}
[5.610677] (-) TimerEvent: {}
[5.710931] (-) TimerEvent: {}
[5.747435] (robot_motion_interface_ros_msgs) StdoutLine: {'line': b'[  5%] Built target robot_motion_interface_ros_msgs__cpp\n'}
[5.811077] (-) TimerEvent: {}
[5.861039] (robot_motion_interface_ros_msgs) StdoutLine: {'line': b'[  6%] \x1b[32mBuilding C object CMakeFiles/robot_motion_interface_ros_msgs__rosidl_generator_c.dir/rosidl_generator_c/robot_motion_interface_ros_msgs/action/detail/home__type_support.c.o\x1b[0m\n'}
[5.861364] (robot_motion_interface_ros_msgs) StdoutLine: {'line': b'[  8%] \x1b[32mBuilding C object CMakeFiles/robot_motion_interface_ros_msgs__rosidl_generator_c.dir/rosidl_generator_c/robot_motion_interface_ros_msgs/action/detail/set_cartesian_pose__functions.c.o\x1b[0m\n'}
[5.861606] (robot_motion_interface_ros_msgs) StdoutLine: {'line': b'[  9%] \x1b[32mBuilding C object CMakeFiles/robot_motion_interface_ros_msgs__rosidl_generator_c.dir/rosidl_generator_c/robot_motion_interface_ros_msgs/action/detail/home__description.c.o\x1b[0m\n'}
[5.861809] (robot_motion_interface_ros_msgs) StdoutLine: {'line': b'[ 12%] \x1b[32mBuilding C object CMakeFiles/robot_motion_interface_ros_msgs__rosidl_generator_c.dir/rosidl_generator_c/robot_motion_interface_ros_msgs/action/detail/set_cartesian_pose__description.c.o\x1b[0m\n'}
[5.861957] (robot_motion_interface_ros_msgs) StdoutLine: {'line': b'[ 13%] \x1b[32mBuilding C object CMakeFiles/robot_motion_interface_ros_msgs__rosidl_generator_c.dir/rosidl_generator_c/robot_motion_interface_ros_msgs/action/detail/set_joint_positions__type_support.c.o\x1b[0m\n'}
[5.865672] (robot_motion_interface_ros_msgs) StdoutLine: {'line': b'[ 14%] \x1b[32mBuilding C object CMakeFiles/robot_motion_interface_ros_msgs__rosidl_generator_c.dir/rosidl_generator_c/robot_motion_interface_ros_msgs/action/detail/set_joint_positions__functions.c.o\x1b[0m\n'}
[5.866004] (robot_motion_interface_ros_msgs) StdoutLine: {'line': b'[ 12%] \x1b[32mBuilding C object CMakeFiles/robot_motion_interface_ros_msgs__rosidl_generator_c.dir/rosidl_generator_c/robot_motion_interface_ros_msgs/action/detail/set_joint_positions__description.c.o\x1b[0m\n'}
[5.866179] (robot_motion_interface_ros_msgs) StdoutLine: {'line': b'[ 17%] \x1b[32mBuilding C object CMakeFiles/robot_motion_interface_ros_msgs__rosidl_generator_c.dir/rosidl_generator_c/robot_motion_interface_ros_msgs/msg/detail/object_poses__description.c.o\x1b[0m\n'}
[5.866327] (robot_motion_interface_ros_msgs) StdoutLine: {'line': b'[ 17%] \x1b[32mBuilding C object CMakeFiles/robot_motion_interface_ros_msgs__rosidl_generator_c.dir/rosidl_generator_c/robot_motion_interface_ros_msgs/action/detail/set_cartesian_pose__type_support.c.o\x1b[0m\n'}
[5.866455] (robot_motion_interface_ros_msgs) StdoutLine: {'line': b'[ 18%] \x1b[32mBuilding C object CMakeFiles/robot_motion_interface_ros_msgs__rosidl_generator_c.dir/rosidl_generator_c/robot_motion_interface_ros_msgs/msg/detail/object_poses__functions.c.o\x1b[0m\n'}
[5.866573] (robot_motion_interface_ros_msgs) StdoutLine: {'line': b'[ 21%] \x1b[32mBuilding C object CMakeFiles/robot_motion_interface_ros_msgs__rosidl_generator_c.dir/rosidl_generator_c/robot_motion_interface_ros_msgs/msg/detail/object_poses__type_support.c.o\x1b[0m\n'}
[5.866706] (robot_motion_interface_ros_msgs) StdoutLine: {'line': b'[ 21%] \x1b[32mBuilding C object CMakeFiles/robot_motion_interface_ros_msgs__rosidl_generator_c.dir/rosidl_generator_c/robot_motion_interface_ros_msgs/msg/detail/object_pose__type_support.c.o\x1b[0m\n'}
[5.866831] (robot_motion_interface_ros_msgs) StdoutLine: {'line': b'[ 22%] \x1b[32mBuilding C object CMakeFiles/robot_motion_interface_ros_msgs__rosidl_generator_c.dir/rosidl_generator_c/robot_motion_interface_ros_msgs/msg/detail/object_pose__description.c.o\x1b[0m\n'}
[5.871239] (robot_motion_interface_ros_msgs) StdoutLine: {'line': b'[ 24%] \x1b[32mBuilding C object CMakeFiles/robot_motion_interface_ros_msgs__rosidl_generator_c.dir/rosidl_generator_c/robot_motion_interface_ros_msgs/action/detail/home__functions.c.o\x1b[0m\n'}
[5.871652] (robot_motion_interface_ros_msgs) StdoutLine: {'line': b'[ 25%] \x1b[32mBuilding C object CMakeFiles/robot_motion_interface_ros_msgs__rosidl_generator_c.dir/rosidl_generator_c/robot_motion_interface_ros_msgs/msg/detail/object_pose__functions.c.o\x1b[0m\n'}
[5.911199] (-) TimerEvent: {}
[6.011400] (-) TimerEvent: {}
[6.016842] (robot_motion_interface_ros_msgs) StdoutLine: {'line': b'[ 26%] \x1b[32m\x1b[1mLinking C shared library librobot_motion_interface_ros_msgs__rosidl_generator_c.so\x1b[0m\n'}
[6.058100] (robot_motion_interface_ros_msgs) StdoutLine: {'line': b'[ 26%] Built target robot_motion_interface_ros_msgs__rosidl_generator_c\n'}
[6.080936] (robot_motion_interface_ros_msgs) StdoutLine: {'line': b'[ 28%] \x1b[34m\x1b[1mGenerating C type support dispatch for ROS interfaces\x1b[0m\n'}
[6.082199] (robot_motion_interface_ros_msgs) StdoutLine: {'line': b'[ 29%] \x1b[34m\x1b[1mGenerating C type support for eProsima Fast-RTPS\x1b[0m\n'}
[6.083156] (robot_motion_interface_ros_msgs) StdoutLine: {'line': b'[ 30%] \x1b[34m\x1b[1mGenerating C introspection for ROS interfaces\x1b[0m\n'}
[6.083382] (robot_motion_interface_ros_msgs) StdoutLine: {'line': b'[ 32%] \x1b[34m\x1b[1mGenerating C++ type support dispatch for ROS interfaces\x1b[0m\n'}
[6.087407] (robot_motion_interface_ros_msgs) StdoutLine: {'line': b'[ 33%] \x1b[34m\x1b[1mGenerating C++ type support for eProsima Fast-RTPS\x1b[0m\n'}
[6.093013] (robot_motion_interface_ros_msgs) StdoutLine: {'line': b'[ 34%] \x1b[34m\x1b[1mGenerating C++ introspection for ROS interfaces\x1b[0m\n'}
[6.111582] (-) TimerEvent: {}
[6.211996] (-) TimerEvent: {}
[6.312210] (-) TimerEvent: {}
[6.412417] (-) TimerEvent: {}
[6.470029] (robot_motion_interface_ros_msgs) StdoutLine: {'line': b'[ 36%] \x1b[32mBuilding CXX object CMakeFiles/robot_motion_interface_ros_msgs__rosidl_typesupport_cpp.dir/rosidl_typesupport_cpp/robot_motion_interface_ros_msgs/action/home__type_support.cpp.o\x1b[0m\n'}
[6.471167] (robot_motion_interface_ros_msgs) StdoutLine: {'line': b'[ 37%] \x1b[32mBuilding CXX object CMakeFiles/robot_motion_interface_ros_msgs__rosidl_typesupport_cpp.dir/rosidl_typesupport_cpp/robot_motion_interface_ros_msgs/msg/object_pose__type_support.cpp.o\x1b[0m\n'}
[6.472734] (robot_motion_interface_ros_msgs) StdoutLine: {'line': b'[ 38%] \x1b[32mBuilding CXX object CMakeFiles/robot_motion_interface_ros_msgs__rosidl_typesupport_cpp.dir/rosidl_typesupport_cpp/robot_motion_interface_ros_msgs/action/set_joint_positions__type_support.cpp.o\x1b[0m\n'}
[6.474357] (robot_motion_interface_ros_msgs) StdoutLine: {'line': b'[ 41%] \x1b[32mBuilding CXX object CMakeFiles/robot_motion_interface_ros_msgs__rosidl_typesupport_cpp.dir/rosidl_typesupport_cpp/robot_motion_interface_ros_msgs/msg/object_poses__type_support.cpp.o\x1b[0m\n'}
[6.474489] (robot_motion_interface_ros_msgs) StdoutLine: {'line': b'[ 41%] \x1b[32mBuilding CXX object CMakeFiles/robot_motion_interface_ros_msgs__rosidl_typesupport_cpp.dir/rosidl_typesupport_cpp/robot_motion_interface_ros_msgs/action/set_cartesian_pose__type_support.cpp.o\x1b[0m\n'}
[6.476282] (robot_motion_interface_ros_msgs) StdoutLine: {'line': b'[ 42%] \x1b[32mBuilding CXX object CMakeFiles/robot_motion_interface_ros_msgs__rosidl_typesupport_c.dir/rosidl_typesupport_c/robot_motion_interface_ros_msgs/msg/object_pose__type_support.cpp.o\x1b[0m\n'}
[6.476527] (robot_motion_interface_ros_msgs) StdoutLine: {'line': b'[ 44%] \x1b[32mBuilding CXX object CMakeFiles/robot_motion_interface_ros_msgs__rosidl_typesupport_c.dir/rosidl_typesupport_c/robot_motion_interface_ros_msgs/action/home__type_support.cpp.o\x1b[0m\n'}
[6.478135] (robot_motion_interface_ros_msgs) StdoutLine: {'line': b'[ 45%] \x1b[32mBuilding CXX object CMakeFiles/robot_motion_interface_ros_msgs__rosidl_typesupport_c.dir/rosidl_typesupport_c/robot_motion_interface_ros_msgs/action/set_joint_positions__type_support.cpp.o\x1b[0m\n'}
[6.480485] (robot_motion_interface_ros_msgs) StdoutLine: {'line': b'[ 48%] \x1b[32mBuilding CXX object CMakeFiles/robot_motion_interface_ros_msgs__rosidl_typesupport_c.dir/rosidl_typesupport_c/robot_motion_interface_ros_msgs/msg/object_poses__type_support.cpp.o\x1b[0m\n'}
[6.480672] (robot_motion_interface_ros_msgs) StdoutLine: {'line': b'[ 48%] \x1b[32mBuilding CXX object CMakeFiles/robot_motion_interface_ros_msgs__rosidl_typesupport_c.dir/rosidl_typesupport_c/robot_motion_interface_ros_msgs/action/set_cartesian_pose__type_support.cpp.o\x1b[0m\n'}
[6.512504] (-) TimerEvent: {}
[6.554984] (robot_motion_interface_ros_msgs) StdoutLine: {'line': b'[ 49%] \x1b[32m\x1b[1mLinking CXX shared library librobot_motion_interface_ros_msgs__rosidl_typesupport_c.so\x1b[0m\n'}
[6.602127] (robot_motion_interface_ros_msgs) StdoutLine: {'line': b'[ 49%] Built target robot_motion_interface_ros_msgs__rosidl_typesupport_c\n'}
[6.612595] (-) TimerEvent: {}
[6.627446] (robot_motion_interface_ros_msgs) StdoutLine: {'line': b'[ 53%] \x1b[32mBuilding CXX object CMakeFiles/robot_motion_interface_ros_msgs__rosidl_typesupport_introspection_cpp.dir/rosidl_typesupport_introspection_cpp/robot_motion_interface_ros_msgs/msg/detail/object_poses__type_support.cpp.o\x1b[0m\n'}
[6.627673] (robot_motion_interface_ros_msgs) StdoutLine: {'line': b'[ 53%] \x1b[32mBuilding CXX object CMakeFiles/robot_motion_interface_ros_msgs__rosidl_typesupport_introspection_cpp.dir/rosidl_typesupport_introspection_cpp/robot_motion_interface_ros_msgs/msg/detail/object_pose__type_support.cpp.o\x1b[0m\n'}
[6.627757] (robot_motion_interface_ros_msgs) StdoutLine: {'line': b'[ 53%] \x1b[32mBuilding CXX object CMakeFiles/robot_motion_interface_ros_msgs__rosidl_typesupport_introspection_cpp.dir/rosidl_typesupport_introspection_cpp/robot_motion_interface_ros_msgs/action/detail/set_cartesian_pose__type_support.cpp.o\x1b[0m\n'}
[6.627829] (robot_motion_interface_ros_msgs) StdoutLine: {'line': b'[ 54%] \x1b[32mBuilding CXX object CMakeFiles/robot_motion_interface_ros_msgs__rosidl_typesupport_introspection_cpp.dir/rosidl_typesupport_introspection_cpp/robot_motion_interface_ros_msgs/action/detail/set_joint_positions__type_support.cpp.o\x1b[0m\n'}
[6.628386] (robot_motion_interface_ros_msgs) StdoutLine: {'line': b'[ 56%] \x1b[32mBuilding CXX object CMakeFiles/robot_motion_interface_ros_msgs__rosidl_typesupport_introspection_cpp.dir/rosidl_typesupport_introspection_cpp/robot_motion_interface_ros_msgs/action/detail/home__type_support.cpp.o\x1b[0m\n'}
[6.712674] (-) TimerEvent: {}
[6.809333] (robot_motion_interface_ros_msgs) StdoutLine: {'line': b'[ 57%] \x1b[32mBuilding C object CMakeFiles/robot_motion_interface_ros_msgs__rosidl_typesupport_introspection_c.dir/rosidl_typesupport_introspection_c/robot_motion_interface_ros_msgs/action/detail/set_cartesian_pose__type_support.c.o\x1b[0m\n'}
[6.810402] (robot_motion_interface_ros_msgs) StdoutLine: {'line': b'[ 58%] \x1b[32mBuilding C object CMakeFiles/robot_motion_interface_ros_msgs__rosidl_typesupport_introspection_c.dir/rosidl_typesupport_introspection_c/robot_motion_interface_ros_msgs/msg/detail/object_pose__type_support.c.o\x1b[0m\n'}
[6.811076] (robot_motion_interface_ros_msgs) StdoutLine: {'line': b'[ 60%] \x1b[32mBuilding C object CMakeFiles/robot_motion_interface_ros_msgs__rosidl_typesupport_introspection_c.dir/rosidl_typesupport_introspection_c/robot_motion_interface_ros_msgs/action/detail/home__type_support.c.o\x1b[0m\n'}
[6.812509] (robot_motion_interface_ros_msgs) StdoutLine: {'line': b'[ 61%] \x1b[32mBuilding C object CMakeFiles/robot_motion_interface_ros_msgs__rosidl_typesupport_introspection_c.dir/rosidl_typesupport_introspection_c/robot_motion_interface_ros_msgs/msg/detail/object_poses__type_support.c.o\x1b[0m\n'}
[6.812669] (-) TimerEvent: {}
[6.813785] (robot_motion_interface_ros_msgs) StdoutLine: {'line': b'[ 62%] \x1b[32mBuilding C object CMakeFiles/robot_motion_interface_ros_msgs__rosidl_typesupport_introspection_c.dir/rosidl_typesupport_introspection_c/robot_motion_interface_ros_msgs/action/detail/set_joint_positions__type_support.c.o\x1b[0m\n'}
[6.899407] (robot_motion_interface_ros_msgs) StdoutLine: {'line': b'[ 64%] \x1b[32m\x1b[1mLinking C shared library librobot_motion_interface_ros_msgs__rosidl_typesupport_introspection_c.so\x1b[0m\n'}
[6.912766] (-) TimerEvent: {}
[6.937834] (robot_motion_interface_ros_msgs) StdoutLine: {'line': b'[ 64%] Built target robot_motion_interface_ros_msgs__rosidl_typesupport_introspection_c\n'}
[6.941647] (robot_motion_interface_ros_msgs) StdoutLine: {'line': b'[ 66%] \x1b[32mBuilding CXX object CMakeFiles/robot_motion_interface_ros_msgs__rosidl_typesupport_fastrtps_cpp.dir/rosidl_typesupport_fastrtps_cpp/robot_motion_interface_ros_msgs/action/detail/dds_fastrtps/set_joint_positions__type_support.cpp.o\x1b[0m\n'}
[6.941863] (robot_motion_interface_ros_msgs) StdoutLine: {'line': b'[ 66%] \x1b[32mBuilding CXX object CMakeFiles/robot_motion_interface_ros_msgs__rosidl_typesupport_fastrtps_cpp.dir/rosidl_typesupport_fastrtps_cpp/robot_motion_interface_ros_msgs/msg/detail/dds_fastrtps/object_pose__type_support.cpp.o\x1b[0m\n'}
[6.941984] (robot_motion_interface_ros_msgs) StdoutLine: {'line': b'[ 68%] \x1b[32mBuilding CXX object CMakeFiles/robot_motion_interface_ros_msgs__rosidl_typesupport_fastrtps_cpp.dir/rosidl_typesupport_fastrtps_cpp/robot_motion_interface_ros_msgs/msg/detail/dds_fastrtps/object_poses__type_support.cpp.o\x1b[0m\n'}
[6.942091] (robot_motion_interface_ros_msgs) StdoutLine: {'line': b'[ 69%] \x1b[32mBuilding CXX object CMakeFiles/robot_motion_interface_ros_msgs__rosidl_typesupport_fastrtps_cpp.dir/rosidl_typesupport_fastrtps_cpp/robot_motion_interface_ros_msgs/action/detail/dds_fastrtps/set_cartesian_pose__type_support.cpp.o\x1b[0m\n'}
[6.943485] (robot_motion_interface_ros_msgs) StdoutLine: {'line': b'[ 70%] \x1b[32mBuilding CXX object CMakeFiles/robot_motion_interface_ros_msgs__rosidl_typesupport_fastrtps_cpp.dir/rosidl_typesupport_fastrtps_cpp/robot_motion_interface_ros_msgs/action/detail/dds_fastrtps/home__type_support.cpp.o\x1b[0m\n'}
[7.013401] (-) TimerEvent: {}
[7.047717] (robot_motion_interface_ros_msgs) StdoutLine: {'line': b'[ 73%] \x1b[32mBuilding CXX object CMakeFiles/robot_motion_interface_ros_msgs__rosidl_typesupport_fastrtps_c.dir/rosidl_typesupport_fastrtps_c/robot_motion_interface_ros_msgs/action/detail/set_cartesian_pose__type_support_c.cpp.o\x1b[0m\n'}
[7.047886] (robot_motion_interface_ros_msgs) StdoutLine: {'line': b'[ 73%] \x1b[32mBuilding CXX object CMakeFiles/robot_motion_interface_ros_msgs__rosidl_typesupport_fastrtps_c.dir/rosidl_typesupport_fastrtps_c/robot_motion_interface_ros_msgs/msg/detail/object_pose__type_support_c.cpp.o\x1b[0m\n'}
[7.048158] (robot_motion_interface_ros_msgs) StdoutLine: {'line': b'[ 74%] \x1b[32mBuilding CXX object CMakeFiles/robot_motion_interface_ros_msgs__rosidl_typesupport_fastrtps_c.dir/rosidl_typesupport_fastrtps_c/robot_motion_interface_ros_msgs/msg/detail/object_poses__type_support_c.cpp.o\x1b[0m\n'}
[7.050732] (robot_motion_interface_ros_msgs) StdoutLine: {'line': b'[ 76%] \x1b[32mBuilding CXX object CMakeFiles/robot_motion_interface_ros_msgs__rosidl_typesupport_fastrtps_c.dir/rosidl_typesupport_fastrtps_c/robot_motion_interface_ros_msgs/action/detail/home__type_support_c.cpp.o\x1b[0m\n'}
[7.053715] (robot_motion_interface_ros_msgs) StdoutLine: {'line': b'[ 77%] \x1b[32mBuilding CXX object CMakeFiles/robot_motion_interface_ros_msgs__rosidl_typesupport_fastrtps_c.dir/rosidl_typesupport_fastrtps_c/robot_motion_interface_ros_msgs/action/detail/set_joint_positions__type_support_c.cpp.o\x1b[0m\n'}
[7.113503] (-) TimerEvent: {}
[7.213900] (-) TimerEvent: {}
[7.314211] (-) TimerEvent: {}
[7.414479] (-) TimerEvent: {}
[7.453667] (robot_motion_interface_ros_msgs) StdoutLine: {'line': b'[ 78%] \x1b[32m\x1b[1mLinking CXX shared library librobot_motion_interface_ros_msgs__rosidl_typesupport_cpp.so\x1b[0m\n'}
[7.514580] (-) TimerEvent: {}
[7.524548] (robot_motion_interface_ros_msgs) StdoutLine: {'line': b'[ 78%] Built target robot_motion_interface_ros_msgs__rosidl_typesupport_cpp\n'}
[7.614735] (-) TimerEvent: {}
[7.627012] (robot_motion_interface_ros_msgs) StdoutLine: {'line': b'[ 80%] \x1b[32m\x1b[1mLinking CXX shared library librobot_motion_interface_ros_msgs__rosidl_typesupport_introspection_cpp.so\x1b[0m\n'}
[7.640824] (robot_motion_interface_ros_msgs) StdoutLine: {'line': b'[ 81%] \x1b[32m\x1b[1mLinking CXX shared library librobot_motion_interface_ros_msgs__rosidl_typesupport_fastrtps_c.so\x1b[0m\n'}
[7.698581] (robot_motion_interface_ros_msgs) StdoutLine: {'line': b'[ 81%] Built target robot_motion_interface_ros_msgs__rosidl_typesupport_fastrtps_c\n'}
[7.699347] (robot_motion_interface_ros_msgs) StdoutLine: {'line': b'[ 81%] Built target robot_motion_interface_ros_msgs__rosidl_typesupport_introspection_cpp\n'}
[7.714823] (-) TimerEvent: {}
[7.776231] (robot_motion_interface_ros_msgs) StdoutLine: {'line': b'[ 82%] \x1b[32m\x1b[1mLinking CXX shared library librobot_motion_interface_ros_msgs__rosidl_typesupport_fastrtps_cpp.so\x1b[0m\n'}
[7.814926] (-) TimerEvent: {}
[7.857191] (robot_motion_interface_ros_msgs) StdoutLine: {'line': b'[ 82%] Built target robot_motion_interface_ros_msgs__rosidl_typesupport_fastrtps_cpp\n'}
[7.885764] (robot_motion_interface_ros_msgs) StdoutLine: {'line': b'[ 82%] Built target robot_motion_interface_ros_msgs\n'}
[7.915139] (-) TimerEvent: {}
[7.922468] (robot_motion_interface_ros_msgs) StdoutLine: {'line': b'[ 84%] \x1b[34m\x1b[1mGenerating Python code for ROS interfaces\x1b[0m\n'}
[8.015255] (-) TimerEvent: {}
[8.115535] (-) TimerEvent: {}
[8.215791] (-) TimerEvent: {}
[8.316024] (-) TimerEvent: {}
[8.416249] (-) TimerEvent: {}
[8.516485] (-) TimerEvent: {}
[8.616698] (-) TimerEvent: {}
[8.716893] (-) TimerEvent: {}
[8.817112] (-) TimerEvent: {}
[8.917290] (-) TimerEvent: {}
[8.979537] (robot_motion_interface_ros_msgs) StdoutLine: {'line': b'[ 84%] Built target robot_motion_interface_ros_msgs__py\n'}
[8.998749] (robot_motion_interface_ros_msgs) StdoutLine: {'line': b'[ 85%] \x1b[32mBuilding C object CMakeFiles/robot_motion_interface_ros_msgs__rosidl_generator_py.dir/rosidl_generator_py/robot_motion_interface_ros_msgs/msg/_object_poses_s.c.o\x1b[0m\n'}
[9.001206] (robot_motion_interface_ros_msgs) StdoutLine: {'line': b'[ 86%] \x1b[32mBuilding C object CMakeFiles/robot_motion_interface_ros_msgs__rosidl_generator_py.dir/rosidl_generator_py/robot_motion_interface_ros_msgs/action/_set_cartesian_pose_s.c.o\x1b[0m\n'}
[9.001503] (robot_motion_interface_ros_msgs) StdoutLine: {'line': b'[ 88%] \x1b[32mBuilding C object CMakeFiles/robot_motion_interface_ros_msgs__rosidl_generator_py.dir/rosidl_generator_py/robot_motion_interface_ros_msgs/action/_home_s.c.o\x1b[0m\n'}
[9.001706] (robot_motion_interface_ros_msgs) StdoutLine: {'line': b'[ 89%] \x1b[32mBuilding C object CMakeFiles/robot_motion_interface_ros_msgs__rosidl_generator_py.dir/rosidl_generator_py/robot_motion_interface_ros_msgs/action/_set_joint_positions_s.c.o\x1b[0m\n'}
[9.003832] (robot_motion_interface_ros_msgs) StdoutLine: {'line': b'[ 90%] \x1b[32mBuilding C object CMakeFiles/robot_motion_interface_ros_msgs__rosidl_generator_py.dir/rosidl_generator_py/robot_motion_interface_ros_msgs/msg/_object_pose_s.c.o\x1b[0m\n'}
[9.017488] (-) TimerEvent: {}
[9.118043] (-) TimerEvent: {}
[9.153530] (robot_motion_interface_ros_msgs) StdoutLine: {'line': b'[ 92%] \x1b[32m\x1b[1mLinking C shared library librobot_motion_interface_ros_msgs__rosidl_generator_py.so\x1b[0m\n'}
[9.193361] (robot_motion_interface_ros_msgs) StdoutLine: {'line': b'[ 92%] Built target robot_motion_interface_ros_msgs__rosidl_generator_py\n'}
[9.212781] (robot_motion_interface_ros_msgs) StdoutLine: {'line': b'[ 93%] \x1b[32mBuilding C object CMakeFiles/robot_motion_interface_ros_msgs_s__rosidl_typesupport_c.dir/rosidl_generator_py/robot_motion_interface_ros_msgs/_robot_motion_interface_ros_msgs_s.ep.rosidl_typesupport_c.c.o\x1b[0m\n'}
[9.215794] (robot_motion_interface_ros_msgs) StdoutLine: {'line': b'[ 94%] \x1b[32mBuilding C object CMakeFiles/robot_motion_interface_ros_msgs_s__rosidl_typesupport_introspection_c.dir/rosidl_generator_py/robot_motion_interface_ros_msgs/_robot_motion_interface_ros_msgs_s.ep.rosidl_typesupport_introspection_c.c.o\x1b[0m\n'}
[9.218011] (robot_motion_interface_ros_msgs) StdoutLine: {'line': b'[ 96%] \x1b[32mBuilding C object CMakeFiles/robot_motion_interface_ros_msgs_s__rosidl_typesupport_fastrtps_c.dir/rosidl_generator_py/robot_motion_interface_ros_msgs/_robot_motion_interface_ros_msgs_s.ep.rosidl_typesupport_fastrtps_c.c.o\x1b[0m\n'}
[9.218136] (-) TimerEvent: {}
[9.318343] (-) TimerEvent: {}
[9.345637] (robot_motion_interface_ros_msgs) StdoutLine: {'line': b'[ 97%] \x1b[32m\x1b[1mLinking C shared module rosidl_generator_py/robot_motion_interface_ros_msgs/robot_motion_interface_ros_msgs_s__rosidl_typesupport_c.so\x1b[0m\n'}
[9.350053] (robot_motion_interface_ros_msgs) StdoutLine: {'line': b'[ 98%] \x1b[32m\x1b[1mLinking C shared module rosidl_generator_py/robot_motion_interface_ros_msgs/robot_motion_interface_ros_msgs_s__rosidl_typesupport_introspection_c.so\x1b[0m\n'}
[9.357421] (robot_motion_interface_ros_msgs) StdoutLine: {'line': b'[100%] \x1b[32m\x1b[1mLinking C shared module rosidl_generator_py/robot_motion_interface_ros_msgs/robot_motion_interface_ros_msgs_s__rosidl_typesupport_fastrtps_c.so\x1b[0m\n'}
[9.368190] (robot_motion_interface_ros_msgs) StdoutLine: {'line': b'[100%] Built target robot_motion_interface_ros_msgs_s__rosidl_typesupport_c\n'}
[9.375164] (robot_motion_interface_ros_msgs) StdoutLine: {'line': b'[100%] Built target robot_motion_interface_ros_msgs_s__rosidl_typesupport_introspection_c\n'}
[9.383118] (robot_motion_interface_ros_msgs) StdoutLine: {'line': b'[100%] Built target robot_motion_interface_ros_msgs_s__rosidl_typesupport_fastrtps_c\n'}
[9.393496] (robot_motion_interface_ros_msgs) CommandEnded: {'returncode': 0}
[9.394025] (robot_motion_interface_ros_msgs) JobProgress: {'identifier': 'robot_motion_interface_ros_msgs', 'progress': 'install'}
[9.399839] (robot_motion_interface_ros_msgs) Command: {'cmd': ['/usr/bin/cmake', '--install', '/workspace/libs/robot_motion_interface/ros/build/robot_motion_interface_ros_msgs'], 'cwd': '/workspace/libs/robot_motion_interface/ros/build/robot_motion_interface_ros_msgs', 'env': OrderedDict({'HOSTNAME': 'pop-os', 'SHLVL': '1', 'LD_LIBRARY_PATH': '/opt/ros/jazzy/opt/rviz_ogre_vendor/lib:/opt/ros/jazzy/lib/x86_64-linux-gnu:/opt/ros/jazzy/opt/gz_math_vendor/lib:/opt/ros/jazzy/opt/gz_utils_vendor/lib:/opt/ros/jazzy/opt/gz_cmake_vendor/lib:/opt/ros/jazzy/lib:/opt/openrobots/lib:', 'HOME': '/root', 'OLDPWD': '/workspace', 'ROS_PYTHON_VERSION': '3', 'ROS_STATIC_PEERS': '192.168.4.9', 'ROS_DISTRO': 'jazzy', '_': '/usr/bin/colcon', 'ROS_VERSION': '2', 'PKG_CONFIG_PATH': '/opt/openrobots/lib/pkgconfig:', 'PIP_BREAK_SYSTEM_PACKAGES': '1', 'TERM': 'xterm', 'PATH': '/opt/ros/jazzy/bin:/root/.cargo/bin:/opt/openrobots/bin:/usr/local/sbin:/usr/local/bin:/usr/sbin:/usr/bin:/sbin:/bin', 'DISPLAY': ':1', 'LANG': 'C.UTF-8', 'RMW_IMPLEMENTATION': 'rmw_fastrtps_cpp', 'AMENT_PREFIX_PATH': '/opt/ros/jazzy', 'DEBIAN_FRONTEND': 'noninteractive', 'ROS_AUTOMATIC_DISCOVERY_RANGE': 'SUBNET', 'PWD': '/workspace/libs/robot_motion_interface/ros/build/robot_motion_interface_ros_msgs', 'LC_ALL': 'C.UTF-8', 'PYTHONPATH': '/opt/ros/jazzy/lib/python3.12/site-packages:/opt/openrobots/lib/python3.10/site-packages:', 'COLCON': '1', 'CMAKE_PREFIX_PATH': '/opt/ros/jazzy/opt/gz_math_vendor:/opt/ros/jazzy/opt/gz_utils_vendor:/opt/ros/jazzy/opt/gz_cmake_vendor:/opt/openrobots::/opt/ros/jazzy'}), 'shell': False}
[9.408493] (robot_motion_interface_ros_msgs) StdoutLine: {'line': b'-- Install configuration: ""\n'}
[9.409162] (robot_motion_interface_ros_msgs) StdoutLine: {'line': b'-- Execute custom install script\n'}
[9.409274] (robot_motion_interface_ros_msgs) StdoutLine: {'line': b'-- Up-to-date symlink: /workspace/libs/robot_motion_interface/ros/install/robot_motion_interface_ros_msgs/share/ament_index/resource_index/rosidl_interfaces/robot_motion_interface_ros_msgs\n'}
[9.409404] (robot_motion_interface_ros_msgs) StdoutLine: {'line': b'-- Up-to-date symlink: /workspace/libs/robot_motion_interface/ros/install/robot_motion_interface_ros_msgs/share/robot_motion_interface_ros_msgs/action/SetCartesianPose.json\n'}
[9.409511] (robot_motion_interface_ros_msgs) StdoutLine: {'line': b'-- Up-to-date symlink: /workspace/libs/robot_motion_interface/ros/install/robot_motion_interface_ros_msgs/share/robot_motion_interface_ros_msgs/action/Home.json\n'}
[9.409616] (robot_motion_interface_ros_msgs) StdoutLine: {'line': b'-- Up-to-date symlink: /workspace/libs/robot_motion_interface/ros/install/robot_motion_interface_ros_msgs/share/robot_motion_interface_ros_msgs/action/SetJointPositions.json\n'}
[9.409725] (robot_motion_interface_ros_msgs) StdoutLine: {'line': b'-- Up-to-date symlink: /workspace/libs/robot_motion_interface/ros/install/robot_motion_interface_ros_msgs/share/robot_motion_interface_ros_msgs/msg/ObjectPose.json\n'}
[9.409816] (robot_motion_interface_ros_msgs) StdoutLine: {'line': b'-- Up-to-date symlink: /workspace/libs/robot_motion_interface/ros/install/robot_motion_interface_ros_msgs/share/robot_motion_interface_ros_msgs/msg/ObjectPoses.json\n'}
[9.410349] (robot_motion_interface_ros_msgs) StdoutLine: {'line': b'-- Up-to-date symlink: /workspace/libs/robot_motion_interface/ros/install/robot_motion_interface_ros_msgs/include/robot_motion_interface_ros_msgs/robot_motion_interface_ros_msgs/action/detail/home__functions.h\n'}
[9.410414] (robot_motion_interface_ros_msgs) StdoutLine: {'line': b'-- Up-to-date symlink: /workspace/libs/robot_motion_interface/ros/install/robot_motion_interface_ros_msgs/include/robot_motion_interface_ros_msgs/robot_motion_interface_ros_msgs/action/detail/home__struct.h\n'}
[9.410471] (robot_motion_interface_ros_msgs) StdoutLine: {'line': b'-- Up-to-date symlink: /workspace/libs/robot_motion_interface/ros/install/robot_motion_interface_ros_msgs/include/robot_motion_interface_ros_msgs/robot_motion_interface_ros_msgs/action/detail/home__type_support.h\n'}
[9.410527] (robot_motion_interface_ros_msgs) StdoutLine: {'line': b'-- Up-to-date symlink: /workspace/libs/robot_motion_interface/ros/install/robot_motion_interface_ros_msgs/include/robot_motion_interface_ros_msgs/robot_motion_interface_ros_msgs/action/detail/set_cartesian_pose__functions.h\n'}
[9.410582] (robot_motion_interface_ros_msgs) StdoutLine: {'line': b'-- Up-to-date symlink: /workspace/libs/robot_motion_interface/ros/install/robot_motion_interface_ros_msgs/include/robot_motion_interface_ros_msgs/robot_motion_interface_ros_msgs/action/detail/set_cartesian_pose__struct.h\n'}
[9.410648] (robot_motion_interface_ros_msgs) StdoutLine: {'line': b'-- Up-to-date symlink: /workspace/libs/robot_motion_interface/ros/install/robot_motion_interface_ros_msgs/include/robot_motion_interface_ros_msgs/robot_motion_interface_ros_msgs/action/detail/set_cartesian_pose__type_support.h\n'}
[9.410711] (robot_motion_interface_ros_msgs) StdoutLine: {'line': b'-- Up-to-date symlink: /workspace/libs/robot_motion_interface/ros/install/robot_motion_interface_ros_msgs/include/robot_motion_interface_ros_msgs/robot_motion_interface_ros_msgs/action/detail/set_joint_positions__functions.h\n'}
[9.410772] (robot_motion_interface_ros_msgs) StdoutLine: {'line': b'-- Up-to-date symlink: /workspace/libs/robot_motion_interface/ros/install/robot_motion_interface_ros_msgs/include/robot_motion_interface_ros_msgs/robot_motion_interface_ros_msgs/action/detail/set_joint_positions__struct.h\n'}
[9.410829] (robot_motion_interface_ros_msgs) StdoutLine: {'line': b'-- Up-to-date symlink: /workspace/libs/robot_motion_interface/ros/install/robot_motion_interface_ros_msgs/include/robot_motion_interface_ros_msgs/robot_motion_interface_ros_msgs/action/detail/set_joint_positions__type_support.h\n'}
[9.410893] (robot_motion_interface_ros_msgs) StdoutLine: {'line': b'-- Up-to-date symlink: /workspace/libs/robot_motion_interface/ros/install/robot_motion_interface_ros_msgs/include/robot_motion_interface_ros_msgs/robot_motion_interface_ros_msgs/action/home.h\n'}
[9.410955] (robot_motion_interface_ros_msgs) StdoutLine: {'line': b'-- Up-to-date symlink: /workspace/libs/robot_motion_interface/ros/install/robot_motion_interface_ros_msgs/include/robot_motion_interface_ros_msgs/robot_motion_interface_ros_msgs/action/set_cartesian_pose.h\n'}
[9.411016] (robot_motion_interface_ros_msgs) StdoutLine: {'line': b'-- Up-to-date symlink: /workspace/libs/robot_motion_interface/ros/install/robot_motion_interface_ros_msgs/include/robot_motion_interface_ros_msgs/robot_motion_interface_ros_msgs/action/set_joint_positions.h\n'}
[9.411090] (robot_motion_interface_ros_msgs) StdoutLine: {'line': b'-- Up-to-date symlink: /workspace/libs/robot_motion_interface/ros/install/robot_motion_interface_ros_msgs/include/robot_motion_interface_ros_msgs/robot_motion_interface_ros_msgs/msg/detail/object_pose__functions.h\n'}
[9.411150] (robot_motion_interface_ros_msgs) StdoutLine: {'line': b'-- Up-to-date symlink: /workspace/libs/robot_motion_interface/ros/install/robot_motion_interface_ros_msgs/include/robot_motion_interface_ros_msgs/robot_motion_interface_ros_msgs/msg/detail/object_pose__struct.h\n'}
[9.411209] (robot_motion_interface_ros_msgs) StdoutLine: {'line': b'-- Up-to-date symlink: /workspace/libs/robot_motion_interface/ros/install/robot_motion_interface_ros_msgs/include/robot_motion_interface_ros_msgs/robot_motion_interface_ros_msgs/msg/detail/object_pose__type_support.h\n'}
[9.411272] (robot_motion_interface_ros_msgs) StdoutLine: {'line': b'-- Up-to-date symlink: /workspace/libs/robot_motion_interface/ros/install/robot_motion_interface_ros_msgs/include/robot_motion_interface_ros_msgs/robot_motion_interface_ros_msgs/msg/detail/object_poses__functions.h\n'}
[9.411338] (robot_motion_interface_ros_msgs) StdoutLine: {'line': b'-- Up-to-date symlink: /workspace/libs/robot_motion_interface/ros/install/robot_motion_interface_ros_msgs/include/robot_motion_interface_ros_msgs/robot_motion_interface_ros_msgs/msg/detail/object_poses__struct.h\n'}
[9.411402] (robot_motion_interface_ros_msgs) StdoutLine: {'line': b'-- Up-to-date symlink: /workspace/libs/robot_motion_interface/ros/install/robot_motion_interface_ros_msgs/include/robot_motion_interface_ros_msgs/robot_motion_interface_ros_msgs/msg/detail/object_poses__type_support.h\n'}
[9.411464] (robot_motion_interface_ros_msgs) StdoutLine: {'line': b'-- Up-to-date symlink: /workspace/libs/robot_motion_interface/ros/install/robot_motion_interface_ros_msgs/include/robot_motion_interface_ros_msgs/robot_motion_interface_ros_msgs/msg/object_pose.h\n'}
[9.411525] (robot_motion_interface_ros_msgs) StdoutLine: {'line': b'-- Up-to-date symlink: /workspace/libs/robot_motion_interface/ros/install/robot_motion_interface_ros_msgs/include/robot_motion_interface_ros_msgs/robot_motion_interface_ros_msgs/msg/object_poses.h\n'}
[9.411587] (robot_motion_interface_ros_msgs) StdoutLine: {'line': b'-- Up-to-date symlink: /workspace/libs/robot_motion_interface/ros/install/robot_motion_interface_ros_msgs/include/robot_motion_interface_ros_msgs/robot_motion_interface_ros_msgs/msg/rosidl_generator_c__visibility_control.h\n'}
[9.411713] (robot_motion_interface_ros_msgs) StdoutLine: {'line': b'-- Up-to-date symlink: /workspace/libs/robot_motion_interface/ros/install/robot_motion_interface_ros_msgs/share/robot_motion_interface_ros_msgs/environment/library_path.sh\n'}
[9.411812] (robot_motion_interface_ros_msgs) StdoutLine: {'line': b'-- Up-to-date symlink: /workspace/libs/robot_motion_interface/ros/install/robot_motion_interface_ros_msgs/share/robot_motion_interface_ros_msgs/environment/library_path.dsv\n'}
[9.412265] (robot_motion_interface_ros_msgs) StdoutLine: {'line': b'-- Up-to-date symlink: /workspace/libs/robot_motion_interface/ros/install/robot_motion_interface_ros_msgs/include/robot_motion_interface_ros_msgs/robot_motion_interface_ros_msgs/action/detail/home__rosidl_typesupport_fastrtps_c.h\n'}
[9.412339] (robot_motion_interface_ros_msgs) StdoutLine: {'line': b'-- Up-to-date symlink: /workspace/libs/robot_motion_interface/ros/install/robot_motion_interface_ros_msgs/include/robot_motion_interface_ros_msgs/robot_motion_interface_ros_msgs/action/detail/set_cartesian_pose__rosidl_typesupport_fastrtps_c.h\n'}
[9.412385] (robot_motion_interface_ros_msgs) StdoutLine: {'line': b'-- Up-to-date symlink: /workspace/libs/robot_motion_interface/ros/install/robot_motion_interface_ros_msgs/include/robot_motion_interface_ros_msgs/robot_motion_interface_ros_msgs/action/detail/set_joint_positions__rosidl_typesupport_fastrtps_c.h\n'}
[9.412438] (robot_motion_interface_ros_msgs) StdoutLine: {'line': b'-- Up-to-date symlink: /workspace/libs/robot_motion_interface/ros/install/robot_motion_interface_ros_msgs/include/robot_motion_interface_ros_msgs/robot_motion_interface_ros_msgs/msg/detail/object_pose__rosidl_typesupport_fastrtps_c.h\n'}
[9.412486] (robot_motion_interface_ros_msgs) StdoutLine: {'line': b'-- Up-to-date symlink: /workspace/libs/robot_motion_interface/ros/install/robot_motion_interface_ros_msgs/include/robot_motion_interface_ros_msgs/robot_motion_interface_ros_msgs/msg/detail/object_poses__rosidl_typesupport_fastrtps_c.h\n'}
[9.412542] (robot_motion_interface_ros_msgs) StdoutLine: {'line': b'-- Up-to-date symlink: /workspace/libs/robot_motion_interface/ros/install/robot_motion_interface_ros_msgs/include/robot_motion_interface_ros_msgs/robot_motion_interface_ros_msgs/msg/rosidl_typesupport_fastrtps_c__visibility_control.h\n'}
[9.412786] (robot_motion_interface_ros_msgs) StdoutLine: {'line': b'-- Up-to-date symlink: /workspace/libs/robot_motion_interface/ros/install/robot_motion_interface_ros_msgs/include/robot_motion_interface_ros_msgs/robot_motion_interface_ros_msgs/action/detail/home__rosidl_typesupport_introspection_c.h\n'}
[9.412857] (robot_motion_interface_ros_msgs) StdoutLine: {'line': b'-- Up-to-date symlink: /workspace/libs/robot_motion_interface/ros/install/robot_motion_interface_ros_msgs/include/robot_motion_interface_ros_msgs/robot_motion_interface_ros_msgs/action/detail/set_cartesian_pose__rosidl_typesupport_introspection_c.h\n'}
[9.412924] (robot_motion_interface_ros_msgs) StdoutLine: {'line': b'-- Up-to-date symlink: /workspace/libs/robot_motion_interface/ros/install/robot_motion_interface_ros_msgs/include/robot_motion_interface_ros_msgs/robot_motion_interface_ros_msgs/action/detail/set_joint_positions__rosidl_typesupport_introspection_c.h\n'}
[9.412989] (robot_motion_interface_ros_msgs) StdoutLine: {'line': b'-- Up-to-date symlink: /workspace/libs/robot_motion_interface/ros/install/robot_motion_interface_ros_msgs/include/robot_motion_interface_ros_msgs/robot_motion_interface_ros_msgs/msg/detail/object_pose__rosidl_typesupport_introspection_c.h\n'}
[9.413052] (robot_motion_interface_ros_msgs) StdoutLine: {'line': b'-- Up-to-date symlink: /workspace/libs/robot_motion_interface/ros/install/robot_motion_interface_ros_msgs/include/robot_motion_interface_ros_msgs/robot_motion_interface_ros_msgs/msg/detail/object_poses__rosidl_typesupport_introspection_c.h\n'}
[9.413114] (robot_motion_interface_ros_msgs) StdoutLine: {'line': b'-- Up-to-date symlink: /workspace/libs/robot_motion_interface/ros/install/robot_motion_interface_ros_msgs/include/robot_motion_interface_ros_msgs/robot_motion_interface_ros_msgs/msg/rosidl_typesupport_introspection_c__visibility_control.h\n'}
[9.413574] (robot_motion_interface_ros_msgs) StdoutLine: {'line': b'-- Up-to-date symlink: /workspace/libs/robot_motion_interface/ros/install/robot_motion_interface_ros_msgs/include/robot_motion_interface_ros_msgs/robot_motion_interface_ros_msgs/action/detail/home__builder.hpp\n'}
[9.413644] (robot_motion_interface_ros_msgs) StdoutLine: {'line': b'-- Up-to-date symlink: /workspace/libs/robot_motion_interface/ros/install/robot_motion_interface_ros_msgs/include/robot_motion_interface_ros_msgs/robot_motion_interface_ros_msgs/action/detail/home__struct.hpp\n'}
[9.413701] (robot_motion_interface_ros_msgs) StdoutLine: {'line': b'-- Up-to-date symlink: /workspace/libs/robot_motion_interface/ros/install/robot_motion_interface_ros_msgs/include/robot_motion_interface_ros_msgs/robot_motion_interface_ros_msgs/action/detail/home__traits.hpp\n'}
[9.413802] (robot_motion_interface_ros_msgs) StdoutLine: {'line': b'-- Up-to-date symlink: /workspace/libs/robot_motion_interface/ros/install/robot_motion_interface_ros_msgs/include/robot_motion_interface_ros_msgs/robot_motion_interface_ros_msgs/action/detail/home__type_support.hpp\n'}
[9.414007] (robot_motion_interface_ros_msgs) StdoutLine: {'line': b'-- Up-to-date symlink: /workspace/libs/robot_motion_interface/ros/install/robot_motion_interface_ros_msgs/include/robot_motion_interface_ros_msgs/robot_motion_interface_ros_msgs/action/detail/set_cartesian_pose__builder.hpp\n'}
[9.414256] (robot_motion_interface_ros_msgs) StdoutLine: {'line': b'-- Up-to-date symlink: /workspace/libs/robot_motion_interface/ros/install/robot_motion_interface_ros_msgs/include/robot_motion_interface_ros_msgs/robot_motion_interface_ros_msgs/action/detail/set_cartesian_pose__struct.hpp\n'}
[9.414412] (robot_motion_interface_ros_msgs) StdoutLine: {'line': b'-- Up-to-date symlink: /workspace/libs/robot_motion_interface/ros/install/robot_motion_interface_ros_msgs/include/robot_motion_interface_ros_msgs/robot_motion_interface_ros_msgs/action/detail/set_cartesian_pose__traits.hpp\n'}
[9.414565] (robot_motion_interface_ros_msgs) StdoutLine: {'line': b'-- Up-to-date symlink: /workspace/libs/robot_motion_interface/ros/install/robot_motion_interface_ros_msgs/include/robot_motion_interface_ros_msgs/robot_motion_interface_ros_msgs/action/detail/set_cartesian_pose__type_support.hpp\n'}
[9.414701] (robot_motion_interface_ros_msgs) StdoutLine: {'line': b'-- Up-to-date symlink: /workspace/libs/robot_motion_interface/ros/install/robot_motion_interface_ros_msgs/include/robot_motion_interface_ros_msgs/robot_motion_interface_ros_msgs/action/detail/set_joint_positions__builder.hpp\n'}
[9.414820] (robot_motion_interface_ros_msgs) StdoutLine: {'line': b'-- Up-to-date symlink: /workspace/libs/robot_motion_interface/ros/install/robot_motion_interface_ros_msgs/include/robot_motion_interface_ros_msgs/robot_motion_interface_ros_msgs/action/detail/set_joint_positions__struct.hpp\n'}
[9.414941] (robot_motion_interface_ros_msgs) StdoutLine: {'line': b'-- Up-to-date symlink: /workspace/libs/robot_motion_interface/ros/install/robot_motion_interface_ros_msgs/include/robot_motion_interface_ros_msgs/robot_motion_interface_ros_msgs/action/detail/set_joint_positions__traits.hpp\n'}
[9.415069] (robot_motion_interface_ros_msgs) StdoutLine: {'line': b'-- Up-to-date symlink: /workspace/libs/robot_motion_interface/ros/install/robot_motion_interface_ros_msgs/include/robot_motion_interface_ros_msgs/robot_motion_interface_ros_msgs/action/detail/set_joint_positions__type_support.hpp\n'}
[9.415224] (robot_motion_interface_ros_msgs) StdoutLine: {'line': b'-- Up-to-date symlink: /workspace/libs/robot_motion_interface/ros/install/robot_motion_interface_ros_msgs/include/robot_motion_interface_ros_msgs/robot_motion_interface_ros_msgs/action/home.hpp\n'}
[9.415360] (robot_motion_interface_ros_msgs) StdoutLine: {'line': b'-- Up-to-date symlink: /workspace/libs/robot_motion_interface/ros/install/robot_motion_interface_ros_msgs/include/robot_motion_interface_ros_msgs/robot_motion_interface_ros_msgs/action/set_cartesian_pose.hpp\n'}
[9.415592] (robot_motion_interface_ros_msgs) StdoutLine: {'line': b'-- Up-to-date symlink: /workspace/libs/robot_motion_interface/ros/install/robot_motion_interface_ros_msgs/include/robot_motion_interface_ros_msgs/robot_motion_interface_ros_msgs/action/set_joint_positions.hpp\n'}
[9.415937] (robot_motion_interface_ros_msgs) StdoutLine: {'line': b'-- Up-to-date symlink: /workspace/libs/robot_motion_interface/ros/install/robot_motion_interface_ros_msgs/include/robot_motion_interface_ros_msgs/robot_motion_interface_ros_msgs/msg/detail/object_pose__builder.hpp\n'}
[9.416100] (robot_motion_interface_ros_msgs) StdoutLine: {'line': b'-- Up-to-date symlink: /workspace/libs/robot_motion_interface/ros/install/robot_motion_interface_ros_msgs/include/robot_motion_interface_ros_msgs/robot_motion_interface_ros_msgs/msg/detail/object_pose__struct.hpp\n'}
[9.416211] (robot_motion_interface_ros_msgs) StdoutLine: {'line': b'-- Up-to-date symlink: /workspace/libs/robot_motion_interface/ros/install/robot_motion_interface_ros_msgs/include/robot_motion_interface_ros_msgs/robot_motion_interface_ros_msgs/msg/detail/object_pose__traits.hpp\n'}
[9.416315] (robot_motion_interface_ros_msgs) StdoutLine: {'line': b'-- Up-to-date symlink: /workspace/libs/robot_motion_interface/ros/install/robot_motion_interface_ros_msgs/include/robot_motion_interface_ros_msgs/robot_motion_interface_ros_msgs/msg/detail/object_pose__type_support.hpp\n'}
[9.416453] (robot_motion_interface_ros_msgs) StdoutLine: {'line': b'-- Up-to-date symlink: /workspace/libs/robot_motion_interface/ros/install/robot_motion_interface_ros_msgs/include/robot_motion_interface_ros_msgs/robot_motion_interface_ros_msgs/msg/detail/object_poses__builder.hpp\n'}
[9.416509] (robot_motion_interface_ros_msgs) StdoutLine: {'line': b'-- Up-to-date symlink: /workspace/libs/robot_motion_interface/ros/install/robot_motion_interface_ros_msgs/include/robot_motion_interface_ros_msgs/robot_motion_interface_ros_msgs/msg/detail/object_poses__struct.hpp\n'}
[9.416547] (robot_motion_interface_ros_msgs) StdoutLine: {'line': b'-- Up-to-date symlink: /workspace/libs/robot_motion_interface/ros/install/robot_motion_interface_ros_msgs/include/robot_motion_interface_ros_msgs/robot_motion_interface_ros_msgs/msg/detail/object_poses__traits.hpp\n'}
[9.416584] (robot_motion_interface_ros_msgs) StdoutLine: {'line': b'-- Up-to-date symlink: /workspace/libs/robot_motion_interface/ros/install/robot_motion_interface_ros_msgs/include/robot_motion_interface_ros_msgs/robot_motion_interface_ros_msgs/msg/detail/object_poses__type_support.hpp\n'}
[9.416622] (robot_motion_interface_ros_msgs) StdoutLine: {'line': b'-- Up-to-date symlink: /workspace/libs/robot_motion_interface/ros/install/robot_motion_interface_ros_msgs/include/robot_motion_interface_ros_msgs/robot_motion_interface_ros_msgs/msg/object_pose.hpp\n'}
[9.416663] (robot_motion_interface_ros_msgs) StdoutLine: {'line': b'-- Up-to-date symlink: /workspace/libs/robot_motion_interface/ros/install/robot_motion_interface_ros_msgs/include/robot_motion_interface_ros_msgs/robot_motion_interface_ros_msgs/msg/object_poses.hpp\n'}
[9.416699] (robot_motion_interface_ros_msgs) StdoutLine: {'line': b'-- Up-to-date symlink: /workspace/libs/robot_motion_interface/ros/install/robot_motion_interface_ros_msgs/include/robot_motion_interface_ros_msgs/robot_motion_interface_ros_msgs/msg/rosidl_generator_cpp__visibility_control.hpp\n'}
[9.416734] (robot_motion_interface_ros_msgs) StdoutLine: {'line': b'-- Up-to-date symlink: /workspace/libs/robot_motion_interface/ros/install/robot_motion_interface_ros_msgs/include/robot_motion_interface_ros_msgs/robot_motion_interface_ros_msgs/action/detail/home__rosidl_typesupport_fastrtps_cpp.hpp\n'}
[9.416770] (robot_motion_interface_ros_msgs) StdoutLine: {'line': b'-- Up-to-date symlink: /workspace/libs/robot_motion_interface/ros/install/robot_motion_interface_ros_msgs/include/robot_motion_interface_ros_msgs/robot_motion_interface_ros_msgs/action/detail/set_cartesian_pose__rosidl_typesupport_fastrtps_cpp.hpp\n'}
[9.416819] (robot_motion_interface_ros_msgs) StdoutLine: {'line': b'-- Up-to-date symlink: /workspace/libs/robot_motion_interface/ros/install/robot_motion_interface_ros_msgs/include/robot_motion_interface_ros_msgs/robot_motion_interface_ros_msgs/action/detail/set_joint_positions__rosidl_typesupport_fastrtps_cpp.hpp\n'}
[9.416875] (robot_motion_interface_ros_msgs) StdoutLine: {'line': b'-- Up-to-date symlink: /workspace/libs/robot_motion_interface/ros/install/robot_motion_interface_ros_msgs/include/robot_motion_interface_ros_msgs/robot_motion_interface_ros_msgs/msg/detail/object_pose__rosidl_typesupport_fastrtps_cpp.hpp\n'}
[9.416914] (robot_motion_interface_ros_msgs) StdoutLine: {'line': b'-- Up-to-date symlink: /workspace/libs/robot_motion_interface/ros/install/robot_motion_interface_ros_msgs/include/robot_motion_interface_ros_msgs/robot_motion_interface_ros_msgs/msg/detail/object_poses__rosidl_typesupport_fastrtps_cpp.hpp\n'}
[9.416961] (robot_motion_interface_ros_msgs) StdoutLine: {'line': b'-- Up-to-date symlink: /workspace/libs/robot_motion_interface/ros/install/robot_motion_interface_ros_msgs/include/robot_motion_interface_ros_msgs/robot_motion_interface_ros_msgs/msg/rosidl_typesupport_fastrtps_cpp__visibility_control.h\n'}
[9.416998] (robot_motion_interface_ros_msgs) StdoutLine: {'line': b'-- Up-to-date symlink: /workspace/libs/robot_motion_interface/ros/install/robot_motion_interface_ros_msgs/include/robot_motion_interface_ros_msgs/robot_motion_interface_ros_msgs/action/detail/home__rosidl_typesupport_introspection_cpp.hpp\n'}
[9.417046] (robot_motion_interface_ros_msgs) StdoutLine: {'line': b'-- Up-to-date symlink: /workspace/libs/robot_motion_interface/ros/install/robot_motion_interface_ros_msgs/include/robot_motion_interface_ros_msgs/robot_motion_interface_ros_msgs/action/detail/set_cartesian_pose__rosidl_typesupport_introspection_cpp.hpp\n'}
[9.417083] (robot_motion_interface_ros_msgs) StdoutLine: {'line': b'-- Up-to-date symlink: /workspace/libs/robot_motion_interface/ros/install/robot_motion_interface_ros_msgs/include/robot_motion_interface_ros_msgs/robot_motion_interface_ros_msgs/action/detail/set_joint_positions__rosidl_typesupport_introspection_cpp.hpp\n'}
[9.417130] (robot_motion_interface_ros_msgs) StdoutLine: {'line': b'-- Up-to-date symlink: /workspace/libs/robot_motion_interface/ros/install/robot_motion_interface_ros_msgs/include/robot_motion_interface_ros_msgs/robot_motion_interface_ros_msgs/msg/detail/object_pose__rosidl_typesupport_introspection_cpp.hpp\n'}
[9.417175] (robot_motion_interface_ros_msgs) StdoutLine: {'line': b'-- Up-to-date symlink: /workspace/libs/robot_motion_interface/ros/install/robot_motion_interface_ros_msgs/include/robot_motion_interface_ros_msgs/robot_motion_interface_ros_msgs/msg/detail/object_poses__rosidl_typesupport_introspection_cpp.hpp\n'}
[9.417265] (robot_motion_interface_ros_msgs) StdoutLine: {'line': b'-- Up-to-date symlink: /workspace/libs/robot_motion_interface/ros/install/robot_motion_interface_ros_msgs/share/robot_motion_interface_ros_msgs/environment/pythonpath.sh\n'}
[9.417354] (robot_motion_interface_ros_msgs) StdoutLine: {'line': b'-- Up-to-date symlink: /workspace/libs/robot_motion_interface/ros/install/robot_motion_interface_ros_msgs/share/robot_motion_interface_ros_msgs/environment/pythonpath.dsv\n'}
[9.417551] (robot_motion_interface_ros_msgs) StdoutLine: {'line': b'-- Up-to-date symlink: /workspace/libs/robot_motion_interface/ros/install/robot_motion_interface_ros_msgs/lib/python3.12/site-packages/robot_motion_interface_ros_msgs-0.0.0-py3.12.egg-info/PKG-INFO\n'}
[9.417614] (robot_motion_interface_ros_msgs) StdoutLine: {'line': b'-- Up-to-date symlink: /workspace/libs/robot_motion_interface/ros/install/robot_motion_interface_ros_msgs/lib/python3.12/site-packages/robot_motion_interface_ros_msgs-0.0.0-py3.12.egg-info/SOURCES.txt\n'}
[9.417682] (robot_motion_interface_ros_msgs) StdoutLine: {'line': b'-- Up-to-date symlink: /workspace/libs/robot_motion_interface/ros/install/robot_motion_interface_ros_msgs/lib/python3.12/site-packages/robot_motion_interface_ros_msgs-0.0.0-py3.12.egg-info/dependency_links.txt\n'}
[9.417740] (robot_motion_interface_ros_msgs) StdoutLine: {'line': b'-- Up-to-date symlink: /workspace/libs/robot_motion_interface/ros/install/robot_motion_interface_ros_msgs/lib/python3.12/site-packages/robot_motion_interface_ros_msgs-0.0.0-py3.12.egg-info/top_level.txt\n'}
[9.418229] (robot_motion_interface_ros_msgs) StdoutLine: {'line': b'-- Up-to-date symlink: /workspace/libs/robot_motion_interface/ros/install/robot_motion_interface_ros_msgs/lib/python3.12/site-packages/robot_motion_interface_ros_msgs/__init__.py\n'}
[9.418304] (robot_motion_interface_ros_msgs) StdoutLine: {'line': b'-- Up-to-date symlink: /workspace/libs/robot_motion_interface/ros/install/robot_motion_interface_ros_msgs/lib/python3.12/site-packages/robot_motion_interface_ros_msgs/_robot_motion_interface_ros_msgs_s.ep.rosidl_typesupport_c.c\n'}
[9.418341] (-) TimerEvent: {}
[9.418401] (robot_motion_interface_ros_msgs) StdoutLine: {'line': b'-- Up-to-date symlink: /workspace/libs/robot_motion_interface/ros/install/robot_motion_interface_ros_msgs/lib/python3.12/site-packages/robot_motion_interface_ros_msgs/_robot_motion_interface_ros_msgs_s.ep.rosidl_typesupport_fastrtps_c.c\n'}
[9.418453] (robot_motion_interface_ros_msgs) StdoutLine: {'line': b'-- Up-to-date symlink: /workspace/libs/robot_motion_interface/ros/install/robot_motion_interface_ros_msgs/lib/python3.12/site-packages/robot_motion_interface_ros_msgs/_robot_motion_interface_ros_msgs_s.ep.rosidl_typesupport_introspection_c.c\n'}
[9.418493] (robot_motion_interface_ros_msgs) StdoutLine: {'line': b'-- Up-to-date symlink: /workspace/libs/robot_motion_interface/ros/install/robot_motion_interface_ros_msgs/lib/python3.12/site-packages/robot_motion_interface_ros_msgs/action/__init__.py\n'}
[9.418557] (robot_motion_interface_ros_msgs) StdoutLine: {'line': b'-- Up-to-date symlink: /workspace/libs/robot_motion_interface/ros/install/robot_motion_interface_ros_msgs/lib/python3.12/site-packages/robot_motion_interface_ros_msgs/action/_home.py\n'}
[9.418597] (robot_motion_interface_ros_msgs) StdoutLine: {'line': b'-- Up-to-date symlink: /workspace/libs/robot_motion_interface/ros/install/robot_motion_interface_ros_msgs/lib/python3.12/site-packages/robot_motion_interface_ros_msgs/action/_home_s.c\n'}
[9.418646] (robot_motion_interface_ros_msgs) StdoutLine: {'line': b'-- Up-to-date symlink: /workspace/libs/robot_motion_interface/ros/install/robot_motion_interface_ros_msgs/lib/python3.12/site-packages/robot_motion_interface_ros_msgs/action/_set_cartesian_pose.py\n'}
[9.418694] (robot_motion_interface_ros_msgs) StdoutLine: {'line': b'-- Up-to-date symlink: /workspace/libs/robot_motion_interface/ros/install/robot_motion_interface_ros_msgs/lib/python3.12/site-packages/robot_motion_interface_ros_msgs/action/_set_cartesian_pose_s.c\n'}
[9.418740] (robot_motion_interface_ros_msgs) StdoutLine: {'line': b'-- Up-to-date symlink: /workspace/libs/robot_motion_interface/ros/install/robot_motion_interface_ros_msgs/lib/python3.12/site-packages/robot_motion_interface_ros_msgs/action/_set_joint_positions.py\n'}
[9.418789] (robot_motion_interface_ros_msgs) StdoutLine: {'line': b'-- Up-to-date symlink: /workspace/libs/robot_motion_interface/ros/install/robot_motion_interface_ros_msgs/lib/python3.12/site-packages/robot_motion_interface_ros_msgs/action/_set_joint_positions_s.c\n'}
[9.418836] (robot_motion_interface_ros_msgs) StdoutLine: {'line': b'-- Up-to-date symlink: /workspace/libs/robot_motion_interface/ros/install/robot_motion_interface_ros_msgs/lib/python3.12/site-packages/robot_motion_interface_ros_msgs/msg/__init__.py\n'}
[9.418889] (robot_motion_interface_ros_msgs) StdoutLine: {'line': b'-- Up-to-date symlink: /workspace/libs/robot_motion_interface/ros/install/robot_motion_interface_ros_msgs/lib/python3.12/site-packages/robot_motion_interface_ros_msgs/msg/_object_pose.py\n'}
[9.418944] (robot_motion_interface_ros_msgs) StdoutLine: {'line': b'-- Up-to-date symlink: /workspace/libs/robot_motion_interface/ros/install/robot_motion_interface_ros_msgs/lib/python3.12/site-packages/robot_motion_interface_ros_msgs/msg/_object_pose_s.c\n'}
[9.418998] (robot_motion_interface_ros_msgs) StdoutLine: {'line': b'-- Up-to-date symlink: /workspace/libs/robot_motion_interface/ros/install/robot_motion_interface_ros_msgs/lib/python3.12/site-packages/robot_motion_interface_ros_msgs/msg/_object_poses.py\n'}
[9.419052] (robot_motion_interface_ros_msgs) StdoutLine: {'line': b'-- Up-to-date symlink: /workspace/libs/robot_motion_interface/ros/install/robot_motion_interface_ros_msgs/lib/python3.12/site-packages/robot_motion_interface_ros_msgs/msg/_object_poses_s.c\n'}
[9.419107] (robot_motion_interface_ros_msgs) StdoutLine: {'line': b'-- Up-to-date symlink: /workspace/libs/robot_motion_interface/ros/install/robot_motion_interface_ros_msgs/lib/python3.12/site-packages/robot_motion_interface_ros_msgs/robot_motion_interface_ros_msgs_s__rosidl_typesupport_c.so\n'}
[9.419161] (robot_motion_interface_ros_msgs) StdoutLine: {'line': b'-- Up-to-date symlink: /workspace/libs/robot_motion_interface/ros/install/robot_motion_interface_ros_msgs/lib/python3.12/site-packages/robot_motion_interface_ros_msgs/robot_motion_interface_ros_msgs_s__rosidl_typesupport_fastrtps_c.so\n'}
[9.419217] (robot_motion_interface_ros_msgs) StdoutLine: {'line': b'-- Up-to-date symlink: /workspace/libs/robot_motion_interface/ros/install/robot_motion_interface_ros_msgs/lib/python3.12/site-packages/robot_motion_interface_ros_msgs/robot_motion_interface_ros_msgs_s__rosidl_typesupport_introspection_c.so\n'}
[9.419400] (robot_motion_interface_ros_msgs) StdoutLine: {'line': b'-- Up-to-date symlink: /workspace/libs/robot_motion_interface/ros/install/robot_motion_interface_ros_msgs/lib/python3.12/site-packages/robot_motion_interface_ros_msgs/robot_motion_interface_ros_msgs_s__rosidl_typesupport_fastrtps_c.so\n'}
[9.419537] (robot_motion_interface_ros_msgs) StdoutLine: {'line': b'-- Up-to-date symlink: /workspace/libs/robot_motion_interface/ros/install/robot_motion_interface_ros_msgs/lib/python3.12/site-packages/robot_motion_interface_ros_msgs/robot_motion_interface_ros_msgs_s__rosidl_typesupport_introspection_c.so\n'}
[9.419681] (robot_motion_interface_ros_msgs) StdoutLine: {'line': b'-- Up-to-date symlink: /workspace/libs/robot_motion_interface/ros/install/robot_motion_interface_ros_msgs/lib/python3.12/site-packages/robot_motion_interface_ros_msgs/robot_motion_interface_ros_msgs_s__rosidl_typesupport_c.so\n'}
[9.419815] (robot_motion_interface_ros_msgs) StdoutLine: {'line': b'-- Symlinking: /workspace/libs/robot_motion_interface/ros/install/robot_motion_interface_ros_msgs/share/ament_index/resource_index/rust_packages/robot_motion_interface_ros_msgs\n'}
[9.426837] (robot_motion_interface_ros_msgs) StdoutLine: {'line': b'-- Symlinking: /workspace/libs/robot_motion_interface/ros/install/robot_motion_interface_ros_msgs/share/robot_motion_interface_ros_msgs/rust/Cargo.toml\n'}
[9.436699] (robot_motion_interface_ros_msgs) StdoutLine: {'line': b'-- Symlinking: /workspace/libs/robot_motion_interface/ros/install/robot_motion_interface_ros_msgs/share/robot_motion_interface_ros_msgs/rust/build.rs\n'}
[9.443276] (robot_motion_interface_ros_msgs) StdoutLine: {'line': b'-- Symlinking: /workspace/libs/robot_motion_interface/ros/install/robot_motion_interface_ros_msgs/share/robot_motion_interface_ros_msgs/rust/src/action.rs\n'}
[9.452831] (robot_motion_interface_ros_msgs) StdoutLine: {'line': b'-- Symlinking: /workspace/libs/robot_motion_interface/ros/install/robot_motion_interface_ros_msgs/share/robot_motion_interface_ros_msgs/rust/src/action/rmw.rs\n'}
[9.458839] (robot_motion_interface_ros_msgs) StdoutLine: {'line': b'-- Symlinking: /workspace/libs/robot_motion_interface/ros/install/robot_motion_interface_ros_msgs/share/robot_motion_interface_ros_msgs/rust/src/lib.rs\n'}
[9.464775] (robot_motion_interface_ros_msgs) StdoutLine: {'line': b'-- Symlinking: /workspace/libs/robot_motion_interface/ros/install/robot_motion_interface_ros_msgs/share/robot_motion_interface_ros_msgs/rust/src/msg.rs\n'}
[9.472643] (robot_motion_interface_ros_msgs) StdoutLine: {'line': b'-- Symlinking: /workspace/libs/robot_motion_interface/ros/install/robot_motion_interface_ros_msgs/share/robot_motion_interface_ros_msgs/rust/src/msg/rmw.rs\n'}
[9.478791] (robot_motion_interface_ros_msgs) StdoutLine: {'line': b'-- Up-to-date symlink: /workspace/libs/robot_motion_interface/ros/install/robot_motion_interface_ros_msgs/share/robot_motion_interface_ros_msgs/action/SetCartesianPose.idl\n'}
[9.478889] (robot_motion_interface_ros_msgs) StdoutLine: {'line': b'-- Up-to-date symlink: /workspace/libs/robot_motion_interface/ros/install/robot_motion_interface_ros_msgs/share/robot_motion_interface_ros_msgs/action/Home.idl\n'}
[9.479078] (robot_motion_interface_ros_msgs) StdoutLine: {'line': b'-- Up-to-date symlink: /workspace/libs/robot_motion_interface/ros/install/robot_motion_interface_ros_msgs/share/robot_motion_interface_ros_msgs/action/SetJointPositions.idl\n'}
[9.479179] (robot_motion_interface_ros_msgs) StdoutLine: {'line': b'-- Up-to-date symlink: /workspace/libs/robot_motion_interface/ros/install/robot_motion_interface_ros_msgs/share/robot_motion_interface_ros_msgs/msg/ObjectPose.idl\n'}
[9.479232] (robot_motion_interface_ros_msgs) StdoutLine: {'line': b'-- Up-to-date symlink: /workspace/libs/robot_motion_interface/ros/install/robot_motion_interface_ros_msgs/share/robot_motion_interface_ros_msgs/msg/ObjectPoses.idl\n'}
[9.479288] (robot_motion_interface_ros_msgs) StdoutLine: {'line': b'-- Up-to-date symlink: /workspace/libs/robot_motion_interface/ros/install/robot_motion_interface_ros_msgs/share/robot_motion_interface_ros_msgs/action/SetCartesianPose.action\n'}
[9.479329] (robot_motion_interface_ros_msgs) StdoutLine: {'line': b'-- Up-to-date symlink: /workspace/libs/robot_motion_interface/ros/install/robot_motion_interface_ros_msgs/share/robot_motion_interface_ros_msgs/action/Home.action\n'}
[9.479370] (robot_motion_interface_ros_msgs) StdoutLine: {'line': b'-- Up-to-date symlink: /workspace/libs/robot_motion_interface/ros/install/robot_motion_interface_ros_msgs/share/robot_motion_interface_ros_msgs/action/SetJointPositions.action\n'}
[9.479429] (robot_motion_interface_ros_msgs) StdoutLine: {'line': b'-- Up-to-date symlink: /workspace/libs/robot_motion_interface/ros/install/robot_motion_interface_ros_msgs/share/robot_motion_interface_ros_msgs/msg/ObjectPose.msg\n'}
[9.479470] (robot_motion_interface_ros_msgs) StdoutLine: {'line': b'-- Up-to-date symlink: /workspace/libs/robot_motion_interface/ros/install/robot_motion_interface_ros_msgs/share/robot_motion_interface_ros_msgs/msg/ObjectPoses.msg\n'}
[9.479511] (robot_motion_interface_ros_msgs) StdoutLine: {'line': b'-- Up-to-date symlink: /workspace/libs/robot_motion_interface/ros/install/robot_motion_interface_ros_msgs/share/ament_index/resource_index/package_run_dependencies/robot_motion_interface_ros_msgs\n'}
[9.479565] (robot_motion_interface_ros_msgs) StdoutLine: {'line': b'-- Up-to-date symlink: /workspace/libs/robot_motion_interface/ros/install/robot_motion_interface_ros_msgs/share/ament_index/resource_index/parent_prefix_path/robot_motion_interface_ros_msgs\n'}
[9.479616] (robot_motion_interface_ros_msgs) StdoutLine: {'line': b'-- Up-to-date symlink: /workspace/libs/robot_motion_interface/ros/install/robot_motion_interface_ros_msgs/share/robot_motion_interface_ros_msgs/environment/ament_prefix_path.sh\n'}
[9.479684] (robot_motion_interface_ros_msgs) StdoutLine: {'line': b'-- Up-to-date symlink: /workspace/libs/robot_motion_interface/ros/install/robot_motion_interface_ros_msgs/share/robot_motion_interface_ros_msgs/environment/ament_prefix_path.dsv\n'}
[9.479760] (robot_motion_interface_ros_msgs) StdoutLine: {'line': b'-- Up-to-date symlink: /workspace/libs/robot_motion_interface/ros/install/robot_motion_interface_ros_msgs/share/robot_motion_interface_ros_msgs/environment/path.sh\n'}
[9.479834] (robot_motion_interface_ros_msgs) StdoutLine: {'line': b'-- Up-to-date symlink: /workspace/libs/robot_motion_interface/ros/install/robot_motion_interface_ros_msgs/share/robot_motion_interface_ros_msgs/environment/path.dsv\n'}
[9.479899] (robot_motion_interface_ros_msgs) StdoutLine: {'line': b'-- Up-to-date symlink: /workspace/libs/robot_motion_interface/ros/install/robot_motion_interface_ros_msgs/share/robot_motion_interface_ros_msgs/local_setup.bash\n'}
[9.479975] (robot_motion_interface_ros_msgs) StdoutLine: {'line': b'-- Up-to-date symlink: /workspace/libs/robot_motion_interface/ros/install/robot_motion_interface_ros_msgs/share/robot_motion_interface_ros_msgs/local_setup.sh\n'}
[9.480050] (robot_motion_interface_ros_msgs) StdoutLine: {'line': b'-- Up-to-date symlink: /workspace/libs/robot_motion_interface/ros/install/robot_motion_interface_ros_msgs/share/robot_motion_interface_ros_msgs/local_setup.zsh\n'}
[9.480133] (robot_motion_interface_ros_msgs) StdoutLine: {'line': b'-- Up-to-date symlink: /workspace/libs/robot_motion_interface/ros/install/robot_motion_interface_ros_msgs/share/robot_motion_interface_ros_msgs/local_setup.dsv\n'}
[9.480183] (robot_motion_interface_ros_msgs) StdoutLine: {'line': b'-- Symlinking: /workspace/libs/robot_motion_interface/ros/install/robot_motion_interface_ros_msgs/share/robot_motion_interface_ros_msgs/package.dsv\n'}
[9.487783] (robot_motion_interface_ros_msgs) StdoutLine: {'line': b'-- Up-to-date symlink: /workspace/libs/robot_motion_interface/ros/install/robot_motion_interface_ros_msgs/share/ament_index/resource_index/packages/robot_motion_interface_ros_msgs\n'}
[9.487899] (robot_motion_interface_ros_msgs) StdoutLine: {'line': b'-- Up-to-date symlink: /workspace/libs/robot_motion_interface/ros/install/robot_motion_interface_ros_msgs/share/robot_motion_interface_ros_msgs/cmake/rosidl_cmake-extras.cmake\n'}
[9.487959] (robot_motion_interface_ros_msgs) StdoutLine: {'line': b'-- Up-to-date symlink: /workspace/libs/robot_motion_interface/ros/install/robot_motion_interface_ros_msgs/share/robot_motion_interface_ros_msgs/cmake/ament_cmake_export_dependencies-extras.cmake\n'}
[9.488146] (robot_motion_interface_ros_msgs) StdoutLine: {'line': b'-- Up-to-date symlink: /workspace/libs/robot_motion_interface/ros/install/robot_motion_interface_ros_msgs/share/robot_motion_interface_ros_msgs/cmake/ament_cmake_export_include_directories-extras.cmake\n'}
[9.488248] (robot_motion_interface_ros_msgs) StdoutLine: {'line': b'-- Up-to-date symlink: /workspace/libs/robot_motion_interface/ros/install/robot_motion_interface_ros_msgs/share/robot_motion_interface_ros_msgs/cmake/ament_cmake_export_libraries-extras.cmake\n'}
[9.488302] (robot_motion_interface_ros_msgs) StdoutLine: {'line': b'-- Up-to-date symlink: /workspace/libs/robot_motion_interface/ros/install/robot_motion_interface_ros_msgs/share/robot_motion_interface_ros_msgs/cmake/ament_cmake_export_targets-extras.cmake\n'}
[9.488433] (robot_motion_interface_ros_msgs) StdoutLine: {'line': b'-- Up-to-date symlink: /workspace/libs/robot_motion_interface/ros/install/robot_motion_interface_ros_msgs/share/robot_motion_interface_ros_msgs/cmake/rosidl_cmake_export_typesupport_targets-extras.cmake\n'}
[9.488525] (robot_motion_interface_ros_msgs) StdoutLine: {'line': b'-- Up-to-date symlink: /workspace/libs/robot_motion_interface/ros/install/robot_motion_interface_ros_msgs/share/robot_motion_interface_ros_msgs/cmake/rosidl_cmake_export_typesupport_libraries-extras.cmake\n'}
[9.488582] (robot_motion_interface_ros_msgs) StdoutLine: {'line': b'-- Up-to-date symlink: /workspace/libs/robot_motion_interface/ros/install/robot_motion_interface_ros_msgs/share/robot_motion_interface_ros_msgs/cmake/robot_motion_interface_ros_msgsConfig.cmake\n'}
[9.488644] (robot_motion_interface_ros_msgs) StdoutLine: {'line': b'-- Up-to-date symlink: /workspace/libs/robot_motion_interface/ros/install/robot_motion_interface_ros_msgs/share/robot_motion_interface_ros_msgs/cmake/robot_motion_interface_ros_msgsConfig-version.cmake\n'}
[9.488710] (robot_motion_interface_ros_msgs) StdoutLine: {'line': b'-- Up-to-date symlink: /workspace/libs/robot_motion_interface/ros/install/robot_motion_interface_ros_msgs/share/robot_motion_interface_ros_msgs/package.xml\n'}
[9.489780] (robot_motion_interface_ros_msgs) StdoutLine: {'line': b'-- Installing: /workspace/libs/robot_motion_interface/ros/install/robot_motion_interface_ros_msgs/lib/librobot_motion_interface_ros_msgs__rosidl_generator_c.so\n'}
[9.490127] (robot_motion_interface_ros_msgs) StdoutLine: {'line': b'-- Set non-toolchain portion of runtime path of "/workspace/libs/robot_motion_interface/ros/install/robot_motion_interface_ros_msgs/lib/librobot_motion_interface_ros_msgs__rosidl_generator_c.so" to ""\n'}
[9.490683] (robot_motion_interface_ros_msgs) StdoutLine: {'line': b'-- Installing: /workspace/libs/robot_motion_interface/ros/install/robot_motion_interface_ros_msgs/lib/librobot_motion_interface_ros_msgs__rosidl_typesupport_fastrtps_c.so\n'}
[9.490914] (robot_motion_interface_ros_msgs) StdoutLine: {'line': b'-- Set non-toolchain portion of runtime path of "/workspace/libs/robot_motion_interface/ros/install/robot_motion_interface_ros_msgs/lib/librobot_motion_interface_ros_msgs__rosidl_typesupport_fastrtps_c.so" to ""\n'}
[9.491606] (robot_motion_interface_ros_msgs) StdoutLine: {'line': b'-- Installing: /workspace/libs/robot_motion_interface/ros/install/robot_motion_interface_ros_msgs/lib/librobot_motion_interface_ros_msgs__rosidl_typesupport_introspection_c.so\n'}
[9.491711] (robot_motion_interface_ros_msgs) StdoutLine: {'line': b'-- Set non-toolchain portion of runtime path of "/workspace/libs/robot_motion_interface/ros/install/robot_motion_interface_ros_msgs/lib/librobot_motion_interface_ros_msgs__rosidl_typesupport_introspection_c.so" to ""\n'}
[9.492287] (robot_motion_interface_ros_msgs) StdoutLine: {'line': b'-- Installing: /workspace/libs/robot_motion_interface/ros/install/robot_motion_interface_ros_msgs/lib/librobot_motion_interface_ros_msgs__rosidl_typesupport_c.so\n'}
[9.492375] (robot_motion_interface_ros_msgs) StdoutLine: {'line': b'-- Set non-toolchain portion of runtime path of "/workspace/libs/robot_motion_interface/ros/install/robot_motion_interface_ros_msgs/lib/librobot_motion_interface_ros_msgs__rosidl_typesupport_c.so" to ""\n'}
[9.492837] (robot_motion_interface_ros_msgs) StdoutLine: {'line': b'-- Installing: /workspace/libs/robot_motion_interface/ros/install/robot_motion_interface_ros_msgs/lib/librobot_motion_interface_ros_msgs__rosidl_typesupport_fastrtps_cpp.so\n'}
[9.493256] (robot_motion_interface_ros_msgs) StdoutLine: {'line': b'-- Set non-toolchain portion of runtime path of "/workspace/libs/robot_motion_interface/ros/install/robot_motion_interface_ros_msgs/lib/librobot_motion_interface_ros_msgs__rosidl_typesupport_fastrtps_cpp.so" to ""\n'}
[9.493479] (robot_motion_interface_ros_msgs) StdoutLine: {'line': b'-- Installing: /workspace/libs/robot_motion_interface/ros/install/robot_motion_interface_ros_msgs/lib/librobot_motion_interface_ros_msgs__rosidl_typesupport_introspection_cpp.so\n'}
[9.493930] (robot_motion_interface_ros_msgs) StdoutLine: {'line': b'-- Set non-toolchain portion of runtime path of "/workspace/libs/robot_motion_interface/ros/install/robot_motion_interface_ros_msgs/lib/librobot_motion_interface_ros_msgs__rosidl_typesupport_introspection_cpp.so" to ""\n'}
[9.494292] (robot_motion_interface_ros_msgs) StdoutLine: {'line': b'-- Installing: /workspace/libs/robot_motion_interface/ros/install/robot_motion_interface_ros_msgs/lib/librobot_motion_interface_ros_msgs__rosidl_typesupport_cpp.so\n'}
[9.494532] (robot_motion_interface_ros_msgs) StdoutLine: {'line': b'-- Set non-toolchain portion of runtime path of "/workspace/libs/robot_motion_interface/ros/install/robot_motion_interface_ros_msgs/lib/librobot_motion_interface_ros_msgs__rosidl_typesupport_cpp.so" to ""\n'}
[9.518545] (-) TimerEvent: {}
[9.557267] (robot_motion_interface_ros_msgs) StdoutLine: {'line': b"Listing '/workspace/libs/robot_motion_interface/ros/install/robot_motion_interface_ros_msgs/lib/python3.12/site-packages/robot_motion_interface_ros_msgs'...\n"}
[9.557384] (robot_motion_interface_ros_msgs) StdoutLine: {'line': b"Compiling '/workspace/libs/robot_motion_interface/ros/install/robot_motion_interface_ros_msgs/lib/python3.12/site-packages/robot_motion_interface_ros_msgs/__init__.py'...\n"}
[9.557443] (robot_motion_interface_ros_msgs) StdoutLine: {'line': b"Listing '/workspace/libs/robot_motion_interface/ros/install/robot_motion_interface_ros_msgs/lib/python3.12/site-packages/robot_motion_interface_ros_msgs/action'...\n"}
[9.557491] (robot_motion_interface_ros_msgs) StdoutLine: {'line': b"Compiling '/workspace/libs/robot_motion_interface/ros/install/robot_motion_interface_ros_msgs/lib/python3.12/site-packages/robot_motion_interface_ros_msgs/action/__init__.py'...\n"}
[9.557530] (robot_motion_interface_ros_msgs) StdoutLine: {'line': b"Compiling '/workspace/libs/robot_motion_interface/ros/install/robot_motion_interface_ros_msgs/lib/python3.12/site-packages/robot_motion_interface_ros_msgs/action/_home.py'...\n"}
[9.557567] (robot_motion_interface_ros_msgs) StdoutLine: {'line': b"Compiling '/workspace/libs/robot_motion_interface/ros/install/robot_motion_interface_ros_msgs/lib/python3.12/site-packages/robot_motion_interface_ros_msgs/action/_set_cartesian_pose.py'...\n"}
[9.557604] (robot_motion_interface_ros_msgs) StdoutLine: {'line': b"Compiling '/workspace/libs/robot_motion_interface/ros/install/robot_motion_interface_ros_msgs/lib/python3.12/site-packages/robot_motion_interface_ros_msgs/action/_set_joint_positions.py'...\n"}
[9.557648] (robot_motion_interface_ros_msgs) StdoutLine: {'line': b"Listing '/workspace/libs/robot_motion_interface/ros/install/robot_motion_interface_ros_msgs/lib/python3.12/site-packages/robot_motion_interface_ros_msgs/msg'...\n"}
[9.557692] (robot_motion_interface_ros_msgs) StdoutLine: {'line': b"Compiling '/workspace/libs/robot_motion_interface/ros/install/robot_motion_interface_ros_msgs/lib/python3.12/site-packages/robot_motion_interface_ros_msgs/msg/__init__.py'...\n"}
[9.557727] (robot_motion_interface_ros_msgs) StdoutLine: {'line': b"Compiling '/workspace/libs/robot_motion_interface/ros/install/robot_motion_interface_ros_msgs/lib/python3.12/site-packages/robot_motion_interface_ros_msgs/msg/_object_pose.py'...\n"}
[9.557761] (robot_motion_interface_ros_msgs) StdoutLine: {'line': b"Compiling '/workspace/libs/robot_motion_interface/ros/install/robot_motion_interface_ros_msgs/lib/python3.12/site-packages/robot_motion_interface_ros_msgs/msg/_object_poses.py'...\n"}
[9.562486] (robot_motion_interface_ros_msgs) StdoutLine: {'line': b'-- Installing: /workspace/libs/robot_motion_interface/ros/install/robot_motion_interface_ros_msgs/lib/librobot_motion_interface_ros_msgs__rosidl_generator_py.so\n'}
[9.562797] (robot_motion_interface_ros_msgs) StdoutLine: {'line': b'-- Set non-toolchain portion of runtime path of "/workspace/libs/robot_motion_interface/ros/install/robot_motion_interface_ros_msgs/lib/librobot_motion_interface_ros_msgs__rosidl_generator_py.so" to ""\n'}
[9.563149] (robot_motion_interface_ros_msgs) StdoutLine: {'line': b'-- Up-to-date: /workspace/libs/robot_motion_interface/ros/install/robot_motion_interface_ros_msgs/share/robot_motion_interface_ros_msgs/cmake/export_robot_motion_interface_ros_msgs__rosidl_generator_cExport.cmake\n'}
[9.563198] (robot_motion_interface_ros_msgs) StdoutLine: {'line': b'-- Up-to-date: /workspace/libs/robot_motion_interface/ros/install/robot_motion_interface_ros_msgs/share/robot_motion_interface_ros_msgs/cmake/export_robot_motion_interface_ros_msgs__rosidl_generator_cExport-noconfig.cmake\n'}
[9.563290] (robot_motion_interface_ros_msgs) StdoutLine: {'line': b'-- Up-to-date: /workspace/libs/robot_motion_interface/ros/install/robot_motion_interface_ros_msgs/share/robot_motion_interface_ros_msgs/cmake/export_robot_motion_interface_ros_msgs__rosidl_typesupport_fastrtps_cExport.cmake\n'}
[9.563343] (robot_motion_interface_ros_msgs) StdoutLine: {'line': b'-- Up-to-date: /workspace/libs/robot_motion_interface/ros/install/robot_motion_interface_ros_msgs/share/robot_motion_interface_ros_msgs/cmake/export_robot_motion_interface_ros_msgs__rosidl_typesupport_fastrtps_cExport-noconfig.cmake\n'}
[9.563453] (robot_motion_interface_ros_msgs) StdoutLine: {'line': b'-- Up-to-date: /workspace/libs/robot_motion_interface/ros/install/robot_motion_interface_ros_msgs/share/robot_motion_interface_ros_msgs/cmake/robot_motion_interface_ros_msgs__rosidl_typesupport_introspection_cExport.cmake\n'}
[9.563498] (robot_motion_interface_ros_msgs) StdoutLine: {'line': b'-- Up-to-date: /workspace/libs/robot_motion_interface/ros/install/robot_motion_interface_ros_msgs/share/robot_motion_interface_ros_msgs/cmake/robot_motion_interface_ros_msgs__rosidl_typesupport_introspection_cExport-noconfig.cmake\n'}
[9.563629] (robot_motion_interface_ros_msgs) StdoutLine: {'line': b'-- Up-to-date: /workspace/libs/robot_motion_interface/ros/install/robot_motion_interface_ros_msgs/share/robot_motion_interface_ros_msgs/cmake/robot_motion_interface_ros_msgs__rosidl_typesupport_cExport.cmake\n'}
[9.563705] (robot_motion_interface_ros_msgs) StdoutLine: {'line': b'-- Up-to-date: /workspace/libs/robot_motion_interface/ros/install/robot_motion_interface_ros_msgs/share/robot_motion_interface_ros_msgs/cmake/robot_motion_interface_ros_msgs__rosidl_typesupport_cExport-noconfig.cmake\n'}
[9.563866] (robot_motion_interface_ros_msgs) StdoutLine: {'line': b'-- Up-to-date: /workspace/libs/robot_motion_interface/ros/install/robot_motion_interface_ros_msgs/share/robot_motion_interface_ros_msgs/cmake/export_robot_motion_interface_ros_msgs__rosidl_generator_cppExport.cmake\n'}
[9.563943] (robot_motion_interface_ros_msgs) StdoutLine: {'line': b'-- Up-to-date: /workspace/libs/robot_motion_interface/ros/install/robot_motion_interface_ros_msgs/share/robot_motion_interface_ros_msgs/cmake/export_robot_motion_interface_ros_msgs__rosidl_typesupport_fastrtps_cppExport.cmake\n'}
[9.563993] (robot_motion_interface_ros_msgs) StdoutLine: {'line': b'-- Up-to-date: /workspace/libs/robot_motion_interface/ros/install/robot_motion_interface_ros_msgs/share/robot_motion_interface_ros_msgs/cmake/export_robot_motion_interface_ros_msgs__rosidl_typesupport_fastrtps_cppExport-noconfig.cmake\n'}
[9.564113] (robot_motion_interface_ros_msgs) StdoutLine: {'line': b'-- Up-to-date: /workspace/libs/robot_motion_interface/ros/install/robot_motion_interface_ros_msgs/share/robot_motion_interface_ros_msgs/cmake/robot_motion_interface_ros_msgs__rosidl_typesupport_introspection_cppExport.cmake\n'}
[9.564158] (robot_motion_interface_ros_msgs) StdoutLine: {'line': b'-- Up-to-date: /workspace/libs/robot_motion_interface/ros/install/robot_motion_interface_ros_msgs/share/robot_motion_interface_ros_msgs/cmake/robot_motion_interface_ros_msgs__rosidl_typesupport_introspection_cppExport-noconfig.cmake\n'}
[9.564269] (robot_motion_interface_ros_msgs) StdoutLine: {'line': b'-- Up-to-date: /workspace/libs/robot_motion_interface/ros/install/robot_motion_interface_ros_msgs/share/robot_motion_interface_ros_msgs/cmake/robot_motion_interface_ros_msgs__rosidl_typesupport_cppExport.cmake\n'}
[9.564315] (robot_motion_interface_ros_msgs) StdoutLine: {'line': b'-- Up-to-date: /workspace/libs/robot_motion_interface/ros/install/robot_motion_interface_ros_msgs/share/robot_motion_interface_ros_msgs/cmake/robot_motion_interface_ros_msgs__rosidl_typesupport_cppExport-noconfig.cmake\n'}
[9.564422] (robot_motion_interface_ros_msgs) StdoutLine: {'line': b'-- Up-to-date: /workspace/libs/robot_motion_interface/ros/install/robot_motion_interface_ros_msgs/share/robot_motion_interface_ros_msgs/cmake/export_robot_motion_interface_ros_msgs__rosidl_generator_pyExport.cmake\n'}
[9.564467] (robot_motion_interface_ros_msgs) StdoutLine: {'line': b'-- Up-to-date: /workspace/libs/robot_motion_interface/ros/install/robot_motion_interface_ros_msgs/share/robot_motion_interface_ros_msgs/cmake/export_robot_motion_interface_ros_msgs__rosidl_generator_pyExport-noconfig.cmake\n'}
[9.565727] (robot_motion_interface_ros_msgs) CommandEnded: {'returncode': 0}
[9.580926] (robot_motion_interface_ros_msgs) JobEnded: {'identifier': 'robot_motion_interface_ros_msgs', 'rc': 0}
[9.581527] (robot_motion_interface_ros) JobStarted: {'identifier': 'robot_motion_interface_ros'}
[9.618667] (-) TimerEvent: {}
[9.718869] (-) TimerEvent: {}
[9.819079] (-) TimerEvent: {}
[9.919308] (-) TimerEvent: {}
[10.019537] (-) TimerEvent: {}
[10.055965] (robot_motion_interface_ros) Command: {'cmd': ['/usr/bin/python3', '-W', 'ignore:setup.py install is deprecated', '-W', 'ignore:easy_install command is deprecated', 'setup.py', 'develop', '--editable', '--build-directory', '/workspace/libs/robot_motion_interface/ros/build/robot_motion_interface_ros/build', '--no-deps', 'symlink_data'], 'cwd': '/workspace/libs/robot_motion_interface/ros/build/robot_motion_interface_ros', 'env': {'HOSTNAME': 'pop-os', 'SHLVL': '1', 'LD_LIBRARY_PATH': '/workspace/libs/robot_motion_interface/ros/install/robot_motion_interface_ros_msgs/lib:/opt/ros/jazzy/opt/rviz_ogre_vendor/lib:/opt/ros/jazzy/lib/x86_64-linux-gnu:/opt/ros/jazzy/opt/gz_math_vendor/lib:/opt/ros/jazzy/opt/gz_utils_vendor/lib:/opt/ros/jazzy/opt/gz_cmake_vendor/lib:/opt/ros/jazzy/lib:/opt/openrobots/lib', 'HOME': '/root', 'OLDPWD': '/workspace', 'ROS_PYTHON_VERSION': '3', 'ROS_STATIC_PEERS': '192.168.4.9', 'ROS_DISTRO': 'jazzy', '_': '/usr/bin/colcon', 'ROS_VERSION': '2', 'PKG_CONFIG_PATH': '/opt/openrobots/lib/pkgconfig:', 'PIP_BREAK_SYSTEM_PACKAGES': '1', 'TERM': 'xterm', 'PATH': '/opt/ros/jazzy/bin:/root/.cargo/bin:/opt/openrobots/bin:/usr/local/sbin:/usr/local/bin:/usr/sbin:/usr/bin:/sbin:/bin', 'DISPLAY': ':1', 'LANG': 'C.UTF-8', 'RMW_IMPLEMENTATION': 'rmw_fastrtps_cpp', 'AMENT_PREFIX_PATH': '/workspace/libs/robot_motion_interface/ros/install/robot_motion_interface_ros_msgs:/opt/ros/jazzy', 'DEBIAN_FRONTEND': 'noninteractive', 'ROS_AUTOMATIC_DISCOVERY_RANGE': 'SUBNET', 'PWD': '/workspace/libs/robot_motion_interface/ros/build/robot_motion_interface_ros', 'LC_ALL': 'C.UTF-8', 'PYTHONPATH': '/workspace/libs/robot_motion_interface/ros/build/robot_motion_interface_ros/prefix_override:/usr/lib/python3/dist-packages/colcon_core/task/python/colcon_distutils_commands:/workspace/libs/robot_motion_interface/ros/install/robot_motion_interface_ros/lib/python3.12/site-packages:/workspace/libs/robot_motion_interface/ros/install/robot_motion_interface_ros_msgs/lib/python3.12/site-packages:/opt/ros/jazzy/lib/python3.12/site-packages:/opt/openrobots/lib/python3.10/site-packages', 'COLCON': '1', 'CMAKE_PREFIX_PATH': '/workspace/libs/robot_motion_interface/ros/install/robot_motion_interface_ros_msgs:/opt/ros/jazzy/opt/gz_math_vendor:/opt/ros/jazzy/opt/gz_utils_vendor:/opt/ros/jazzy/opt/gz_cmake_vendor:/opt/openrobots'}, 'shell': False}
[10.119783] (-) TimerEvent: {}
[10.220017] (-) TimerEvent: {}
[10.245054] (robot_motion_interface_ros) StdoutLine: {'line': b'running develop\n'}
[10.320101] (-) TimerEvent: {}
[10.346736] (robot_motion_interface_ros) StdoutLine: {'line': b'running egg_info\n'}
[10.355478] (robot_motion_interface_ros) StdoutLine: {'line': b'writing robot_motion_interface_ros.egg-info/PKG-INFO\n'}
[10.355638] (robot_motion_interface_ros) StdoutLine: {'line': b'writing dependency_links to robot_motion_interface_ros.egg-info/dependency_links.txt\n'}
[10.355741] (robot_motion_interface_ros) StdoutLine: {'line': b'writing entry points to robot_motion_interface_ros.egg-info/entry_points.txt\n'}
[10.355820] (robot_motion_interface_ros) StdoutLine: {'line': b'writing requirements to robot_motion_interface_ros.egg-info/requires.txt\n'}
[10.355886] (robot_motion_interface_ros) StdoutLine: {'line': b'writing top-level names to robot_motion_interface_ros.egg-info/top_level.txt\n'}
[10.373969] (robot_motion_interface_ros) StdoutLine: {'line': b"reading manifest file 'robot_motion_interface_ros.egg-info/SOURCES.txt'\n"}
[10.374696] (robot_motion_interface_ros) StdoutLine: {'line': b"writing manifest file 'robot_motion_interface_ros.egg-info/SOURCES.txt'\n"}
[10.385218] (robot_motion_interface_ros) StdoutLine: {'line': b'running build_ext\n'}
[10.385453] (robot_motion_interface_ros) StdoutLine: {'line': b'Creating /workspace/libs/robot_motion_interface/ros/install/robot_motion_interface_ros/lib/python3.12/site-packages/robot-motion-interface-ros.egg-link (link to .)\n'}
[10.385843] (robot_motion_interface_ros) StdoutLine: {'line': b'Installing interface script to /workspace/libs/robot_motion_interface/ros/install/robot_motion_interface_ros/lib/robot_motion_interface_ros\n'}
[10.386087] (robot_motion_interface_ros) StdoutLine: {'line': b'\n'}
[10.386242] (robot_motion_interface_ros) StdoutLine: {'line': b'Installed /workspace/libs/robot_motion_interface/ros/build/robot_motion_interface_ros\n'}
[10.386397] (robot_motion_interface_ros) StdoutLine: {'line': b'running symlink_data\n'}
[10.406397] (robot_motion_interface_ros) CommandEnded: {'returncode': 0}
[10.412707] (robot_motion_interface_ros) JobEnded: {'identifier': 'robot_motion_interface_ros', 'rc': 0}
[10.413367] (-) EventReactorShutdown: {}
