[0.074s] DEBUG:colcon:Command line arguments: ['/usr/bin/colcon', 'build', '--cmake-clean-cache', '--symlink-install']
[0.074s] DEBUG:colcon:Parsed command line arguments: Namespace(log_base=None, log_level=None, verb_name='build', build_base='build', install_base='install', merge_install=False, symlink_install=True, test_result_base=None, continue_on_error=False, executor='parallel', parallel_workers=16, event_handlers=None, ignore_user_meta=False, metas=['./colcon.meta'], base_paths=['.'], packages_ignore=None, packages_ignore_regex=None, paths=None, packages_up_to=None, packages_up_to_regex=None, packages_above=None, packages_above_and_dependencies=None, packages_above_depth=None, packages_select_by_dep=None, packages_skip_by_dep=None, packages_skip_up_to=None, packages_select_build_failed=False, packages_skip_build_finished=False, packages_select_test_failures=False, packages_skip_test_passed=False, packages_select=None, packages_skip=None, packages_select_regex=None, packages_skip_regex=None, packages_start=None, packages_end=None, cmake_args=None, cmake_target=None, cmake_target_skip_unavailable=False, cmake_clean_cache=True, cmake_clean_first=False, cmake_force_configure=False, ament_cmake_args=None, catkin_cmake_args=None, catkin_skip_building_tests=False, mixin_files=None, mixin=None, verb_parser=<colcon_mixin.mixin.mixin_argument.MixinArgumentDecorator object at 0x72841da77830>, verb_extension=<colcon_core.verb.build.BuildVerb object at 0x72841d925e50>, main=<bound method BuildVerb.main of <colcon_core.verb.build.BuildVerb object at 0x72841d925e50>>, mixin_verb=('build',))
[0.109s] Level 1:colcon.colcon_core.package_discovery:discover_packages(colcon_meta) check parameters
[0.109s] INFO:colcon.colcon_metadata.package_discovery.colcon_meta:Using configuration from '/root/.colcon/metadata/default/Gazebo.meta'
[0.110s] INFO:colcon.colcon_metadata.package_discovery.colcon_meta:Using configuration from '/root/.colcon/metadata/default/fastdds.meta'
[0.110s] INFO:colcon.colcon_metadata.package_discovery.colcon_meta:Using configuration from '/root/.colcon/metadata/default/fastrtps.meta'
[0.110s] Level 1:colcon.colcon_core.package_discovery:discover_packages(recursive) check parameters
[0.110s] Level 1:colcon.colcon_core.package_discovery:discover_packages(ignore) check parameters
[0.110s] Level 1:colcon.colcon_core.package_discovery:discover_packages(path) check parameters
[0.110s] Level 1:colcon.colcon_core.package_discovery:discover_packages(colcon_meta) discover
[0.110s] Level 1:colcon.colcon_core.package_discovery:discover_packages(recursive) discover
[0.110s] INFO:colcon.colcon_core.package_discovery:Crawling recursively for packages in '/workspace/libs/robot_motion_interface/ros'
[0.110s] Level 1:colcon.colcon_core.package_identification:_identify(.) by extensions ['ignore', 'ignore_ament_install']
[0.110s] Level 1:colcon.colcon_core.package_identification:_identify(.) by extension 'ignore'
[0.110s] Level 1:colcon.colcon_core.package_identification:_identify(.) by extension 'ignore_ament_install'
[0.110s] Level 1:colcon.colcon_core.package_identification:_identify(.) by extensions ['colcon_pkg']
[0.110s] Level 1:colcon.colcon_core.package_identification:_identify(.) by extension 'colcon_pkg'
[0.110s] Level 1:colcon.colcon_core.package_identification:_identify(.) by extensions ['colcon_meta']
[0.110s] Level 1:colcon.colcon_core.package_identification:_identify(.) by extension 'colcon_meta'
[0.110s] Level 1:colcon.colcon_core.package_identification:_identify(.) by extensions ['ros']
[0.110s] Level 1:colcon.colcon_core.package_identification:_identify(.) by extension 'ros'
[0.129s] Level 1:colcon.colcon_core.package_identification:_identify(.) by extensions ['cmake', 'python']
[0.129s] Level 1:colcon.colcon_core.package_identification:_identify(.) by extension 'cmake'
[0.129s] Level 1:colcon.colcon_core.package_identification:_identify(.) by extension 'python'
[0.130s] Level 1:colcon.colcon_core.package_identification:_identify(.) by extensions ['python_setup_py']
[0.130s] Level 1:colcon.colcon_core.package_identification:_identify(.) by extension 'python_setup_py'
[0.130s] Level 1:colcon.colcon_core.package_identification:_identify(build) by extensions ['ignore', 'ignore_ament_install']
[0.130s] Level 1:colcon.colcon_core.package_identification:_identify(build) by extension 'ignore'
[0.130s] Level 1:colcon.colcon_core.package_identification:_identify(build) ignored
[0.130s] Level 1:colcon.colcon_core.package_identification:_identify(install) by extensions ['ignore', 'ignore_ament_install']
[0.130s] Level 1:colcon.colcon_core.package_identification:_identify(install) by extension 'ignore'
[0.130s] Level 1:colcon.colcon_core.package_identification:_identify(install) ignored
[0.130s] Level 1:colcon.colcon_core.package_identification:_identify(log) by extensions ['ignore', 'ignore_ament_install']
[0.131s] Level 1:colcon.colcon_core.package_identification:_identify(log) by extension 'ignore'
[0.131s] Level 1:colcon.colcon_core.package_identification:_identify(log) ignored
[0.131s] Level 1:colcon.colcon_core.package_identification:_identify(src) by extensions ['ignore', 'ignore_ament_install']
[0.131s] Level 1:colcon.colcon_core.package_identification:_identify(src) by extension 'ignore'
[0.131s] Level 1:colcon.colcon_core.package_identification:_identify(src) by extension 'ignore_ament_install'
[0.131s] Level 1:colcon.colcon_core.package_identification:_identify(src) by extensions ['colcon_pkg']
[0.131s] Level 1:colcon.colcon_core.package_identification:_identify(src) by extension 'colcon_pkg'
[0.131s] Level 1:colcon.colcon_core.package_identification:_identify(src) by extensions ['colcon_meta']
[0.131s] Level 1:colcon.colcon_core.package_identification:_identify(src) by extension 'colcon_meta'
[0.131s] Level 1:colcon.colcon_core.package_identification:_identify(src) by extensions ['ros']
[0.131s] Level 1:colcon.colcon_core.package_identification:_identify(src) by extension 'ros'
[0.131s] Level 1:colcon.colcon_core.package_identification:_identify(src) by extensions ['cmake', 'python']
[0.131s] Level 1:colcon.colcon_core.package_identification:_identify(src) by extension 'cmake'
[0.131s] Level 1:colcon.colcon_core.package_identification:_identify(src) by extension 'python'
[0.132s] Level 1:colcon.colcon_core.package_identification:_identify(src) by extensions ['python_setup_py']
[0.132s] Level 1:colcon.colcon_core.package_identification:_identify(src) by extension 'python_setup_py'
[0.132s] Level 1:colcon.colcon_core.package_identification:_identify(src/robot_motion_interface_ros) by extensions ['ignore', 'ignore_ament_install']
[0.132s] Level 1:colcon.colcon_core.package_identification:_identify(src/robot_motion_interface_ros) by extension 'ignore'
[0.132s] Level 1:colcon.colcon_core.package_identification:_identify(src/robot_motion_interface_ros) by extension 'ignore_ament_install'
[0.132s] Level 1:colcon.colcon_core.package_identification:_identify(src/robot_motion_interface_ros) by extensions ['colcon_pkg']
[0.132s] Level 1:colcon.colcon_core.package_identification:_identify(src/robot_motion_interface_ros) by extension 'colcon_pkg'
[0.132s] Level 1:colcon.colcon_core.package_identification:_identify(src/robot_motion_interface_ros) by extensions ['colcon_meta']
[0.132s] Level 1:colcon.colcon_core.package_identification:_identify(src/robot_motion_interface_ros) by extension 'colcon_meta'
[0.132s] Level 1:colcon.colcon_core.package_identification:_identify(src/robot_motion_interface_ros) by extensions ['ros']
[0.132s] Level 1:colcon.colcon_core.package_identification:_identify(src/robot_motion_interface_ros) by extension 'ros'
[0.136s] DEBUG:colcon.colcon_core.package_identification:Package 'src/robot_motion_interface_ros' with type 'ros.ament_python' and name 'robot_motion_interface_ros'
[0.136s] Level 1:colcon.colcon_core.package_identification:_identify(src/robot_motion_interface_ros_msgs) by extensions ['ignore', 'ignore_ament_install']
[0.136s] Level 1:colcon.colcon_core.package_identification:_identify(src/robot_motion_interface_ros_msgs) by extension 'ignore'
[0.136s] Level 1:colcon.colcon_core.package_identification:_identify(src/robot_motion_interface_ros_msgs) by extension 'ignore_ament_install'
[0.136s] Level 1:colcon.colcon_core.package_identification:_identify(src/robot_motion_interface_ros_msgs) by extensions ['colcon_pkg']
[0.136s] Level 1:colcon.colcon_core.package_identification:_identify(src/robot_motion_interface_ros_msgs) by extension 'colcon_pkg'
[0.136s] Level 1:colcon.colcon_core.package_identification:_identify(src/robot_motion_interface_ros_msgs) by extensions ['colcon_meta']
[0.136s] Level 1:colcon.colcon_core.package_identification:_identify(src/robot_motion_interface_ros_msgs) by extension 'colcon_meta'
[0.137s] Level 1:colcon.colcon_core.package_identification:_identify(src/robot_motion_interface_ros_msgs) by extensions ['ros']
[0.137s] Level 1:colcon.colcon_core.package_identification:_identify(src/robot_motion_interface_ros_msgs) by extension 'ros'
[0.137s] DEBUG:colcon.colcon_core.package_identification:Package 'src/robot_motion_interface_ros_msgs' with type 'ros.ament_cmake' and name 'robot_motion_interface_ros_msgs'
[0.137s] Level 1:colcon.colcon_core.package_discovery:discover_packages(recursive) using defaults
[0.137s] Level 1:colcon.colcon_core.package_discovery:discover_packages(ignore) discover
[0.137s] Level 1:colcon.colcon_core.package_discovery:discover_packages(ignore) using defaults
[0.137s] Level 1:colcon.colcon_core.package_discovery:discover_packages(path) discover
[0.137s] Level 1:colcon.colcon_core.package_discovery:discover_packages(path) using defaults
[0.153s] Level 5:colcon.colcon_core.verb:set package 'robot_motion_interface_ros_msgs' build argument 'cmake_args' from command line to 'None'
[0.153s] Level 5:colcon.colcon_core.verb:set package 'robot_motion_interface_ros_msgs' build argument 'cmake_target' from command line to 'None'
[0.153s] Level 5:colcon.colcon_core.verb:set package 'robot_motion_interface_ros_msgs' build argument 'cmake_target_skip_unavailable' from command line to 'False'
[0.153s] Level 5:colcon.colcon_core.verb:set package 'robot_motion_interface_ros_msgs' build argument 'cmake_clean_cache' from command line to 'True'
[0.153s] Level 5:colcon.colcon_core.verb:set package 'robot_motion_interface_ros_msgs' build argument 'cmake_clean_first' from command line to 'False'
[0.153s] Level 5:colcon.colcon_core.verb:set package 'robot_motion_interface_ros_msgs' build argument 'cmake_force_configure' from command line to 'False'
[0.153s] Level 5:colcon.colcon_core.verb:set package 'robot_motion_interface_ros_msgs' build argument 'ament_cmake_args' from command line to 'None'
[0.153s] Level 5:colcon.colcon_core.verb:set package 'robot_motion_interface_ros_msgs' build argument 'catkin_cmake_args' from command line to 'None'
[0.153s] Level 5:colcon.colcon_core.verb:set package 'robot_motion_interface_ros_msgs' build argument 'catkin_skip_building_tests' from command line to 'False'
[0.153s] DEBUG:colcon.colcon_core.verb:Building package 'robot_motion_interface_ros_msgs' with the following arguments: {'ament_cmake_args': None, 'build_base': '/workspace/libs/robot_motion_interface/ros/build/robot_motion_interface_ros_msgs', 'catkin_cmake_args': None, 'catkin_skip_building_tests': False, 'cmake_args': None, 'cmake_clean_cache': True, 'cmake_clean_first': False, 'cmake_force_configure': False, 'cmake_target': None, 'cmake_target_skip_unavailable': False, 'install_base': '/workspace/libs/robot_motion_interface/ros/install/robot_motion_interface_ros_msgs', 'merge_install': False, 'path': '/workspace/libs/robot_motion_interface/ros/src/robot_motion_interface_ros_msgs', 'symlink_install': True, 'test_result_base': None}
[0.153s] Level 5:colcon.colcon_core.verb:set package 'robot_motion_interface_ros' build argument 'cmake_args' from command line to 'None'
[0.153s] Level 5:colcon.colcon_core.verb:set package 'robot_motion_interface_ros' build argument 'cmake_target' from command line to 'None'
[0.153s] Level 5:colcon.colcon_core.verb:set package 'robot_motion_interface_ros' build argument 'cmake_target_skip_unavailable' from command line to 'False'
[0.153s] Level 5:colcon.colcon_core.verb:set package 'robot_motion_interface_ros' build argument 'cmake_clean_cache' from command line to 'True'
[0.153s] Level 5:colcon.colcon_core.verb:set package 'robot_motion_interface_ros' build argument 'cmake_clean_first' from command line to 'False'
[0.153s] Level 5:colcon.colcon_core.verb:set package 'robot_motion_interface_ros' build argument 'cmake_force_configure' from command line to 'False'
[0.153s] Level 5:colcon.colcon_core.verb:set package 'robot_motion_interface_ros' build argument 'ament_cmake_args' from command line to 'None'
[0.153s] Level 5:colcon.colcon_core.verb:set package 'robot_motion_interface_ros' build argument 'catkin_cmake_args' from command line to 'None'
[0.153s] Level 5:colcon.colcon_core.verb:set package 'robot_motion_interface_ros' build argument 'catkin_skip_building_tests' from command line to 'False'
[0.153s] DEBUG:colcon.colcon_core.verb:Building package 'robot_motion_interface_ros' with the following arguments: {'ament_cmake_args': None, 'build_base': '/workspace/libs/robot_motion_interface/ros/build/robot_motion_interface_ros', 'catkin_cmake_args': None, 'catkin_skip_building_tests': False, 'cmake_args': None, 'cmake_clean_cache': True, 'cmake_clean_first': False, 'cmake_force_configure': False, 'cmake_target': None, 'cmake_target_skip_unavailable': False, 'install_base': '/workspace/libs/robot_motion_interface/ros/install/robot_motion_interface_ros', 'merge_install': False, 'path': '/workspace/libs/robot_motion_interface/ros/src/robot_motion_interface_ros', 'symlink_install': True, 'test_result_base': None}
[0.153s] INFO:colcon.colcon_core.executor:Executing jobs using 'parallel' executor
[0.154s] DEBUG:colcon.colcon_parallel_executor.executor.parallel:run_until_complete
[0.154s] INFO:colcon.colcon_ros.task.ament_cmake.build:Building ROS package in '/workspace/libs/robot_motion_interface/ros/src/robot_motion_interface_ros_msgs' with build type 'ament_cmake'
[0.154s] INFO:colcon.colcon_cmake.task.cmake.build:Building CMake package in '/workspace/libs/robot_motion_interface/ros/src/robot_motion_interface_ros_msgs'
[0.155s] INFO:colcon.colcon_core.plugin_system:Skipping extension 'colcon_core.shell.bat': Not used on non-Windows systems
[0.156s] INFO:colcon.colcon_core.shell:Skip shell extension 'powershell' for command environment: Not usable outside of PowerShell
[0.156s] DEBUG:colcon.colcon_core.shell:Skip shell extension 'dsv' for command environment
[0.161s] DEBUG:colcon.colcon_core.event_handler.log_command:Invoking command in '/workspace/libs/robot_motion_interface/ros/build/robot_motion_interface_ros_msgs': CMAKE_PREFIX_PATH=${CMAKE_PREFIX_PATH}:/opt/ros/jazzy /usr/bin/cmake /workspace/libs/robot_motion_interface/ros/src/robot_motion_interface_ros_msgs -DAMENT_CMAKE_SYMLINK_INSTALL=1 -DCMAKE_INSTALL_PREFIX=/workspace/libs/robot_motion_interface/ros/install/robot_motion_interface_ros_msgs
[5.228s] DEBUG:colcon.colcon_core.event_handler.log_command:Invoked command in '/workspace/libs/robot_motion_interface/ros/build/robot_motion_interface_ros_msgs' returned '0': CMAKE_PREFIX_PATH=${CMAKE_PREFIX_PATH}:/opt/ros/jazzy /usr/bin/cmake /workspace/libs/robot_motion_interface/ros/src/robot_motion_interface_ros_msgs -DAMENT_CMAKE_SYMLINK_INSTALL=1 -DCMAKE_INSTALL_PREFIX=/workspace/libs/robot_motion_interface/ros/install/robot_motion_interface_ros_msgs
[5.229s] DEBUG:colcon.colcon_core.event_handler.log_command:Invoking command in '/workspace/libs/robot_motion_interface/ros/build/robot_motion_interface_ros_msgs': CMAKE_PREFIX_PATH=${CMAKE_PREFIX_PATH}:/opt/ros/jazzy /usr/bin/cmake --build /workspace/libs/robot_motion_interface/ros/build/robot_motion_interface_ros_msgs -- -j16 -l16
[9.547s] DEBUG:colcon.colcon_core.event_handler.log_command:Invoked command in '/workspace/libs/robot_motion_interface/ros/build/robot_motion_interface_ros_msgs' returned '0': CMAKE_PREFIX_PATH=${CMAKE_PREFIX_PATH}:/opt/ros/jazzy /usr/bin/cmake --build /workspace/libs/robot_motion_interface/ros/build/robot_motion_interface_ros_msgs -- -j16 -l16
[9.554s] DEBUG:colcon.colcon_core.event_handler.log_command:Invoking command in '/workspace/libs/robot_motion_interface/ros/build/robot_motion_interface_ros_msgs': CMAKE_PREFIX_PATH=${CMAKE_PREFIX_PATH}:/opt/ros/jazzy /usr/bin/cmake --install /workspace/libs/robot_motion_interface/ros/build/robot_motion_interface_ros_msgs
[9.719s] Level 1:colcon.colcon_core.environment:create_environment_scripts_only(robot_motion_interface_ros_msgs)
[9.719s] DEBUG:colcon.colcon_core.event_handler.log_command:Invoked command in '/workspace/libs/robot_motion_interface/ros/build/robot_motion_interface_ros_msgs' returned '0': CMAKE_PREFIX_PATH=${CMAKE_PREFIX_PATH}:/opt/ros/jazzy /usr/bin/cmake --install /workspace/libs/robot_motion_interface/ros/build/robot_motion_interface_ros_msgs
[9.721s] Level 1:colcon.colcon_core.environment:checking '/workspace/libs/robot_motion_interface/ros/install/robot_motion_interface_ros_msgs' for CMake module files
[9.721s] Level 1:colcon.colcon_core.environment:checking '/workspace/libs/robot_motion_interface/ros/install/robot_motion_interface_ros_msgs' for CMake config files
[9.722s] Level 1:colcon.colcon_core.shell:create_environment_hook('robot_motion_interface_ros_msgs', 'cmake_prefix_path')
[9.722s] INFO:colcon.colcon_core.shell:Creating environment hook '/workspace/libs/robot_motion_interface/ros/install/robot_motion_interface_ros_msgs/share/robot_motion_interface_ros_msgs/hook/cmake_prefix_path.ps1'
[9.722s] INFO:colcon.colcon_core.shell:Creating environment descriptor '/workspace/libs/robot_motion_interface/ros/install/robot_motion_interface_ros_msgs/share/robot_motion_interface_ros_msgs/hook/cmake_prefix_path.dsv'
[9.723s] INFO:colcon.colcon_core.shell:Creating environment hook '/workspace/libs/robot_motion_interface/ros/install/robot_motion_interface_ros_msgs/share/robot_motion_interface_ros_msgs/hook/cmake_prefix_path.sh'
[9.723s] Level 1:colcon.colcon_core.environment:checking '/workspace/libs/robot_motion_interface/ros/install/robot_motion_interface_ros_msgs/lib'
[9.723s] Level 1:colcon.colcon_core.shell:create_environment_hook('robot_motion_interface_ros_msgs', 'ld_library_path_lib')
[9.723s] INFO:colcon.colcon_core.shell:Creating environment hook '/workspace/libs/robot_motion_interface/ros/install/robot_motion_interface_ros_msgs/share/robot_motion_interface_ros_msgs/hook/ld_library_path_lib.ps1'
[9.724s] INFO:colcon.colcon_core.shell:Creating environment descriptor '/workspace/libs/robot_motion_interface/ros/install/robot_motion_interface_ros_msgs/share/robot_motion_interface_ros_msgs/hook/ld_library_path_lib.dsv'
[9.724s] INFO:colcon.colcon_core.shell:Creating environment hook '/workspace/libs/robot_motion_interface/ros/install/robot_motion_interface_ros_msgs/share/robot_motion_interface_ros_msgs/hook/ld_library_path_lib.sh'
[9.724s] Level 1:colcon.colcon_core.environment:checking '/workspace/libs/robot_motion_interface/ros/install/robot_motion_interface_ros_msgs/bin'
[9.724s] Level 1:colcon.colcon_core.environment:checking '/workspace/libs/robot_motion_interface/ros/install/robot_motion_interface_ros_msgs/lib/pkgconfig/robot_motion_interface_ros_msgs.pc'
[9.725s] Level 1:colcon.colcon_core.environment:checking '/workspace/libs/robot_motion_interface/ros/install/robot_motion_interface_ros_msgs/lib/python3.12/site-packages'
[9.726s] Level 1:colcon.colcon_core.shell:create_environment_hook('robot_motion_interface_ros_msgs', 'pythonpath')
[9.726s] INFO:colcon.colcon_core.shell:Creating environment hook '/workspace/libs/robot_motion_interface/ros/install/robot_motion_interface_ros_msgs/share/robot_motion_interface_ros_msgs/hook/pythonpath.ps1'
[9.726s] INFO:colcon.colcon_core.shell:Creating environment descriptor '/workspace/libs/robot_motion_interface/ros/install/robot_motion_interface_ros_msgs/share/robot_motion_interface_ros_msgs/hook/pythonpath.dsv'
[9.726s] INFO:colcon.colcon_core.shell:Creating environment hook '/workspace/libs/robot_motion_interface/ros/install/robot_motion_interface_ros_msgs/share/robot_motion_interface_ros_msgs/hook/pythonpath.sh'
[9.726s] Level 1:colcon.colcon_core.environment:checking '/workspace/libs/robot_motion_interface/ros/install/robot_motion_interface_ros_msgs/bin'
[9.727s] INFO:colcon.colcon_core.shell:Creating package script '/workspace/libs/robot_motion_interface/ros/install/robot_motion_interface_ros_msgs/share/robot_motion_interface_ros_msgs/package.ps1'
[9.727s] INFO:colcon.colcon_core.shell:Creating package descriptor '/workspace/libs/robot_motion_interface/ros/install/robot_motion_interface_ros_msgs/share/robot_motion_interface_ros_msgs/package.dsv'
[9.728s] INFO:colcon.colcon_core.shell:Creating package script '/workspace/libs/robot_motion_interface/ros/install/robot_motion_interface_ros_msgs/share/robot_motion_interface_ros_msgs/package.sh'
[9.728s] INFO:colcon.colcon_core.shell:Creating package script '/workspace/libs/robot_motion_interface/ros/install/robot_motion_interface_ros_msgs/share/robot_motion_interface_ros_msgs/package.bash'
[9.728s] INFO:colcon.colcon_core.shell:Creating package script '/workspace/libs/robot_motion_interface/ros/install/robot_motion_interface_ros_msgs/share/robot_motion_interface_ros_msgs/package.zsh'
[9.729s] Level 1:colcon.colcon_core.environment:create_file_with_runtime_dependencies(/workspace/libs/robot_motion_interface/ros/install/robot_motion_interface_ros_msgs/share/colcon-core/packages/robot_motion_interface_ros_msgs)
[9.729s] Level 1:colcon.colcon_core.environment:create_environment_scripts_only(robot_motion_interface_ros_msgs)
[9.729s] Level 1:colcon.colcon_core.environment:checking '/workspace/libs/robot_motion_interface/ros/install/robot_motion_interface_ros_msgs' for CMake module files
[9.730s] Level 1:colcon.colcon_core.environment:checking '/workspace/libs/robot_motion_interface/ros/install/robot_motion_interface_ros_msgs' for CMake config files
[9.730s] Level 1:colcon.colcon_core.shell:create_environment_hook('robot_motion_interface_ros_msgs', 'cmake_prefix_path')
[9.730s] INFO:colcon.colcon_core.shell:Creating environment hook '/workspace/libs/robot_motion_interface/ros/install/robot_motion_interface_ros_msgs/share/robot_motion_interface_ros_msgs/hook/cmake_prefix_path.ps1'
[9.730s] INFO:colcon.colcon_core.shell:Creating environment descriptor '/workspace/libs/robot_motion_interface/ros/install/robot_motion_interface_ros_msgs/share/robot_motion_interface_ros_msgs/hook/cmake_prefix_path.dsv'
[9.731s] INFO:colcon.colcon_core.shell:Creating environment hook '/workspace/libs/robot_motion_interface/ros/install/robot_motion_interface_ros_msgs/share/robot_motion_interface_ros_msgs/hook/cmake_prefix_path.sh'
[9.731s] Level 1:colcon.colcon_core.environment:checking '/workspace/libs/robot_motion_interface/ros/install/robot_motion_interface_ros_msgs/lib'
[9.731s] Level 1:colcon.colcon_core.shell:create_environment_hook('robot_motion_interface_ros_msgs', 'ld_library_path_lib')
[9.731s] INFO:colcon.colcon_core.shell:Creating environment hook '/workspace/libs/robot_motion_interface/ros/install/robot_motion_interface_ros_msgs/share/robot_motion_interface_ros_msgs/hook/ld_library_path_lib.ps1'
[9.731s] INFO:colcon.colcon_core.shell:Creating environment descriptor '/workspace/libs/robot_motion_interface/ros/install/robot_motion_interface_ros_msgs/share/robot_motion_interface_ros_msgs/hook/ld_library_path_lib.dsv'
[9.731s] INFO:colcon.colcon_core.shell:Creating environment hook '/workspace/libs/robot_motion_interface/ros/install/robot_motion_interface_ros_msgs/share/robot_motion_interface_ros_msgs/hook/ld_library_path_lib.sh'
[9.732s] Level 1:colcon.colcon_core.environment:checking '/workspace/libs/robot_motion_interface/ros/install/robot_motion_interface_ros_msgs/bin'
[9.732s] Level 1:colcon.colcon_core.environment:checking '/workspace/libs/robot_motion_interface/ros/install/robot_motion_interface_ros_msgs/lib/pkgconfig/robot_motion_interface_ros_msgs.pc'
[9.732s] Level 1:colcon.colcon_core.environment:checking '/workspace/libs/robot_motion_interface/ros/install/robot_motion_interface_ros_msgs/lib/python3.12/site-packages'
[9.732s] Level 1:colcon.colcon_core.shell:create_environment_hook('robot_motion_interface_ros_msgs', 'pythonpath')
[9.732s] INFO:colcon.colcon_core.shell:Creating environment hook '/workspace/libs/robot_motion_interface/ros/install/robot_motion_interface_ros_msgs/share/robot_motion_interface_ros_msgs/hook/pythonpath.ps1'
[9.732s] INFO:colcon.colcon_core.shell:Creating environment descriptor '/workspace/libs/robot_motion_interface/ros/install/robot_motion_interface_ros_msgs/share/robot_motion_interface_ros_msgs/hook/pythonpath.dsv'
[9.732s] INFO:colcon.colcon_core.shell:Creating environment hook '/workspace/libs/robot_motion_interface/ros/install/robot_motion_interface_ros_msgs/share/robot_motion_interface_ros_msgs/hook/pythonpath.sh'
[9.733s] Level 1:colcon.colcon_core.environment:checking '/workspace/libs/robot_motion_interface/ros/install/robot_motion_interface_ros_msgs/bin'
[9.733s] INFO:colcon.colcon_core.shell:Creating package script '/workspace/libs/robot_motion_interface/ros/install/robot_motion_interface_ros_msgs/share/robot_motion_interface_ros_msgs/package.ps1'
[9.733s] INFO:colcon.colcon_core.shell:Creating package descriptor '/workspace/libs/robot_motion_interface/ros/install/robot_motion_interface_ros_msgs/share/robot_motion_interface_ros_msgs/package.dsv'
[9.734s] INFO:colcon.colcon_core.shell:Creating package script '/workspace/libs/robot_motion_interface/ros/install/robot_motion_interface_ros_msgs/share/robot_motion_interface_ros_msgs/package.sh'
[9.734s] INFO:colcon.colcon_core.shell:Creating package script '/workspace/libs/robot_motion_interface/ros/install/robot_motion_interface_ros_msgs/share/robot_motion_interface_ros_msgs/package.bash'
[9.734s] INFO:colcon.colcon_core.shell:Creating package script '/workspace/libs/robot_motion_interface/ros/install/robot_motion_interface_ros_msgs/share/robot_motion_interface_ros_msgs/package.zsh'
[9.734s] Level 1:colcon.colcon_core.environment:create_file_with_runtime_dependencies(/workspace/libs/robot_motion_interface/ros/install/robot_motion_interface_ros_msgs/share/colcon-core/packages/robot_motion_interface_ros_msgs)
[9.734s] INFO:colcon.colcon_ros.task.ament_python.build:Building ROS package in '/workspace/libs/robot_motion_interface/ros/src/robot_motion_interface_ros' with build type 'ament_python'
[9.735s] Level 1:colcon.colcon_core.shell:create_environment_hook('robot_motion_interface_ros', 'ament_prefix_path')
[9.735s] INFO:colcon.colcon_core.shell:Creating environment hook '/workspace/libs/robot_motion_interface/ros/install/robot_motion_interface_ros/share/robot_motion_interface_ros/hook/ament_prefix_path.ps1'
[9.735s] INFO:colcon.colcon_core.shell:Creating environment descriptor '/workspace/libs/robot_motion_interface/ros/install/robot_motion_interface_ros/share/robot_motion_interface_ros/hook/ament_prefix_path.dsv'
[9.735s] INFO:colcon.colcon_core.shell:Creating environment hook '/workspace/libs/robot_motion_interface/ros/install/robot_motion_interface_ros/share/robot_motion_interface_ros/hook/ament_prefix_path.sh'
[9.736s] INFO:colcon.colcon_core.shell:Skip shell extension 'powershell' for command environment: Not usable outside of PowerShell
[9.736s] DEBUG:colcon.colcon_core.shell:Skip shell extension 'dsv' for command environment
[9.869s] INFO:colcon.colcon_core.task.python.build:Building Python package in '/workspace/libs/robot_motion_interface/ros/src/robot_motion_interface_ros'
[9.870s] INFO:colcon.colcon_core.shell:Skip shell extension 'powershell' for command environment: Not usable outside of PowerShell
[9.870s] DEBUG:colcon.colcon_core.shell:Skip shell extension 'dsv' for command environment
[10.210s] DEBUG:colcon.colcon_core.event_handler.log_command:Invoking command in '/workspace/libs/robot_motion_interface/ros/build/robot_motion_interface_ros': AMENT_PREFIX_PATH=/workspace/libs/robot_motion_interface/ros/install/robot_motion_interface_ros_msgs:${AMENT_PREFIX_PATH} CMAKE_PREFIX_PATH=/workspace/libs/robot_motion_interface/ros/install/robot_motion_interface_ros_msgs:/opt/ros/jazzy/opt/gz_math_vendor:/opt/ros/jazzy/opt/gz_utils_vendor:/opt/ros/jazzy/opt/gz_cmake_vendor:/opt/openrobots LD_LIBRARY_PATH=/workspace/libs/robot_motion_interface/ros/install/robot_motion_interface_ros_msgs/lib:/opt/ros/jazzy/opt/rviz_ogre_vendor/lib:/opt/ros/jazzy/lib/x86_64-linux-gnu:/opt/ros/jazzy/opt/gz_math_vendor/lib:/opt/ros/jazzy/opt/gz_utils_vendor/lib:/opt/ros/jazzy/opt/gz_cmake_vendor/lib:/opt/ros/jazzy/lib:/opt/openrobots/lib PYTHONPATH=/workspace/libs/robot_motion_interface/ros/build/robot_motion_interface_ros/prefix_override:/usr/lib/python3/dist-packages/colcon_core/task/python/colcon_distutils_commands:/workspace/libs/robot_motion_interface/ros/install/robot_motion_interface_ros/lib/python3.12/site-packages:/workspace/libs/robot_motion_interface/ros/install/robot_motion_interface_ros_msgs/lib/python3.12/site-packages:/opt/ros/jazzy/lib/python3.12/site-packages:/opt/openrobots/lib/python3.10/site-packages /usr/bin/python3 -W ignore:setup.py install is deprecated -W ignore:easy_install command is deprecated setup.py develop --editable --build-directory /workspace/libs/robot_motion_interface/ros/build/robot_motion_interface_ros/build --no-deps symlink_data
[10.560s] Level 1:colcon.colcon_core.shell:create_environment_hook('robot_motion_interface_ros', 'pythonpath_develop')
[10.560s] INFO:colcon.colcon_core.shell:Creating environment hook '/workspace/libs/robot_motion_interface/ros/build/robot_motion_interface_ros/share/robot_motion_interface_ros/hook/pythonpath_develop.ps1'
[10.560s] DEBUG:colcon.colcon_core.event_handler.log_command:Invoked command in '/workspace/libs/robot_motion_interface/ros/build/robot_motion_interface_ros' returned '0': AMENT_PREFIX_PATH=/workspace/libs/robot_motion_interface/ros/install/robot_motion_interface_ros_msgs:${AMENT_PREFIX_PATH} CMAKE_PREFIX_PATH=/workspace/libs/robot_motion_interface/ros/install/robot_motion_interface_ros_msgs:/opt/ros/jazzy/opt/gz_math_vendor:/opt/ros/jazzy/opt/gz_utils_vendor:/opt/ros/jazzy/opt/gz_cmake_vendor:/opt/openrobots LD_LIBRARY_PATH=/workspace/libs/robot_motion_interface/ros/install/robot_motion_interface_ros_msgs/lib:/opt/ros/jazzy/opt/rviz_ogre_vendor/lib:/opt/ros/jazzy/lib/x86_64-linux-gnu:/opt/ros/jazzy/opt/gz_math_vendor/lib:/opt/ros/jazzy/opt/gz_utils_vendor/lib:/opt/ros/jazzy/opt/gz_cmake_vendor/lib:/opt/ros/jazzy/lib:/opt/openrobots/lib PYTHONPATH=/workspace/libs/robot_motion_interface/ros/build/robot_motion_interface_ros/prefix_override:/usr/lib/python3/dist-packages/colcon_core/task/python/colcon_distutils_commands:/workspace/libs/robot_motion_interface/ros/install/robot_motion_interface_ros/lib/python3.12/site-packages:/workspace/libs/robot_motion_interface/ros/install/robot_motion_interface_ros_msgs/lib/python3.12/site-packages:/opt/ros/jazzy/lib/python3.12/site-packages:/opt/openrobots/lib/python3.10/site-packages /usr/bin/python3 -W ignore:setup.py install is deprecated -W ignore:easy_install command is deprecated setup.py develop --editable --build-directory /workspace/libs/robot_motion_interface/ros/build/robot_motion_interface_ros/build --no-deps symlink_data
[10.561s] INFO:colcon.colcon_core.shell:Creating environment descriptor '/workspace/libs/robot_motion_interface/ros/build/robot_motion_interface_ros/share/robot_motion_interface_ros/hook/pythonpath_develop.dsv'
[10.561s] INFO:colcon.colcon_core.shell:Creating environment hook '/workspace/libs/robot_motion_interface/ros/build/robot_motion_interface_ros/share/robot_motion_interface_ros/hook/pythonpath_develop.sh'
[10.561s] Level 1:colcon.colcon_core.environment:checking '/workspace/libs/robot_motion_interface/ros/install/robot_motion_interface_ros' for CMake module files
[10.562s] Level 1:colcon.colcon_core.environment:checking '/workspace/libs/robot_motion_interface/ros/install/robot_motion_interface_ros' for CMake config files
[10.562s] Level 1:colcon.colcon_core.environment:checking '/workspace/libs/robot_motion_interface/ros/install/robot_motion_interface_ros/lib'
[10.562s] Level 1:colcon.colcon_core.environment:checking '/workspace/libs/robot_motion_interface/ros/install/robot_motion_interface_ros/bin'
[10.562s] Level 1:colcon.colcon_core.environment:checking '/workspace/libs/robot_motion_interface/ros/install/robot_motion_interface_ros/lib/pkgconfig/robot_motion_interface_ros.pc'
[10.563s] Level 1:colcon.colcon_core.environment:checking '/workspace/libs/robot_motion_interface/ros/install/robot_motion_interface_ros/lib/python3.12/site-packages'
[10.563s] Level 1:colcon.colcon_core.shell:create_environment_hook('robot_motion_interface_ros', 'pythonpath')
[10.563s] INFO:colcon.colcon_core.shell:Creating environment hook '/workspace/libs/robot_motion_interface/ros/install/robot_motion_interface_ros/share/robot_motion_interface_ros/hook/pythonpath.ps1'
[10.563s] INFO:colcon.colcon_core.shell:Creating environment descriptor '/workspace/libs/robot_motion_interface/ros/install/robot_motion_interface_ros/share/robot_motion_interface_ros/hook/pythonpath.dsv'
[10.563s] INFO:colcon.colcon_core.shell:Creating environment hook '/workspace/libs/robot_motion_interface/ros/install/robot_motion_interface_ros/share/robot_motion_interface_ros/hook/pythonpath.sh'
[10.564s] Level 1:colcon.colcon_core.environment:checking '/workspace/libs/robot_motion_interface/ros/install/robot_motion_interface_ros/bin'
[10.564s] Level 1:colcon.colcon_core.environment:create_environment_scripts_only(robot_motion_interface_ros)
[10.564s] INFO:colcon.colcon_core.shell:Creating package script '/workspace/libs/robot_motion_interface/ros/install/robot_motion_interface_ros/share/robot_motion_interface_ros/package.ps1'
[10.565s] INFO:colcon.colcon_core.shell:Creating package descriptor '/workspace/libs/robot_motion_interface/ros/install/robot_motion_interface_ros/share/robot_motion_interface_ros/package.dsv'
[10.565s] INFO:colcon.colcon_core.shell:Creating package script '/workspace/libs/robot_motion_interface/ros/install/robot_motion_interface_ros/share/robot_motion_interface_ros/package.sh'
[10.566s] INFO:colcon.colcon_core.shell:Creating package script '/workspace/libs/robot_motion_interface/ros/install/robot_motion_interface_ros/share/robot_motion_interface_ros/package.bash'
[10.566s] INFO:colcon.colcon_core.shell:Creating package script '/workspace/libs/robot_motion_interface/ros/install/robot_motion_interface_ros/share/robot_motion_interface_ros/package.zsh'
[10.566s] Level 1:colcon.colcon_core.environment:create_file_with_runtime_dependencies(/workspace/libs/robot_motion_interface/ros/install/robot_motion_interface_ros/share/colcon-core/packages/robot_motion_interface_ros)
[10.566s] DEBUG:colcon.colcon_parallel_executor.executor.parallel:closing loop
[10.566s] DEBUG:colcon.colcon_parallel_executor.executor.parallel:loop closed
[10.567s] DEBUG:colcon.colcon_parallel_executor.executor.parallel:run_until_complete finished with '0'
[10.567s] DEBUG:colcon.colcon_core.event_reactor:joining thread
[10.571s] INFO:colcon.colcon_core.plugin_system:Skipping extension 'colcon_notification.desktop_notification.notify_send': Could not find 'notify-send'
[10.571s] INFO:colcon.colcon_core.plugin_system:Skipping extension 'colcon_notification.desktop_notification.terminal_notifier': Not used on non-Darwin systems
[10.571s] INFO:colcon.colcon_core.plugin_system:Skipping extension 'colcon_notification.desktop_notification.win32': Not used on non-Windows systems
[10.571s] INFO:colcon.colcon_notification.desktop_notification:Sending desktop notification using 'notify2'
[10.574s] DEBUG:colcon.colcon_notification.desktop_notification.notify2:Failed to initialize notify2: org.freedesktop.DBus.Error.Spawn.ExecFailed: /usr/bin/dbus-launch terminated abnormally without any error message
[10.574s] DEBUG:colcon.colcon_core.event_reactor:joined thread
[10.574s] INFO:colcon.colcon_core.shell:Creating prefix script '/workspace/libs/robot_motion_interface/ros/install/local_setup.ps1'
[10.575s] INFO:colcon.colcon_core.shell:Creating prefix util module '/workspace/libs/robot_motion_interface/ros/install/_local_setup_util_ps1.py'
[10.576s] INFO:colcon.colcon_core.shell:Creating prefix chain script '/workspace/libs/robot_motion_interface/ros/install/setup.ps1'
[10.577s] INFO:colcon.colcon_core.shell:Creating prefix script '/workspace/libs/robot_motion_interface/ros/install/local_setup.sh'
[10.578s] INFO:colcon.colcon_core.shell:Creating prefix util module '/workspace/libs/robot_motion_interface/ros/install/_local_setup_util_sh.py'
[10.578s] INFO:colcon.colcon_core.shell:Creating prefix chain script '/workspace/libs/robot_motion_interface/ros/install/setup.sh'
[10.579s] INFO:colcon.colcon_core.shell:Creating prefix script '/workspace/libs/robot_motion_interface/ros/install/local_setup.bash'
[10.579s] INFO:colcon.colcon_core.shell:Creating prefix chain script '/workspace/libs/robot_motion_interface/ros/install/setup.bash'
[10.579s] INFO:colcon.colcon_core.shell:Creating prefix script '/workspace/libs/robot_motion_interface/ros/install/local_setup.zsh'
[10.580s] INFO:colcon.colcon_core.shell:Creating prefix chain script '/workspace/libs/robot_motion_interface/ros/install/setup.zsh'
