[0.010s] Invoking command in '/workspace/libs/robot_motion_interface/ros/build/robot_motion_interface_ros_msgs': CMAKE_PREFIX_PATH=${CMAKE_PREFIX_PATH}:/opt/ros/jazzy PS1=(venv-dex) \[\e]0;\u@\h: \w\a\]${debian_chroot:+($debian_chroot)}\u@\h:\w\$ VIRTUAL_ENV_PROMPT=(venv-dex) /usr/bin/cmake /workspace/libs/robot_motion_interface/ros/src/robot_motion_interface_ros_msgs -DAMENT_CMAKE_SYMLINK_INSTALL=1 -DCMAKE_INSTALL_PREFIX=/workspace/libs/robot_motion_interface/ros/install/robot_motion_interface_ros_msgs
[0.034s] -- Found ament_cmake: 2.5.4 (/opt/ros/jazzy/share/ament_cmake/cmake)
[0.422s] -- Override CMake install command with custom implementation using symlinks instead of copying resources
[0.432s] -- Found rosidl_default_generators: 1.6.0 (/opt/ros/jazzy/share/rosidl_default_generators/cmake)
[0.434s] -- Using all available rosidl_typesupport_c: rosidl_typesupport_fastrtps_c;rosidl_typesupport_introspection_c
[0.464s] -- Using all available rosidl_typesupport_cpp: rosidl_typesupport_fastrtps_cpp;rosidl_typesupport_introspection_cpp
[0.489s] -- Found rosidl_adapter: 4.6.6 (/opt/ros/jazzy/share/rosidl_adapter/cmake)
[0.492s] -- Found geometry_msgs: 5.3.6 (/opt/ros/jazzy/share/geometry_msgs/cmake)
[0.526s] -- Found sensor_msgs: 5.3.6 (/opt/ros/jazzy/share/sensor_msgs/cmake)
[0.969s] [31mCMake Error at /opt/ros/jazzy/share/rosidl_adapter/cmake/rosidl_adapt_interfaces.cmake:57 (message):
[0.969s]   execute_process(/opt/venv-dex/bin/python3 -m rosidl_adapter --package-name
[0.969s]   robot_motion_interface_ros_msgs --arguments-file
[0.969s]   /workspace/libs/robot_motion_interface/ros/build/robot_motion_interface_ros_msgs/rosidl_adapter__arguments__robot_motion_interface_ros_msgs.json
[0.970s]   --output-dir
[0.970s]   /workspace/libs/robot_motion_interface/ros/build/robot_motion_interface_ros_msgs/rosidl_adapter/robot_motion_interface_ros_msgs
[0.970s]   --output-file
[0.970s]   /workspace/libs/robot_motion_interface/ros/build/robot_motion_interface_ros_msgs/rosidl_adapter/robot_motion_interface_ros_msgs.idls)
[0.970s]   returned error code 1:
[0.970s] 
[0.970s]   Traceback (most recent call last):
[0.970s] 
[0.970s]     File "<frozen runpy>", line 198, in _run_module_as_main
[0.970s]     File "<frozen runpy>", line 88, in _run_code
[0.970s]     File "/opt/ros/jazzy/lib/python3.12/site-packages/rosidl_adapter/__main__.py", line 19, in <module>
[0.970s]       sys.exit(main())
[0.970s]                ^^^^^^
[0.970s]     File "/opt/ros/jazzy/lib/python3.12/site-packages/rosidl_adapter/main.py", line 53, in main
[0.970s]       abs_idl_file = convert_to_idl(
[0.970s]                      ^^^^^^^^^^^^^^^
[0.970s]     File "/opt/ros/jazzy/lib/python3.12/site-packages/rosidl_adapter/__init__.py", line 28, in convert_to_idl
[0.970s]       from rosidl_adapter.action import convert_action_to_idl
[0.970s]     File "/opt/ros/jazzy/lib/python3.12/site-packages/rosidl_adapter/action/__init__.py", line 16, in <module>
[0.970s]       from rosidl_adapter.resource import expand_template
[0.970s]     File "/opt/ros/jazzy/lib/python3.12/site-packages/rosidl_adapter/resource/__init__.py", line 19, in <module>
[0.970s]       import em
[0.970s] 
[0.971s]   ModuleNotFoundError: No module named 'em'
[0.971s] 
[0.971s] Call Stack (most recent call first):
[0.971s]   /opt/ros/jazzy/share/rosidl_cmake/cmake/rosidl_generate_interfaces.cmake:132 (rosidl_adapt_interfaces)
[0.971s]   CMakeLists.txt:17 (rosidl_generate_interfaces)
[0.971s] 
[0.971s] [0m
[0.971s] -- Configuring incomplete, errors occurred!
[0.976s] Invoked command in '/workspace/libs/robot_motion_interface/ros/build/robot_motion_interface_ros_msgs' returned '1': CMAKE_PREFIX_PATH=${CMAKE_PREFIX_PATH}:/opt/ros/jazzy PS1=(venv-dex) \[\e]0;\u@\h: \w\a\]${debian_chroot:+($debian_chroot)}\u@\h:\w\$ VIRTUAL_ENV_PROMPT=(venv-dex) /usr/bin/cmake /workspace/libs/robot_motion_interface/ros/src/robot_motion_interface_ros_msgs -DAMENT_CMAKE_SYMLINK_INSTALL=1 -DCMAKE_INSTALL_PREFIX=/workspace/libs/robot_motion_interface/ros/install/robot_motion_interface_ros_msgs
