[0.000000] (-) TimerEvent: {}
[0.000573] (robot_motion_interface_ros_msgs) JobQueued: {'identifier': 'robot_motion_interface_ros_msgs', 'dependencies': OrderedDict()}
[0.000651] (robot_motion_interface_ros) JobQueued: {'identifier': 'robot_motion_interface_ros', 'dependencies': OrderedDict({'robot_motion_interface_ros_msgs': '/workspace/libs/robot_motion_interface/ros/install/robot_motion_interface_ros_msgs'})}
[0.000749] (robot_motion_interface_ros_msgs) JobStarted: {'identifier': 'robot_motion_interface_ros_msgs'}
[0.010159] (robot_motion_interface_ros_msgs) JobProgress: {'identifier': 'robot_motion_interface_ros_msgs', 'progress': 'cmake'}
[0.010511] (robot_motion_interface_ros_msgs) Command: {'cmd': ['/usr/bin/cmake', '/workspace/libs/robot_motion_interface/ros/src/robot_motion_interface_ros_msgs', '-DAMENT_CMAKE_SYMLINK_INSTALL=1', '-DCMAKE_INSTALL_PREFIX=/workspace/libs/robot_motion_interface/ros/install/robot_motion_interface_ros_msgs'], 'cwd': '/workspace/libs/robot_motion_interface/ros/build/robot_motion_interface_ros_msgs', 'env': OrderedDict({'HOSTNAME': 'pop-os', 'SHLVL': '1', 'LD_LIBRARY_PATH': '/opt/ros/jazzy/lib/x86_64-linux-gnu:/opt/ros/jazzy/lib:/opt/openrobots/lib:', 'HOME': '/root', 'OLDPWD': '/workspace', 'ROS_PYTHON_VERSION': '3', 'ROS_DISTRO': 'jazzy', '_': '/usr/bin/colcon', 'ROS_VERSION': '2', 'PKG_CONFIG_PATH': '/opt/openrobots/lib/pkgconfig:', 'PIP_BREAK_SYSTEM_PACKAGES': '1', 'TERM': 'xterm', 'PATH': '/opt/ros/jazzy/bin:/root/.cargo/bin:/opt/openrobots/bin:/usr/local/sbin:/usr/local/bin:/usr/sbin:/usr/bin:/sbin:/bin', 'DISPLAY': ':1', 'LANG': 'C.UTF-8', 'RMW_IMPLEMENTATION': 'rmw_fastrtps_cpp', 'AMENT_PREFIX_PATH': '/opt/ros/jazzy', 'DEBIAN_FRONTEND': 'noninteractive', 'ROS_AUTOMATIC_DISCOVERY_RANGE': 'SUBNET', 'PWD': '/workspace/libs/robot_motion_interface/ros/build/robot_motion_interface_ros_msgs', 'LC_ALL': 'C.UTF-8', 'PYTHONPATH': '/opt/ros/jazzy/lib/python3.12/site-packages:/opt/openrobots/lib/python3.10/site-packages:', 'COLCON': '1', 'CMAKE_PREFIX_PATH': '/opt/openrobots::/opt/ros/jazzy'}), 'shell': False}
[0.099878] (-) TimerEvent: {}
[0.128276] (robot_motion_interface_ros_msgs) StdoutLine: {'line': b'-- The C compiler identification is GNU 13.3.0\n'}
[0.189358] (robot_motion_interface_ros_msgs) StdoutLine: {'line': b'-- The CXX compiler identification is GNU 13.3.0\n'}
[0.199975] (-) TimerEvent: {}
[0.203477] (robot_motion_interface_ros_msgs) StdoutLine: {'line': b'-- Detecting C compiler ABI info\n'}
[0.275573] (robot_motion_interface_ros_msgs) StdoutLine: {'line': b'-- Detecting C compiler ABI info - done\n'}
[0.283055] (robot_motion_interface_ros_msgs) StdoutLine: {'line': b'-- Check for working C compiler: /usr/bin/cc - skipped\n'}
[0.283314] (robot_motion_interface_ros_msgs) StdoutLine: {'line': b'-- Detecting C compile features\n'}
[0.283730] (robot_motion_interface_ros_msgs) StdoutLine: {'line': b'-- Detecting C compile features - done\n'}
[0.293307] (robot_motion_interface_ros_msgs) StdoutLine: {'line': b'-- Detecting CXX compiler ABI info\n'}
[0.300077] (-) TimerEvent: {}
[0.373429] (robot_motion_interface_ros_msgs) StdoutLine: {'line': b'-- Detecting CXX compiler ABI info - done\n'}
[0.380113] (robot_motion_interface_ros_msgs) StdoutLine: {'line': b'-- Check for working CXX compiler: /usr/bin/c++ - skipped\n'}
[0.380334] (robot_motion_interface_ros_msgs) StdoutLine: {'line': b'-- Detecting CXX compile features\n'}
[0.380655] (robot_motion_interface_ros_msgs) StdoutLine: {'line': b'-- Detecting CXX compile features - done\n'}
[0.388532] (robot_motion_interface_ros_msgs) StdoutLine: {'line': b'-- Found ament_cmake: 2.5.5 (/opt/ros/jazzy/share/ament_cmake/cmake)\n'}
[0.400189] (-) TimerEvent: {}
[0.500486] (-) TimerEvent: {}
[0.600748] (-) TimerEvent: {}
[0.648975] (robot_motion_interface_ros_msgs) StdoutLine: {'line': b'-- Found Python3: /usr/bin/python3 (found version "3.12.3") found components: Interpreter \n'}
[0.700855] (-) TimerEvent: {}
[0.708276] (robot_motion_interface_ros_msgs) StdoutLine: {'line': b'-- Override CMake install command with custom implementation using symlinks instead of copying resources\n'}
[0.733208] (robot_motion_interface_ros_msgs) StdoutLine: {'line': b'-- Found rosidl_default_generators: 1.6.0 (/opt/ros/jazzy/share/rosidl_default_generators/cmake)\n'}
[0.738192] (robot_motion_interface_ros_msgs) StdoutLine: {'line': b'-- Using all available rosidl_typesupport_c: rosidl_typesupport_fastrtps_c;rosidl_typesupport_introspection_c\n'}
[0.792637] (robot_motion_interface_ros_msgs) StdoutLine: {'line': b'-- Using all available rosidl_typesupport_cpp: rosidl_typesupport_fastrtps_cpp;rosidl_typesupport_introspection_cpp\n'}
[0.800986] (-) TimerEvent: {}
[0.831237] (robot_motion_interface_ros_msgs) StdoutLine: {'line': b'-- Found rosidl_adapter: 4.6.7 (/opt/ros/jazzy/share/rosidl_adapter/cmake)\n'}
[0.834180] (robot_motion_interface_ros_msgs) StdoutLine: {'line': b'-- Found geometry_msgs: 5.3.6 (/opt/ros/jazzy/share/geometry_msgs/cmake)\n'}
[0.876385] (robot_motion_interface_ros_msgs) StdoutLine: {'line': b'-- Found sensor_msgs: 5.3.6 (/opt/ros/jazzy/share/sensor_msgs/cmake)\n'}
[0.901114] (-) TimerEvent: {}
[1.001380] (-) TimerEvent: {}
[1.101610] (-) TimerEvent: {}
[1.201845] (-) TimerEvent: {}
[1.302165] (-) TimerEvent: {}
[1.402807] (-) TimerEvent: {}
[1.502943] (-) TimerEvent: {}
[1.603160] (-) TimerEvent: {}
[1.703388] (-) TimerEvent: {}
[1.803600] (-) TimerEvent: {}
[1.903831] (-) TimerEvent: {}
[2.004092] (-) TimerEvent: {}
[2.104281] (-) TimerEvent: {}
[2.156150] (robot_motion_interface_ros_msgs) StdoutLine: {'line': b'-- Found ament_cmake_ros: 0.12.0 (/opt/ros/jazzy/share/ament_cmake_ros/cmake)\n'}
[2.204384] (-) TimerEvent: {}
[2.304609] (-) TimerEvent: {}
[2.404849] (-) TimerEvent: {}
[2.505058] (-) TimerEvent: {}
[2.605288] (-) TimerEvent: {}
[2.705500] (-) TimerEvent: {}
[2.805760] (-) TimerEvent: {}
[2.906030] (-) TimerEvent: {}
[3.006260] (-) TimerEvent: {}
[3.106434] (-) TimerEvent: {}
[3.177955] (robot_motion_interface_ros_msgs) StdoutLine: {'line': b'-- Using all available rosidl_typesupport_c: rosidl_typesupport_fastrtps_c;rosidl_typesupport_introspection_c\n'}
[3.206547] (-) TimerEvent: {}
[3.306762] (-) TimerEvent: {}
[3.407075] (-) TimerEvent: {}
[3.507735] (-) TimerEvent: {}
[3.607925] (-) TimerEvent: {}
[3.708168] (-) TimerEvent: {}
[3.808416] (-) TimerEvent: {}
[3.908762] (-) TimerEvent: {}
[4.009318] (-) TimerEvent: {}
[4.109532] (-) TimerEvent: {}
[4.209755] (-) TimerEvent: {}
[4.309973] (-) TimerEvent: {}
[4.410187] (-) TimerEvent: {}
[4.510475] (-) TimerEvent: {}
[4.610921] (-) TimerEvent: {}
[4.620521] (robot_motion_interface_ros_msgs) StdoutLine: {'line': b'-- Using all available rosidl_typesupport_cpp: rosidl_typesupport_fastrtps_cpp;rosidl_typesupport_introspection_cpp\n'}
[4.632869] (robot_motion_interface_ros_msgs) StdoutLine: {'line': b'-- Found python_cmake_module: 0.11.1 (/opt/ros/jazzy/share/python_cmake_module/cmake)\n'}
[4.711007] (-) TimerEvent: {}
[4.811216] (-) TimerEvent: {}
[4.911421] (-) TimerEvent: {}
[4.930956] (robot_motion_interface_ros_msgs) StdoutLine: {'line': b'-- Found PythonExtra: /usr/bin/python3  \n'}
[5.011501] (-) TimerEvent: {}
[5.111689] (-) TimerEvent: {}
[5.211892] (-) TimerEvent: {}
[5.312304] (-) TimerEvent: {}
[5.412501] (-) TimerEvent: {}
[5.512706] (-) TimerEvent: {}
[5.612983] (-) TimerEvent: {}
[5.713161] (-) TimerEvent: {}
[5.731540] (robot_motion_interface_ros_msgs) StdoutLine: {'line': b'-- Found Python3: /usr/bin/python3 (found version "3.12.3") found components: Interpreter Development NumPy Development.Module Development.Embed \n'}
[5.813237] (-) TimerEvent: {}
[5.839311] (robot_motion_interface_ros_msgs) StdoutLine: {'line': b'-- Found ament_lint_auto: 0.17.4 (/opt/ros/jazzy/share/ament_lint_auto/cmake)\n'}
[5.858202] (robot_motion_interface_ros_msgs) StdoutLine: {'line': b"-- Added test 'lint_cmake' to check CMake code style\n"}
[5.859635] (robot_motion_interface_ros_msgs) StdoutLine: {'line': b"-- Added test 'xmllint' to check XML markup files\n"}
[5.863061] (robot_motion_interface_ros_msgs) StdoutLine: {'line': b'-- Configuring done (5.8s)\n'}
[5.909379] (robot_motion_interface_ros_msgs) StdoutLine: {'line': b'-- Generating done (0.0s)\n'}
[5.913311] (-) TimerEvent: {}
[5.918265] (robot_motion_interface_ros_msgs) StdoutLine: {'line': b'-- Build files have been written to: /workspace/libs/robot_motion_interface/ros/build/robot_motion_interface_ros_msgs\n'}
[5.925582] (robot_motion_interface_ros_msgs) CommandEnded: {'returncode': 0}
[5.926527] (robot_motion_interface_ros_msgs) JobProgress: {'identifier': 'robot_motion_interface_ros_msgs', 'progress': 'build'}
[5.926574] (robot_motion_interface_ros_msgs) Command: {'cmd': ['/usr/bin/cmake', '--build', '/workspace/libs/robot_motion_interface/ros/build/robot_motion_interface_ros_msgs', '--', '-j16', '-l16'], 'cwd': '/workspace/libs/robot_motion_interface/ros/build/robot_motion_interface_ros_msgs', 'env': OrderedDict({'HOSTNAME': 'pop-os', 'SHLVL': '1', 'LD_LIBRARY_PATH': '/opt/ros/jazzy/lib/x86_64-linux-gnu:/opt/ros/jazzy/lib:/opt/openrobots/lib:', 'HOME': '/root', 'OLDPWD': '/workspace', 'ROS_PYTHON_VERSION': '3', 'ROS_DISTRO': 'jazzy', '_': '/usr/bin/colcon', 'ROS_VERSION': '2', 'PKG_CONFIG_PATH': '/opt/openrobots/lib/pkgconfig:', 'PIP_BREAK_SYSTEM_PACKAGES': '1', 'TERM': 'xterm', 'PATH': '/opt/ros/jazzy/bin:/root/.cargo/bin:/opt/openrobots/bin:/usr/local/sbin:/usr/local/bin:/usr/sbin:/usr/bin:/sbin:/bin', 'DISPLAY': ':1', 'LANG': 'C.UTF-8', 'RMW_IMPLEMENTATION': 'rmw_fastrtps_cpp', 'AMENT_PREFIX_PATH': '/opt/ros/jazzy', 'DEBIAN_FRONTEND': 'noninteractive', 'ROS_AUTOMATIC_DISCOVERY_RANGE': 'SUBNET', 'PWD': '/workspace/libs/robot_motion_interface/ros/build/robot_motion_interface_ros_msgs', 'LC_ALL': 'C.UTF-8', 'PYTHONPATH': '/opt/ros/jazzy/lib/python3.12/site-packages:/opt/openrobots/lib/python3.10/site-packages:', 'COLCON': '1', 'CMAKE_PREFIX_PATH': '/opt/openrobots::/opt/ros/jazzy'}), 'shell': False}
[5.961636] (robot_motion_interface_ros_msgs) StdoutLine: {'line': b'[  1%] \x1b[34m\x1b[1mGenerating type hashes for ROS interfaces\x1b[0m\n'}
[5.965920] (robot_motion_interface_ros_msgs) StdoutLine: {'line': b'[  1%] Built target ament_cmake_python_symlink_robot_motion_interface_ros_msgs\n'}
[6.013423] (-) TimerEvent: {}
[6.095629] (robot_motion_interface_ros_msgs) StdoutLine: {'line': b'running egg_info\n'}
[6.101702] (robot_motion_interface_ros_msgs) StdoutLine: {'line': b'writing robot_motion_interface_ros_msgs.egg-info/PKG-INFO\n'}
[6.101907] (robot_motion_interface_ros_msgs) StdoutLine: {'line': b'writing dependency_links to robot_motion_interface_ros_msgs.egg-info/dependency_links.txt\n'}
[6.102053] (robot_motion_interface_ros_msgs) StdoutLine: {'line': b'writing top-level names to robot_motion_interface_ros_msgs.egg-info/top_level.txt\n'}
[6.113501] (-) TimerEvent: {}
[6.123637] (robot_motion_interface_ros_msgs) StdoutLine: {'line': b"reading manifest file 'robot_motion_interface_ros_msgs.egg-info/SOURCES.txt'\n"}
[6.124300] (robot_motion_interface_ros_msgs) StdoutLine: {'line': b"writing manifest file 'robot_motion_interface_ros_msgs.egg-info/SOURCES.txt'\n"}
[6.145691] (robot_motion_interface_ros_msgs) StdoutLine: {'line': b'[  1%] Built target ament_cmake_python_build_robot_motion_interface_ros_msgs_egg\n'}
[6.198745] (robot_motion_interface_ros_msgs) StdoutLine: {'line': b'[  1%] Built target robot_motion_interface_ros_msgs__rosidl_generator_type_description\n'}
[6.206059] (robot_motion_interface_ros_msgs) StdoutLine: {'line': b'[  2%] \x1b[34m\x1b[1mGenerating C code for ROS interfaces\x1b[0m\n'}
[6.213580] (-) TimerEvent: {}
[6.214375] (robot_motion_interface_ros_msgs) StdoutLine: {'line': b'[  4%] \x1b[34m\x1b[1mGenerating C++ code for ROS interfaces\x1b[0m\n'}
[6.313706] (-) TimerEvent: {}
[6.413991] (-) TimerEvent: {}
[6.514298] (-) TimerEvent: {}
[6.614581] (-) TimerEvent: {}
[6.714843] (-) TimerEvent: {}
[6.815091] (-) TimerEvent: {}
[6.853367] (robot_motion_interface_ros_msgs) StdoutLine: {'line': b'[  4%] Built target robot_motion_interface_ros_msgs__cpp\n'}
[6.915192] (-) TimerEvent: {}
[6.959714] (robot_motion_interface_ros_msgs) StdoutLine: {'line': b'[  8%] \x1b[32mBuilding C object CMakeFiles/robot_motion_interface_ros_msgs__rosidl_generator_c.dir/rosidl_generator_c/robot_motion_interface_ros_msgs/msg/detail/object_pose__description.c.o\x1b[0m\n'}
[6.962435] (robot_motion_interface_ros_msgs) StdoutLine: {'line': b'[  8%] \x1b[32mBuilding C object CMakeFiles/robot_motion_interface_ros_msgs__rosidl_generator_c.dir/rosidl_generator_c/robot_motion_interface_ros_msgs/action/detail/set_joint_positions__functions.c.o\x1b[0m\n'}
[6.962741] (robot_motion_interface_ros_msgs) StdoutLine: {'line': b'[  8%] \x1b[32mBuilding C object CMakeFiles/robot_motion_interface_ros_msgs__rosidl_generator_c.dir/rosidl_generator_c/robot_motion_interface_ros_msgs/action/detail/home__type_support.c.o\x1b[0m\n'}
[6.962955] (robot_motion_interface_ros_msgs) StdoutLine: {'line': b'[  9%] \x1b[32mBuilding C object CMakeFiles/robot_motion_interface_ros_msgs__rosidl_generator_c.dir/rosidl_generator_c/robot_motion_interface_ros_msgs/msg/detail/object_pose__type_support.c.o\x1b[0m\n'}
[6.963163] (robot_motion_interface_ros_msgs) StdoutLine: {'line': b'[ 10%] \x1b[32mBuilding C object CMakeFiles/robot_motion_interface_ros_msgs__rosidl_generator_c.dir/rosidl_generator_c/robot_motion_interface_ros_msgs/msg/detail/object_poses__functions.c.o\x1b[0m\n'}
[6.966636] (robot_motion_interface_ros_msgs) StdoutLine: {'line': b'[ 12%] \x1b[32mBuilding C object CMakeFiles/robot_motion_interface_ros_msgs__rosidl_generator_c.dir/rosidl_generator_c/robot_motion_interface_ros_msgs/action/detail/home__description.c.o\x1b[0m\n'}
[6.967324] (robot_motion_interface_ros_msgs) StdoutLine: {'line': b'[ 13%] \x1b[32mBuilding C object CMakeFiles/robot_motion_interface_ros_msgs__rosidl_generator_c.dir/rosidl_generator_c/robot_motion_interface_ros_msgs/action/detail/set_cartesian_pose__description.c.o\x1b[0m\n'}
[6.968717] (robot_motion_interface_ros_msgs) StdoutLine: {'line': b'[ 14%] \x1b[32mBuilding C object CMakeFiles/robot_motion_interface_ros_msgs__rosidl_generator_c.dir/rosidl_generator_c/robot_motion_interface_ros_msgs/action/detail/set_joint_positions__type_support.c.o\x1b[0m\n'}
[6.969937] (robot_motion_interface_ros_msgs) StdoutLine: {'line': b'[ 16%] \x1b[32mBuilding C object CMakeFiles/robot_motion_interface_ros_msgs__rosidl_generator_c.dir/rosidl_generator_c/robot_motion_interface_ros_msgs/action/detail/home__functions.c.o\x1b[0m\n'}
[6.970762] (robot_motion_interface_ros_msgs) StdoutLine: {'line': b'[ 17%] \x1b[32mBuilding C object CMakeFiles/robot_motion_interface_ros_msgs__rosidl_generator_c.dir/rosidl_generator_c/robot_motion_interface_ros_msgs/msg/detail/object_pose__functions.c.o\x1b[0m\n'}
[6.972957] (robot_motion_interface_ros_msgs) StdoutLine: {'line': b'[ 18%] \x1b[32mBuilding C object CMakeFiles/robot_motion_interface_ros_msgs__rosidl_generator_c.dir/rosidl_generator_c/robot_motion_interface_ros_msgs/msg/detail/object_poses__description.c.o\x1b[0m\n'}
[6.973335] (robot_motion_interface_ros_msgs) StdoutLine: {'line': b'[ 20%] \x1b[32mBuilding C object CMakeFiles/robot_motion_interface_ros_msgs__rosidl_generator_c.dir/rosidl_generator_c/robot_motion_interface_ros_msgs/action/detail/set_cartesian_pose__functions.c.o\x1b[0m\n'}
[6.973532] (robot_motion_interface_ros_msgs) StdoutLine: {'line': b'[ 21%] \x1b[32mBuilding C object CMakeFiles/robot_motion_interface_ros_msgs__rosidl_generator_c.dir/rosidl_generator_c/robot_motion_interface_ros_msgs/action/detail/set_cartesian_pose__type_support.c.o\x1b[0m\n'}
[6.973783] (robot_motion_interface_ros_msgs) StdoutLine: {'line': b'[ 22%] \x1b[32mBuilding C object CMakeFiles/robot_motion_interface_ros_msgs__rosidl_generator_c.dir/rosidl_generator_c/robot_motion_interface_ros_msgs/action/detail/set_joint_positions__description.c.o\x1b[0m\n'}
[6.975740] (robot_motion_interface_ros_msgs) StdoutLine: {'line': b'[ 24%] \x1b[32mBuilding C object CMakeFiles/robot_motion_interface_ros_msgs__rosidl_generator_c.dir/rosidl_generator_c/robot_motion_interface_ros_msgs/msg/detail/object_poses__type_support.c.o\x1b[0m\n'}
[7.015298] (-) TimerEvent: {}
[7.100670] (robot_motion_interface_ros_msgs) StdoutLine: {'line': b'[ 25%] \x1b[32m\x1b[1mLinking C shared library librobot_motion_interface_ros_msgs__rosidl_generator_c.so\x1b[0m\n'}
[7.115447] (-) TimerEvent: {}
[7.136792] (robot_motion_interface_ros_msgs) StdoutLine: {'line': b'[ 25%] Built target robot_motion_interface_ros_msgs__rosidl_generator_c\n'}
[7.145859] (robot_motion_interface_ros_msgs) StdoutLine: {'line': b'[ 28%] \x1b[34m\x1b[1mGenerating C++ type support dispatch for ROS interfaces\x1b[0m\n'}
[7.146090] (robot_motion_interface_ros_msgs) StdoutLine: {'line': b'[ 28%] \x1b[34m\x1b[1mGenerating C type support dispatch for ROS interfaces\x1b[0m\n'}
[7.148117] (robot_motion_interface_ros_msgs) StdoutLine: {'line': b'[ 29%] \x1b[34m\x1b[1mGenerating C introspection for ROS interfaces\x1b[0m\n'}
[7.148570] (robot_motion_interface_ros_msgs) StdoutLine: {'line': b'[ 31%] \x1b[34m\x1b[1mGenerating C type support for eProsima Fast-RTPS\x1b[0m\n'}
[7.150531] (robot_motion_interface_ros_msgs) StdoutLine: {'line': b'[ 32%] \x1b[34m\x1b[1mGenerating C++ introspection for ROS interfaces\x1b[0m\n'}
[7.155131] (robot_motion_interface_ros_msgs) StdoutLine: {'line': b'[ 33%] \x1b[34m\x1b[1mGenerating C++ type support for eProsima Fast-RTPS\x1b[0m\n'}
[7.215529] (-) TimerEvent: {}
[7.315740] (-) TimerEvent: {}
[7.415999] (-) TimerEvent: {}
[7.516368] (-) TimerEvent: {}
[7.577959] (robot_motion_interface_ros_msgs) StdoutLine: {'line': b'[ 35%] \x1b[32mBuilding CXX object CMakeFiles/robot_motion_interface_ros_msgs__rosidl_typesupport_cpp.dir/rosidl_typesupport_cpp/robot_motion_interface_ros_msgs/action/home__type_support.cpp.o\x1b[0m\n'}
[7.578120] (robot_motion_interface_ros_msgs) StdoutLine: {'line': b'[ 36%] \x1b[32mBuilding CXX object CMakeFiles/robot_motion_interface_ros_msgs__rosidl_typesupport_cpp.dir/rosidl_typesupport_cpp/robot_motion_interface_ros_msgs/msg/object_poses__type_support.cpp.o\x1b[0m\n'}
[7.578186] (robot_motion_interface_ros_msgs) StdoutLine: {'line': b'[ 37%] \x1b[32mBuilding CXX object CMakeFiles/robot_motion_interface_ros_msgs__rosidl_typesupport_cpp.dir/rosidl_typesupport_cpp/robot_motion_interface_ros_msgs/action/set_joint_positions__type_support.cpp.o\x1b[0m\n'}
[7.578855] (robot_motion_interface_ros_msgs) StdoutLine: {'line': b'[ 39%] \x1b[32mBuilding CXX object CMakeFiles/robot_motion_interface_ros_msgs__rosidl_typesupport_cpp.dir/rosidl_typesupport_cpp/robot_motion_interface_ros_msgs/action/set_cartesian_pose__type_support.cpp.o\x1b[0m\n'}
[7.578995] (robot_motion_interface_ros_msgs) StdoutLine: {'line': b'[ 40%] \x1b[32mBuilding CXX object CMakeFiles/robot_motion_interface_ros_msgs__rosidl_typesupport_cpp.dir/rosidl_typesupport_cpp/robot_motion_interface_ros_msgs/msg/object_pose__type_support.cpp.o\x1b[0m\n'}
[7.587428] (robot_motion_interface_ros_msgs) StdoutLine: {'line': b'[ 43%] \x1b[32mBuilding CXX object CMakeFiles/robot_motion_interface_ros_msgs__rosidl_typesupport_c.dir/rosidl_typesupport_c/robot_motion_interface_ros_msgs/action/set_cartesian_pose__type_support.cpp.o\x1b[0m\n'}
[7.587875] (robot_motion_interface_ros_msgs) StdoutLine: {'line': b'[ 43%] \x1b[32mBuilding CXX object CMakeFiles/robot_motion_interface_ros_msgs__rosidl_typesupport_c.dir/rosidl_typesupport_c/robot_motion_interface_ros_msgs/action/home__type_support.cpp.o\x1b[0m\n'}
[7.587941] (robot_motion_interface_ros_msgs) StdoutLine: {'line': b'[ 44%] \x1b[32mBuilding CXX object CMakeFiles/robot_motion_interface_ros_msgs__rosidl_typesupport_c.dir/rosidl_typesupport_c/robot_motion_interface_ros_msgs/action/set_joint_positions__type_support.cpp.o\x1b[0m\n'}
[7.589069] (robot_motion_interface_ros_msgs) StdoutLine: {'line': b'[ 45%] \x1b[32mBuilding CXX object CMakeFiles/robot_motion_interface_ros_msgs__rosidl_typesupport_c.dir/rosidl_typesupport_c/robot_motion_interface_ros_msgs/msg/object_pose__type_support.cpp.o\x1b[0m\n'}
[7.592936] (robot_motion_interface_ros_msgs) StdoutLine: {'line': b'[ 47%] \x1b[32mBuilding CXX object CMakeFiles/robot_motion_interface_ros_msgs__rosidl_typesupport_c.dir/rosidl_typesupport_c/robot_motion_interface_ros_msgs/msg/object_poses__type_support.cpp.o\x1b[0m\n'}
[7.616446] (-) TimerEvent: {}
[7.662227] (robot_motion_interface_ros_msgs) StdoutLine: {'line': b'[ 48%] \x1b[32m\x1b[1mLinking CXX shared library librobot_motion_interface_ros_msgs__rosidl_typesupport_c.so\x1b[0m\n'}
[7.709434] (robot_motion_interface_ros_msgs) StdoutLine: {'line': b'[ 48%] Built target robot_motion_interface_ros_msgs__rosidl_typesupport_c\n'}
[7.716537] (-) TimerEvent: {}
[7.723505] (robot_motion_interface_ros_msgs) StdoutLine: {'line': b'[ 50%] \x1b[32mBuilding C object CMakeFiles/robot_motion_interface_ros_msgs__rosidl_typesupport_introspection_c.dir/rosidl_typesupport_introspection_c/robot_motion_interface_ros_msgs/action/detail/set_cartesian_pose__type_support.c.o\x1b[0m\n'}
[7.724172] (robot_motion_interface_ros_msgs) StdoutLine: {'line': b'[ 51%] \x1b[32mBuilding C object CMakeFiles/robot_motion_interface_ros_msgs__rosidl_typesupport_introspection_c.dir/rosidl_typesupport_introspection_c/robot_motion_interface_ros_msgs/action/detail/home__type_support.c.o\x1b[0m\n'}
[7.724314] (robot_motion_interface_ros_msgs) StdoutLine: {'line': b'[ 52%] \x1b[32mBuilding C object CMakeFiles/robot_motion_interface_ros_msgs__rosidl_typesupport_introspection_c.dir/rosidl_typesupport_introspection_c/robot_motion_interface_ros_msgs/action/detail/set_joint_positions__type_support.c.o\x1b[0m\n'}
[7.724557] (robot_motion_interface_ros_msgs) StdoutLine: {'line': b'[ 54%] \x1b[32mBuilding C object CMakeFiles/robot_motion_interface_ros_msgs__rosidl_typesupport_introspection_c.dir/rosidl_typesupport_introspection_c/robot_motion_interface_ros_msgs/msg/detail/object_pose__type_support.c.o\x1b[0m\n'}
[7.730600] (robot_motion_interface_ros_msgs) StdoutLine: {'line': b'[ 55%] \x1b[32mBuilding C object CMakeFiles/robot_motion_interface_ros_msgs__rosidl_typesupport_introspection_c.dir/rosidl_typesupport_introspection_c/robot_motion_interface_ros_msgs/msg/detail/object_poses__type_support.c.o\x1b[0m\n'}
[7.769459] (robot_motion_interface_ros_msgs) StdoutLine: {'line': b'[ 58%] \x1b[32mBuilding CXX object CMakeFiles/robot_motion_interface_ros_msgs__rosidl_typesupport_introspection_cpp.dir/rosidl_typesupport_introspection_cpp/robot_motion_interface_ros_msgs/action/detail/set_joint_positions__type_support.cpp.o\x1b[0m\n'}
[7.769664] (robot_motion_interface_ros_msgs) StdoutLine: {'line': b'[ 58%] \x1b[32mBuilding CXX object CMakeFiles/robot_motion_interface_ros_msgs__rosidl_typesupport_introspection_cpp.dir/rosidl_typesupport_introspection_cpp/robot_motion_interface_ros_msgs/action/detail/set_cartesian_pose__type_support.cpp.o\x1b[0m\n'}
[7.770456] (robot_motion_interface_ros_msgs) StdoutLine: {'line': b'[ 59%] \x1b[32mBuilding CXX object CMakeFiles/robot_motion_interface_ros_msgs__rosidl_typesupport_introspection_cpp.dir/rosidl_typesupport_introspection_cpp/robot_motion_interface_ros_msgs/action/detail/home__type_support.cpp.o\x1b[0m\n'}
[7.772218] (robot_motion_interface_ros_msgs) StdoutLine: {'line': b'[ 60%] \x1b[32mBuilding CXX object CMakeFiles/robot_motion_interface_ros_msgs__rosidl_typesupport_introspection_cpp.dir/rosidl_typesupport_introspection_cpp/robot_motion_interface_ros_msgs/msg/detail/object_pose__type_support.cpp.o\x1b[0m\n'}
[7.772378] (robot_motion_interface_ros_msgs) StdoutLine: {'line': b'[ 62%] \x1b[32mBuilding CXX object CMakeFiles/robot_motion_interface_ros_msgs__rosidl_typesupport_introspection_cpp.dir/rosidl_typesupport_introspection_cpp/robot_motion_interface_ros_msgs/msg/detail/object_poses__type_support.cpp.o\x1b[0m\n'}
[7.817436] (-) TimerEvent: {}
[7.829133] (robot_motion_interface_ros_msgs) StdoutLine: {'line': b'[ 63%] \x1b[32m\x1b[1mLinking C shared library librobot_motion_interface_ros_msgs__rosidl_typesupport_introspection_c.so\x1b[0m\n'}
[7.872543] (robot_motion_interface_ros_msgs) StdoutLine: {'line': b'[ 63%] Built target robot_motion_interface_ros_msgs__rosidl_typesupport_introspection_c\n'}
[7.917534] (-) TimerEvent: {}
[8.017779] (-) TimerEvent: {}
[8.093179] (robot_motion_interface_ros_msgs) StdoutLine: {'line': b'[ 64%] \x1b[32mBuilding CXX object CMakeFiles/robot_motion_interface_ros_msgs__rosidl_typesupport_fastrtps_cpp.dir/rosidl_typesupport_fastrtps_cpp/robot_motion_interface_ros_msgs/action/detail/dds_fastrtps/set_cartesian_pose__type_support.cpp.o\x1b[0m\n'}
[8.093346] (robot_motion_interface_ros_msgs) StdoutLine: {'line': b'[ 66%] \x1b[32mBuilding CXX object CMakeFiles/robot_motion_interface_ros_msgs__rosidl_typesupport_fastrtps_cpp.dir/rosidl_typesupport_fastrtps_cpp/robot_motion_interface_ros_msgs/action/detail/dds_fastrtps/set_joint_positions__type_support.cpp.o\x1b[0m\n'}
[8.093893] (robot_motion_interface_ros_msgs) StdoutLine: {'line': b'[ 67%] \x1b[32mBuilding CXX object CMakeFiles/robot_motion_interface_ros_msgs__rosidl_typesupport_fastrtps_cpp.dir/rosidl_typesupport_fastrtps_cpp/robot_motion_interface_ros_msgs/action/detail/dds_fastrtps/home__type_support.cpp.o\x1b[0m\n'}
[8.095700] (robot_motion_interface_ros_msgs) StdoutLine: {'line': b'[ 68%] \x1b[32mBuilding CXX object CMakeFiles/robot_motion_interface_ros_msgs__rosidl_typesupport_fastrtps_cpp.dir/rosidl_typesupport_fastrtps_cpp/robot_motion_interface_ros_msgs/msg/detail/dds_fastrtps/object_pose__type_support.cpp.o\x1b[0m\n'}
[8.098537] (robot_motion_interface_ros_msgs) StdoutLine: {'line': b'[ 70%] \x1b[32mBuilding CXX object CMakeFiles/robot_motion_interface_ros_msgs__rosidl_typesupport_fastrtps_cpp.dir/rosidl_typesupport_fastrtps_cpp/robot_motion_interface_ros_msgs/msg/detail/dds_fastrtps/object_poses__type_support.cpp.o\x1b[0m\n'}
[8.118063] (-) TimerEvent: {}
[8.130010] (robot_motion_interface_ros_msgs) StdoutLine: {'line': b'[ 71%] \x1b[32mBuilding CXX object CMakeFiles/robot_motion_interface_ros_msgs__rosidl_typesupport_fastrtps_c.dir/rosidl_typesupport_fastrtps_c/robot_motion_interface_ros_msgs/msg/detail/object_pose__type_support_c.cpp.o\x1b[0m\n'}
[8.131321] (robot_motion_interface_ros_msgs) StdoutLine: {'line': b'[ 72%] \x1b[32mBuilding CXX object CMakeFiles/robot_motion_interface_ros_msgs__rosidl_typesupport_fastrtps_c.dir/rosidl_typesupport_fastrtps_c/robot_motion_interface_ros_msgs/action/detail/home__type_support_c.cpp.o\x1b[0m\n'}
[8.131521] (robot_motion_interface_ros_msgs) StdoutLine: {'line': b'[ 74%] \x1b[32mBuilding CXX object CMakeFiles/robot_motion_interface_ros_msgs__rosidl_typesupport_fastrtps_c.dir/rosidl_typesupport_fastrtps_c/robot_motion_interface_ros_msgs/action/detail/set_joint_positions__type_support_c.cpp.o\x1b[0m\n'}
[8.137030] (robot_motion_interface_ros_msgs) StdoutLine: {'line': b'[ 75%] \x1b[32mBuilding CXX object CMakeFiles/robot_motion_interface_ros_msgs__rosidl_typesupport_fastrtps_c.dir/rosidl_typesupport_fastrtps_c/robot_motion_interface_ros_msgs/action/detail/set_cartesian_pose__type_support_c.cpp.o\x1b[0m\n'}
[8.166705] (robot_motion_interface_ros_msgs) StdoutLine: {'line': b'[ 77%] \x1b[32mBuilding CXX object CMakeFiles/robot_motion_interface_ros_msgs__rosidl_typesupport_fastrtps_c.dir/rosidl_typesupport_fastrtps_c/robot_motion_interface_ros_msgs/msg/detail/object_poses__type_support_c.cpp.o\x1b[0m\n'}
[8.218161] (-) TimerEvent: {}
[8.321145] (-) TimerEvent: {}
[8.421452] (-) TimerEvent: {}
[8.522454] (-) TimerEvent: {}
[8.622879] (-) TimerEvent: {}
[8.699502] (robot_motion_interface_ros_msgs) StdoutLine: {'line': b'[ 78%] \x1b[32m\x1b[1mLinking CXX shared library librobot_motion_interface_ros_msgs__rosidl_typesupport_cpp.so\x1b[0m\n'}
[8.722982] (-) TimerEvent: {}
[8.812679] (robot_motion_interface_ros_msgs) StdoutLine: {'line': b'[ 79%] \x1b[32m\x1b[1mLinking CXX shared library librobot_motion_interface_ros_msgs__rosidl_typesupport_introspection_cpp.so\x1b[0m\n'}
[8.818045] (robot_motion_interface_ros_msgs) StdoutLine: {'line': b'[ 79%] Built target robot_motion_interface_ros_msgs__rosidl_typesupport_cpp\n'}
[8.823073] (-) TimerEvent: {}
[8.880386] (robot_motion_interface_ros_msgs) StdoutLine: {'line': b'[ 81%] \x1b[32m\x1b[1mLinking CXX shared library librobot_motion_interface_ros_msgs__rosidl_typesupport_fastrtps_c.so\x1b[0m\n'}
[8.896631] (robot_motion_interface_ros_msgs) StdoutLine: {'line': b'[ 81%] Built target robot_motion_interface_ros_msgs__rosidl_typesupport_introspection_cpp\n'}
[8.923173] (-) TimerEvent: {}
[8.947211] (robot_motion_interface_ros_msgs) StdoutLine: {'line': b'[ 81%] Built target robot_motion_interface_ros_msgs__rosidl_typesupport_fastrtps_c\n'}
[9.023269] (-) TimerEvent: {}
[9.123513] (-) TimerEvent: {}
[9.204372] (robot_motion_interface_ros_msgs) StdoutLine: {'line': b'[ 82%] \x1b[32m\x1b[1mLinking CXX shared library librobot_motion_interface_ros_msgs__rosidl_typesupport_fastrtps_cpp.so\x1b[0m\n'}
[9.223601] (-) TimerEvent: {}
[9.271666] (robot_motion_interface_ros_msgs) StdoutLine: {'line': b'[ 82%] Built target robot_motion_interface_ros_msgs__rosidl_typesupport_fastrtps_cpp\n'}
[9.285584] (robot_motion_interface_ros_msgs) StdoutLine: {'line': b'[ 82%] Built target robot_motion_interface_ros_msgs\n'}
[9.306279] (robot_motion_interface_ros_msgs) StdoutLine: {'line': b'[ 83%] \x1b[34m\x1b[1mGenerating Python code for ROS interfaces\x1b[0m\n'}
[9.323683] (-) TimerEvent: {}
[9.423906] (-) TimerEvent: {}
[9.524144] (-) TimerEvent: {}
[9.624335] (-) TimerEvent: {}
[9.724543] (-) TimerEvent: {}
[9.824789] (-) TimerEvent: {}
[9.925017] (-) TimerEvent: {}
[10.025249] (-) TimerEvent: {}
[10.125481] (-) TimerEvent: {}
[10.225688] (-) TimerEvent: {}
[10.325882] (-) TimerEvent: {}
[10.426142] (-) TimerEvent: {}
[10.472150] (robot_motion_interface_ros_msgs) StdoutLine: {'line': b'[ 83%] Built target robot_motion_interface_ros_msgs__py\n'}
[10.494777] (robot_motion_interface_ros_msgs) StdoutLine: {'line': b'[ 85%] \x1b[32mBuilding C object CMakeFiles/robot_motion_interface_ros_msgs__rosidl_generator_py.dir/rosidl_generator_py/robot_motion_interface_ros_msgs/action/_home_s.c.o\x1b[0m\n'}
[10.498259] (robot_motion_interface_ros_msgs) StdoutLine: {'line': b'[ 86%] \x1b[32mBuilding C object CMakeFiles/robot_motion_interface_ros_msgs__rosidl_generator_py.dir/rosidl_generator_py/robot_motion_interface_ros_msgs/action/_set_cartesian_pose_s.c.o\x1b[0m\n'}
[10.498828] (robot_motion_interface_ros_msgs) StdoutLine: {'line': b'[ 87%] \x1b[32mBuilding C object CMakeFiles/robot_motion_interface_ros_msgs__rosidl_generator_py.dir/rosidl_generator_py/robot_motion_interface_ros_msgs/msg/_object_poses_s.c.o\x1b[0m\n'}
[10.500239] (robot_motion_interface_ros_msgs) StdoutLine: {'line': b'[ 89%] \x1b[32mBuilding C object CMakeFiles/robot_motion_interface_ros_msgs__rosidl_generator_py.dir/rosidl_generator_py/robot_motion_interface_ros_msgs/action/_set_joint_positions_s.c.o\x1b[0m\n'}
[10.502012] (robot_motion_interface_ros_msgs) StdoutLine: {'line': b'[ 90%] \x1b[32mBuilding C object CMakeFiles/robot_motion_interface_ros_msgs__rosidl_generator_py.dir/rosidl_generator_py/robot_motion_interface_ros_msgs/msg/_object_pose_s.c.o\x1b[0m\n'}
[10.526229] (-) TimerEvent: {}
[10.626517] (-) TimerEvent: {}
[10.653456] (robot_motion_interface_ros_msgs) StdoutLine: {'line': b'[ 91%] \x1b[32m\x1b[1mLinking C shared library librobot_motion_interface_ros_msgs__rosidl_generator_py.so\x1b[0m\n'}
[10.698564] (robot_motion_interface_ros_msgs) StdoutLine: {'line': b'[ 91%] Built target robot_motion_interface_ros_msgs__rosidl_generator_py\n'}
[10.719792] (robot_motion_interface_ros_msgs) StdoutLine: {'line': b'[ 93%] \x1b[32mBuilding C object CMakeFiles/robot_motion_interface_ros_msgs_s__rosidl_typesupport_fastrtps_c.dir/rosidl_generator_py/robot_motion_interface_ros_msgs/_robot_motion_interface_ros_msgs_s.ep.rosidl_typesupport_fastrtps_c.c.o\x1b[0m\n'}
[10.726504] (robot_motion_interface_ros_msgs) StdoutLine: {'line': b'[ 94%] \x1b[32mBuilding C object CMakeFiles/robot_motion_interface_ros_msgs_s__rosidl_typesupport_introspection_c.dir/rosidl_generator_py/robot_motion_interface_ros_msgs/_robot_motion_interface_ros_msgs_s.ep.rosidl_typesupport_introspection_c.c.o\x1b[0m\n'}
[10.726867] (-) TimerEvent: {}
[10.729422] (robot_motion_interface_ros_msgs) StdoutLine: {'line': b'[ 95%] \x1b[32mBuilding C object CMakeFiles/robot_motion_interface_ros_msgs_s__rosidl_typesupport_c.dir/rosidl_generator_py/robot_motion_interface_ros_msgs/_robot_motion_interface_ros_msgs_s.ep.rosidl_typesupport_c.c.o\x1b[0m\n'}
[10.827016] (-) TimerEvent: {}
[10.866674] (robot_motion_interface_ros_msgs) StdoutLine: {'line': b'[ 97%] \x1b[32m\x1b[1mLinking C shared module rosidl_generator_py/robot_motion_interface_ros_msgs/robot_motion_interface_ros_msgs_s__rosidl_typesupport_fastrtps_c.so\x1b[0m\n'}
[10.874654] (robot_motion_interface_ros_msgs) StdoutLine: {'line': b'[ 98%] \x1b[32m\x1b[1mLinking C shared module rosidl_generator_py/robot_motion_interface_ros_msgs/robot_motion_interface_ros_msgs_s__rosidl_typesupport_introspection_c.so\x1b[0m\n'}
[10.878983] (robot_motion_interface_ros_msgs) StdoutLine: {'line': b'[100%] \x1b[32m\x1b[1mLinking C shared module rosidl_generator_py/robot_motion_interface_ros_msgs/robot_motion_interface_ros_msgs_s__rosidl_typesupport_c.so\x1b[0m\n'}
[10.896102] (robot_motion_interface_ros_msgs) StdoutLine: {'line': b'[100%] Built target robot_motion_interface_ros_msgs_s__rosidl_typesupport_fastrtps_c\n'}
[10.906679] (robot_motion_interface_ros_msgs) StdoutLine: {'line': b'[100%] Built target robot_motion_interface_ros_msgs_s__rosidl_typesupport_introspection_c\n'}
[10.909044] (robot_motion_interface_ros_msgs) StdoutLine: {'line': b'[100%] Built target robot_motion_interface_ros_msgs_s__rosidl_typesupport_c\n'}
[10.920615] (robot_motion_interface_ros_msgs) CommandEnded: {'returncode': 0}
[10.921190] (robot_motion_interface_ros_msgs) JobProgress: {'identifier': 'robot_motion_interface_ros_msgs', 'progress': 'install'}
[10.927136] (robot_motion_interface_ros_msgs) Command: {'cmd': ['/usr/bin/cmake', '--install', '/workspace/libs/robot_motion_interface/ros/build/robot_motion_interface_ros_msgs'], 'cwd': '/workspace/libs/robot_motion_interface/ros/build/robot_motion_interface_ros_msgs', 'env': OrderedDict({'HOSTNAME': 'pop-os', 'SHLVL': '1', 'LD_LIBRARY_PATH': '/opt/ros/jazzy/lib/x86_64-linux-gnu:/opt/ros/jazzy/lib:/opt/openrobots/lib:', 'HOME': '/root', 'OLDPWD': '/workspace', 'ROS_PYTHON_VERSION': '3', 'ROS_DISTRO': 'jazzy', '_': '/usr/bin/colcon', 'ROS_VERSION': '2', 'PKG_CONFIG_PATH': '/opt/openrobots/lib/pkgconfig:', 'PIP_BREAK_SYSTEM_PACKAGES': '1', 'TERM': 'xterm', 'PATH': '/opt/ros/jazzy/bin:/root/.cargo/bin:/opt/openrobots/bin:/usr/local/sbin:/usr/local/bin:/usr/sbin:/usr/bin:/sbin:/bin', 'DISPLAY': ':1', 'LANG': 'C.UTF-8', 'RMW_IMPLEMENTATION': 'rmw_fastrtps_cpp', 'AMENT_PREFIX_PATH': '/opt/ros/jazzy', 'DEBIAN_FRONTEND': 'noninteractive', 'ROS_AUTOMATIC_DISCOVERY_RANGE': 'SUBNET', 'PWD': '/workspace/libs/robot_motion_interface/ros/build/robot_motion_interface_ros_msgs', 'LC_ALL': 'C.UTF-8', 'PYTHONPATH': '/opt/ros/jazzy/lib/python3.12/site-packages:/opt/openrobots/lib/python3.10/site-packages:', 'COLCON': '1', 'CMAKE_PREFIX_PATH': '/opt/openrobots::/opt/ros/jazzy'}), 'shell': False}
[10.927553] (-) TimerEvent: {}
[10.933097] (robot_motion_interface_ros_msgs) StdoutLine: {'line': b'-- Install configuration: ""\n'}
[10.933605] (robot_motion_interface_ros_msgs) StdoutLine: {'line': b'-- Execute custom install script\n'}
[10.933751] (robot_motion_interface_ros_msgs) StdoutLine: {'line': b'-- Up-to-date symlink: /workspace/libs/robot_motion_interface/ros/install/robot_motion_interface_ros_msgs/share/ament_index/resource_index/rosidl_interfaces/robot_motion_interface_ros_msgs\n'}
[10.933858] (robot_motion_interface_ros_msgs) StdoutLine: {'line': b'-- Up-to-date symlink: /workspace/libs/robot_motion_interface/ros/install/robot_motion_interface_ros_msgs/share/robot_motion_interface_ros_msgs/action/SetCartesianPose.json\n'}
[10.933953] (robot_motion_interface_ros_msgs) StdoutLine: {'line': b'-- Up-to-date symlink: /workspace/libs/robot_motion_interface/ros/install/robot_motion_interface_ros_msgs/share/robot_motion_interface_ros_msgs/action/Home.json\n'}
[10.934040] (robot_motion_interface_ros_msgs) StdoutLine: {'line': b'-- Up-to-date symlink: /workspace/libs/robot_motion_interface/ros/install/robot_motion_interface_ros_msgs/share/robot_motion_interface_ros_msgs/action/SetJointPositions.json\n'}
[10.934126] (robot_motion_interface_ros_msgs) StdoutLine: {'line': b'-- Up-to-date symlink: /workspace/libs/robot_motion_interface/ros/install/robot_motion_interface_ros_msgs/share/robot_motion_interface_ros_msgs/msg/ObjectPose.json\n'}
[10.934207] (robot_motion_interface_ros_msgs) StdoutLine: {'line': b'-- Up-to-date symlink: /workspace/libs/robot_motion_interface/ros/install/robot_motion_interface_ros_msgs/share/robot_motion_interface_ros_msgs/msg/ObjectPoses.json\n'}
[10.934654] (robot_motion_interface_ros_msgs) StdoutLine: {'line': b'-- Up-to-date symlink: /workspace/libs/robot_motion_interface/ros/install/robot_motion_interface_ros_msgs/include/robot_motion_interface_ros_msgs/robot_motion_interface_ros_msgs/action/detail/home__functions.h\n'}
[10.934708] (robot_motion_interface_ros_msgs) StdoutLine: {'line': b'-- Up-to-date symlink: /workspace/libs/robot_motion_interface/ros/install/robot_motion_interface_ros_msgs/include/robot_motion_interface_ros_msgs/robot_motion_interface_ros_msgs/action/detail/home__struct.h\n'}
[10.934758] (robot_motion_interface_ros_msgs) StdoutLine: {'line': b'-- Up-to-date symlink: /workspace/libs/robot_motion_interface/ros/install/robot_motion_interface_ros_msgs/include/robot_motion_interface_ros_msgs/robot_motion_interface_ros_msgs/action/detail/home__type_support.h\n'}
[10.934862] (robot_motion_interface_ros_msgs) StdoutLine: {'line': b'-- Up-to-date symlink: /workspace/libs/robot_motion_interface/ros/install/robot_motion_interface_ros_msgs/include/robot_motion_interface_ros_msgs/robot_motion_interface_ros_msgs/action/detail/set_cartesian_pose__functions.h\n'}
[10.935053] (robot_motion_interface_ros_msgs) StdoutLine: {'line': b'-- Up-to-date symlink: /workspace/libs/robot_motion_interface/ros/install/robot_motion_interface_ros_msgs/include/robot_motion_interface_ros_msgs/robot_motion_interface_ros_msgs/action/detail/set_cartesian_pose__struct.h\n'}
[10.935125] (robot_motion_interface_ros_msgs) StdoutLine: {'line': b'-- Up-to-date symlink: /workspace/libs/robot_motion_interface/ros/install/robot_motion_interface_ros_msgs/include/robot_motion_interface_ros_msgs/robot_motion_interface_ros_msgs/action/detail/set_cartesian_pose__type_support.h\n'}
[10.935195] (robot_motion_interface_ros_msgs) StdoutLine: {'line': b'-- Up-to-date symlink: /workspace/libs/robot_motion_interface/ros/install/robot_motion_interface_ros_msgs/include/robot_motion_interface_ros_msgs/robot_motion_interface_ros_msgs/action/detail/set_joint_positions__functions.h\n'}
[10.935253] (robot_motion_interface_ros_msgs) StdoutLine: {'line': b'-- Up-to-date symlink: /workspace/libs/robot_motion_interface/ros/install/robot_motion_interface_ros_msgs/include/robot_motion_interface_ros_msgs/robot_motion_interface_ros_msgs/action/detail/set_joint_positions__struct.h\n'}
[10.935330] (robot_motion_interface_ros_msgs) StdoutLine: {'line': b'-- Up-to-date symlink: /workspace/libs/robot_motion_interface/ros/install/robot_motion_interface_ros_msgs/include/robot_motion_interface_ros_msgs/robot_motion_interface_ros_msgs/action/detail/set_joint_positions__type_support.h\n'}
[10.935441] (robot_motion_interface_ros_msgs) StdoutLine: {'line': b'-- Up-to-date symlink: /workspace/libs/robot_motion_interface/ros/install/robot_motion_interface_ros_msgs/include/robot_motion_interface_ros_msgs/robot_motion_interface_ros_msgs/action/home.h\n'}
[10.935530] (robot_motion_interface_ros_msgs) StdoutLine: {'line': b'-- Up-to-date symlink: /workspace/libs/robot_motion_interface/ros/install/robot_motion_interface_ros_msgs/include/robot_motion_interface_ros_msgs/robot_motion_interface_ros_msgs/action/set_cartesian_pose.h\n'}
[10.935585] (robot_motion_interface_ros_msgs) StdoutLine: {'line': b'-- Up-to-date symlink: /workspace/libs/robot_motion_interface/ros/install/robot_motion_interface_ros_msgs/include/robot_motion_interface_ros_msgs/robot_motion_interface_ros_msgs/action/set_joint_positions.h\n'}
[10.935650] (robot_motion_interface_ros_msgs) StdoutLine: {'line': b'-- Up-to-date symlink: /workspace/libs/robot_motion_interface/ros/install/robot_motion_interface_ros_msgs/include/robot_motion_interface_ros_msgs/robot_motion_interface_ros_msgs/msg/detail/object_pose__functions.h\n'}
[10.935719] (robot_motion_interface_ros_msgs) StdoutLine: {'line': b'-- Up-to-date symlink: /workspace/libs/robot_motion_interface/ros/install/robot_motion_interface_ros_msgs/include/robot_motion_interface_ros_msgs/robot_motion_interface_ros_msgs/msg/detail/object_pose__struct.h\n'}
[10.935792] (robot_motion_interface_ros_msgs) StdoutLine: {'line': b'-- Up-to-date symlink: /workspace/libs/robot_motion_interface/ros/install/robot_motion_interface_ros_msgs/include/robot_motion_interface_ros_msgs/robot_motion_interface_ros_msgs/msg/detail/object_pose__type_support.h\n'}
[10.935834] (robot_motion_interface_ros_msgs) StdoutLine: {'line': b'-- Up-to-date symlink: /workspace/libs/robot_motion_interface/ros/install/robot_motion_interface_ros_msgs/include/robot_motion_interface_ros_msgs/robot_motion_interface_ros_msgs/msg/detail/object_poses__functions.h\n'}
[10.935895] (robot_motion_interface_ros_msgs) StdoutLine: {'line': b'-- Up-to-date symlink: /workspace/libs/robot_motion_interface/ros/install/robot_motion_interface_ros_msgs/include/robot_motion_interface_ros_msgs/robot_motion_interface_ros_msgs/msg/detail/object_poses__struct.h\n'}
[10.935936] (robot_motion_interface_ros_msgs) StdoutLine: {'line': b'-- Up-to-date symlink: /workspace/libs/robot_motion_interface/ros/install/robot_motion_interface_ros_msgs/include/robot_motion_interface_ros_msgs/robot_motion_interface_ros_msgs/msg/detail/object_poses__type_support.h\n'}
[10.935993] (robot_motion_interface_ros_msgs) StdoutLine: {'line': b'-- Up-to-date symlink: /workspace/libs/robot_motion_interface/ros/install/robot_motion_interface_ros_msgs/include/robot_motion_interface_ros_msgs/robot_motion_interface_ros_msgs/msg/object_pose.h\n'}
[10.936047] (robot_motion_interface_ros_msgs) StdoutLine: {'line': b'-- Up-to-date symlink: /workspace/libs/robot_motion_interface/ros/install/robot_motion_interface_ros_msgs/include/robot_motion_interface_ros_msgs/robot_motion_interface_ros_msgs/msg/object_poses.h\n'}
[10.936101] (robot_motion_interface_ros_msgs) StdoutLine: {'line': b'-- Up-to-date symlink: /workspace/libs/robot_motion_interface/ros/install/robot_motion_interface_ros_msgs/include/robot_motion_interface_ros_msgs/robot_motion_interface_ros_msgs/msg/rosidl_generator_c__visibility_control.h\n'}
[10.936157] (robot_motion_interface_ros_msgs) StdoutLine: {'line': b'-- Symlinking: /workspace/libs/robot_motion_interface/ros/install/robot_motion_interface_ros_msgs/share/robot_motion_interface_ros_msgs/environment/library_path.sh\n'}
[10.942043] (robot_motion_interface_ros_msgs) StdoutLine: {'line': b'-- Up-to-date symlink: /workspace/libs/robot_motion_interface/ros/install/robot_motion_interface_ros_msgs/share/robot_motion_interface_ros_msgs/environment/library_path.dsv\n'}
[10.942462] (robot_motion_interface_ros_msgs) StdoutLine: {'line': b'-- Up-to-date symlink: /workspace/libs/robot_motion_interface/ros/install/robot_motion_interface_ros_msgs/include/robot_motion_interface_ros_msgs/robot_motion_interface_ros_msgs/action/detail/home__rosidl_typesupport_fastrtps_c.h\n'}
[10.942519] (robot_motion_interface_ros_msgs) StdoutLine: {'line': b'-- Up-to-date symlink: /workspace/libs/robot_motion_interface/ros/install/robot_motion_interface_ros_msgs/include/robot_motion_interface_ros_msgs/robot_motion_interface_ros_msgs/action/detail/set_cartesian_pose__rosidl_typesupport_fastrtps_c.h\n'}
[10.942570] (robot_motion_interface_ros_msgs) StdoutLine: {'line': b'-- Up-to-date symlink: /workspace/libs/robot_motion_interface/ros/install/robot_motion_interface_ros_msgs/include/robot_motion_interface_ros_msgs/robot_motion_interface_ros_msgs/action/detail/set_joint_positions__rosidl_typesupport_fastrtps_c.h\n'}
[10.942626] (robot_motion_interface_ros_msgs) StdoutLine: {'line': b'-- Up-to-date symlink: /workspace/libs/robot_motion_interface/ros/install/robot_motion_interface_ros_msgs/include/robot_motion_interface_ros_msgs/robot_motion_interface_ros_msgs/msg/detail/object_pose__rosidl_typesupport_fastrtps_c.h\n'}
[10.942675] (robot_motion_interface_ros_msgs) StdoutLine: {'line': b'-- Up-to-date symlink: /workspace/libs/robot_motion_interface/ros/install/robot_motion_interface_ros_msgs/include/robot_motion_interface_ros_msgs/robot_motion_interface_ros_msgs/msg/detail/object_poses__rosidl_typesupport_fastrtps_c.h\n'}
[10.942727] (robot_motion_interface_ros_msgs) StdoutLine: {'line': b'-- Up-to-date symlink: /workspace/libs/robot_motion_interface/ros/install/robot_motion_interface_ros_msgs/include/robot_motion_interface_ros_msgs/robot_motion_interface_ros_msgs/msg/rosidl_typesupport_fastrtps_c__visibility_control.h\n'}
[10.943141] (robot_motion_interface_ros_msgs) StdoutLine: {'line': b'-- Up-to-date symlink: /workspace/libs/robot_motion_interface/ros/install/robot_motion_interface_ros_msgs/include/robot_motion_interface_ros_msgs/robot_motion_interface_ros_msgs/action/detail/home__rosidl_typesupport_introspection_c.h\n'}
[10.943285] (robot_motion_interface_ros_msgs) StdoutLine: {'line': b'-- Up-to-date symlink: /workspace/libs/robot_motion_interface/ros/install/robot_motion_interface_ros_msgs/include/robot_motion_interface_ros_msgs/robot_motion_interface_ros_msgs/action/detail/set_cartesian_pose__rosidl_typesupport_introspection_c.h\n'}
[10.943383] (robot_motion_interface_ros_msgs) StdoutLine: {'line': b'-- Up-to-date symlink: /workspace/libs/robot_motion_interface/ros/install/robot_motion_interface_ros_msgs/include/robot_motion_interface_ros_msgs/robot_motion_interface_ros_msgs/action/detail/set_joint_positions__rosidl_typesupport_introspection_c.h\n'}
[10.943512] (robot_motion_interface_ros_msgs) StdoutLine: {'line': b'-- Up-to-date symlink: /workspace/libs/robot_motion_interface/ros/install/robot_motion_interface_ros_msgs/include/robot_motion_interface_ros_msgs/robot_motion_interface_ros_msgs/msg/detail/object_pose__rosidl_typesupport_introspection_c.h\n'}
[10.943626] (robot_motion_interface_ros_msgs) StdoutLine: {'line': b'-- Up-to-date symlink: /workspace/libs/robot_motion_interface/ros/install/robot_motion_interface_ros_msgs/include/robot_motion_interface_ros_msgs/robot_motion_interface_ros_msgs/msg/detail/object_poses__rosidl_typesupport_introspection_c.h\n'}
[10.943737] (robot_motion_interface_ros_msgs) StdoutLine: {'line': b'-- Up-to-date symlink: /workspace/libs/robot_motion_interface/ros/install/robot_motion_interface_ros_msgs/include/robot_motion_interface_ros_msgs/robot_motion_interface_ros_msgs/msg/rosidl_typesupport_introspection_c__visibility_control.h\n'}
[10.944197] (robot_motion_interface_ros_msgs) StdoutLine: {'line': b'-- Up-to-date symlink: /workspace/libs/robot_motion_interface/ros/install/robot_motion_interface_ros_msgs/include/robot_motion_interface_ros_msgs/robot_motion_interface_ros_msgs/action/detail/home__builder.hpp\n'}
[10.944319] (robot_motion_interface_ros_msgs) StdoutLine: {'line': b'-- Up-to-date symlink: /workspace/libs/robot_motion_interface/ros/install/robot_motion_interface_ros_msgs/include/robot_motion_interface_ros_msgs/robot_motion_interface_ros_msgs/action/detail/home__struct.hpp\n'}
[10.944436] (robot_motion_interface_ros_msgs) StdoutLine: {'line': b'-- Up-to-date symlink: /workspace/libs/robot_motion_interface/ros/install/robot_motion_interface_ros_msgs/include/robot_motion_interface_ros_msgs/robot_motion_interface_ros_msgs/action/detail/home__traits.hpp\n'}
[10.944547] (robot_motion_interface_ros_msgs) StdoutLine: {'line': b'-- Up-to-date symlink: /workspace/libs/robot_motion_interface/ros/install/robot_motion_interface_ros_msgs/include/robot_motion_interface_ros_msgs/robot_motion_interface_ros_msgs/action/detail/home__type_support.hpp\n'}
[10.944655] (robot_motion_interface_ros_msgs) StdoutLine: {'line': b'-- Up-to-date symlink: /workspace/libs/robot_motion_interface/ros/install/robot_motion_interface_ros_msgs/include/robot_motion_interface_ros_msgs/robot_motion_interface_ros_msgs/action/detail/set_cartesian_pose__builder.hpp\n'}
[10.944771] (robot_motion_interface_ros_msgs) StdoutLine: {'line': b'-- Up-to-date symlink: /workspace/libs/robot_motion_interface/ros/install/robot_motion_interface_ros_msgs/include/robot_motion_interface_ros_msgs/robot_motion_interface_ros_msgs/action/detail/set_cartesian_pose__struct.hpp\n'}
[10.944870] (robot_motion_interface_ros_msgs) StdoutLine: {'line': b'-- Up-to-date symlink: /workspace/libs/robot_motion_interface/ros/install/robot_motion_interface_ros_msgs/include/robot_motion_interface_ros_msgs/robot_motion_interface_ros_msgs/action/detail/set_cartesian_pose__traits.hpp\n'}
[10.944979] (robot_motion_interface_ros_msgs) StdoutLine: {'line': b'-- Up-to-date symlink: /workspace/libs/robot_motion_interface/ros/install/robot_motion_interface_ros_msgs/include/robot_motion_interface_ros_msgs/robot_motion_interface_ros_msgs/action/detail/set_cartesian_pose__type_support.hpp\n'}
[10.945093] (robot_motion_interface_ros_msgs) StdoutLine: {'line': b'-- Up-to-date symlink: /workspace/libs/robot_motion_interface/ros/install/robot_motion_interface_ros_msgs/include/robot_motion_interface_ros_msgs/robot_motion_interface_ros_msgs/action/detail/set_joint_positions__builder.hpp\n'}
[10.945189] (robot_motion_interface_ros_msgs) StdoutLine: {'line': b'-- Up-to-date symlink: /workspace/libs/robot_motion_interface/ros/install/robot_motion_interface_ros_msgs/include/robot_motion_interface_ros_msgs/robot_motion_interface_ros_msgs/action/detail/set_joint_positions__struct.hpp\n'}
[10.945294] (robot_motion_interface_ros_msgs) StdoutLine: {'line': b'-- Up-to-date symlink: /workspace/libs/robot_motion_interface/ros/install/robot_motion_interface_ros_msgs/include/robot_motion_interface_ros_msgs/robot_motion_interface_ros_msgs/action/detail/set_joint_positions__traits.hpp\n'}
[10.945412] (robot_motion_interface_ros_msgs) StdoutLine: {'line': b'-- Up-to-date symlink: /workspace/libs/robot_motion_interface/ros/install/robot_motion_interface_ros_msgs/include/robot_motion_interface_ros_msgs/robot_motion_interface_ros_msgs/action/detail/set_joint_positions__type_support.hpp\n'}
[10.945548] (robot_motion_interface_ros_msgs) StdoutLine: {'line': b'-- Up-to-date symlink: /workspace/libs/robot_motion_interface/ros/install/robot_motion_interface_ros_msgs/include/robot_motion_interface_ros_msgs/robot_motion_interface_ros_msgs/action/home.hpp\n'}
[10.945673] (robot_motion_interface_ros_msgs) StdoutLine: {'line': b'-- Up-to-date symlink: /workspace/libs/robot_motion_interface/ros/install/robot_motion_interface_ros_msgs/include/robot_motion_interface_ros_msgs/robot_motion_interface_ros_msgs/action/set_cartesian_pose.hpp\n'}
[10.945750] (robot_motion_interface_ros_msgs) StdoutLine: {'line': b'-- Up-to-date symlink: /workspace/libs/robot_motion_interface/ros/install/robot_motion_interface_ros_msgs/include/robot_motion_interface_ros_msgs/robot_motion_interface_ros_msgs/action/set_joint_positions.hpp\n'}
[10.945795] (robot_motion_interface_ros_msgs) StdoutLine: {'line': b'-- Up-to-date symlink: /workspace/libs/robot_motion_interface/ros/install/robot_motion_interface_ros_msgs/include/robot_motion_interface_ros_msgs/robot_motion_interface_ros_msgs/msg/detail/object_pose__builder.hpp\n'}
[10.945851] (robot_motion_interface_ros_msgs) StdoutLine: {'line': b'-- Up-to-date symlink: /workspace/libs/robot_motion_interface/ros/install/robot_motion_interface_ros_msgs/include/robot_motion_interface_ros_msgs/robot_motion_interface_ros_msgs/msg/detail/object_pose__struct.hpp\n'}
[10.945891] (robot_motion_interface_ros_msgs) StdoutLine: {'line': b'-- Up-to-date symlink: /workspace/libs/robot_motion_interface/ros/install/robot_motion_interface_ros_msgs/include/robot_motion_interface_ros_msgs/robot_motion_interface_ros_msgs/msg/detail/object_pose__traits.hpp\n'}
[10.945938] (robot_motion_interface_ros_msgs) StdoutLine: {'line': b'-- Up-to-date symlink: /workspace/libs/robot_motion_interface/ros/install/robot_motion_interface_ros_msgs/include/robot_motion_interface_ros_msgs/robot_motion_interface_ros_msgs/msg/detail/object_pose__type_support.hpp\n'}
[10.945980] (robot_motion_interface_ros_msgs) StdoutLine: {'line': b'-- Up-to-date symlink: /workspace/libs/robot_motion_interface/ros/install/robot_motion_interface_ros_msgs/include/robot_motion_interface_ros_msgs/robot_motion_interface_ros_msgs/msg/detail/object_poses__builder.hpp\n'}
[10.946034] (robot_motion_interface_ros_msgs) StdoutLine: {'line': b'-- Up-to-date symlink: /workspace/libs/robot_motion_interface/ros/install/robot_motion_interface_ros_msgs/include/robot_motion_interface_ros_msgs/robot_motion_interface_ros_msgs/msg/detail/object_poses__struct.hpp\n'}
[10.946078] (robot_motion_interface_ros_msgs) StdoutLine: {'line': b'-- Up-to-date symlink: /workspace/libs/robot_motion_interface/ros/install/robot_motion_interface_ros_msgs/include/robot_motion_interface_ros_msgs/robot_motion_interface_ros_msgs/msg/detail/object_poses__traits.hpp\n'}
[10.946133] (robot_motion_interface_ros_msgs) StdoutLine: {'line': b'-- Up-to-date symlink: /workspace/libs/robot_motion_interface/ros/install/robot_motion_interface_ros_msgs/include/robot_motion_interface_ros_msgs/robot_motion_interface_ros_msgs/msg/detail/object_poses__type_support.hpp\n'}
[10.946171] (robot_motion_interface_ros_msgs) StdoutLine: {'line': b'-- Up-to-date symlink: /workspace/libs/robot_motion_interface/ros/install/robot_motion_interface_ros_msgs/include/robot_motion_interface_ros_msgs/robot_motion_interface_ros_msgs/msg/object_pose.hpp\n'}
[10.946218] (robot_motion_interface_ros_msgs) StdoutLine: {'line': b'-- Up-to-date symlink: /workspace/libs/robot_motion_interface/ros/install/robot_motion_interface_ros_msgs/include/robot_motion_interface_ros_msgs/robot_motion_interface_ros_msgs/msg/object_poses.hpp\n'}
[10.946266] (robot_motion_interface_ros_msgs) StdoutLine: {'line': b'-- Up-to-date symlink: /workspace/libs/robot_motion_interface/ros/install/robot_motion_interface_ros_msgs/include/robot_motion_interface_ros_msgs/robot_motion_interface_ros_msgs/msg/rosidl_generator_cpp__visibility_control.hpp\n'}
[10.946658] (robot_motion_interface_ros_msgs) StdoutLine: {'line': b'-- Up-to-date symlink: /workspace/libs/robot_motion_interface/ros/install/robot_motion_interface_ros_msgs/include/robot_motion_interface_ros_msgs/robot_motion_interface_ros_msgs/action/detail/home__rosidl_typesupport_fastrtps_cpp.hpp\n'}
[10.946761] (robot_motion_interface_ros_msgs) StdoutLine: {'line': b'-- Up-to-date symlink: /workspace/libs/robot_motion_interface/ros/install/robot_motion_interface_ros_msgs/include/robot_motion_interface_ros_msgs/robot_motion_interface_ros_msgs/action/detail/set_cartesian_pose__rosidl_typesupport_fastrtps_cpp.hpp\n'}
[10.946812] (robot_motion_interface_ros_msgs) StdoutLine: {'line': b'-- Up-to-date symlink: /workspace/libs/robot_motion_interface/ros/install/robot_motion_interface_ros_msgs/include/robot_motion_interface_ros_msgs/robot_motion_interface_ros_msgs/action/detail/set_joint_positions__rosidl_typesupport_fastrtps_cpp.hpp\n'}
[10.946861] (robot_motion_interface_ros_msgs) StdoutLine: {'line': b'-- Up-to-date symlink: /workspace/libs/robot_motion_interface/ros/install/robot_motion_interface_ros_msgs/include/robot_motion_interface_ros_msgs/robot_motion_interface_ros_msgs/msg/detail/object_pose__rosidl_typesupport_fastrtps_cpp.hpp\n'}
[10.946911] (robot_motion_interface_ros_msgs) StdoutLine: {'line': b'-- Up-to-date symlink: /workspace/libs/robot_motion_interface/ros/install/robot_motion_interface_ros_msgs/include/robot_motion_interface_ros_msgs/robot_motion_interface_ros_msgs/msg/detail/object_poses__rosidl_typesupport_fastrtps_cpp.hpp\n'}
[10.946974] (robot_motion_interface_ros_msgs) StdoutLine: {'line': b'-- Up-to-date symlink: /workspace/libs/robot_motion_interface/ros/install/robot_motion_interface_ros_msgs/include/robot_motion_interface_ros_msgs/robot_motion_interface_ros_msgs/msg/rosidl_typesupport_fastrtps_cpp__visibility_control.h\n'}
[10.947246] (robot_motion_interface_ros_msgs) StdoutLine: {'line': b'-- Up-to-date symlink: /workspace/libs/robot_motion_interface/ros/install/robot_motion_interface_ros_msgs/include/robot_motion_interface_ros_msgs/robot_motion_interface_ros_msgs/action/detail/home__rosidl_typesupport_introspection_cpp.hpp\n'}
[10.947295] (robot_motion_interface_ros_msgs) StdoutLine: {'line': b'-- Up-to-date symlink: /workspace/libs/robot_motion_interface/ros/install/robot_motion_interface_ros_msgs/include/robot_motion_interface_ros_msgs/robot_motion_interface_ros_msgs/action/detail/set_cartesian_pose__rosidl_typesupport_introspection_cpp.hpp\n'}
[10.947343] (robot_motion_interface_ros_msgs) StdoutLine: {'line': b'-- Up-to-date symlink: /workspace/libs/robot_motion_interface/ros/install/robot_motion_interface_ros_msgs/include/robot_motion_interface_ros_msgs/robot_motion_interface_ros_msgs/action/detail/set_joint_positions__rosidl_typesupport_introspection_cpp.hpp\n'}
[10.947394] (robot_motion_interface_ros_msgs) StdoutLine: {'line': b'-- Up-to-date symlink: /workspace/libs/robot_motion_interface/ros/install/robot_motion_interface_ros_msgs/include/robot_motion_interface_ros_msgs/robot_motion_interface_ros_msgs/msg/detail/object_pose__rosidl_typesupport_introspection_cpp.hpp\n'}
[10.947481] (robot_motion_interface_ros_msgs) StdoutLine: {'line': b'-- Up-to-date symlink: /workspace/libs/robot_motion_interface/ros/install/robot_motion_interface_ros_msgs/include/robot_motion_interface_ros_msgs/robot_motion_interface_ros_msgs/msg/detail/object_poses__rosidl_typesupport_introspection_cpp.hpp\n'}
[10.947607] (robot_motion_interface_ros_msgs) StdoutLine: {'line': b'-- Up-to-date symlink: /workspace/libs/robot_motion_interface/ros/install/robot_motion_interface_ros_msgs/share/robot_motion_interface_ros_msgs/environment/pythonpath.sh\n'}
[10.947696] (robot_motion_interface_ros_msgs) StdoutLine: {'line': b'-- Up-to-date symlink: /workspace/libs/robot_motion_interface/ros/install/robot_motion_interface_ros_msgs/share/robot_motion_interface_ros_msgs/environment/pythonpath.dsv\n'}
[10.947896] (robot_motion_interface_ros_msgs) StdoutLine: {'line': b'-- Up-to-date symlink: /workspace/libs/robot_motion_interface/ros/install/robot_motion_interface_ros_msgs/lib/python3.12/site-packages/robot_motion_interface_ros_msgs-0.0.0-py3.12.egg-info/PKG-INFO\n'}
[10.947959] (robot_motion_interface_ros_msgs) StdoutLine: {'line': b'-- Up-to-date symlink: /workspace/libs/robot_motion_interface/ros/install/robot_motion_interface_ros_msgs/lib/python3.12/site-packages/robot_motion_interface_ros_msgs-0.0.0-py3.12.egg-info/SOURCES.txt\n'}
[10.948019] (robot_motion_interface_ros_msgs) StdoutLine: {'line': b'-- Up-to-date symlink: /workspace/libs/robot_motion_interface/ros/install/robot_motion_interface_ros_msgs/lib/python3.12/site-packages/robot_motion_interface_ros_msgs-0.0.0-py3.12.egg-info/dependency_links.txt\n'}
[10.948076] (robot_motion_interface_ros_msgs) StdoutLine: {'line': b'-- Up-to-date symlink: /workspace/libs/robot_motion_interface/ros/install/robot_motion_interface_ros_msgs/lib/python3.12/site-packages/robot_motion_interface_ros_msgs-0.0.0-py3.12.egg-info/top_level.txt\n'}
[10.948488] (robot_motion_interface_ros_msgs) StdoutLine: {'line': b'-- Up-to-date symlink: /workspace/libs/robot_motion_interface/ros/install/robot_motion_interface_ros_msgs/lib/python3.12/site-packages/robot_motion_interface_ros_msgs/__init__.py\n'}
[10.948561] (robot_motion_interface_ros_msgs) StdoutLine: {'line': b'-- Up-to-date symlink: /workspace/libs/robot_motion_interface/ros/install/robot_motion_interface_ros_msgs/lib/python3.12/site-packages/robot_motion_interface_ros_msgs/_robot_motion_interface_ros_msgs_s.ep.rosidl_typesupport_c.c\n'}
[10.948632] (robot_motion_interface_ros_msgs) StdoutLine: {'line': b'-- Up-to-date symlink: /workspace/libs/robot_motion_interface/ros/install/robot_motion_interface_ros_msgs/lib/python3.12/site-packages/robot_motion_interface_ros_msgs/_robot_motion_interface_ros_msgs_s.ep.rosidl_typesupport_fastrtps_c.c\n'}
[10.948703] (robot_motion_interface_ros_msgs) StdoutLine: {'line': b'-- Up-to-date symlink: /workspace/libs/robot_motion_interface/ros/install/robot_motion_interface_ros_msgs/lib/python3.12/site-packages/robot_motion_interface_ros_msgs/_robot_motion_interface_ros_msgs_s.ep.rosidl_typesupport_introspection_c.c\n'}
[10.948777] (robot_motion_interface_ros_msgs) StdoutLine: {'line': b'-- Up-to-date symlink: /workspace/libs/robot_motion_interface/ros/install/robot_motion_interface_ros_msgs/lib/python3.12/site-packages/robot_motion_interface_ros_msgs/action/__init__.py\n'}
[10.948859] (robot_motion_interface_ros_msgs) StdoutLine: {'line': b'-- Up-to-date symlink: /workspace/libs/robot_motion_interface/ros/install/robot_motion_interface_ros_msgs/lib/python3.12/site-packages/robot_motion_interface_ros_msgs/action/_home.py\n'}
[10.948941] (robot_motion_interface_ros_msgs) StdoutLine: {'line': b'-- Up-to-date symlink: /workspace/libs/robot_motion_interface/ros/install/robot_motion_interface_ros_msgs/lib/python3.12/site-packages/robot_motion_interface_ros_msgs/action/_home_s.c\n'}
[10.949051] (robot_motion_interface_ros_msgs) StdoutLine: {'line': b'-- Up-to-date symlink: /workspace/libs/robot_motion_interface/ros/install/robot_motion_interface_ros_msgs/lib/python3.12/site-packages/robot_motion_interface_ros_msgs/action/_set_cartesian_pose.py\n'}
[10.949145] (robot_motion_interface_ros_msgs) StdoutLine: {'line': b'-- Up-to-date symlink: /workspace/libs/robot_motion_interface/ros/install/robot_motion_interface_ros_msgs/lib/python3.12/site-packages/robot_motion_interface_ros_msgs/action/_set_cartesian_pose_s.c\n'}
[10.949225] (robot_motion_interface_ros_msgs) StdoutLine: {'line': b'-- Up-to-date symlink: /workspace/libs/robot_motion_interface/ros/install/robot_motion_interface_ros_msgs/lib/python3.12/site-packages/robot_motion_interface_ros_msgs/action/_set_joint_positions.py\n'}
[10.949313] (robot_motion_interface_ros_msgs) StdoutLine: {'line': b'-- Up-to-date symlink: /workspace/libs/robot_motion_interface/ros/install/robot_motion_interface_ros_msgs/lib/python3.12/site-packages/robot_motion_interface_ros_msgs/action/_set_joint_positions_s.c\n'}
[10.949388] (robot_motion_interface_ros_msgs) StdoutLine: {'line': b'-- Up-to-date symlink: /workspace/libs/robot_motion_interface/ros/install/robot_motion_interface_ros_msgs/lib/python3.12/site-packages/robot_motion_interface_ros_msgs/msg/__init__.py\n'}
[10.949479] (robot_motion_interface_ros_msgs) StdoutLine: {'line': b'-- Up-to-date symlink: /workspace/libs/robot_motion_interface/ros/install/robot_motion_interface_ros_msgs/lib/python3.12/site-packages/robot_motion_interface_ros_msgs/msg/_object_pose.py\n'}
[10.949555] (robot_motion_interface_ros_msgs) StdoutLine: {'line': b'-- Up-to-date symlink: /workspace/libs/robot_motion_interface/ros/install/robot_motion_interface_ros_msgs/lib/python3.12/site-packages/robot_motion_interface_ros_msgs/msg/_object_pose_s.c\n'}
[10.949620] (robot_motion_interface_ros_msgs) StdoutLine: {'line': b'-- Up-to-date symlink: /workspace/libs/robot_motion_interface/ros/install/robot_motion_interface_ros_msgs/lib/python3.12/site-packages/robot_motion_interface_ros_msgs/msg/_object_poses.py\n'}
[10.949693] (robot_motion_interface_ros_msgs) StdoutLine: {'line': b'-- Up-to-date symlink: /workspace/libs/robot_motion_interface/ros/install/robot_motion_interface_ros_msgs/lib/python3.12/site-packages/robot_motion_interface_ros_msgs/msg/_object_poses_s.c\n'}
[10.949760] (robot_motion_interface_ros_msgs) StdoutLine: {'line': b'-- Up-to-date symlink: /workspace/libs/robot_motion_interface/ros/install/robot_motion_interface_ros_msgs/lib/python3.12/site-packages/robot_motion_interface_ros_msgs/robot_motion_interface_ros_msgs_s__rosidl_typesupport_c.so\n'}
[10.949830] (robot_motion_interface_ros_msgs) StdoutLine: {'line': b'-- Up-to-date symlink: /workspace/libs/robot_motion_interface/ros/install/robot_motion_interface_ros_msgs/lib/python3.12/site-packages/robot_motion_interface_ros_msgs/robot_motion_interface_ros_msgs_s__rosidl_typesupport_fastrtps_c.so\n'}
[10.949931] (robot_motion_interface_ros_msgs) StdoutLine: {'line': b'-- Up-to-date symlink: /workspace/libs/robot_motion_interface/ros/install/robot_motion_interface_ros_msgs/lib/python3.12/site-packages/robot_motion_interface_ros_msgs/robot_motion_interface_ros_msgs_s__rosidl_typesupport_introspection_c.so\n'}
[10.950006] (robot_motion_interface_ros_msgs) StdoutLine: {'line': b'-- Up-to-date symlink: /workspace/libs/robot_motion_interface/ros/install/robot_motion_interface_ros_msgs/lib/python3.12/site-packages/robot_motion_interface_ros_msgs/robot_motion_interface_ros_msgs_s__rosidl_typesupport_fastrtps_c.so\n'}
[10.950077] (robot_motion_interface_ros_msgs) StdoutLine: {'line': b'-- Up-to-date symlink: /workspace/libs/robot_motion_interface/ros/install/robot_motion_interface_ros_msgs/lib/python3.12/site-packages/robot_motion_interface_ros_msgs/robot_motion_interface_ros_msgs_s__rosidl_typesupport_introspection_c.so\n'}
[10.950174] (robot_motion_interface_ros_msgs) StdoutLine: {'line': b'-- Up-to-date symlink: /workspace/libs/robot_motion_interface/ros/install/robot_motion_interface_ros_msgs/lib/python3.12/site-packages/robot_motion_interface_ros_msgs/robot_motion_interface_ros_msgs_s__rosidl_typesupport_c.so\n'}
[10.950235] (robot_motion_interface_ros_msgs) StdoutLine: {'line': b'-- Up-to-date symlink: /workspace/libs/robot_motion_interface/ros/install/robot_motion_interface_ros_msgs/share/robot_motion_interface_ros_msgs/action/SetCartesianPose.idl\n'}
[10.950298] (robot_motion_interface_ros_msgs) StdoutLine: {'line': b'-- Up-to-date symlink: /workspace/libs/robot_motion_interface/ros/install/robot_motion_interface_ros_msgs/share/robot_motion_interface_ros_msgs/action/Home.idl\n'}
[10.950413] (robot_motion_interface_ros_msgs) StdoutLine: {'line': b'-- Up-to-date symlink: /workspace/libs/robot_motion_interface/ros/install/robot_motion_interface_ros_msgs/share/robot_motion_interface_ros_msgs/action/SetJointPositions.idl\n'}
[10.950561] (robot_motion_interface_ros_msgs) StdoutLine: {'line': b'-- Up-to-date symlink: /workspace/libs/robot_motion_interface/ros/install/robot_motion_interface_ros_msgs/share/robot_motion_interface_ros_msgs/msg/ObjectPose.idl\n'}
[10.950802] (robot_motion_interface_ros_msgs) StdoutLine: {'line': b'-- Up-to-date symlink: /workspace/libs/robot_motion_interface/ros/install/robot_motion_interface_ros_msgs/share/robot_motion_interface_ros_msgs/msg/ObjectPoses.idl\n'}
[10.950944] (robot_motion_interface_ros_msgs) StdoutLine: {'line': b'-- Up-to-date symlink: /workspace/libs/robot_motion_interface/ros/install/robot_motion_interface_ros_msgs/share/robot_motion_interface_ros_msgs/action/SetCartesianPose.action\n'}
[10.951092] (robot_motion_interface_ros_msgs) StdoutLine: {'line': b'-- Up-to-date symlink: /workspace/libs/robot_motion_interface/ros/install/robot_motion_interface_ros_msgs/share/robot_motion_interface_ros_msgs/action/Home.action\n'}
[10.951222] (robot_motion_interface_ros_msgs) StdoutLine: {'line': b'-- Up-to-date symlink: /workspace/libs/robot_motion_interface/ros/install/robot_motion_interface_ros_msgs/share/robot_motion_interface_ros_msgs/action/SetJointPositions.action\n'}
[10.951357] (robot_motion_interface_ros_msgs) StdoutLine: {'line': b'-- Up-to-date symlink: /workspace/libs/robot_motion_interface/ros/install/robot_motion_interface_ros_msgs/share/robot_motion_interface_ros_msgs/msg/ObjectPose.msg\n'}
[10.951486] (robot_motion_interface_ros_msgs) StdoutLine: {'line': b'-- Up-to-date symlink: /workspace/libs/robot_motion_interface/ros/install/robot_motion_interface_ros_msgs/share/robot_motion_interface_ros_msgs/msg/ObjectPoses.msg\n'}
[10.951586] (robot_motion_interface_ros_msgs) StdoutLine: {'line': b'-- Up-to-date symlink: /workspace/libs/robot_motion_interface/ros/install/robot_motion_interface_ros_msgs/share/ament_index/resource_index/package_run_dependencies/robot_motion_interface_ros_msgs\n'}
[10.951684] (robot_motion_interface_ros_msgs) StdoutLine: {'line': b'-- Up-to-date symlink: /workspace/libs/robot_motion_interface/ros/install/robot_motion_interface_ros_msgs/share/ament_index/resource_index/parent_prefix_path/robot_motion_interface_ros_msgs\n'}
[10.951782] (robot_motion_interface_ros_msgs) StdoutLine: {'line': b'-- Symlinking: /workspace/libs/robot_motion_interface/ros/install/robot_motion_interface_ros_msgs/share/robot_motion_interface_ros_msgs/environment/ament_prefix_path.sh\n'}
[10.957100] (robot_motion_interface_ros_msgs) StdoutLine: {'line': b'-- Up-to-date symlink: /workspace/libs/robot_motion_interface/ros/install/robot_motion_interface_ros_msgs/share/robot_motion_interface_ros_msgs/environment/ament_prefix_path.dsv\n'}
[10.957292] (robot_motion_interface_ros_msgs) StdoutLine: {'line': b'-- Symlinking: /workspace/libs/robot_motion_interface/ros/install/robot_motion_interface_ros_msgs/share/robot_motion_interface_ros_msgs/environment/path.sh\n'}
[10.962822] (robot_motion_interface_ros_msgs) StdoutLine: {'line': b'-- Up-to-date symlink: /workspace/libs/robot_motion_interface/ros/install/robot_motion_interface_ros_msgs/share/robot_motion_interface_ros_msgs/environment/path.dsv\n'}
[10.963043] (robot_motion_interface_ros_msgs) StdoutLine: {'line': b'-- Up-to-date symlink: /workspace/libs/robot_motion_interface/ros/install/robot_motion_interface_ros_msgs/share/robot_motion_interface_ros_msgs/local_setup.bash\n'}
[10.963201] (robot_motion_interface_ros_msgs) StdoutLine: {'line': b'-- Up-to-date symlink: /workspace/libs/robot_motion_interface/ros/install/robot_motion_interface_ros_msgs/share/robot_motion_interface_ros_msgs/local_setup.sh\n'}
[10.963337] (robot_motion_interface_ros_msgs) StdoutLine: {'line': b'-- Up-to-date symlink: /workspace/libs/robot_motion_interface/ros/install/robot_motion_interface_ros_msgs/share/robot_motion_interface_ros_msgs/local_setup.zsh\n'}
[10.963478] (robot_motion_interface_ros_msgs) StdoutLine: {'line': b'-- Up-to-date symlink: /workspace/libs/robot_motion_interface/ros/install/robot_motion_interface_ros_msgs/share/robot_motion_interface_ros_msgs/local_setup.dsv\n'}
[10.963580] (robot_motion_interface_ros_msgs) StdoutLine: {'line': b'-- Symlinking: /workspace/libs/robot_motion_interface/ros/install/robot_motion_interface_ros_msgs/share/robot_motion_interface_ros_msgs/package.dsv\n'}
[10.973994] (robot_motion_interface_ros_msgs) StdoutLine: {'line': b'-- Up-to-date symlink: /workspace/libs/robot_motion_interface/ros/install/robot_motion_interface_ros_msgs/share/ament_index/resource_index/packages/robot_motion_interface_ros_msgs\n'}
[10.974244] (robot_motion_interface_ros_msgs) StdoutLine: {'line': b'-- Up-to-date symlink: /workspace/libs/robot_motion_interface/ros/install/robot_motion_interface_ros_msgs/share/robot_motion_interface_ros_msgs/cmake/rosidl_cmake-extras.cmake\n'}
[10.974379] (robot_motion_interface_ros_msgs) StdoutLine: {'line': b'-- Up-to-date symlink: /workspace/libs/robot_motion_interface/ros/install/robot_motion_interface_ros_msgs/share/robot_motion_interface_ros_msgs/cmake/ament_cmake_export_dependencies-extras.cmake\n'}
[10.974538] (robot_motion_interface_ros_msgs) StdoutLine: {'line': b'-- Up-to-date symlink: /workspace/libs/robot_motion_interface/ros/install/robot_motion_interface_ros_msgs/share/robot_motion_interface_ros_msgs/cmake/ament_cmake_export_include_directories-extras.cmake\n'}
[10.974671] (robot_motion_interface_ros_msgs) StdoutLine: {'line': b'-- Up-to-date symlink: /workspace/libs/robot_motion_interface/ros/install/robot_motion_interface_ros_msgs/share/robot_motion_interface_ros_msgs/cmake/ament_cmake_export_libraries-extras.cmake\n'}
[10.974824] (robot_motion_interface_ros_msgs) StdoutLine: {'line': b'-- Up-to-date symlink: /workspace/libs/robot_motion_interface/ros/install/robot_motion_interface_ros_msgs/share/robot_motion_interface_ros_msgs/cmake/ament_cmake_export_targets-extras.cmake\n'}
[10.974960] (robot_motion_interface_ros_msgs) StdoutLine: {'line': b'-- Up-to-date symlink: /workspace/libs/robot_motion_interface/ros/install/robot_motion_interface_ros_msgs/share/robot_motion_interface_ros_msgs/cmake/rosidl_cmake_export_typesupport_targets-extras.cmake\n'}
[10.975071] (robot_motion_interface_ros_msgs) StdoutLine: {'line': b'-- Up-to-date symlink: /workspace/libs/robot_motion_interface/ros/install/robot_motion_interface_ros_msgs/share/robot_motion_interface_ros_msgs/cmake/rosidl_cmake_export_typesupport_libraries-extras.cmake\n'}
[10.975191] (robot_motion_interface_ros_msgs) StdoutLine: {'line': b'-- Up-to-date symlink: /workspace/libs/robot_motion_interface/ros/install/robot_motion_interface_ros_msgs/share/robot_motion_interface_ros_msgs/cmake/robot_motion_interface_ros_msgsConfig.cmake\n'}
[10.975321] (robot_motion_interface_ros_msgs) StdoutLine: {'line': b'-- Up-to-date symlink: /workspace/libs/robot_motion_interface/ros/install/robot_motion_interface_ros_msgs/share/robot_motion_interface_ros_msgs/cmake/robot_motion_interface_ros_msgsConfig-version.cmake\n'}
[10.975464] (robot_motion_interface_ros_msgs) StdoutLine: {'line': b'-- Up-to-date symlink: /workspace/libs/robot_motion_interface/ros/install/robot_motion_interface_ros_msgs/share/robot_motion_interface_ros_msgs/package.xml\n'}
[10.975569] (robot_motion_interface_ros_msgs) StdoutLine: {'line': b'-- Installing: /workspace/libs/robot_motion_interface/ros/install/robot_motion_interface_ros_msgs/lib/librobot_motion_interface_ros_msgs__rosidl_generator_c.so\n'}
[10.975853] (robot_motion_interface_ros_msgs) StdoutLine: {'line': b'-- Set non-toolchain portion of runtime path of "/workspace/libs/robot_motion_interface/ros/install/robot_motion_interface_ros_msgs/lib/librobot_motion_interface_ros_msgs__rosidl_generator_c.so" to ""\n'}
[10.976199] (robot_motion_interface_ros_msgs) StdoutLine: {'line': b'-- Installing: /workspace/libs/robot_motion_interface/ros/install/robot_motion_interface_ros_msgs/lib/librobot_motion_interface_ros_msgs__rosidl_typesupport_fastrtps_c.so\n'}
[10.976469] (robot_motion_interface_ros_msgs) StdoutLine: {'line': b'-- Set non-toolchain portion of runtime path of "/workspace/libs/robot_motion_interface/ros/install/robot_motion_interface_ros_msgs/lib/librobot_motion_interface_ros_msgs__rosidl_typesupport_fastrtps_c.so" to ""\n'}
[10.976773] (robot_motion_interface_ros_msgs) StdoutLine: {'line': b'-- Installing: /workspace/libs/robot_motion_interface/ros/install/robot_motion_interface_ros_msgs/lib/librobot_motion_interface_ros_msgs__rosidl_typesupport_introspection_c.so\n'}
[10.976977] (robot_motion_interface_ros_msgs) StdoutLine: {'line': b'-- Set non-toolchain portion of runtime path of "/workspace/libs/robot_motion_interface/ros/install/robot_motion_interface_ros_msgs/lib/librobot_motion_interface_ros_msgs__rosidl_typesupport_introspection_c.so" to ""\n'}
[10.977359] (robot_motion_interface_ros_msgs) StdoutLine: {'line': b'-- Installing: /workspace/libs/robot_motion_interface/ros/install/robot_motion_interface_ros_msgs/lib/librobot_motion_interface_ros_msgs__rosidl_typesupport_c.so\n'}
[10.977485] (robot_motion_interface_ros_msgs) StdoutLine: {'line': b'-- Set non-toolchain portion of runtime path of "/workspace/libs/robot_motion_interface/ros/install/robot_motion_interface_ros_msgs/lib/librobot_motion_interface_ros_msgs__rosidl_typesupport_c.so" to ""\n'}
[10.977810] (robot_motion_interface_ros_msgs) StdoutLine: {'line': b'-- Installing: /workspace/libs/robot_motion_interface/ros/install/robot_motion_interface_ros_msgs/lib/librobot_motion_interface_ros_msgs__rosidl_typesupport_fastrtps_cpp.so\n'}
[10.978346] (robot_motion_interface_ros_msgs) StdoutLine: {'line': b'-- Set non-toolchain portion of runtime path of "/workspace/libs/robot_motion_interface/ros/install/robot_motion_interface_ros_msgs/lib/librobot_motion_interface_ros_msgs__rosidl_typesupport_fastrtps_cpp.so" to ""\n'}
[10.978643] (robot_motion_interface_ros_msgs) StdoutLine: {'line': b'-- Installing: /workspace/libs/robot_motion_interface/ros/install/robot_motion_interface_ros_msgs/lib/librobot_motion_interface_ros_msgs__rosidl_typesupport_introspection_cpp.so\n'}
[10.979155] (robot_motion_interface_ros_msgs) StdoutLine: {'line': b'-- Set non-toolchain portion of runtime path of "/workspace/libs/robot_motion_interface/ros/install/robot_motion_interface_ros_msgs/lib/librobot_motion_interface_ros_msgs__rosidl_typesupport_introspection_cpp.so" to ""\n'}
[10.979387] (robot_motion_interface_ros_msgs) StdoutLine: {'line': b'-- Installing: /workspace/libs/robot_motion_interface/ros/install/robot_motion_interface_ros_msgs/lib/librobot_motion_interface_ros_msgs__rosidl_typesupport_cpp.so\n'}
[10.979795] (robot_motion_interface_ros_msgs) StdoutLine: {'line': b'-- Set non-toolchain portion of runtime path of "/workspace/libs/robot_motion_interface/ros/install/robot_motion_interface_ros_msgs/lib/librobot_motion_interface_ros_msgs__rosidl_typesupport_cpp.so" to ""\n'}
[11.027636] (-) TimerEvent: {}
[11.049870] (robot_motion_interface_ros_msgs) StdoutLine: {'line': b"Listing '/workspace/libs/robot_motion_interface/ros/install/robot_motion_interface_ros_msgs/lib/python3.12/site-packages/robot_motion_interface_ros_msgs'...\n"}
[11.050059] (robot_motion_interface_ros_msgs) StdoutLine: {'line': b"Compiling '/workspace/libs/robot_motion_interface/ros/install/robot_motion_interface_ros_msgs/lib/python3.12/site-packages/robot_motion_interface_ros_msgs/__init__.py'...\n"}
[11.050134] (robot_motion_interface_ros_msgs) StdoutLine: {'line': b"Listing '/workspace/libs/robot_motion_interface/ros/install/robot_motion_interface_ros_msgs/lib/python3.12/site-packages/robot_motion_interface_ros_msgs/action'...\n"}
[11.050194] (robot_motion_interface_ros_msgs) StdoutLine: {'line': b"Compiling '/workspace/libs/robot_motion_interface/ros/install/robot_motion_interface_ros_msgs/lib/python3.12/site-packages/robot_motion_interface_ros_msgs/action/__init__.py'...\n"}
[11.050275] (robot_motion_interface_ros_msgs) StdoutLine: {'line': b"Compiling '/workspace/libs/robot_motion_interface/ros/install/robot_motion_interface_ros_msgs/lib/python3.12/site-packages/robot_motion_interface_ros_msgs/action/_home.py'...\n"}
[11.050337] (robot_motion_interface_ros_msgs) StdoutLine: {'line': b"Compiling '/workspace/libs/robot_motion_interface/ros/install/robot_motion_interface_ros_msgs/lib/python3.12/site-packages/robot_motion_interface_ros_msgs/action/_set_cartesian_pose.py'...\n"}
[11.050437] (robot_motion_interface_ros_msgs) StdoutLine: {'line': b"Compiling '/workspace/libs/robot_motion_interface/ros/install/robot_motion_interface_ros_msgs/lib/python3.12/site-packages/robot_motion_interface_ros_msgs/action/_set_joint_positions.py'...\n"}
[11.050511] (robot_motion_interface_ros_msgs) StdoutLine: {'line': b"Listing '/workspace/libs/robot_motion_interface/ros/install/robot_motion_interface_ros_msgs/lib/python3.12/site-packages/robot_motion_interface_ros_msgs/msg'...\n"}
[11.050571] (robot_motion_interface_ros_msgs) StdoutLine: {'line': b"Compiling '/workspace/libs/robot_motion_interface/ros/install/robot_motion_interface_ros_msgs/lib/python3.12/site-packages/robot_motion_interface_ros_msgs/msg/__init__.py'...\n"}
[11.050615] (robot_motion_interface_ros_msgs) StdoutLine: {'line': b"Compiling '/workspace/libs/robot_motion_interface/ros/install/robot_motion_interface_ros_msgs/lib/python3.12/site-packages/robot_motion_interface_ros_msgs/msg/_object_pose.py'...\n"}
[11.050658] (robot_motion_interface_ros_msgs) StdoutLine: {'line': b"Compiling '/workspace/libs/robot_motion_interface/ros/install/robot_motion_interface_ros_msgs/lib/python3.12/site-packages/robot_motion_interface_ros_msgs/msg/_object_poses.py'...\n"}
[11.057332] (robot_motion_interface_ros_msgs) StdoutLine: {'line': b'-- Installing: /workspace/libs/robot_motion_interface/ros/install/robot_motion_interface_ros_msgs/lib/librobot_motion_interface_ros_msgs__rosidl_generator_py.so\n'}
[11.057697] (robot_motion_interface_ros_msgs) StdoutLine: {'line': b'-- Set non-toolchain portion of runtime path of "/workspace/libs/robot_motion_interface/ros/install/robot_motion_interface_ros_msgs/lib/librobot_motion_interface_ros_msgs__rosidl_generator_py.so" to ""\n'}
[11.057874] (robot_motion_interface_ros_msgs) StdoutLine: {'line': b'-- Old export file "/workspace/libs/robot_motion_interface/ros/install/robot_motion_interface_ros_msgs/share/robot_motion_interface_ros_msgs/cmake/export_robot_motion_interface_ros_msgs__rosidl_generator_cExport.cmake" will be replaced.  Removing files [/workspace/libs/robot_motion_interface/ros/install/robot_motion_interface_ros_msgs/share/robot_motion_interface_ros_msgs/cmake/export_robot_motion_interface_ros_msgs__rosidl_generator_cExport-noconfig.cmake].\n'}
[11.057938] (robot_motion_interface_ros_msgs) StdoutLine: {'line': b'-- Installing: /workspace/libs/robot_motion_interface/ros/install/robot_motion_interface_ros_msgs/share/robot_motion_interface_ros_msgs/cmake/export_robot_motion_interface_ros_msgs__rosidl_generator_cExport.cmake\n'}
[11.058037] (robot_motion_interface_ros_msgs) StdoutLine: {'line': b'-- Installing: /workspace/libs/robot_motion_interface/ros/install/robot_motion_interface_ros_msgs/share/robot_motion_interface_ros_msgs/cmake/export_robot_motion_interface_ros_msgs__rosidl_generator_cExport-noconfig.cmake\n'}
[11.058169] (robot_motion_interface_ros_msgs) StdoutLine: {'line': b'-- Old export file "/workspace/libs/robot_motion_interface/ros/install/robot_motion_interface_ros_msgs/share/robot_motion_interface_ros_msgs/cmake/export_robot_motion_interface_ros_msgs__rosidl_typesupport_fastrtps_cExport.cmake" will be replaced.  Removing files [/workspace/libs/robot_motion_interface/ros/install/robot_motion_interface_ros_msgs/share/robot_motion_interface_ros_msgs/cmake/export_robot_motion_interface_ros_msgs__rosidl_typesupport_fastrtps_cExport-noconfig.cmake].\n'}
[11.058223] (robot_motion_interface_ros_msgs) StdoutLine: {'line': b'-- Installing: /workspace/libs/robot_motion_interface/ros/install/robot_motion_interface_ros_msgs/share/robot_motion_interface_ros_msgs/cmake/export_robot_motion_interface_ros_msgs__rosidl_typesupport_fastrtps_cExport.cmake\n'}
[11.058282] (robot_motion_interface_ros_msgs) StdoutLine: {'line': b'-- Installing: /workspace/libs/robot_motion_interface/ros/install/robot_motion_interface_ros_msgs/share/robot_motion_interface_ros_msgs/cmake/export_robot_motion_interface_ros_msgs__rosidl_typesupport_fastrtps_cExport-noconfig.cmake\n'}
[11.058408] (robot_motion_interface_ros_msgs) StdoutLine: {'line': b'-- Old export file "/workspace/libs/robot_motion_interface/ros/install/robot_motion_interface_ros_msgs/share/robot_motion_interface_ros_msgs/cmake/robot_motion_interface_ros_msgs__rosidl_typesupport_introspection_cExport.cmake" will be replaced.  Removing files [/workspace/libs/robot_motion_interface/ros/install/robot_motion_interface_ros_msgs/share/robot_motion_interface_ros_msgs/cmake/robot_motion_interface_ros_msgs__rosidl_typesupport_introspection_cExport-noconfig.cmake].\n'}
[11.058468] (robot_motion_interface_ros_msgs) StdoutLine: {'line': b'-- Installing: /workspace/libs/robot_motion_interface/ros/install/robot_motion_interface_ros_msgs/share/robot_motion_interface_ros_msgs/cmake/robot_motion_interface_ros_msgs__rosidl_typesupport_introspection_cExport.cmake\n'}
[11.058538] (robot_motion_interface_ros_msgs) StdoutLine: {'line': b'-- Installing: /workspace/libs/robot_motion_interface/ros/install/robot_motion_interface_ros_msgs/share/robot_motion_interface_ros_msgs/cmake/robot_motion_interface_ros_msgs__rosidl_typesupport_introspection_cExport-noconfig.cmake\n'}
[11.058661] (robot_motion_interface_ros_msgs) StdoutLine: {'line': b'-- Old export file "/workspace/libs/robot_motion_interface/ros/install/robot_motion_interface_ros_msgs/share/robot_motion_interface_ros_msgs/cmake/robot_motion_interface_ros_msgs__rosidl_typesupport_cExport.cmake" will be replaced.  Removing files [/workspace/libs/robot_motion_interface/ros/install/robot_motion_interface_ros_msgs/share/robot_motion_interface_ros_msgs/cmake/robot_motion_interface_ros_msgs__rosidl_typesupport_cExport-noconfig.cmake].\n'}
[11.058725] (robot_motion_interface_ros_msgs) StdoutLine: {'line': b'-- Installing: /workspace/libs/robot_motion_interface/ros/install/robot_motion_interface_ros_msgs/share/robot_motion_interface_ros_msgs/cmake/robot_motion_interface_ros_msgs__rosidl_typesupport_cExport.cmake\n'}
[11.058784] (robot_motion_interface_ros_msgs) StdoutLine: {'line': b'-- Installing: /workspace/libs/robot_motion_interface/ros/install/robot_motion_interface_ros_msgs/share/robot_motion_interface_ros_msgs/cmake/robot_motion_interface_ros_msgs__rosidl_typesupport_cExport-noconfig.cmake\n'}
[11.058885] (robot_motion_interface_ros_msgs) StdoutLine: {'line': b'-- Installing: /workspace/libs/robot_motion_interface/ros/install/robot_motion_interface_ros_msgs/share/robot_motion_interface_ros_msgs/cmake/export_robot_motion_interface_ros_msgs__rosidl_generator_cppExport.cmake\n'}
[11.059008] (robot_motion_interface_ros_msgs) StdoutLine: {'line': b'-- Old export file "/workspace/libs/robot_motion_interface/ros/install/robot_motion_interface_ros_msgs/share/robot_motion_interface_ros_msgs/cmake/export_robot_motion_interface_ros_msgs__rosidl_typesupport_fastrtps_cppExport.cmake" will be replaced.  Removing files [/workspace/libs/robot_motion_interface/ros/install/robot_motion_interface_ros_msgs/share/robot_motion_interface_ros_msgs/cmake/export_robot_motion_interface_ros_msgs__rosidl_typesupport_fastrtps_cppExport-noconfig.cmake].\n'}
[11.059073] (robot_motion_interface_ros_msgs) StdoutLine: {'line': b'-- Installing: /workspace/libs/robot_motion_interface/ros/install/robot_motion_interface_ros_msgs/share/robot_motion_interface_ros_msgs/cmake/export_robot_motion_interface_ros_msgs__rosidl_typesupport_fastrtps_cppExport.cmake\n'}
[11.059124] (robot_motion_interface_ros_msgs) StdoutLine: {'line': b'-- Installing: /workspace/libs/robot_motion_interface/ros/install/robot_motion_interface_ros_msgs/share/robot_motion_interface_ros_msgs/cmake/export_robot_motion_interface_ros_msgs__rosidl_typesupport_fastrtps_cppExport-noconfig.cmake\n'}
[11.059230] (robot_motion_interface_ros_msgs) StdoutLine: {'line': b'-- Old export file "/workspace/libs/robot_motion_interface/ros/install/robot_motion_interface_ros_msgs/share/robot_motion_interface_ros_msgs/cmake/robot_motion_interface_ros_msgs__rosidl_typesupport_introspection_cppExport.cmake" will be replaced.  Removing files [/workspace/libs/robot_motion_interface/ros/install/robot_motion_interface_ros_msgs/share/robot_motion_interface_ros_msgs/cmake/robot_motion_interface_ros_msgs__rosidl_typesupport_introspection_cppExport-noconfig.cmake].\n'}
[11.059291] (robot_motion_interface_ros_msgs) StdoutLine: {'line': b'-- Installing: /workspace/libs/robot_motion_interface/ros/install/robot_motion_interface_ros_msgs/share/robot_motion_interface_ros_msgs/cmake/robot_motion_interface_ros_msgs__rosidl_typesupport_introspection_cppExport.cmake\n'}
[11.059348] (robot_motion_interface_ros_msgs) StdoutLine: {'line': b'-- Installing: /workspace/libs/robot_motion_interface/ros/install/robot_motion_interface_ros_msgs/share/robot_motion_interface_ros_msgs/cmake/robot_motion_interface_ros_msgs__rosidl_typesupport_introspection_cppExport-noconfig.cmake\n'}
[11.059454] (robot_motion_interface_ros_msgs) StdoutLine: {'line': b'-- Old export file "/workspace/libs/robot_motion_interface/ros/install/robot_motion_interface_ros_msgs/share/robot_motion_interface_ros_msgs/cmake/robot_motion_interface_ros_msgs__rosidl_typesupport_cppExport.cmake" will be replaced.  Removing files [/workspace/libs/robot_motion_interface/ros/install/robot_motion_interface_ros_msgs/share/robot_motion_interface_ros_msgs/cmake/robot_motion_interface_ros_msgs__rosidl_typesupport_cppExport-noconfig.cmake].\n'}
[11.059510] (robot_motion_interface_ros_msgs) StdoutLine: {'line': b'-- Installing: /workspace/libs/robot_motion_interface/ros/install/robot_motion_interface_ros_msgs/share/robot_motion_interface_ros_msgs/cmake/robot_motion_interface_ros_msgs__rosidl_typesupport_cppExport.cmake\n'}
[11.059565] (robot_motion_interface_ros_msgs) StdoutLine: {'line': b'-- Installing: /workspace/libs/robot_motion_interface/ros/install/robot_motion_interface_ros_msgs/share/robot_motion_interface_ros_msgs/cmake/robot_motion_interface_ros_msgs__rosidl_typesupport_cppExport-noconfig.cmake\n'}
[11.059675] (robot_motion_interface_ros_msgs) StdoutLine: {'line': b'-- Old export file "/workspace/libs/robot_motion_interface/ros/install/robot_motion_interface_ros_msgs/share/robot_motion_interface_ros_msgs/cmake/export_robot_motion_interface_ros_msgs__rosidl_generator_pyExport.cmake" will be replaced.  Removing files [/workspace/libs/robot_motion_interface/ros/install/robot_motion_interface_ros_msgs/share/robot_motion_interface_ros_msgs/cmake/export_robot_motion_interface_ros_msgs__rosidl_generator_pyExport-noconfig.cmake].\n'}
[11.059739] (robot_motion_interface_ros_msgs) StdoutLine: {'line': b'-- Installing: /workspace/libs/robot_motion_interface/ros/install/robot_motion_interface_ros_msgs/share/robot_motion_interface_ros_msgs/cmake/export_robot_motion_interface_ros_msgs__rosidl_generator_pyExport.cmake\n'}
[11.059787] (robot_motion_interface_ros_msgs) StdoutLine: {'line': b'-- Installing: /workspace/libs/robot_motion_interface/ros/install/robot_motion_interface_ros_msgs/share/robot_motion_interface_ros_msgs/cmake/export_robot_motion_interface_ros_msgs__rosidl_generator_pyExport-noconfig.cmake\n'}
[11.061146] (robot_motion_interface_ros_msgs) CommandEnded: {'returncode': 0}
[11.077865] (robot_motion_interface_ros_msgs) JobEnded: {'identifier': 'robot_motion_interface_ros_msgs', 'rc': 0}
[11.078948] (robot_motion_interface_ros) JobStarted: {'identifier': 'robot_motion_interface_ros'}
[11.127721] (-) TimerEvent: {}
[11.227961] (-) TimerEvent: {}
[11.328148] (-) TimerEvent: {}
[11.428423] (-) TimerEvent: {}
[11.528613] (-) TimerEvent: {}
[11.577848] (robot_motion_interface_ros) Command: {'cmd': ['/usr/bin/python3', '-W', 'ignore:setup.py install is deprecated', '-W', 'ignore:easy_install command is deprecated', 'setup.py', 'develop', '--editable', '--build-directory', '/workspace/libs/robot_motion_interface/ros/build/robot_motion_interface_ros/build', '--no-deps', 'symlink_data'], 'cwd': '/workspace/libs/robot_motion_interface/ros/build/robot_motion_interface_ros', 'env': {'HOSTNAME': 'pop-os', 'SHLVL': '1', 'LD_LIBRARY_PATH': '/workspace/libs/robot_motion_interface/ros/install/robot_motion_interface_ros_msgs/lib:/opt/ros/jazzy/lib/x86_64-linux-gnu:/opt/ros/jazzy/lib:/opt/openrobots/lib', 'HOME': '/root', 'OLDPWD': '/workspace', 'ROS_PYTHON_VERSION': '3', 'ROS_DISTRO': 'jazzy', '_': '/usr/bin/colcon', 'ROS_VERSION': '2', 'PKG_CONFIG_PATH': '/opt/openrobots/lib/pkgconfig:', 'PIP_BREAK_SYSTEM_PACKAGES': '1', 'TERM': 'xterm', 'PATH': '/opt/ros/jazzy/bin:/root/.cargo/bin:/opt/openrobots/bin:/usr/local/sbin:/usr/local/bin:/usr/sbin:/usr/bin:/sbin:/bin', 'DISPLAY': ':1', 'LANG': 'C.UTF-8', 'RMW_IMPLEMENTATION': 'rmw_fastrtps_cpp', 'AMENT_PREFIX_PATH': '/workspace/libs/robot_motion_interface/ros/install/robot_motion_interface_ros_msgs:/opt/ros/jazzy', 'DEBIAN_FRONTEND': 'noninteractive', 'ROS_AUTOMATIC_DISCOVERY_RANGE': 'SUBNET', 'PWD': '/workspace/libs/robot_motion_interface/ros/build/robot_motion_interface_ros', 'LC_ALL': 'C.UTF-8', 'PYTHONPATH': '/workspace/libs/robot_motion_interface/ros/build/robot_motion_interface_ros/prefix_override:/usr/lib/python3/dist-packages/colcon_core/task/python/colcon_distutils_commands:/workspace/libs/robot_motion_interface/ros/install/robot_motion_interface_ros/lib/python3.12/site-packages:/workspace/libs/robot_motion_interface/ros/install/robot_motion_interface_ros_msgs/lib/python3.12/site-packages:/opt/ros/jazzy/lib/python3.12/site-packages:/opt/openrobots/lib/python3.10/site-packages', 'COLCON': '1', 'CMAKE_PREFIX_PATH': '/workspace/libs/robot_motion_interface/ros/install/robot_motion_interface_ros_msgs:/opt/openrobots'}, 'shell': False}
[11.628693] (-) TimerEvent: {}
[11.728924] (-) TimerEvent: {}
[11.761631] (robot_motion_interface_ros) StdoutLine: {'line': b'running develop\n'}
[11.829027] (-) TimerEvent: {}
[11.846806] (robot_motion_interface_ros) StdoutLine: {'line': b'running egg_info\n'}
[11.854145] (robot_motion_interface_ros) StdoutLine: {'line': b'writing robot_motion_interface_ros.egg-info/PKG-INFO\n'}
[11.854334] (robot_motion_interface_ros) StdoutLine: {'line': b'writing dependency_links to robot_motion_interface_ros.egg-info/dependency_links.txt\n'}
[11.854541] (robot_motion_interface_ros) StdoutLine: {'line': b'writing entry points to robot_motion_interface_ros.egg-info/entry_points.txt\n'}
[11.854688] (robot_motion_interface_ros) StdoutLine: {'line': b'writing requirements to robot_motion_interface_ros.egg-info/requires.txt\n'}
[11.854774] (robot_motion_interface_ros) StdoutLine: {'line': b'writing top-level names to robot_motion_interface_ros.egg-info/top_level.txt\n'}
[11.869798] (robot_motion_interface_ros) StdoutLine: {'line': b"reading manifest file 'robot_motion_interface_ros.egg-info/SOURCES.txt'\n"}
[11.870449] (robot_motion_interface_ros) StdoutLine: {'line': b"writing manifest file 'robot_motion_interface_ros.egg-info/SOURCES.txt'\n"}
[11.879243] (robot_motion_interface_ros) StdoutLine: {'line': b'running build_ext\n'}
[11.879550] (robot_motion_interface_ros) StdoutLine: {'line': b'Creating /workspace/libs/robot_motion_interface/ros/install/robot_motion_interface_ros/lib/python3.12/site-packages/robot-motion-interface-ros.egg-link (link to .)\n'}
[11.880072] (robot_motion_interface_ros) StdoutLine: {'line': b'Installing interface script to /workspace/libs/robot_motion_interface/ros/install/robot_motion_interface_ros/lib/robot_motion_interface_ros\n'}
[11.882449] (robot_motion_interface_ros) StdoutLine: {'line': b'\n'}
[11.882628] (robot_motion_interface_ros) StdoutLine: {'line': b'Installed /workspace/libs/robot_motion_interface/ros/build/robot_motion_interface_ros\n'}
[11.882693] (robot_motion_interface_ros) StdoutLine: {'line': b'running symlink_data\n'}
[11.907547] (robot_motion_interface_ros) CommandEnded: {'returncode': 0}
[11.914474] (robot_motion_interface_ros) JobEnded: {'identifier': 'robot_motion_interface_ros', 'rc': 0}
[11.914993] (-) EventReactorShutdown: {}
