[0.010s] Invoking command in '/workspace/libs/robot_motion_interface/ros/build/robot_motion_interface_ros_msgs': CONDA_PROMPT_MODIFIER=(env_isaaclab) /usr/local/bin/cmake /workspace/libs/robot_motion_interface/ros/src/robot_motion_interface_ros_msgs -DAMENT_CMAKE_SYMLINK_INSTALL=1 -DCMAKE_INSTALL_PREFIX=/workspace/libs/robot_motion_interface/ros/install/robot_motion_interface_ros_msgs
[0.142s] -- The C compiler identification is GNU 11.4.0
[0.224s] -- The CXX compiler identification is GNU 11.4.0
[0.234s] -- Detecting C compiler ABI info
[0.353s] -- Detecting C compiler ABI info - done
[0.375s] -- Check for working C compiler: /usr/bin/cc - skipped
[0.377s] -- Detecting C compile features
[0.378s] -- Detecting C compile features - done
[0.404s] -- Detecting CXX compiler ABI info
[0.557s] -- Detecting CXX compiler ABI info - done
[0.581s] -- Check for working CXX compiler: /usr/bin/c++ - skipped
[0.581s] -- Detecting CXX compile features
[0.581s] -- Detecting CXX compile features - done
[0.592s] -- Found ament_cmake: 2.5.5 (/jazzy_ws/install/share/ament_cmake/cmake)
[0.827s] -- Found Python3: /root/miniconda3/envs/env_isaaclab/bin/python3 (found version "3.11.14") found components: Interpreter
[0.898s] -- Override CMake install command with custom implementation using symlinks instead of copying resources
[0.917s] -- Found rosidl_default_generators: 1.6.0 (/jazzy_ws/install/share/rosidl_default_generators/cmake)
[0.921s] -- Using all available rosidl_typesupport_c: rosidl_typesupport_fastrtps_c;rosidl_typesupport_introspection_c
[0.958s] -- Using all available rosidl_typesupport_cpp: rosidl_typesupport_fastrtps_cpp;rosidl_typesupport_introspection_cpp
[0.987s] -- Found rosidl_adapter: 4.6.7 (/jazzy_ws/install/share/rosidl_adapter/cmake)
[0.989s] -- Found geometry_msgs: 5.3.6 (/jazzy_ws/install/share/geometry_msgs/cmake)
[1.026s] -- Found sensor_msgs: 5.3.6 (/jazzy_ws/install/share/sensor_msgs/cmake)
[2.008s] -- Found ament_cmake_ros: 0.12.0 (/jazzy_ws/install/share/ament_cmake_ros/cmake)
[2.846s] -- Using all available rosidl_typesupport_c: rosidl_typesupport_fastrtps_c;rosidl_typesupport_introspection_c
[3.999s] -- Using all available rosidl_typesupport_cpp: rosidl_typesupport_fastrtps_cpp;rosidl_typesupport_introspection_cpp
[4.001s] -- Found python_cmake_module: 0.11.1 (/jazzy_ws/install/share/python_cmake_module/cmake)
[4.238s] -- Found PythonExtra: /root/miniconda3/envs/env_isaaclab/bin/python3
[4.889s] -- Found Python3: /root/miniconda3/envs/env_isaaclab/bin/python3 (found version "3.11.14") found components: Interpreter Development NumPy Development.Module Development.Embed
[4.968s] -- Found ament_lint_auto: 0.17.4 (/jazzy_ws/install/share/ament_lint_auto/cmake)
[4.981s] -- Added test 'lint_cmake' to check CMake code style
[4.981s] -- Added test 'xmllint' to check XML markup files
[4.984s] -- Configuring done (4.9s)
[5.023s] -- Generating done (0.0s)
[5.042s] -- Build files have been written to: /workspace/libs/robot_motion_interface/ros/build/robot_motion_interface_ros_msgs
[5.050s] Invoked command in '/workspace/libs/robot_motion_interface/ros/build/robot_motion_interface_ros_msgs' returned '0': CONDA_PROMPT_MODIFIER=(env_isaaclab) /usr/local/bin/cmake /workspace/libs/robot_motion_interface/ros/src/robot_motion_interface_ros_msgs -DAMENT_CMAKE_SYMLINK_INSTALL=1 -DCMAKE_INSTALL_PREFIX=/workspace/libs/robot_motion_interface/ros/install/robot_motion_interface_ros_msgs
[5.051s] Invoking command in '/workspace/libs/robot_motion_interface/ros/build/robot_motion_interface_ros_msgs': CONDA_PROMPT_MODIFIER=(env_isaaclab) /usr/local/bin/cmake --build /workspace/libs/robot_motion_interface/ros/build/robot_motion_interface_ros_msgs -- -j16 -l16
[5.151s] [  1%] [1m[34mGenerating type hashes for ROS interfaces[0m
[5.156s] [  1%] Built target ament_cmake_python_symlink_robot_motion_interface_ros_msgs
[5.360s] [  1%] Built target robot_motion_interface_ros_msgs__rosidl_generator_type_description
[5.365s] running egg_info
[5.367s] [  2%] [1m[34mGenerating C code for ROS interfaces[0m
[5.371s] writing robot_motion_interface_ros_msgs.egg-info/PKG-INFO
[5.372s] writing dependency_links to robot_motion_interface_ros_msgs.egg-info/dependency_links.txt
[5.372s] writing top-level names to robot_motion_interface_ros_msgs.egg-info/top_level.txt
[5.373s] [  4%] [1m[34mGenerating C++ code for ROS interfaces[0m
[5.420s] [2;36m[02/19/26 16:15:38][0m[2;36m [0m[1;31mERROR   [0m listing git files failed - pretending     ]8;id=981107;file:///isaaclab/_isaac_sim/exts/isaacsim.asset.exporter.urdf/pip_prebundle/setuptools_scm/_file_finders/git.py\[2mgit.py[0m]8;;\[2m:[0m]8;id=498147;file:///isaaclab/_isaac_sim/exts/isaacsim.asset.exporter.urdf/pip_prebundle/setuptools_scm/_file_finders/git.py#26\[2m26[0m]8;;\
[5.420s] [2;36m                    [0m         there aren't any                          [2m         [0m
[5.553s] reading manifest file 'robot_motion_interface_ros_msgs.egg-info/SOURCES.txt'
[5.554s] writing manifest file 'robot_motion_interface_ros_msgs.egg-info/SOURCES.txt'
[5.579s] [  4%] Built target ament_cmake_python_build_robot_motion_interface_ros_msgs_egg
[6.047s] [  5%] [32mBuilding C object CMakeFiles/robot_motion_interface_ros_msgs__rosidl_generator_c.dir/rosidl_generator_c/robot_motion_interface_ros_msgs/action/detail/set_cartesian_pose__functions.c.o[0m
[6.047s] [  6%] [32mBuilding C object CMakeFiles/robot_motion_interface_ros_msgs__rosidl_generator_c.dir/rosidl_generator_c/robot_motion_interface_ros_msgs/action/detail/home__description.c.o[0m
[6.047s] [  8%] [32mBuilding C object CMakeFiles/robot_motion_interface_ros_msgs__rosidl_generator_c.dir/rosidl_generator_c/robot_motion_interface_ros_msgs/action/detail/set_cartesian_pose__type_support.c.o[0m
[6.047s] [  9%] [32mBuilding C object CMakeFiles/robot_motion_interface_ros_msgs__rosidl_generator_c.dir/rosidl_generator_c/robot_motion_interface_ros_msgs/action/detail/home__functions.c.o[0m
[6.047s] [ 10%] [32mBuilding C object CMakeFiles/robot_motion_interface_ros_msgs__rosidl_generator_c.dir/rosidl_generator_c/robot_motion_interface_ros_msgs/action/detail/set_joint_positions__description.c.o[0m
[6.048s] [ 12%] [32mBuilding C object CMakeFiles/robot_motion_interface_ros_msgs__rosidl_generator_c.dir/rosidl_generator_c/robot_motion_interface_ros_msgs/action/detail/set_cartesian_pose__description.c.o[0m
[6.048s] [ 14%] [32mBuilding C object CMakeFiles/robot_motion_interface_ros_msgs__rosidl_generator_c.dir/rosidl_generator_c/robot_motion_interface_ros_msgs/action/detail/set_joint_positions__type_support.c.o[0m
[6.048s] [ 14%] [32mBuilding C object CMakeFiles/robot_motion_interface_ros_msgs__rosidl_generator_c.dir/rosidl_generator_c/robot_motion_interface_ros_msgs/msg/detail/object_pose__type_support.c.o[0m
[6.048s] [ 16%] [32mBuilding C object CMakeFiles/robot_motion_interface_ros_msgs__rosidl_generator_c.dir/rosidl_generator_c/robot_motion_interface_ros_msgs/action/detail/set_joint_positions__functions.c.o[0m
[6.048s] [ 17%] [32mBuilding C object CMakeFiles/robot_motion_interface_ros_msgs__rosidl_generator_c.dir/rosidl_generator_c/robot_motion_interface_ros_msgs/action/detail/home__type_support.c.o[0m
[6.048s] [ 18%] [32mBuilding C object CMakeFiles/robot_motion_interface_ros_msgs__rosidl_generator_c.dir/rosidl_generator_c/robot_motion_interface_ros_msgs/msg/detail/object_pose__functions.c.o[0m
[6.049s] [ 20%] [32mBuilding C object CMakeFiles/robot_motion_interface_ros_msgs__rosidl_generator_c.dir/rosidl_generator_c/robot_motion_interface_ros_msgs/msg/detail/object_poses__functions.c.o[0m
[6.049s] [ 21%] [32mBuilding C object CMakeFiles/robot_motion_interface_ros_msgs__rosidl_generator_c.dir/rosidl_generator_c/robot_motion_interface_ros_msgs/msg/detail/object_poses__description.c.o[0m
[6.049s] [ 22%] [32mBuilding C object CMakeFiles/robot_motion_interface_ros_msgs__rosidl_generator_c.dir/rosidl_generator_c/robot_motion_interface_ros_msgs/msg/detail/object_pose__description.c.o[0m
[6.051s] [ 24%] [32mBuilding C object CMakeFiles/robot_motion_interface_ros_msgs__rosidl_generator_c.dir/rosidl_generator_c/robot_motion_interface_ros_msgs/msg/detail/object_poses__type_support.c.o[0m
[6.182s] [ 24%] Built target robot_motion_interface_ros_msgs__cpp
[6.222s] [ 25%] [1m[32mLinking C shared library librobot_motion_interface_ros_msgs__rosidl_generator_c.so[0m
[6.256s] [ 25%] Built target robot_motion_interface_ros_msgs__rosidl_generator_c
[6.272s] [ 27%] [1m[34mGenerating C++ type support dispatch for ROS interfaces[0m
[6.272s] [ 28%] [1m[34mGenerating C type support dispatch for ROS interfaces[0m
[6.272s] [ 31%] [1m[34mGenerating C introspection for ROS interfaces[0m
[6.273s] [ 31%] [1m[34mGenerating C++ introspection for ROS interfaces[0m
[6.275s] [ 32%] [1m[34mGenerating C type support for eProsima Fast-RTPS[0m
[6.277s] [ 33%] [1m[34mGenerating C++ type support for eProsima Fast-RTPS[0m
[6.680s] [ 35%] [32mBuilding CXX object CMakeFiles/robot_motion_interface_ros_msgs__rosidl_typesupport_c.dir/rosidl_typesupport_c/robot_motion_interface_ros_msgs/action/set_cartesian_pose__type_support.cpp.o[0m
[6.681s] [ 36%] [32mBuilding CXX object CMakeFiles/robot_motion_interface_ros_msgs__rosidl_typesupport_c.dir/rosidl_typesupport_c/robot_motion_interface_ros_msgs/action/set_joint_positions__type_support.cpp.o[0m
[6.682s] [ 37%] [32mBuilding CXX object CMakeFiles/robot_motion_interface_ros_msgs__rosidl_typesupport_c.dir/rosidl_typesupport_c/robot_motion_interface_ros_msgs/action/home__type_support.cpp.o[0m
[6.682s] [ 39%] [32mBuilding CXX object CMakeFiles/robot_motion_interface_ros_msgs__rosidl_typesupport_c.dir/rosidl_typesupport_c/robot_motion_interface_ros_msgs/msg/object_poses__type_support.cpp.o[0m
[6.683s] [ 40%] [32mBuilding CXX object CMakeFiles/robot_motion_interface_ros_msgs__rosidl_typesupport_c.dir/rosidl_typesupport_c/robot_motion_interface_ros_msgs/msg/object_pose__type_support.cpp.o[0m
[6.708s] [ 41%] [32mBuilding CXX object CMakeFiles/robot_motion_interface_ros_msgs__rosidl_typesupport_cpp.dir/rosidl_typesupport_cpp/robot_motion_interface_ros_msgs/msg/object_pose__type_support.cpp.o[0m
[6.709s] [ 43%] [32mBuilding CXX object CMakeFiles/robot_motion_interface_ros_msgs__rosidl_typesupport_cpp.dir/rosidl_typesupport_cpp/robot_motion_interface_ros_msgs/msg/object_poses__type_support.cpp.o[0m
[6.709s] [ 44%] [32mBuilding CXX object CMakeFiles/robot_motion_interface_ros_msgs__rosidl_typesupport_cpp.dir/rosidl_typesupport_cpp/robot_motion_interface_ros_msgs/action/set_cartesian_pose__type_support.cpp.o[0m
[6.710s] [ 45%] [32mBuilding CXX object CMakeFiles/robot_motion_interface_ros_msgs__rosidl_typesupport_cpp.dir/rosidl_typesupport_cpp/robot_motion_interface_ros_msgs/action/home__type_support.cpp.o[0m
[6.711s] [ 47%] [32mBuilding CXX object CMakeFiles/robot_motion_interface_ros_msgs__rosidl_typesupport_cpp.dir/rosidl_typesupport_cpp/robot_motion_interface_ros_msgs/action/set_joint_positions__type_support.cpp.o[0m
[6.751s] [ 48%] [1m[32mLinking CXX shared library librobot_motion_interface_ros_msgs__rosidl_typesupport_c.so[0m
[6.792s] [ 48%] Built target robot_motion_interface_ros_msgs__rosidl_typesupport_c
[6.914s] [ 50%] [32mBuilding CXX object CMakeFiles/robot_motion_interface_ros_msgs__rosidl_typesupport_introspection_cpp.dir/rosidl_typesupport_introspection_cpp/robot_motion_interface_ros_msgs/action/detail/set_cartesian_pose__type_support.cpp.o[0m
[6.915s] [ 51%] [32mBuilding CXX object CMakeFiles/robot_motion_interface_ros_msgs__rosidl_typesupport_introspection_cpp.dir/rosidl_typesupport_introspection_cpp/robot_motion_interface_ros_msgs/action/detail/home__type_support.cpp.o[0m
[6.916s] [ 52%] [32mBuilding CXX object CMakeFiles/robot_motion_interface_ros_msgs__rosidl_typesupport_introspection_cpp.dir/rosidl_typesupport_introspection_cpp/robot_motion_interface_ros_msgs/action/detail/set_joint_positions__type_support.cpp.o[0m
[6.916s] [ 54%] [32mBuilding CXX object CMakeFiles/robot_motion_interface_ros_msgs__rosidl_typesupport_introspection_cpp.dir/rosidl_typesupport_introspection_cpp/robot_motion_interface_ros_msgs/msg/detail/object_poses__type_support.cpp.o[0m
[6.918s] [ 55%] [32mBuilding CXX object CMakeFiles/robot_motion_interface_ros_msgs__rosidl_typesupport_introspection_cpp.dir/rosidl_typesupport_introspection_cpp/robot_motion_interface_ros_msgs/msg/detail/object_pose__type_support.cpp.o[0m
[7.278s] [ 56%] [32mBuilding C object CMakeFiles/robot_motion_interface_ros_msgs__rosidl_typesupport_introspection_c.dir/rosidl_typesupport_introspection_c/robot_motion_interface_ros_msgs/action/detail/set_cartesian_pose__type_support.c.o[0m
[7.281s] [ 58%] [32mBuilding C object CMakeFiles/robot_motion_interface_ros_msgs__rosidl_typesupport_introspection_c.dir/rosidl_typesupport_introspection_c/robot_motion_interface_ros_msgs/action/detail/home__type_support.c.o[0m
[7.281s] [ 59%] [32mBuilding C object CMakeFiles/robot_motion_interface_ros_msgs__rosidl_typesupport_introspection_c.dir/rosidl_typesupport_introspection_c/robot_motion_interface_ros_msgs/action/detail/set_joint_positions__type_support.c.o[0m
[7.282s] [ 60%] [32mBuilding C object CMakeFiles/robot_motion_interface_ros_msgs__rosidl_typesupport_introspection_c.dir/rosidl_typesupport_introspection_c/robot_motion_interface_ros_msgs/msg/detail/object_pose__type_support.c.o[0m
[7.282s] [ 62%] [32mBuilding C object CMakeFiles/robot_motion_interface_ros_msgs__rosidl_typesupport_introspection_c.dir/rosidl_typesupport_introspection_c/robot_motion_interface_ros_msgs/msg/detail/object_poses__type_support.c.o[0m
[7.416s] [ 63%] [1m[32mLinking C shared library librobot_motion_interface_ros_msgs__rosidl_typesupport_introspection_c.so[0m
[7.454s] [ 63%] Built target robot_motion_interface_ros_msgs__rosidl_typesupport_introspection_c
[7.680s] [ 64%] [32mBuilding CXX object CMakeFiles/robot_motion_interface_ros_msgs__rosidl_typesupport_fastrtps_cpp.dir/rosidl_typesupport_fastrtps_cpp/robot_motion_interface_ros_msgs/action/detail/dds_fastrtps/set_cartesian_pose__type_support.cpp.o[0m
[7.680s] [ 66%] [32mBuilding CXX object CMakeFiles/robot_motion_interface_ros_msgs__rosidl_typesupport_fastrtps_cpp.dir/rosidl_typesupport_fastrtps_cpp/robot_motion_interface_ros_msgs/action/detail/dds_fastrtps/home__type_support.cpp.o[0m
[7.681s] [ 67%] [32mBuilding CXX object CMakeFiles/robot_motion_interface_ros_msgs__rosidl_typesupport_fastrtps_cpp.dir/rosidl_typesupport_fastrtps_cpp/robot_motion_interface_ros_msgs/action/detail/dds_fastrtps/set_joint_positions__type_support.cpp.o[0m
[7.681s] [ 68%] [32mBuilding CXX object CMakeFiles/robot_motion_interface_ros_msgs__rosidl_typesupport_fastrtps_cpp.dir/rosidl_typesupport_fastrtps_cpp/robot_motion_interface_ros_msgs/msg/detail/dds_fastrtps/object_pose__type_support.cpp.o[0m
[7.681s] [ 70%] [32mBuilding CXX object CMakeFiles/robot_motion_interface_ros_msgs__rosidl_typesupport_fastrtps_cpp.dir/rosidl_typesupport_fastrtps_cpp/robot_motion_interface_ros_msgs/msg/detail/dds_fastrtps/object_poses__type_support.cpp.o[0m
[7.735s] [ 71%] [1m[32mLinking CXX shared library librobot_motion_interface_ros_msgs__rosidl_typesupport_cpp.so[0m
[7.806s] [ 71%] Built target robot_motion_interface_ros_msgs__rosidl_typesupport_cpp
[7.880s] [ 72%] [1m[32mLinking CXX shared library librobot_motion_interface_ros_msgs__rosidl_typesupport_introspection_cpp.so[0m
[7.964s] [ 74%] [32mBuilding CXX object CMakeFiles/robot_motion_interface_ros_msgs__rosidl_typesupport_fastrtps_c.dir/rosidl_typesupport_fastrtps_c/robot_motion_interface_ros_msgs/action/detail/set_cartesian_pose__type_support_c.cpp.o[0m
[7.964s] [ 75%] [32mBuilding CXX object CMakeFiles/robot_motion_interface_ros_msgs__rosidl_typesupport_fastrtps_c.dir/rosidl_typesupport_fastrtps_c/robot_motion_interface_ros_msgs/msg/detail/object_pose__type_support_c.cpp.o[0m
[7.965s] [ 77%] [32mBuilding CXX object CMakeFiles/robot_motion_interface_ros_msgs__rosidl_typesupport_fastrtps_c.dir/rosidl_typesupport_fastrtps_c/robot_motion_interface_ros_msgs/action/detail/set_joint_positions__type_support_c.cpp.o[0m
[7.965s] [ 78%] [32mBuilding CXX object CMakeFiles/robot_motion_interface_ros_msgs__rosidl_typesupport_fastrtps_c.dir/rosidl_typesupport_fastrtps_c/robot_motion_interface_ros_msgs/action/detail/home__type_support_c.cpp.o[0m
[7.965s] [ 79%] [32mBuilding CXX object CMakeFiles/robot_motion_interface_ros_msgs__rosidl_typesupport_fastrtps_c.dir/rosidl_typesupport_fastrtps_c/robot_motion_interface_ros_msgs/msg/detail/object_poses__type_support_c.cpp.o[0m
[8.004s] [ 79%] Built target robot_motion_interface_ros_msgs__rosidl_typesupport_introspection_cpp
[8.609s] [ 81%] [1m[32mLinking CXX shared library librobot_motion_interface_ros_msgs__rosidl_typesupport_fastrtps_cpp.so[0m
[8.686s] [ 81%] Built target robot_motion_interface_ros_msgs__rosidl_typesupport_fastrtps_cpp
[8.692s] [ 82%] [1m[32mLinking CXX shared library librobot_motion_interface_ros_msgs__rosidl_typesupport_fastrtps_c.so[0m
[8.751s] [ 82%] Built target robot_motion_interface_ros_msgs__rosidl_typesupport_fastrtps_c
[8.763s] [ 82%] Built target robot_motion_interface_ros_msgs
[8.799s] [ 83%] [1m[34mGenerating Python code for ROS interfaces[0m
[10.218s] [ 83%] Built target robot_motion_interface_ros_msgs__py
[10.238s] [ 85%] [32mBuilding C object CMakeFiles/robot_motion_interface_ros_msgs__rosidl_generator_py.dir/rosidl_generator_py/robot_motion_interface_ros_msgs/msg/_object_poses_s.c.o[0m
[10.238s] [ 86%] [32mBuilding C object CMakeFiles/robot_motion_interface_ros_msgs__rosidl_generator_py.dir/rosidl_generator_py/robot_motion_interface_ros_msgs/action/_set_cartesian_pose_s.c.o[0m
[10.238s] [ 87%] [32mBuilding C object CMakeFiles/robot_motion_interface_ros_msgs__rosidl_generator_py.dir/rosidl_generator_py/robot_motion_interface_ros_msgs/msg/_object_pose_s.c.o[0m
[10.241s] [ 89%] [32mBuilding C object CMakeFiles/robot_motion_interface_ros_msgs__rosidl_generator_py.dir/rosidl_generator_py/robot_motion_interface_ros_msgs/action/_home_s.c.o[0m
[10.241s] [ 90%] [32mBuilding C object CMakeFiles/robot_motion_interface_ros_msgs__rosidl_generator_py.dir/rosidl_generator_py/robot_motion_interface_ros_msgs/action/_set_joint_positions_s.c.o[0m
[10.354s] [ 91%] [1m[32mLinking C shared library librobot_motion_interface_ros_msgs__rosidl_generator_py.so[0m
[10.397s] [ 91%] Built target robot_motion_interface_ros_msgs__rosidl_generator_py
[10.409s] [ 93%] [32mBuilding C object CMakeFiles/robot_motion_interface_ros_msgs_s__rosidl_typesupport_c.dir/rosidl_generator_py/robot_motion_interface_ros_msgs/_robot_motion_interface_ros_msgs_s.ep.rosidl_typesupport_c.c.o[0m
[10.411s] [ 94%] [32mBuilding C object CMakeFiles/robot_motion_interface_ros_msgs_s__rosidl_typesupport_fastrtps_c.dir/rosidl_generator_py/robot_motion_interface_ros_msgs/_robot_motion_interface_ros_msgs_s.ep.rosidl_typesupport_fastrtps_c.c.o[0m
[10.412s] [ 95%] [32mBuilding C object CMakeFiles/robot_motion_interface_ros_msgs_s__rosidl_typesupport_introspection_c.dir/rosidl_generator_py/robot_motion_interface_ros_msgs/_robot_motion_interface_ros_msgs_s.ep.rosidl_typesupport_introspection_c.c.o[0m
[10.532s] [ 97%] [1m[32mLinking C shared module rosidl_generator_py/robot_motion_interface_ros_msgs/robot_motion_interface_ros_msgs_s__rosidl_typesupport_c.so[0m
[10.533s] [ 98%] [1m[32mLinking C shared module rosidl_generator_py/robot_motion_interface_ros_msgs/robot_motion_interface_ros_msgs_s__rosidl_typesupport_fastrtps_c.so[0m
[10.541s] [100%] [1m[32mLinking C shared module rosidl_generator_py/robot_motion_interface_ros_msgs/robot_motion_interface_ros_msgs_s__rosidl_typesupport_introspection_c.so[0m
[10.552s] [100%] Built target robot_motion_interface_ros_msgs_s__rosidl_typesupport_fastrtps_c
[10.553s] [100%] Built target robot_motion_interface_ros_msgs_s__rosidl_typesupport_c
[10.569s] [100%] Built target robot_motion_interface_ros_msgs_s__rosidl_typesupport_introspection_c
[10.578s] Invoked command in '/workspace/libs/robot_motion_interface/ros/build/robot_motion_interface_ros_msgs' returned '0': CONDA_PROMPT_MODIFIER=(env_isaaclab) /usr/local/bin/cmake --build /workspace/libs/robot_motion_interface/ros/build/robot_motion_interface_ros_msgs -- -j16 -l16
[10.645s] Invoking command in '/workspace/libs/robot_motion_interface/ros/build/robot_motion_interface_ros_msgs': CONDA_PROMPT_MODIFIER=(env_isaaclab) /usr/local/bin/cmake --install /workspace/libs/robot_motion_interface/ros/build/robot_motion_interface_ros_msgs
[10.700s] -- Install configuration: ""
[10.701s] -- Execute custom install script
[10.701s] -- Up-to-date symlink: /workspace/libs/robot_motion_interface/ros/install/robot_motion_interface_ros_msgs/share/ament_index/resource_index/rosidl_interfaces/robot_motion_interface_ros_msgs
[10.701s] -- Up-to-date symlink: /workspace/libs/robot_motion_interface/ros/install/robot_motion_interface_ros_msgs/share/robot_motion_interface_ros_msgs/action/SetCartesianPose.json
[10.701s] -- Up-to-date symlink: /workspace/libs/robot_motion_interface/ros/install/robot_motion_interface_ros_msgs/share/robot_motion_interface_ros_msgs/action/Home.json
[10.701s] -- Up-to-date symlink: /workspace/libs/robot_motion_interface/ros/install/robot_motion_interface_ros_msgs/share/robot_motion_interface_ros_msgs/action/SetJointPositions.json
[10.710s] -- Up-to-date symlink: /workspace/libs/robot_motion_interface/ros/install/robot_motion_interface_ros_msgs/share/robot_motion_interface_ros_msgs/msg/ObjectPose.json
[10.710s] -- Up-to-date symlink: /workspace/libs/robot_motion_interface/ros/install/robot_motion_interface_ros_msgs/share/robot_motion_interface_ros_msgs/msg/ObjectPoses.json
[10.710s] -- Up-to-date symlink: /workspace/libs/robot_motion_interface/ros/install/robot_motion_interface_ros_msgs/include/robot_motion_interface_ros_msgs/robot_motion_interface_ros_msgs/action/detail/home__functions.h
[10.711s] -- Up-to-date symlink: /workspace/libs/robot_motion_interface/ros/install/robot_motion_interface_ros_msgs/include/robot_motion_interface_ros_msgs/robot_motion_interface_ros_msgs/action/detail/home__struct.h
[10.711s] -- Up-to-date symlink: /workspace/libs/robot_motion_interface/ros/install/robot_motion_interface_ros_msgs/include/robot_motion_interface_ros_msgs/robot_motion_interface_ros_msgs/action/detail/home__type_support.h
[10.711s] -- Up-to-date symlink: /workspace/libs/robot_motion_interface/ros/install/robot_motion_interface_ros_msgs/include/robot_motion_interface_ros_msgs/robot_motion_interface_ros_msgs/action/detail/set_cartesian_pose__functions.h
[10.711s] -- Up-to-date symlink: /workspace/libs/robot_motion_interface/ros/install/robot_motion_interface_ros_msgs/include/robot_motion_interface_ros_msgs/robot_motion_interface_ros_msgs/action/detail/set_cartesian_pose__struct.h
[10.711s] -- Up-to-date symlink: /workspace/libs/robot_motion_interface/ros/install/robot_motion_interface_ros_msgs/include/robot_motion_interface_ros_msgs/robot_motion_interface_ros_msgs/action/detail/set_cartesian_pose__type_support.h
[10.711s] -- Up-to-date symlink: /workspace/libs/robot_motion_interface/ros/install/robot_motion_interface_ros_msgs/include/robot_motion_interface_ros_msgs/robot_motion_interface_ros_msgs/action/detail/set_joint_positions__functions.h
[10.711s] -- Up-to-date symlink: /workspace/libs/robot_motion_interface/ros/install/robot_motion_interface_ros_msgs/include/robot_motion_interface_ros_msgs/robot_motion_interface_ros_msgs/action/detail/set_joint_positions__struct.h
[10.711s] -- Up-to-date symlink: /workspace/libs/robot_motion_interface/ros/install/robot_motion_interface_ros_msgs/include/robot_motion_interface_ros_msgs/robot_motion_interface_ros_msgs/action/detail/set_joint_positions__type_support.h
[10.711s] -- Up-to-date symlink: /workspace/libs/robot_motion_interface/ros/install/robot_motion_interface_ros_msgs/include/robot_motion_interface_ros_msgs/robot_motion_interface_ros_msgs/action/home.h
[10.711s] -- Up-to-date symlink: /workspace/libs/robot_motion_interface/ros/install/robot_motion_interface_ros_msgs/include/robot_motion_interface_ros_msgs/robot_motion_interface_ros_msgs/action/set_cartesian_pose.h
[10.711s] -- Up-to-date symlink: /workspace/libs/robot_motion_interface/ros/install/robot_motion_interface_ros_msgs/include/robot_motion_interface_ros_msgs/robot_motion_interface_ros_msgs/action/set_joint_positions.h
[10.711s] -- Up-to-date symlink: /workspace/libs/robot_motion_interface/ros/install/robot_motion_interface_ros_msgs/include/robot_motion_interface_ros_msgs/robot_motion_interface_ros_msgs/msg/detail/object_pose__functions.h
[10.711s] -- Up-to-date symlink: /workspace/libs/robot_motion_interface/ros/install/robot_motion_interface_ros_msgs/include/robot_motion_interface_ros_msgs/robot_motion_interface_ros_msgs/msg/detail/object_pose__struct.h
[10.711s] -- Up-to-date symlink: /workspace/libs/robot_motion_interface/ros/install/robot_motion_interface_ros_msgs/include/robot_motion_interface_ros_msgs/robot_motion_interface_ros_msgs/msg/detail/object_pose__type_support.h
[10.711s] -- Up-to-date symlink: /workspace/libs/robot_motion_interface/ros/install/robot_motion_interface_ros_msgs/include/robot_motion_interface_ros_msgs/robot_motion_interface_ros_msgs/msg/detail/object_poses__functions.h
[10.711s] -- Up-to-date symlink: /workspace/libs/robot_motion_interface/ros/install/robot_motion_interface_ros_msgs/include/robot_motion_interface_ros_msgs/robot_motion_interface_ros_msgs/msg/detail/object_poses__struct.h
[10.711s] -- Up-to-date symlink: /workspace/libs/robot_motion_interface/ros/install/robot_motion_interface_ros_msgs/include/robot_motion_interface_ros_msgs/robot_motion_interface_ros_msgs/msg/detail/object_poses__type_support.h
[10.711s] -- Up-to-date symlink: /workspace/libs/robot_motion_interface/ros/install/robot_motion_interface_ros_msgs/include/robot_motion_interface_ros_msgs/robot_motion_interface_ros_msgs/msg/object_pose.h
[10.711s] -- Up-to-date symlink: /workspace/libs/robot_motion_interface/ros/install/robot_motion_interface_ros_msgs/include/robot_motion_interface_ros_msgs/robot_motion_interface_ros_msgs/msg/object_poses.h
[10.711s] -- Up-to-date symlink: /workspace/libs/robot_motion_interface/ros/install/robot_motion_interface_ros_msgs/include/robot_motion_interface_ros_msgs/robot_motion_interface_ros_msgs/msg/rosidl_generator_c__visibility_control.h
[10.712s] -- Symlinking: /workspace/libs/robot_motion_interface/ros/install/robot_motion_interface_ros_msgs/share/robot_motion_interface_ros_msgs/environment/library_path.sh
[10.715s] -- Up-to-date symlink: /workspace/libs/robot_motion_interface/ros/install/robot_motion_interface_ros_msgs/share/robot_motion_interface_ros_msgs/environment/library_path.dsv
[10.716s] -- Up-to-date symlink: /workspace/libs/robot_motion_interface/ros/install/robot_motion_interface_ros_msgs/include/robot_motion_interface_ros_msgs/robot_motion_interface_ros_msgs/action/detail/home__rosidl_typesupport_fastrtps_c.h
[10.716s] -- Up-to-date symlink: /workspace/libs/robot_motion_interface/ros/install/robot_motion_interface_ros_msgs/include/robot_motion_interface_ros_msgs/robot_motion_interface_ros_msgs/action/detail/set_cartesian_pose__rosidl_typesupport_fastrtps_c.h
[10.716s] -- Up-to-date symlink: /workspace/libs/robot_motion_interface/ros/install/robot_motion_interface_ros_msgs/include/robot_motion_interface_ros_msgs/robot_motion_interface_ros_msgs/action/detail/set_joint_positions__rosidl_typesupport_fastrtps_c.h
[10.716s] -- Up-to-date symlink: /workspace/libs/robot_motion_interface/ros/install/robot_motion_interface_ros_msgs/include/robot_motion_interface_ros_msgs/robot_motion_interface_ros_msgs/msg/detail/object_pose__rosidl_typesupport_fastrtps_c.h
[10.716s] -- Up-to-date symlink: /workspace/libs/robot_motion_interface/ros/install/robot_motion_interface_ros_msgs/include/robot_motion_interface_ros_msgs/robot_motion_interface_ros_msgs/msg/detail/object_poses__rosidl_typesupport_fastrtps_c.h
[10.716s] -- Up-to-date symlink: /workspace/libs/robot_motion_interface/ros/install/robot_motion_interface_ros_msgs/include/robot_motion_interface_ros_msgs/robot_motion_interface_ros_msgs/msg/rosidl_typesupport_fastrtps_c__visibility_control.h
[10.716s] -- Up-to-date symlink: /workspace/libs/robot_motion_interface/ros/install/robot_motion_interface_ros_msgs/include/robot_motion_interface_ros_msgs/robot_motion_interface_ros_msgs/action/detail/home__rosidl_typesupport_introspection_c.h
[10.716s] -- Up-to-date symlink: /workspace/libs/robot_motion_interface/ros/install/robot_motion_interface_ros_msgs/include/robot_motion_interface_ros_msgs/robot_motion_interface_ros_msgs/action/detail/set_cartesian_pose__rosidl_typesupport_introspection_c.h
[10.716s] -- Up-to-date symlink: /workspace/libs/robot_motion_interface/ros/install/robot_motion_interface_ros_msgs/include/robot_motion_interface_ros_msgs/robot_motion_interface_ros_msgs/action/detail/set_joint_positions__rosidl_typesupport_introspection_c.h
[10.716s] -- Up-to-date symlink: /workspace/libs/robot_motion_interface/ros/install/robot_motion_interface_ros_msgs/include/robot_motion_interface_ros_msgs/robot_motion_interface_ros_msgs/msg/detail/object_pose__rosidl_typesupport_introspection_c.h
[10.716s] -- Up-to-date symlink: /workspace/libs/robot_motion_interface/ros/install/robot_motion_interface_ros_msgs/include/robot_motion_interface_ros_msgs/robot_motion_interface_ros_msgs/msg/detail/object_poses__rosidl_typesupport_introspection_c.h
[10.716s] -- Up-to-date symlink: /workspace/libs/robot_motion_interface/ros/install/robot_motion_interface_ros_msgs/include/robot_motion_interface_ros_msgs/robot_motion_interface_ros_msgs/msg/rosidl_typesupport_introspection_c__visibility_control.h
[10.717s] -- Up-to-date symlink: /workspace/libs/robot_motion_interface/ros/install/robot_motion_interface_ros_msgs/include/robot_motion_interface_ros_msgs/robot_motion_interface_ros_msgs/action/detail/home__builder.hpp
[10.717s] -- Up-to-date symlink: /workspace/libs/robot_motion_interface/ros/install/robot_motion_interface_ros_msgs/include/robot_motion_interface_ros_msgs/robot_motion_interface_ros_msgs/action/detail/home__struct.hpp
[10.717s] -- Up-to-date symlink: /workspace/libs/robot_motion_interface/ros/install/robot_motion_interface_ros_msgs/include/robot_motion_interface_ros_msgs/robot_motion_interface_ros_msgs/action/detail/home__traits.hpp
[10.717s] -- Up-to-date symlink: /workspace/libs/robot_motion_interface/ros/install/robot_motion_interface_ros_msgs/include/robot_motion_interface_ros_msgs/robot_motion_interface_ros_msgs/action/detail/home__type_support.hpp
[10.717s] -- Up-to-date symlink: /workspace/libs/robot_motion_interface/ros/install/robot_motion_interface_ros_msgs/include/robot_motion_interface_ros_msgs/robot_motion_interface_ros_msgs/action/detail/set_cartesian_pose__builder.hpp
[10.717s] -- Up-to-date symlink: /workspace/libs/robot_motion_interface/ros/install/robot_motion_interface_ros_msgs/include/robot_motion_interface_ros_msgs/robot_motion_interface_ros_msgs/action/detail/set_cartesian_pose__struct.hpp
[10.717s] -- Up-to-date symlink: /workspace/libs/robot_motion_interface/ros/install/robot_motion_interface_ros_msgs/include/robot_motion_interface_ros_msgs/robot_motion_interface_ros_msgs/action/detail/set_cartesian_pose__traits.hpp
[10.717s] -- Up-to-date symlink: /workspace/libs/robot_motion_interface/ros/install/robot_motion_interface_ros_msgs/include/robot_motion_interface_ros_msgs/robot_motion_interface_ros_msgs/action/detail/set_cartesian_pose__type_support.hpp
[10.717s] -- Up-to-date symlink: /workspace/libs/robot_motion_interface/ros/install/robot_motion_interface_ros_msgs/include/robot_motion_interface_ros_msgs/robot_motion_interface_ros_msgs/action/detail/set_joint_positions__builder.hpp
[10.717s] -- Up-to-date symlink: /workspace/libs/robot_motion_interface/ros/install/robot_motion_interface_ros_msgs/include/robot_motion_interface_ros_msgs/robot_motion_interface_ros_msgs/action/detail/set_joint_positions__struct.hpp
[10.717s] -- Up-to-date symlink: /workspace/libs/robot_motion_interface/ros/install/robot_motion_interface_ros_msgs/include/robot_motion_interface_ros_msgs/robot_motion_interface_ros_msgs/action/detail/set_joint_positions__traits.hpp
[10.717s] -- Up-to-date symlink: /workspace/libs/robot_motion_interface/ros/install/robot_motion_interface_ros_msgs/include/robot_motion_interface_ros_msgs/robot_motion_interface_ros_msgs/action/detail/set_joint_positions__type_support.hpp
[10.717s] -- Up-to-date symlink: /workspace/libs/robot_motion_interface/ros/install/robot_motion_interface_ros_msgs/include/robot_motion_interface_ros_msgs/robot_motion_interface_ros_msgs/action/home.hpp
[10.717s] -- Up-to-date symlink: /workspace/libs/robot_motion_interface/ros/install/robot_motion_interface_ros_msgs/include/robot_motion_interface_ros_msgs/robot_motion_interface_ros_msgs/action/set_cartesian_pose.hpp
[10.717s] -- Up-to-date symlink: /workspace/libs/robot_motion_interface/ros/install/robot_motion_interface_ros_msgs/include/robot_motion_interface_ros_msgs/robot_motion_interface_ros_msgs/action/set_joint_positions.hpp
[10.717s] -- Up-to-date symlink: /workspace/libs/robot_motion_interface/ros/install/robot_motion_interface_ros_msgs/include/robot_motion_interface_ros_msgs/robot_motion_interface_ros_msgs/msg/detail/object_pose__builder.hpp
[10.717s] -- Up-to-date symlink: /workspace/libs/robot_motion_interface/ros/install/robot_motion_interface_ros_msgs/include/robot_motion_interface_ros_msgs/robot_motion_interface_ros_msgs/msg/detail/object_pose__struct.hpp
[10.717s] -- Up-to-date symlink: /workspace/libs/robot_motion_interface/ros/install/robot_motion_interface_ros_msgs/include/robot_motion_interface_ros_msgs/robot_motion_interface_ros_msgs/msg/detail/object_pose__traits.hpp
[10.717s] -- Up-to-date symlink: /workspace/libs/robot_motion_interface/ros/install/robot_motion_interface_ros_msgs/include/robot_motion_interface_ros_msgs/robot_motion_interface_ros_msgs/msg/detail/object_pose__type_support.hpp
[10.718s] -- Up-to-date symlink: /workspace/libs/robot_motion_interface/ros/install/robot_motion_interface_ros_msgs/include/robot_motion_interface_ros_msgs/robot_motion_interface_ros_msgs/msg/detail/object_poses__builder.hpp
[10.718s] -- Up-to-date symlink: /workspace/libs/robot_motion_interface/ros/install/robot_motion_interface_ros_msgs/include/robot_motion_interface_ros_msgs/robot_motion_interface_ros_msgs/msg/detail/object_poses__struct.hpp
[10.718s] -- Up-to-date symlink: /workspace/libs/robot_motion_interface/ros/install/robot_motion_interface_ros_msgs/include/robot_motion_interface_ros_msgs/robot_motion_interface_ros_msgs/msg/detail/object_poses__traits.hpp
[10.718s] -- Up-to-date symlink: /workspace/libs/robot_motion_interface/ros/install/robot_motion_interface_ros_msgs/include/robot_motion_interface_ros_msgs/robot_motion_interface_ros_msgs/msg/detail/object_poses__type_support.hpp
[10.718s] -- Up-to-date symlink: /workspace/libs/robot_motion_interface/ros/install/robot_motion_interface_ros_msgs/include/robot_motion_interface_ros_msgs/robot_motion_interface_ros_msgs/msg/object_pose.hpp
[10.718s] -- Up-to-date symlink: /workspace/libs/robot_motion_interface/ros/install/robot_motion_interface_ros_msgs/include/robot_motion_interface_ros_msgs/robot_motion_interface_ros_msgs/msg/object_poses.hpp
[10.718s] -- Up-to-date symlink: /workspace/libs/robot_motion_interface/ros/install/robot_motion_interface_ros_msgs/include/robot_motion_interface_ros_msgs/robot_motion_interface_ros_msgs/msg/rosidl_generator_cpp__visibility_control.hpp
[10.718s] -- Up-to-date symlink: /workspace/libs/robot_motion_interface/ros/install/robot_motion_interface_ros_msgs/include/robot_motion_interface_ros_msgs/robot_motion_interface_ros_msgs/action/detail/home__rosidl_typesupport_fastrtps_cpp.hpp
[10.718s] -- Up-to-date symlink: /workspace/libs/robot_motion_interface/ros/install/robot_motion_interface_ros_msgs/include/robot_motion_interface_ros_msgs/robot_motion_interface_ros_msgs/action/detail/set_cartesian_pose__rosidl_typesupport_fastrtps_cpp.hpp
[10.718s] -- Up-to-date symlink: /workspace/libs/robot_motion_interface/ros/install/robot_motion_interface_ros_msgs/include/robot_motion_interface_ros_msgs/robot_motion_interface_ros_msgs/action/detail/set_joint_positions__rosidl_typesupport_fastrtps_cpp.hpp
[10.718s] -- Up-to-date symlink: /workspace/libs/robot_motion_interface/ros/install/robot_motion_interface_ros_msgs/include/robot_motion_interface_ros_msgs/robot_motion_interface_ros_msgs/msg/detail/object_pose__rosidl_typesupport_fastrtps_cpp.hpp
[10.718s] -- Up-to-date symlink: /workspace/libs/robot_motion_interface/ros/install/robot_motion_interface_ros_msgs/include/robot_motion_interface_ros_msgs/robot_motion_interface_ros_msgs/msg/detail/object_poses__rosidl_typesupport_fastrtps_cpp.hpp
[10.718s] -- Up-to-date symlink: /workspace/libs/robot_motion_interface/ros/install/robot_motion_interface_ros_msgs/include/robot_motion_interface_ros_msgs/robot_motion_interface_ros_msgs/msg/rosidl_typesupport_fastrtps_cpp__visibility_control.h
[10.719s] -- Up-to-date symlink: /workspace/libs/robot_motion_interface/ros/install/robot_motion_interface_ros_msgs/include/robot_motion_interface_ros_msgs/robot_motion_interface_ros_msgs/action/detail/home__rosidl_typesupport_introspection_cpp.hpp
[10.719s] -- Up-to-date symlink: /workspace/libs/robot_motion_interface/ros/install/robot_motion_interface_ros_msgs/include/robot_motion_interface_ros_msgs/robot_motion_interface_ros_msgs/action/detail/set_cartesian_pose__rosidl_typesupport_introspection_cpp.hpp
[10.719s] -- Up-to-date symlink: /workspace/libs/robot_motion_interface/ros/install/robot_motion_interface_ros_msgs/include/robot_motion_interface_ros_msgs/robot_motion_interface_ros_msgs/action/detail/set_joint_positions__rosidl_typesupport_introspection_cpp.hpp
[10.719s] -- Up-to-date symlink: /workspace/libs/robot_motion_interface/ros/install/robot_motion_interface_ros_msgs/include/robot_motion_interface_ros_msgs/robot_motion_interface_ros_msgs/msg/detail/object_pose__rosidl_typesupport_introspection_cpp.hpp
[10.719s] -- Up-to-date symlink: /workspace/libs/robot_motion_interface/ros/install/robot_motion_interface_ros_msgs/include/robot_motion_interface_ros_msgs/robot_motion_interface_ros_msgs/msg/detail/object_poses__rosidl_typesupport_introspection_cpp.hpp
[10.719s] -- Up-to-date symlink: /workspace/libs/robot_motion_interface/ros/install/robot_motion_interface_ros_msgs/share/robot_motion_interface_ros_msgs/environment/pythonpath.sh
[10.719s] -- Up-to-date symlink: /workspace/libs/robot_motion_interface/ros/install/robot_motion_interface_ros_msgs/share/robot_motion_interface_ros_msgs/environment/pythonpath.dsv
[10.719s] -- Symlinking: /workspace/libs/robot_motion_interface/ros/install/robot_motion_interface_ros_msgs/lib/python3.11/site-packages/robot_motion_interface_ros_msgs-0.0.0-py3.11.egg-info/PKG-INFO
[10.723s] -- Symlinking: /workspace/libs/robot_motion_interface/ros/install/robot_motion_interface_ros_msgs/lib/python3.11/site-packages/robot_motion_interface_ros_msgs-0.0.0-py3.11.egg-info/SOURCES.txt
[10.729s] -- Symlinking: /workspace/libs/robot_motion_interface/ros/install/robot_motion_interface_ros_msgs/lib/python3.11/site-packages/robot_motion_interface_ros_msgs-0.0.0-py3.11.egg-info/dependency_links.txt
[10.734s] -- Symlinking: /workspace/libs/robot_motion_interface/ros/install/robot_motion_interface_ros_msgs/lib/python3.11/site-packages/robot_motion_interface_ros_msgs-0.0.0-py3.11.egg-info/top_level.txt
[10.741s] -- Symlinking: /workspace/libs/robot_motion_interface/ros/install/robot_motion_interface_ros_msgs/lib/python3.11/site-packages/robot_motion_interface_ros_msgs/__init__.py
[10.750s] -- Symlinking: /workspace/libs/robot_motion_interface/ros/install/robot_motion_interface_ros_msgs/lib/python3.11/site-packages/robot_motion_interface_ros_msgs/_robot_motion_interface_ros_msgs_s.ep.rosidl_typesupport_c.c
[10.762s] -- Symlinking: /workspace/libs/robot_motion_interface/ros/install/robot_motion_interface_ros_msgs/lib/python3.11/site-packages/robot_motion_interface_ros_msgs/_robot_motion_interface_ros_msgs_s.ep.rosidl_typesupport_fastrtps_c.c
[10.773s] -- Symlinking: /workspace/libs/robot_motion_interface/ros/install/robot_motion_interface_ros_msgs/lib/python3.11/site-packages/robot_motion_interface_ros_msgs/_robot_motion_interface_ros_msgs_s.ep.rosidl_typesupport_introspection_c.c
[10.781s] -- Symlinking: /workspace/libs/robot_motion_interface/ros/install/robot_motion_interface_ros_msgs/lib/python3.11/site-packages/robot_motion_interface_ros_msgs/action/__init__.py
[10.792s] -- Symlinking: /workspace/libs/robot_motion_interface/ros/install/robot_motion_interface_ros_msgs/lib/python3.11/site-packages/robot_motion_interface_ros_msgs/action/_home.py
[10.812s] -- Symlinking: /workspace/libs/robot_motion_interface/ros/install/robot_motion_interface_ros_msgs/lib/python3.11/site-packages/robot_motion_interface_ros_msgs/action/_home_s.c
[10.828s] -- Symlinking: /workspace/libs/robot_motion_interface/ros/install/robot_motion_interface_ros_msgs/lib/python3.11/site-packages/robot_motion_interface_ros_msgs/action/_set_cartesian_pose.py
[10.835s] -- Symlinking: /workspace/libs/robot_motion_interface/ros/install/robot_motion_interface_ros_msgs/lib/python3.11/site-packages/robot_motion_interface_ros_msgs/action/_set_cartesian_pose_s.c
[10.842s] -- Symlinking: /workspace/libs/robot_motion_interface/ros/install/robot_motion_interface_ros_msgs/lib/python3.11/site-packages/robot_motion_interface_ros_msgs/action/_set_joint_positions.py
[10.852s] -- Symlinking: /workspace/libs/robot_motion_interface/ros/install/robot_motion_interface_ros_msgs/lib/python3.11/site-packages/robot_motion_interface_ros_msgs/action/_set_joint_positions_s.c
[10.858s] -- Symlinking: /workspace/libs/robot_motion_interface/ros/install/robot_motion_interface_ros_msgs/lib/python3.11/site-packages/robot_motion_interface_ros_msgs/msg/__init__.py
[10.871s] -- Symlinking: /workspace/libs/robot_motion_interface/ros/install/robot_motion_interface_ros_msgs/lib/python3.11/site-packages/robot_motion_interface_ros_msgs/msg/_object_pose.py
[10.887s] -- Symlinking: /workspace/libs/robot_motion_interface/ros/install/robot_motion_interface_ros_msgs/lib/python3.11/site-packages/robot_motion_interface_ros_msgs/msg/_object_pose_s.c
[10.898s] -- Symlinking: /workspace/libs/robot_motion_interface/ros/install/robot_motion_interface_ros_msgs/lib/python3.11/site-packages/robot_motion_interface_ros_msgs/msg/_object_poses.py
[10.904s] -- Symlinking: /workspace/libs/robot_motion_interface/ros/install/robot_motion_interface_ros_msgs/lib/python3.11/site-packages/robot_motion_interface_ros_msgs/msg/_object_poses_s.c
[10.911s] -- Symlinking: /workspace/libs/robot_motion_interface/ros/install/robot_motion_interface_ros_msgs/lib/python3.11/site-packages/robot_motion_interface_ros_msgs/robot_motion_interface_ros_msgs_s__rosidl_typesupport_c.so
[10.927s] -- Symlinking: /workspace/libs/robot_motion_interface/ros/install/robot_motion_interface_ros_msgs/lib/python3.11/site-packages/robot_motion_interface_ros_msgs/robot_motion_interface_ros_msgs_s__rosidl_typesupport_fastrtps_c.so
[10.945s] -- Symlinking: /workspace/libs/robot_motion_interface/ros/install/robot_motion_interface_ros_msgs/lib/python3.11/site-packages/robot_motion_interface_ros_msgs/robot_motion_interface_ros_msgs_s__rosidl_typesupport_introspection_c.so
[10.963s] -- Up-to-date symlink: /workspace/libs/robot_motion_interface/ros/install/robot_motion_interface_ros_msgs/lib/python3.11/site-packages/robot_motion_interface_ros_msgs/robot_motion_interface_ros_msgs_s__rosidl_typesupport_fastrtps_c.so
[10.964s] -- Up-to-date symlink: /workspace/libs/robot_motion_interface/ros/install/robot_motion_interface_ros_msgs/lib/python3.11/site-packages/robot_motion_interface_ros_msgs/robot_motion_interface_ros_msgs_s__rosidl_typesupport_introspection_c.so
[10.964s] -- Up-to-date symlink: /workspace/libs/robot_motion_interface/ros/install/robot_motion_interface_ros_msgs/lib/python3.11/site-packages/robot_motion_interface_ros_msgs/robot_motion_interface_ros_msgs_s__rosidl_typesupport_c.so
[10.964s] -- Up-to-date symlink: /workspace/libs/robot_motion_interface/ros/install/robot_motion_interface_ros_msgs/share/robot_motion_interface_ros_msgs/action/SetCartesianPose.idl
[10.965s] -- Up-to-date symlink: /workspace/libs/robot_motion_interface/ros/install/robot_motion_interface_ros_msgs/share/robot_motion_interface_ros_msgs/action/Home.idl
[10.965s] -- Up-to-date symlink: /workspace/libs/robot_motion_interface/ros/install/robot_motion_interface_ros_msgs/share/robot_motion_interface_ros_msgs/action/SetJointPositions.idl
[10.975s] -- Up-to-date symlink: /workspace/libs/robot_motion_interface/ros/install/robot_motion_interface_ros_msgs/share/robot_motion_interface_ros_msgs/msg/ObjectPose.idl
[10.975s] -- Up-to-date symlink: /workspace/libs/robot_motion_interface/ros/install/robot_motion_interface_ros_msgs/share/robot_motion_interface_ros_msgs/msg/ObjectPoses.idl
[10.976s] -- Up-to-date symlink: /workspace/libs/robot_motion_interface/ros/install/robot_motion_interface_ros_msgs/share/robot_motion_interface_ros_msgs/action/SetCartesianPose.action
[10.976s] -- Up-to-date symlink: /workspace/libs/robot_motion_interface/ros/install/robot_motion_interface_ros_msgs/share/robot_motion_interface_ros_msgs/action/Home.action
[10.976s] -- Up-to-date symlink: /workspace/libs/robot_motion_interface/ros/install/robot_motion_interface_ros_msgs/share/robot_motion_interface_ros_msgs/action/SetJointPositions.action
[10.977s] -- Up-to-date symlink: /workspace/libs/robot_motion_interface/ros/install/robot_motion_interface_ros_msgs/share/robot_motion_interface_ros_msgs/msg/ObjectPose.msg
[10.977s] -- Up-to-date symlink: /workspace/libs/robot_motion_interface/ros/install/robot_motion_interface_ros_msgs/share/robot_motion_interface_ros_msgs/msg/ObjectPoses.msg
[10.977s] -- Up-to-date symlink: /workspace/libs/robot_motion_interface/ros/install/robot_motion_interface_ros_msgs/share/ament_index/resource_index/package_run_dependencies/robot_motion_interface_ros_msgs
[10.978s] -- Up-to-date symlink: /workspace/libs/robot_motion_interface/ros/install/robot_motion_interface_ros_msgs/share/ament_index/resource_index/parent_prefix_path/robot_motion_interface_ros_msgs
[10.978s] -- Symlinking: /workspace/libs/robot_motion_interface/ros/install/robot_motion_interface_ros_msgs/share/robot_motion_interface_ros_msgs/environment/ament_prefix_path.sh
[10.990s] -- Up-to-date symlink: /workspace/libs/robot_motion_interface/ros/install/robot_motion_interface_ros_msgs/share/robot_motion_interface_ros_msgs/environment/ament_prefix_path.dsv
[10.991s] -- Symlinking: /workspace/libs/robot_motion_interface/ros/install/robot_motion_interface_ros_msgs/share/robot_motion_interface_ros_msgs/environment/path.sh
[11.000s] -- Up-to-date symlink: /workspace/libs/robot_motion_interface/ros/install/robot_motion_interface_ros_msgs/share/robot_motion_interface_ros_msgs/environment/path.dsv
[11.000s] -- Up-to-date symlink: /workspace/libs/robot_motion_interface/ros/install/robot_motion_interface_ros_msgs/share/robot_motion_interface_ros_msgs/local_setup.bash
[11.001s] -- Up-to-date symlink: /workspace/libs/robot_motion_interface/ros/install/robot_motion_interface_ros_msgs/share/robot_motion_interface_ros_msgs/local_setup.sh
[11.001s] -- Up-to-date symlink: /workspace/libs/robot_motion_interface/ros/install/robot_motion_interface_ros_msgs/share/robot_motion_interface_ros_msgs/local_setup.zsh
[11.001s] -- Up-to-date symlink: /workspace/libs/robot_motion_interface/ros/install/robot_motion_interface_ros_msgs/share/robot_motion_interface_ros_msgs/local_setup.dsv
[11.001s] -- Symlinking: /workspace/libs/robot_motion_interface/ros/install/robot_motion_interface_ros_msgs/share/robot_motion_interface_ros_msgs/package.dsv
[11.010s] -- Up-to-date symlink: /workspace/libs/robot_motion_interface/ros/install/robot_motion_interface_ros_msgs/share/ament_index/resource_index/packages/robot_motion_interface_ros_msgs
[11.010s] -- Up-to-date symlink: /workspace/libs/robot_motion_interface/ros/install/robot_motion_interface_ros_msgs/share/robot_motion_interface_ros_msgs/cmake/rosidl_cmake-extras.cmake
[11.010s] -- Up-to-date symlink: /workspace/libs/robot_motion_interface/ros/install/robot_motion_interface_ros_msgs/share/robot_motion_interface_ros_msgs/cmake/ament_cmake_export_dependencies-extras.cmake
[11.010s] -- Up-to-date symlink: /workspace/libs/robot_motion_interface/ros/install/robot_motion_interface_ros_msgs/share/robot_motion_interface_ros_msgs/cmake/ament_cmake_export_include_directories-extras.cmake
[11.010s] -- Up-to-date symlink: /workspace/libs/robot_motion_interface/ros/install/robot_motion_interface_ros_msgs/share/robot_motion_interface_ros_msgs/cmake/ament_cmake_export_libraries-extras.cmake
[11.010s] -- Up-to-date symlink: /workspace/libs/robot_motion_interface/ros/install/robot_motion_interface_ros_msgs/share/robot_motion_interface_ros_msgs/cmake/ament_cmake_export_targets-extras.cmake
[11.010s] -- Up-to-date symlink: /workspace/libs/robot_motion_interface/ros/install/robot_motion_interface_ros_msgs/share/robot_motion_interface_ros_msgs/cmake/rosidl_cmake_export_typesupport_targets-extras.cmake
[11.010s] -- Up-to-date symlink: /workspace/libs/robot_motion_interface/ros/install/robot_motion_interface_ros_msgs/share/robot_motion_interface_ros_msgs/cmake/rosidl_cmake_export_typesupport_libraries-extras.cmake
[11.010s] -- Up-to-date symlink: /workspace/libs/robot_motion_interface/ros/install/robot_motion_interface_ros_msgs/share/robot_motion_interface_ros_msgs/cmake/robot_motion_interface_ros_msgsConfig.cmake
[11.011s] -- Up-to-date symlink: /workspace/libs/robot_motion_interface/ros/install/robot_motion_interface_ros_msgs/share/robot_motion_interface_ros_msgs/cmake/robot_motion_interface_ros_msgsConfig-version.cmake
[11.011s] -- Up-to-date symlink: /workspace/libs/robot_motion_interface/ros/install/robot_motion_interface_ros_msgs/share/robot_motion_interface_ros_msgs/package.xml
[11.012s] -- Installing: /workspace/libs/robot_motion_interface/ros/install/robot_motion_interface_ros_msgs/lib/librobot_motion_interface_ros_msgs__rosidl_generator_c.so
[11.013s] -- Set non-toolchain portion of runtime path of "/workspace/libs/robot_motion_interface/ros/install/robot_motion_interface_ros_msgs/lib/librobot_motion_interface_ros_msgs__rosidl_generator_c.so" to ""
[11.013s] -- Installing: /workspace/libs/robot_motion_interface/ros/install/robot_motion_interface_ros_msgs/lib/librobot_motion_interface_ros_msgs__rosidl_typesupport_fastrtps_c.so
[11.014s] -- Set non-toolchain portion of runtime path of "/workspace/libs/robot_motion_interface/ros/install/robot_motion_interface_ros_msgs/lib/librobot_motion_interface_ros_msgs__rosidl_typesupport_fastrtps_c.so" to ""
[11.014s] -- Installing: /workspace/libs/robot_motion_interface/ros/install/robot_motion_interface_ros_msgs/lib/librobot_motion_interface_ros_msgs__rosidl_typesupport_introspection_c.so
[11.014s] -- Set non-toolchain portion of runtime path of "/workspace/libs/robot_motion_interface/ros/install/robot_motion_interface_ros_msgs/lib/librobot_motion_interface_ros_msgs__rosidl_typesupport_introspection_c.so" to ""
[11.015s] -- Installing: /workspace/libs/robot_motion_interface/ros/install/robot_motion_interface_ros_msgs/lib/librobot_motion_interface_ros_msgs__rosidl_typesupport_c.so
[11.015s] -- Set non-toolchain portion of runtime path of "/workspace/libs/robot_motion_interface/ros/install/robot_motion_interface_ros_msgs/lib/librobot_motion_interface_ros_msgs__rosidl_typesupport_c.so" to ""
[11.015s] -- Installing: /workspace/libs/robot_motion_interface/ros/install/robot_motion_interface_ros_msgs/lib/librobot_motion_interface_ros_msgs__rosidl_typesupport_fastrtps_cpp.so
[11.016s] -- Set non-toolchain portion of runtime path of "/workspace/libs/robot_motion_interface/ros/install/robot_motion_interface_ros_msgs/lib/librobot_motion_interface_ros_msgs__rosidl_typesupport_fastrtps_cpp.so" to ""
[11.016s] -- Installing: /workspace/libs/robot_motion_interface/ros/install/robot_motion_interface_ros_msgs/lib/librobot_motion_interface_ros_msgs__rosidl_typesupport_introspection_cpp.so
[11.017s] -- Set non-toolchain portion of runtime path of "/workspace/libs/robot_motion_interface/ros/install/robot_motion_interface_ros_msgs/lib/librobot_motion_interface_ros_msgs__rosidl_typesupport_introspection_cpp.so" to ""
[11.017s] -- Installing: /workspace/libs/robot_motion_interface/ros/install/robot_motion_interface_ros_msgs/lib/librobot_motion_interface_ros_msgs__rosidl_typesupport_cpp.so
[11.017s] -- Set non-toolchain portion of runtime path of "/workspace/libs/robot_motion_interface/ros/install/robot_motion_interface_ros_msgs/lib/librobot_motion_interface_ros_msgs__rosidl_typesupport_cpp.so" to ""
[11.060s] Listing '/workspace/libs/robot_motion_interface/ros/install/robot_motion_interface_ros_msgs/lib/python3.11/site-packages/robot_motion_interface_ros_msgs'...
[11.060s] Compiling '/workspace/libs/robot_motion_interface/ros/install/robot_motion_interface_ros_msgs/lib/python3.11/site-packages/robot_motion_interface_ros_msgs/__init__.py'...
[11.060s] Listing '/workspace/libs/robot_motion_interface/ros/install/robot_motion_interface_ros_msgs/lib/python3.11/site-packages/robot_motion_interface_ros_msgs/action'...
[11.060s] Compiling '/workspace/libs/robot_motion_interface/ros/install/robot_motion_interface_ros_msgs/lib/python3.11/site-packages/robot_motion_interface_ros_msgs/action/__init__.py'...
[11.060s] Compiling '/workspace/libs/robot_motion_interface/ros/install/robot_motion_interface_ros_msgs/lib/python3.11/site-packages/robot_motion_interface_ros_msgs/action/_home.py'...
[11.060s] Compiling '/workspace/libs/robot_motion_interface/ros/install/robot_motion_interface_ros_msgs/lib/python3.11/site-packages/robot_motion_interface_ros_msgs/action/_set_cartesian_pose.py'...
[11.060s] Compiling '/workspace/libs/robot_motion_interface/ros/install/robot_motion_interface_ros_msgs/lib/python3.11/site-packages/robot_motion_interface_ros_msgs/action/_set_joint_positions.py'...
[11.060s] Listing '/workspace/libs/robot_motion_interface/ros/install/robot_motion_interface_ros_msgs/lib/python3.11/site-packages/robot_motion_interface_ros_msgs/msg'...
[11.060s] Compiling '/workspace/libs/robot_motion_interface/ros/install/robot_motion_interface_ros_msgs/lib/python3.11/site-packages/robot_motion_interface_ros_msgs/msg/__init__.py'...
[11.060s] Compiling '/workspace/libs/robot_motion_interface/ros/install/robot_motion_interface_ros_msgs/lib/python3.11/site-packages/robot_motion_interface_ros_msgs/msg/_object_pose.py'...
[11.060s] Compiling '/workspace/libs/robot_motion_interface/ros/install/robot_motion_interface_ros_msgs/lib/python3.11/site-packages/robot_motion_interface_ros_msgs/msg/_object_poses.py'...
[11.064s] -- Installing: /workspace/libs/robot_motion_interface/ros/install/robot_motion_interface_ros_msgs/lib/librobot_motion_interface_ros_msgs__rosidl_generator_py.so
[11.065s] -- Set non-toolchain portion of runtime path of "/workspace/libs/robot_motion_interface/ros/install/robot_motion_interface_ros_msgs/lib/librobot_motion_interface_ros_msgs__rosidl_generator_py.so" to ""
[11.065s] -- Old export file "/workspace/libs/robot_motion_interface/ros/install/robot_motion_interface_ros_msgs/share/robot_motion_interface_ros_msgs/cmake/export_robot_motion_interface_ros_msgs__rosidl_generator_cExport.cmake" will be replaced.  Removing files [/workspace/libs/robot_motion_interface/ros/install/robot_motion_interface_ros_msgs/share/robot_motion_interface_ros_msgs/cmake/export_robot_motion_interface_ros_msgs__rosidl_generator_cExport-noconfig.cmake].
[11.065s] -- Installing: /workspace/libs/robot_motion_interface/ros/install/robot_motion_interface_ros_msgs/share/robot_motion_interface_ros_msgs/cmake/export_robot_motion_interface_ros_msgs__rosidl_generator_cExport.cmake
[11.065s] -- Installing: /workspace/libs/robot_motion_interface/ros/install/robot_motion_interface_ros_msgs/share/robot_motion_interface_ros_msgs/cmake/export_robot_motion_interface_ros_msgs__rosidl_generator_cExport-noconfig.cmake
[11.065s] -- Old export file "/workspace/libs/robot_motion_interface/ros/install/robot_motion_interface_ros_msgs/share/robot_motion_interface_ros_msgs/cmake/export_robot_motion_interface_ros_msgs__rosidl_typesupport_fastrtps_cExport.cmake" will be replaced.  Removing files [/workspace/libs/robot_motion_interface/ros/install/robot_motion_interface_ros_msgs/share/robot_motion_interface_ros_msgs/cmake/export_robot_motion_interface_ros_msgs__rosidl_typesupport_fastrtps_cExport-noconfig.cmake].
[11.065s] -- Installing: /workspace/libs/robot_motion_interface/ros/install/robot_motion_interface_ros_msgs/share/robot_motion_interface_ros_msgs/cmake/export_robot_motion_interface_ros_msgs__rosidl_typesupport_fastrtps_cExport.cmake
[11.065s] -- Installing: /workspace/libs/robot_motion_interface/ros/install/robot_motion_interface_ros_msgs/share/robot_motion_interface_ros_msgs/cmake/export_robot_motion_interface_ros_msgs__rosidl_typesupport_fastrtps_cExport-noconfig.cmake
[11.065s] -- Old export file "/workspace/libs/robot_motion_interface/ros/install/robot_motion_interface_ros_msgs/share/robot_motion_interface_ros_msgs/cmake/robot_motion_interface_ros_msgs__rosidl_typesupport_introspection_cExport.cmake" will be replaced.  Removing files [/workspace/libs/robot_motion_interface/ros/install/robot_motion_interface_ros_msgs/share/robot_motion_interface_ros_msgs/cmake/robot_motion_interface_ros_msgs__rosidl_typesupport_introspection_cExport-noconfig.cmake].
[11.065s] -- Installing: /workspace/libs/robot_motion_interface/ros/install/robot_motion_interface_ros_msgs/share/robot_motion_interface_ros_msgs/cmake/robot_motion_interface_ros_msgs__rosidl_typesupport_introspection_cExport.cmake
[11.065s] -- Installing: /workspace/libs/robot_motion_interface/ros/install/robot_motion_interface_ros_msgs/share/robot_motion_interface_ros_msgs/cmake/robot_motion_interface_ros_msgs__rosidl_typesupport_introspection_cExport-noconfig.cmake
[11.065s] -- Old export file "/workspace/libs/robot_motion_interface/ros/install/robot_motion_interface_ros_msgs/share/robot_motion_interface_ros_msgs/cmake/robot_motion_interface_ros_msgs__rosidl_typesupport_cExport.cmake" will be replaced.  Removing files [/workspace/libs/robot_motion_interface/ros/install/robot_motion_interface_ros_msgs/share/robot_motion_interface_ros_msgs/cmake/robot_motion_interface_ros_msgs__rosidl_typesupport_cExport-noconfig.cmake].
[11.065s] -- Installing: /workspace/libs/robot_motion_interface/ros/install/robot_motion_interface_ros_msgs/share/robot_motion_interface_ros_msgs/cmake/robot_motion_interface_ros_msgs__rosidl_typesupport_cExport.cmake
[11.065s] -- Installing: /workspace/libs/robot_motion_interface/ros/install/robot_motion_interface_ros_msgs/share/robot_motion_interface_ros_msgs/cmake/robot_motion_interface_ros_msgs__rosidl_typesupport_cExport-noconfig.cmake
[11.065s] -- Installing: /workspace/libs/robot_motion_interface/ros/install/robot_motion_interface_ros_msgs/share/robot_motion_interface_ros_msgs/cmake/export_robot_motion_interface_ros_msgs__rosidl_generator_cppExport.cmake
[11.065s] -- Old export file "/workspace/libs/robot_motion_interface/ros/install/robot_motion_interface_ros_msgs/share/robot_motion_interface_ros_msgs/cmake/export_robot_motion_interface_ros_msgs__rosidl_typesupport_fastrtps_cppExport.cmake" will be replaced.  Removing files [/workspace/libs/robot_motion_interface/ros/install/robot_motion_interface_ros_msgs/share/robot_motion_interface_ros_msgs/cmake/export_robot_motion_interface_ros_msgs__rosidl_typesupport_fastrtps_cppExport-noconfig.cmake].
[11.065s] -- Installing: /workspace/libs/robot_motion_interface/ros/install/robot_motion_interface_ros_msgs/share/robot_motion_interface_ros_msgs/cmake/export_robot_motion_interface_ros_msgs__rosidl_typesupport_fastrtps_cppExport.cmake
[11.065s] -- Installing: /workspace/libs/robot_motion_interface/ros/install/robot_motion_interface_ros_msgs/share/robot_motion_interface_ros_msgs/cmake/export_robot_motion_interface_ros_msgs__rosidl_typesupport_fastrtps_cppExport-noconfig.cmake
[11.065s] -- Old export file "/workspace/libs/robot_motion_interface/ros/install/robot_motion_interface_ros_msgs/share/robot_motion_interface_ros_msgs/cmake/robot_motion_interface_ros_msgs__rosidl_typesupport_introspection_cppExport.cmake" will be replaced.  Removing files [/workspace/libs/robot_motion_interface/ros/install/robot_motion_interface_ros_msgs/share/robot_motion_interface_ros_msgs/cmake/robot_motion_interface_ros_msgs__rosidl_typesupport_introspection_cppExport-noconfig.cmake].
[11.065s] -- Installing: /workspace/libs/robot_motion_interface/ros/install/robot_motion_interface_ros_msgs/share/robot_motion_interface_ros_msgs/cmake/robot_motion_interface_ros_msgs__rosidl_typesupport_introspection_cppExport.cmake
[11.065s] -- Installing: /workspace/libs/robot_motion_interface/ros/install/robot_motion_interface_ros_msgs/share/robot_motion_interface_ros_msgs/cmake/robot_motion_interface_ros_msgs__rosidl_typesupport_introspection_cppExport-noconfig.cmake
[11.066s] -- Old export file "/workspace/libs/robot_motion_interface/ros/install/robot_motion_interface_ros_msgs/share/robot_motion_interface_ros_msgs/cmake/robot_motion_interface_ros_msgs__rosidl_typesupport_cppExport.cmake" will be replaced.  Removing files [/workspace/libs/robot_motion_interface/ros/install/robot_motion_interface_ros_msgs/share/robot_motion_interface_ros_msgs/cmake/robot_motion_interface_ros_msgs__rosidl_typesupport_cppExport-noconfig.cmake].
[11.066s] -- Installing: /workspace/libs/robot_motion_interface/ros/install/robot_motion_interface_ros_msgs/share/robot_motion_interface_ros_msgs/cmake/robot_motion_interface_ros_msgs__rosidl_typesupport_cppExport.cmake
[11.066s] -- Installing: /workspace/libs/robot_motion_interface/ros/install/robot_motion_interface_ros_msgs/share/robot_motion_interface_ros_msgs/cmake/robot_motion_interface_ros_msgs__rosidl_typesupport_cppExport-noconfig.cmake
[11.066s] -- Old export file "/workspace/libs/robot_motion_interface/ros/install/robot_motion_interface_ros_msgs/share/robot_motion_interface_ros_msgs/cmake/export_robot_motion_interface_ros_msgs__rosidl_generator_pyExport.cmake" will be replaced.  Removing files [/workspace/libs/robot_motion_interface/ros/install/robot_motion_interface_ros_msgs/share/robot_motion_interface_ros_msgs/cmake/export_robot_motion_interface_ros_msgs__rosidl_generator_pyExport-noconfig.cmake].
[11.066s] -- Installing: /workspace/libs/robot_motion_interface/ros/install/robot_motion_interface_ros_msgs/share/robot_motion_interface_ros_msgs/cmake/export_robot_motion_interface_ros_msgs__rosidl_generator_pyExport.cmake
[11.066s] -- Installing: /workspace/libs/robot_motion_interface/ros/install/robot_motion_interface_ros_msgs/share/robot_motion_interface_ros_msgs/cmake/export_robot_motion_interface_ros_msgs__rosidl_generator_pyExport-noconfig.cmake
[11.067s] Invoked command in '/workspace/libs/robot_motion_interface/ros/build/robot_motion_interface_ros_msgs' returned '0': CONDA_PROMPT_MODIFIER=(env_isaaclab) /usr/local/bin/cmake --install /workspace/libs/robot_motion_interface/ros/build/robot_motion_interface_ros_msgs
