[0.009s] Invoking command in '/workspace/libs/robot_motion_interface/ros/build/robot_motion_interface_ros_msgs': CMAKE_PREFIX_PATH=${CMAKE_PREFIX_PATH}:/opt/ros/jazzy PS1=(venv-dex) \[\e]0;\u@\h: \w\a\]${debian_chroot:+($debian_chroot)}\u@\h:\w\$ VIRTUAL_ENV_PROMPT=(venv-dex) /usr/bin/cmake /workspace/libs/robot_motion_interface/ros/src/robot_motion_interface_ros_msgs -DAMENT_CMAKE_SYMLINK_INSTALL=1 -DCMAKE_INSTALL_PREFIX=/workspace/libs/robot_motion_interface/ros/install/robot_motion_interface_ros_msgs
[0.112s] -- The C compiler identification is GNU 13.3.0
[0.174s] -- The CXX compiler identification is GNU 13.3.0
[0.191s] -- Detecting C compiler ABI info
[0.259s] -- Detecting C compiler ABI info - done
[0.266s] -- Check for working C compiler: /usr/bin/cc - skipped
[0.266s] -- Detecting C compile features
[0.267s] -- Detecting C compile features - done
[0.274s] -- Detecting CXX compiler ABI info
[0.353s] -- Detecting CXX compiler ABI info - done
[0.359s] -- Check for working CXX compiler: /usr/bin/c++ - skipped
[0.360s] -- Detecting CXX compile features
[0.360s] -- Detecting CXX compile features - done
[0.364s] -- Found ament_cmake: 2.5.4 (/opt/ros/jazzy/share/ament_cmake/cmake)
[0.614s] -- Found Python3: /opt/venv-dex/bin/python3 (found version "3.12.3") found components: Interpreter 
[0.664s] -- Override CMake install command with custom implementation using symlinks instead of copying resources
[0.688s] -- Found rosidl_default_generators: 1.6.0 (/opt/ros/jazzy/share/rosidl_default_generators/cmake)
[0.696s] -- Using all available rosidl_typesupport_c: rosidl_typesupport_fastrtps_c;rosidl_typesupport_introspection_c
[0.730s] -- Using all available rosidl_typesupport_cpp: rosidl_typesupport_fastrtps_cpp;rosidl_typesupport_introspection_cpp
[0.759s] -- Found rosidl_adapter: 4.6.6 (/opt/ros/jazzy/share/rosidl_adapter/cmake)
[0.762s] -- Found geometry_msgs: 5.3.6 (/opt/ros/jazzy/share/geometry_msgs/cmake)
[0.798s] -- Found sensor_msgs: 5.3.6 (/opt/ros/jazzy/share/sensor_msgs/cmake)
[1.917s] -- Found ament_cmake_ros: 0.12.0 (/opt/ros/jazzy/share/ament_cmake_ros/cmake)
[2.817s] -- Using all available rosidl_typesupport_c: rosidl_typesupport_fastrtps_c;rosidl_typesupport_introspection_c
[4.066s] -- Using all available rosidl_typesupport_cpp: rosidl_typesupport_fastrtps_cpp;rosidl_typesupport_introspection_cpp
[4.078s] -- Found python_cmake_module: 0.11.1 (/opt/ros/jazzy/share/python_cmake_module/cmake)
[4.335s] -- Found PythonExtra: /opt/venv-dex/bin/python3  
[4.961s] -- Found Python3: /opt/venv-dex/bin/python3 (found version "3.12.3") found components: Interpreter Development NumPy Development.Module Development.Embed 
[5.049s] -- Found ament_lint_auto: 0.17.3 (/opt/ros/jazzy/share/ament_lint_auto/cmake)
[5.067s] -- Added test 'lint_cmake' to check CMake code style
[5.068s] -- Added test 'xmllint' to check XML markup files
[5.070s] -- Configuring done (5.0s)
[5.108s] -- Generating done (0.0s)
[5.117s] -- Build files have been written to: /workspace/libs/robot_motion_interface/ros/build/robot_motion_interface_ros_msgs
[5.124s] Invoked command in '/workspace/libs/robot_motion_interface/ros/build/robot_motion_interface_ros_msgs' returned '0': CMAKE_PREFIX_PATH=${CMAKE_PREFIX_PATH}:/opt/ros/jazzy PS1=(venv-dex) \[\e]0;\u@\h: \w\a\]${debian_chroot:+($debian_chroot)}\u@\h:\w\$ VIRTUAL_ENV_PROMPT=(venv-dex) /usr/bin/cmake /workspace/libs/robot_motion_interface/ros/src/robot_motion_interface_ros_msgs -DAMENT_CMAKE_SYMLINK_INSTALL=1 -DCMAKE_INSTALL_PREFIX=/workspace/libs/robot_motion_interface/ros/install/robot_motion_interface_ros_msgs
[5.124s] Invoking command in '/workspace/libs/robot_motion_interface/ros/build/robot_motion_interface_ros_msgs': CMAKE_PREFIX_PATH=${CMAKE_PREFIX_PATH}:/opt/ros/jazzy PS1=(venv-dex) \[\e]0;\u@\h: \w\a\]${debian_chroot:+($debian_chroot)}\u@\h:\w\$ VIRTUAL_ENV_PROMPT=(venv-dex) /usr/bin/cmake --build /workspace/libs/robot_motion_interface/ros/build/robot_motion_interface_ros_msgs -- -j16 -l16
[5.162s] [  1%] Built target robot_motion_interface_ros_msgs__rosidl_generator_type_description
[5.164s] [  1%] Built target ament_cmake_python_symlink_robot_motion_interface_ros_msgs
[5.179s] [  2%] Built target robot_motion_interface_ros_msgs__cpp
[5.191s] [ 25%] Built target robot_motion_interface_ros_msgs__rosidl_generator_c
[5.212s] [ 35%] Built target robot_motion_interface_ros_msgs__rosidl_typesupport_introspection_cpp
[5.212s] [ 44%] Built target robot_motion_interface_ros_msgs__rosidl_typesupport_introspection_c
[5.212s] [ 55%] Built target robot_motion_interface_ros_msgs__rosidl_typesupport_c
[5.212s] [ 63%] Built target robot_motion_interface_ros_msgs__rosidl_typesupport_fastrtps_cpp
[5.213s] [ 72%] Built target robot_motion_interface_ros_msgs__rosidl_typesupport_cpp
[5.215s] [ 82%] Built target robot_motion_interface_ros_msgs__rosidl_typesupport_fastrtps_c
[5.228s] [ 82%] Built target robot_motion_interface_ros_msgs
[5.245s] [ 83%] Built target robot_motion_interface_ros_msgs__py
[5.267s] [ 91%] Built target robot_motion_interface_ros_msgs__rosidl_generator_py
[5.283s] [ 94%] Built target robot_motion_interface_ros_msgs_s__rosidl_typesupport_c
[5.283s] [ 97%] Built target robot_motion_interface_ros_msgs_s__rosidl_typesupport_introspection_c
[5.285s] [100%] Built target robot_motion_interface_ros_msgs_s__rosidl_typesupport_fastrtps_c
[5.331s] running egg_info
[5.338s] writing robot_motion_interface_ros_msgs.egg-info/PKG-INFO
[5.338s] writing dependency_links to robot_motion_interface_ros_msgs.egg-info/dependency_links.txt
[5.338s] writing top-level names to robot_motion_interface_ros_msgs.egg-info/top_level.txt
[5.383s] listing git files failed - pretending there aren't any
[5.385s] reading manifest file 'robot_motion_interface_ros_msgs.egg-info/SOURCES.txt'
[5.386s] writing manifest file 'robot_motion_interface_ros_msgs.egg-info/SOURCES.txt'
[5.409s] [100%] Built target ament_cmake_python_build_robot_motion_interface_ros_msgs_egg
[5.416s] Invoked command in '/workspace/libs/robot_motion_interface/ros/build/robot_motion_interface_ros_msgs' returned '0': CMAKE_PREFIX_PATH=${CMAKE_PREFIX_PATH}:/opt/ros/jazzy PS1=(venv-dex) \[\e]0;\u@\h: \w\a\]${debian_chroot:+($debian_chroot)}\u@\h:\w\$ VIRTUAL_ENV_PROMPT=(venv-dex) /usr/bin/cmake --build /workspace/libs/robot_motion_interface/ros/build/robot_motion_interface_ros_msgs -- -j16 -l16
[5.423s] Invoking command in '/workspace/libs/robot_motion_interface/ros/build/robot_motion_interface_ros_msgs': CMAKE_PREFIX_PATH=${CMAKE_PREFIX_PATH}:/opt/ros/jazzy PS1=(venv-dex) \[\e]0;\u@\h: \w\a\]${debian_chroot:+($debian_chroot)}\u@\h:\w\$ VIRTUAL_ENV_PROMPT=(venv-dex) /usr/bin/cmake --install /workspace/libs/robot_motion_interface/ros/build/robot_motion_interface_ros_msgs
[5.429s] -- Install configuration: ""
[5.430s] -- Execute custom install script
[5.430s] -- Up-to-date symlink: /workspace/libs/robot_motion_interface/ros/install/robot_motion_interface_ros_msgs/share/ament_index/resource_index/rosidl_interfaces/robot_motion_interface_ros_msgs
[5.430s] -- Up-to-date symlink: /workspace/libs/robot_motion_interface/ros/install/robot_motion_interface_ros_msgs/share/robot_motion_interface_ros_msgs/action/SetCartesianPose.json
[5.430s] -- Up-to-date symlink: /workspace/libs/robot_motion_interface/ros/install/robot_motion_interface_ros_msgs/share/robot_motion_interface_ros_msgs/action/Home.json
[5.430s] -- Up-to-date symlink: /workspace/libs/robot_motion_interface/ros/install/robot_motion_interface_ros_msgs/share/robot_motion_interface_ros_msgs/action/SetJointPositions.json
[5.430s] -- Up-to-date symlink: /workspace/libs/robot_motion_interface/ros/install/robot_motion_interface_ros_msgs/share/robot_motion_interface_ros_msgs/msg/ObjectPose.json
[5.430s] -- Up-to-date symlink: /workspace/libs/robot_motion_interface/ros/install/robot_motion_interface_ros_msgs/share/robot_motion_interface_ros_msgs/msg/ObjectPoses.json
[5.431s] -- Up-to-date symlink: /workspace/libs/robot_motion_interface/ros/install/robot_motion_interface_ros_msgs/include/robot_motion_interface_ros_msgs/robot_motion_interface_ros_msgs/action/detail/home__functions.h
[5.431s] -- Up-to-date symlink: /workspace/libs/robot_motion_interface/ros/install/robot_motion_interface_ros_msgs/include/robot_motion_interface_ros_msgs/robot_motion_interface_ros_msgs/action/detail/home__struct.h
[5.431s] -- Up-to-date symlink: /workspace/libs/robot_motion_interface/ros/install/robot_motion_interface_ros_msgs/include/robot_motion_interface_ros_msgs/robot_motion_interface_ros_msgs/action/detail/home__type_support.h
[5.431s] -- Up-to-date symlink: /workspace/libs/robot_motion_interface/ros/install/robot_motion_interface_ros_msgs/include/robot_motion_interface_ros_msgs/robot_motion_interface_ros_msgs/action/detail/set_cartesian_pose__functions.h
[5.431s] -- Up-to-date symlink: /workspace/libs/robot_motion_interface/ros/install/robot_motion_interface_ros_msgs/include/robot_motion_interface_ros_msgs/robot_motion_interface_ros_msgs/action/detail/set_cartesian_pose__struct.h
[5.431s] -- Up-to-date symlink: /workspace/libs/robot_motion_interface/ros/install/robot_motion_interface_ros_msgs/include/robot_motion_interface_ros_msgs/robot_motion_interface_ros_msgs/action/detail/set_cartesian_pose__type_support.h
[5.431s] -- Up-to-date symlink: /workspace/libs/robot_motion_interface/ros/install/robot_motion_interface_ros_msgs/include/robot_motion_interface_ros_msgs/robot_motion_interface_ros_msgs/action/detail/set_joint_positions__functions.h
[5.431s] -- Up-to-date symlink: /workspace/libs/robot_motion_interface/ros/install/robot_motion_interface_ros_msgs/include/robot_motion_interface_ros_msgs/robot_motion_interface_ros_msgs/action/detail/set_joint_positions__struct.h
[5.431s] -- Up-to-date symlink: /workspace/libs/robot_motion_interface/ros/install/robot_motion_interface_ros_msgs/include/robot_motion_interface_ros_msgs/robot_motion_interface_ros_msgs/action/detail/set_joint_positions__type_support.h
[5.431s] -- Up-to-date symlink: /workspace/libs/robot_motion_interface/ros/install/robot_motion_interface_ros_msgs/include/robot_motion_interface_ros_msgs/robot_motion_interface_ros_msgs/action/home.h
[5.432s] -- Up-to-date symlink: /workspace/libs/robot_motion_interface/ros/install/robot_motion_interface_ros_msgs/include/robot_motion_interface_ros_msgs/robot_motion_interface_ros_msgs/action/set_cartesian_pose.h
[5.432s] -- Up-to-date symlink: /workspace/libs/robot_motion_interface/ros/install/robot_motion_interface_ros_msgs/include/robot_motion_interface_ros_msgs/robot_motion_interface_ros_msgs/action/set_joint_positions.h
[5.432s] -- Up-to-date symlink: /workspace/libs/robot_motion_interface/ros/install/robot_motion_interface_ros_msgs/include/robot_motion_interface_ros_msgs/robot_motion_interface_ros_msgs/msg/detail/object_pose__functions.h
[5.432s] -- Up-to-date symlink: /workspace/libs/robot_motion_interface/ros/install/robot_motion_interface_ros_msgs/include/robot_motion_interface_ros_msgs/robot_motion_interface_ros_msgs/msg/detail/object_pose__struct.h
[5.432s] -- Up-to-date symlink: /workspace/libs/robot_motion_interface/ros/install/robot_motion_interface_ros_msgs/include/robot_motion_interface_ros_msgs/robot_motion_interface_ros_msgs/msg/detail/object_pose__type_support.h
[5.432s] -- Up-to-date symlink: /workspace/libs/robot_motion_interface/ros/install/robot_motion_interface_ros_msgs/include/robot_motion_interface_ros_msgs/robot_motion_interface_ros_msgs/msg/detail/object_poses__functions.h
[5.432s] -- Up-to-date symlink: /workspace/libs/robot_motion_interface/ros/install/robot_motion_interface_ros_msgs/include/robot_motion_interface_ros_msgs/robot_motion_interface_ros_msgs/msg/detail/object_poses__struct.h
[5.432s] -- Up-to-date symlink: /workspace/libs/robot_motion_interface/ros/install/robot_motion_interface_ros_msgs/include/robot_motion_interface_ros_msgs/robot_motion_interface_ros_msgs/msg/detail/object_poses__type_support.h
[5.432s] -- Up-to-date symlink: /workspace/libs/robot_motion_interface/ros/install/robot_motion_interface_ros_msgs/include/robot_motion_interface_ros_msgs/robot_motion_interface_ros_msgs/msg/object_pose.h
[5.432s] -- Up-to-date symlink: /workspace/libs/robot_motion_interface/ros/install/robot_motion_interface_ros_msgs/include/robot_motion_interface_ros_msgs/robot_motion_interface_ros_msgs/msg/object_poses.h
[5.432s] -- Up-to-date symlink: /workspace/libs/robot_motion_interface/ros/install/robot_motion_interface_ros_msgs/include/robot_motion_interface_ros_msgs/robot_motion_interface_ros_msgs/msg/rosidl_generator_c__visibility_control.h
[5.432s] -- Up-to-date symlink: /workspace/libs/robot_motion_interface/ros/install/robot_motion_interface_ros_msgs/share/robot_motion_interface_ros_msgs/environment/library_path.sh
[5.432s] -- Up-to-date symlink: /workspace/libs/robot_motion_interface/ros/install/robot_motion_interface_ros_msgs/share/robot_motion_interface_ros_msgs/environment/library_path.dsv
[5.433s] -- Up-to-date symlink: /workspace/libs/robot_motion_interface/ros/install/robot_motion_interface_ros_msgs/include/robot_motion_interface_ros_msgs/robot_motion_interface_ros_msgs/action/detail/home__rosidl_typesupport_fastrtps_c.h
[5.433s] -- Up-to-date symlink: /workspace/libs/robot_motion_interface/ros/install/robot_motion_interface_ros_msgs/include/robot_motion_interface_ros_msgs/robot_motion_interface_ros_msgs/action/detail/set_cartesian_pose__rosidl_typesupport_fastrtps_c.h
[5.433s] -- Up-to-date symlink: /workspace/libs/robot_motion_interface/ros/install/robot_motion_interface_ros_msgs/include/robot_motion_interface_ros_msgs/robot_motion_interface_ros_msgs/action/detail/set_joint_positions__rosidl_typesupport_fastrtps_c.h
[5.433s] -- Up-to-date symlink: /workspace/libs/robot_motion_interface/ros/install/robot_motion_interface_ros_msgs/include/robot_motion_interface_ros_msgs/robot_motion_interface_ros_msgs/msg/detail/object_pose__rosidl_typesupport_fastrtps_c.h
[5.433s] -- Up-to-date symlink: /workspace/libs/robot_motion_interface/ros/install/robot_motion_interface_ros_msgs/include/robot_motion_interface_ros_msgs/robot_motion_interface_ros_msgs/msg/detail/object_poses__rosidl_typesupport_fastrtps_c.h
[5.433s] -- Up-to-date symlink: /workspace/libs/robot_motion_interface/ros/install/robot_motion_interface_ros_msgs/include/robot_motion_interface_ros_msgs/robot_motion_interface_ros_msgs/msg/rosidl_typesupport_fastrtps_c__visibility_control.h
[5.433s] -- Up-to-date symlink: /workspace/libs/robot_motion_interface/ros/install/robot_motion_interface_ros_msgs/include/robot_motion_interface_ros_msgs/robot_motion_interface_ros_msgs/action/detail/home__rosidl_typesupport_introspection_c.h
[5.433s] -- Up-to-date symlink: /workspace/libs/robot_motion_interface/ros/install/robot_motion_interface_ros_msgs/include/robot_motion_interface_ros_msgs/robot_motion_interface_ros_msgs/action/detail/set_cartesian_pose__rosidl_typesupport_introspection_c.h
[5.433s] -- Up-to-date symlink: /workspace/libs/robot_motion_interface/ros/install/robot_motion_interface_ros_msgs/include/robot_motion_interface_ros_msgs/robot_motion_interface_ros_msgs/action/detail/set_joint_positions__rosidl_typesupport_introspection_c.h
[5.433s] -- Up-to-date symlink: /workspace/libs/robot_motion_interface/ros/install/robot_motion_interface_ros_msgs/include/robot_motion_interface_ros_msgs/robot_motion_interface_ros_msgs/msg/detail/object_pose__rosidl_typesupport_introspection_c.h
[5.433s] -- Up-to-date symlink: /workspace/libs/robot_motion_interface/ros/install/robot_motion_interface_ros_msgs/include/robot_motion_interface_ros_msgs/robot_motion_interface_ros_msgs/msg/detail/object_poses__rosidl_typesupport_introspection_c.h
[5.433s] -- Up-to-date symlink: /workspace/libs/robot_motion_interface/ros/install/robot_motion_interface_ros_msgs/include/robot_motion_interface_ros_msgs/robot_motion_interface_ros_msgs/msg/rosidl_typesupport_introspection_c__visibility_control.h
[5.434s] -- Up-to-date symlink: /workspace/libs/robot_motion_interface/ros/install/robot_motion_interface_ros_msgs/include/robot_motion_interface_ros_msgs/robot_motion_interface_ros_msgs/action/detail/home__builder.hpp
[5.434s] -- Up-to-date symlink: /workspace/libs/robot_motion_interface/ros/install/robot_motion_interface_ros_msgs/include/robot_motion_interface_ros_msgs/robot_motion_interface_ros_msgs/action/detail/home__struct.hpp
[5.434s] -- Up-to-date symlink: /workspace/libs/robot_motion_interface/ros/install/robot_motion_interface_ros_msgs/include/robot_motion_interface_ros_msgs/robot_motion_interface_ros_msgs/action/detail/home__traits.hpp
[5.434s] -- Up-to-date symlink: /workspace/libs/robot_motion_interface/ros/install/robot_motion_interface_ros_msgs/include/robot_motion_interface_ros_msgs/robot_motion_interface_ros_msgs/action/detail/home__type_support.hpp
[5.434s] -- Up-to-date symlink: /workspace/libs/robot_motion_interface/ros/install/robot_motion_interface_ros_msgs/include/robot_motion_interface_ros_msgs/robot_motion_interface_ros_msgs/action/detail/set_cartesian_pose__builder.hpp
[5.434s] -- Up-to-date symlink: /workspace/libs/robot_motion_interface/ros/install/robot_motion_interface_ros_msgs/include/robot_motion_interface_ros_msgs/robot_motion_interface_ros_msgs/action/detail/set_cartesian_pose__struct.hpp
[5.434s] -- Up-to-date symlink: /workspace/libs/robot_motion_interface/ros/install/robot_motion_interface_ros_msgs/include/robot_motion_interface_ros_msgs/robot_motion_interface_ros_msgs/action/detail/set_cartesian_pose__traits.hpp
[5.434s] -- Up-to-date symlink: /workspace/libs/robot_motion_interface/ros/install/robot_motion_interface_ros_msgs/include/robot_motion_interface_ros_msgs/robot_motion_interface_ros_msgs/action/detail/set_cartesian_pose__type_support.hpp
[5.434s] -- Up-to-date symlink: /workspace/libs/robot_motion_interface/ros/install/robot_motion_interface_ros_msgs/include/robot_motion_interface_ros_msgs/robot_motion_interface_ros_msgs/action/detail/set_joint_positions__builder.hpp
[5.434s] -- Up-to-date symlink: /workspace/libs/robot_motion_interface/ros/install/robot_motion_interface_ros_msgs/include/robot_motion_interface_ros_msgs/robot_motion_interface_ros_msgs/action/detail/set_joint_positions__struct.hpp
[5.434s] -- Up-to-date symlink: /workspace/libs/robot_motion_interface/ros/install/robot_motion_interface_ros_msgs/include/robot_motion_interface_ros_msgs/robot_motion_interface_ros_msgs/action/detail/set_joint_positions__traits.hpp
[5.434s] -- Up-to-date symlink: /workspace/libs/robot_motion_interface/ros/install/robot_motion_interface_ros_msgs/include/robot_motion_interface_ros_msgs/robot_motion_interface_ros_msgs/action/detail/set_joint_positions__type_support.hpp
[5.434s] -- Up-to-date symlink: /workspace/libs/robot_motion_interface/ros/install/robot_motion_interface_ros_msgs/include/robot_motion_interface_ros_msgs/robot_motion_interface_ros_msgs/action/home.hpp
[5.435s] -- Up-to-date symlink: /workspace/libs/robot_motion_interface/ros/install/robot_motion_interface_ros_msgs/include/robot_motion_interface_ros_msgs/robot_motion_interface_ros_msgs/action/set_cartesian_pose.hpp
[5.435s] -- Up-to-date symlink: /workspace/libs/robot_motion_interface/ros/install/robot_motion_interface_ros_msgs/include/robot_motion_interface_ros_msgs/robot_motion_interface_ros_msgs/action/set_joint_positions.hpp
[5.435s] -- Up-to-date symlink: /workspace/libs/robot_motion_interface/ros/install/robot_motion_interface_ros_msgs/include/robot_motion_interface_ros_msgs/robot_motion_interface_ros_msgs/msg/detail/object_pose__builder.hpp
[5.435s] -- Up-to-date symlink: /workspace/libs/robot_motion_interface/ros/install/robot_motion_interface_ros_msgs/include/robot_motion_interface_ros_msgs/robot_motion_interface_ros_msgs/msg/detail/object_pose__struct.hpp
[5.435s] -- Up-to-date symlink: /workspace/libs/robot_motion_interface/ros/install/robot_motion_interface_ros_msgs/include/robot_motion_interface_ros_msgs/robot_motion_interface_ros_msgs/msg/detail/object_pose__traits.hpp
[5.435s] -- Up-to-date symlink: /workspace/libs/robot_motion_interface/ros/install/robot_motion_interface_ros_msgs/include/robot_motion_interface_ros_msgs/robot_motion_interface_ros_msgs/msg/detail/object_pose__type_support.hpp
[5.435s] -- Up-to-date symlink: /workspace/libs/robot_motion_interface/ros/install/robot_motion_interface_ros_msgs/include/robot_motion_interface_ros_msgs/robot_motion_interface_ros_msgs/msg/detail/object_poses__builder.hpp
[5.435s] -- Up-to-date symlink: /workspace/libs/robot_motion_interface/ros/install/robot_motion_interface_ros_msgs/include/robot_motion_interface_ros_msgs/robot_motion_interface_ros_msgs/msg/detail/object_poses__struct.hpp
[5.435s] -- Up-to-date symlink: /workspace/libs/robot_motion_interface/ros/install/robot_motion_interface_ros_msgs/include/robot_motion_interface_ros_msgs/robot_motion_interface_ros_msgs/msg/detail/object_poses__traits.hpp
[5.435s] -- Up-to-date symlink: /workspace/libs/robot_motion_interface/ros/install/robot_motion_interface_ros_msgs/include/robot_motion_interface_ros_msgs/robot_motion_interface_ros_msgs/msg/detail/object_poses__type_support.hpp
[5.435s] -- Up-to-date symlink: /workspace/libs/robot_motion_interface/ros/install/robot_motion_interface_ros_msgs/include/robot_motion_interface_ros_msgs/robot_motion_interface_ros_msgs/msg/object_pose.hpp
[5.435s] -- Up-to-date symlink: /workspace/libs/robot_motion_interface/ros/install/robot_motion_interface_ros_msgs/include/robot_motion_interface_ros_msgs/robot_motion_interface_ros_msgs/msg/object_poses.hpp
[5.435s] -- Up-to-date symlink: /workspace/libs/robot_motion_interface/ros/install/robot_motion_interface_ros_msgs/include/robot_motion_interface_ros_msgs/robot_motion_interface_ros_msgs/msg/rosidl_generator_cpp__visibility_control.hpp
[5.436s] -- Up-to-date symlink: /workspace/libs/robot_motion_interface/ros/install/robot_motion_interface_ros_msgs/include/robot_motion_interface_ros_msgs/robot_motion_interface_ros_msgs/action/detail/home__rosidl_typesupport_fastrtps_cpp.hpp
[5.436s] -- Up-to-date symlink: /workspace/libs/robot_motion_interface/ros/install/robot_motion_interface_ros_msgs/include/robot_motion_interface_ros_msgs/robot_motion_interface_ros_msgs/action/detail/set_cartesian_pose__rosidl_typesupport_fastrtps_cpp.hpp
[5.436s] -- Up-to-date symlink: /workspace/libs/robot_motion_interface/ros/install/robot_motion_interface_ros_msgs/include/robot_motion_interface_ros_msgs/robot_motion_interface_ros_msgs/action/detail/set_joint_positions__rosidl_typesupport_fastrtps_cpp.hpp
[5.436s] -- Up-to-date symlink: /workspace/libs/robot_motion_interface/ros/install/robot_motion_interface_ros_msgs/include/robot_motion_interface_ros_msgs/robot_motion_interface_ros_msgs/msg/detail/object_pose__rosidl_typesupport_fastrtps_cpp.hpp
[5.436s] -- Up-to-date symlink: /workspace/libs/robot_motion_interface/ros/install/robot_motion_interface_ros_msgs/include/robot_motion_interface_ros_msgs/robot_motion_interface_ros_msgs/msg/detail/object_poses__rosidl_typesupport_fastrtps_cpp.hpp
[5.436s] -- Up-to-date symlink: /workspace/libs/robot_motion_interface/ros/install/robot_motion_interface_ros_msgs/include/robot_motion_interface_ros_msgs/robot_motion_interface_ros_msgs/msg/rosidl_typesupport_fastrtps_cpp__visibility_control.h
[5.436s] -- Up-to-date symlink: /workspace/libs/robot_motion_interface/ros/install/robot_motion_interface_ros_msgs/include/robot_motion_interface_ros_msgs/robot_motion_interface_ros_msgs/action/detail/home__rosidl_typesupport_introspection_cpp.hpp
[5.436s] -- Up-to-date symlink: /workspace/libs/robot_motion_interface/ros/install/robot_motion_interface_ros_msgs/include/robot_motion_interface_ros_msgs/robot_motion_interface_ros_msgs/action/detail/set_cartesian_pose__rosidl_typesupport_introspection_cpp.hpp
[5.436s] -- Up-to-date symlink: /workspace/libs/robot_motion_interface/ros/install/robot_motion_interface_ros_msgs/include/robot_motion_interface_ros_msgs/robot_motion_interface_ros_msgs/action/detail/set_joint_positions__rosidl_typesupport_introspection_cpp.hpp
[5.436s] -- Up-to-date symlink: /workspace/libs/robot_motion_interface/ros/install/robot_motion_interface_ros_msgs/include/robot_motion_interface_ros_msgs/robot_motion_interface_ros_msgs/msg/detail/object_pose__rosidl_typesupport_introspection_cpp.hpp
[5.437s] -- Up-to-date symlink: /workspace/libs/robot_motion_interface/ros/install/robot_motion_interface_ros_msgs/include/robot_motion_interface_ros_msgs/robot_motion_interface_ros_msgs/msg/detail/object_poses__rosidl_typesupport_introspection_cpp.hpp
[5.437s] -- Up-to-date symlink: /workspace/libs/robot_motion_interface/ros/install/robot_motion_interface_ros_msgs/share/robot_motion_interface_ros_msgs/environment/pythonpath.sh
[5.437s] -- Up-to-date symlink: /workspace/libs/robot_motion_interface/ros/install/robot_motion_interface_ros_msgs/share/robot_motion_interface_ros_msgs/environment/pythonpath.dsv
[5.437s] -- Up-to-date symlink: /workspace/libs/robot_motion_interface/ros/install/robot_motion_interface_ros_msgs/lib/python3.12/site-packages/robot_motion_interface_ros_msgs-0.0.0-py3.12.egg-info/PKG-INFO
[5.437s] -- Up-to-date symlink: /workspace/libs/robot_motion_interface/ros/install/robot_motion_interface_ros_msgs/lib/python3.12/site-packages/robot_motion_interface_ros_msgs-0.0.0-py3.12.egg-info/SOURCES.txt
[5.437s] -- Up-to-date symlink: /workspace/libs/robot_motion_interface/ros/install/robot_motion_interface_ros_msgs/lib/python3.12/site-packages/robot_motion_interface_ros_msgs-0.0.0-py3.12.egg-info/dependency_links.txt
[5.437s] -- Up-to-date symlink: /workspace/libs/robot_motion_interface/ros/install/robot_motion_interface_ros_msgs/lib/python3.12/site-packages/robot_motion_interface_ros_msgs-0.0.0-py3.12.egg-info/top_level.txt
[5.438s] -- Up-to-date symlink: /workspace/libs/robot_motion_interface/ros/install/robot_motion_interface_ros_msgs/lib/python3.12/site-packages/robot_motion_interface_ros_msgs/__init__.py
[5.438s] -- Up-to-date symlink: /workspace/libs/robot_motion_interface/ros/install/robot_motion_interface_ros_msgs/lib/python3.12/site-packages/robot_motion_interface_ros_msgs/_robot_motion_interface_ros_msgs_s.ep.rosidl_typesupport_c.c
[5.438s] -- Up-to-date symlink: /workspace/libs/robot_motion_interface/ros/install/robot_motion_interface_ros_msgs/lib/python3.12/site-packages/robot_motion_interface_ros_msgs/_robot_motion_interface_ros_msgs_s.ep.rosidl_typesupport_fastrtps_c.c
[5.438s] -- Up-to-date symlink: /workspace/libs/robot_motion_interface/ros/install/robot_motion_interface_ros_msgs/lib/python3.12/site-packages/robot_motion_interface_ros_msgs/_robot_motion_interface_ros_msgs_s.ep.rosidl_typesupport_introspection_c.c
[5.438s] -- Up-to-date symlink: /workspace/libs/robot_motion_interface/ros/install/robot_motion_interface_ros_msgs/lib/python3.12/site-packages/robot_motion_interface_ros_msgs/action/__init__.py
[5.438s] -- Up-to-date symlink: /workspace/libs/robot_motion_interface/ros/install/robot_motion_interface_ros_msgs/lib/python3.12/site-packages/robot_motion_interface_ros_msgs/action/_home.py
[5.438s] -- Up-to-date symlink: /workspace/libs/robot_motion_interface/ros/install/robot_motion_interface_ros_msgs/lib/python3.12/site-packages/robot_motion_interface_ros_msgs/action/_home_s.c
[5.438s] -- Up-to-date symlink: /workspace/libs/robot_motion_interface/ros/install/robot_motion_interface_ros_msgs/lib/python3.12/site-packages/robot_motion_interface_ros_msgs/action/_set_cartesian_pose.py
[5.438s] -- Up-to-date symlink: /workspace/libs/robot_motion_interface/ros/install/robot_motion_interface_ros_msgs/lib/python3.12/site-packages/robot_motion_interface_ros_msgs/action/_set_cartesian_pose_s.c
[5.438s] -- Up-to-date symlink: /workspace/libs/robot_motion_interface/ros/install/robot_motion_interface_ros_msgs/lib/python3.12/site-packages/robot_motion_interface_ros_msgs/action/_set_joint_positions.py
[5.438s] -- Up-to-date symlink: /workspace/libs/robot_motion_interface/ros/install/robot_motion_interface_ros_msgs/lib/python3.12/site-packages/robot_motion_interface_ros_msgs/action/_set_joint_positions_s.c
[5.438s] -- Up-to-date symlink: /workspace/libs/robot_motion_interface/ros/install/robot_motion_interface_ros_msgs/lib/python3.12/site-packages/robot_motion_interface_ros_msgs/msg/__init__.py
[5.438s] -- Up-to-date symlink: /workspace/libs/robot_motion_interface/ros/install/robot_motion_interface_ros_msgs/lib/python3.12/site-packages/robot_motion_interface_ros_msgs/msg/_object_pose.py
[5.438s] -- Up-to-date symlink: /workspace/libs/robot_motion_interface/ros/install/robot_motion_interface_ros_msgs/lib/python3.12/site-packages/robot_motion_interface_ros_msgs/msg/_object_pose_s.c
[5.438s] -- Up-to-date symlink: /workspace/libs/robot_motion_interface/ros/install/robot_motion_interface_ros_msgs/lib/python3.12/site-packages/robot_motion_interface_ros_msgs/msg/_object_poses.py
[5.438s] -- Up-to-date symlink: /workspace/libs/robot_motion_interface/ros/install/robot_motion_interface_ros_msgs/lib/python3.12/site-packages/robot_motion_interface_ros_msgs/msg/_object_poses_s.c
[5.439s] -- Up-to-date symlink: /workspace/libs/robot_motion_interface/ros/install/robot_motion_interface_ros_msgs/lib/python3.12/site-packages/robot_motion_interface_ros_msgs/robot_motion_interface_ros_msgs_s__rosidl_typesupport_c.so
[5.439s] -- Up-to-date symlink: /workspace/libs/robot_motion_interface/ros/install/robot_motion_interface_ros_msgs/lib/python3.12/site-packages/robot_motion_interface_ros_msgs/robot_motion_interface_ros_msgs_s__rosidl_typesupport_fastrtps_c.so
[5.439s] -- Up-to-date symlink: /workspace/libs/robot_motion_interface/ros/install/robot_motion_interface_ros_msgs/lib/python3.12/site-packages/robot_motion_interface_ros_msgs/robot_motion_interface_ros_msgs_s__rosidl_typesupport_introspection_c.so
[5.439s] -- Up-to-date symlink: /workspace/libs/robot_motion_interface/ros/install/robot_motion_interface_ros_msgs/lib/python3.12/site-packages/robot_motion_interface_ros_msgs/robot_motion_interface_ros_msgs_s__rosidl_typesupport_fastrtps_c.so
[5.439s] -- Up-to-date symlink: /workspace/libs/robot_motion_interface/ros/install/robot_motion_interface_ros_msgs/lib/python3.12/site-packages/robot_motion_interface_ros_msgs/robot_motion_interface_ros_msgs_s__rosidl_typesupport_introspection_c.so
[5.439s] -- Up-to-date symlink: /workspace/libs/robot_motion_interface/ros/install/robot_motion_interface_ros_msgs/lib/python3.12/site-packages/robot_motion_interface_ros_msgs/robot_motion_interface_ros_msgs_s__rosidl_typesupport_c.so
[5.439s] -- Up-to-date symlink: /workspace/libs/robot_motion_interface/ros/install/robot_motion_interface_ros_msgs/share/robot_motion_interface_ros_msgs/action/SetCartesianPose.idl
[5.439s] -- Up-to-date symlink: /workspace/libs/robot_motion_interface/ros/install/robot_motion_interface_ros_msgs/share/robot_motion_interface_ros_msgs/action/Home.idl
[5.439s] -- Up-to-date symlink: /workspace/libs/robot_motion_interface/ros/install/robot_motion_interface_ros_msgs/share/robot_motion_interface_ros_msgs/action/SetJointPositions.idl
[5.440s] -- Up-to-date symlink: /workspace/libs/robot_motion_interface/ros/install/robot_motion_interface_ros_msgs/share/robot_motion_interface_ros_msgs/msg/ObjectPose.idl
[5.440s] -- Up-to-date symlink: /workspace/libs/robot_motion_interface/ros/install/robot_motion_interface_ros_msgs/share/robot_motion_interface_ros_msgs/msg/ObjectPoses.idl
[5.440s] -- Up-to-date symlink: /workspace/libs/robot_motion_interface/ros/install/robot_motion_interface_ros_msgs/share/robot_motion_interface_ros_msgs/action/SetCartesianPose.action
[5.440s] -- Up-to-date symlink: /workspace/libs/robot_motion_interface/ros/install/robot_motion_interface_ros_msgs/share/robot_motion_interface_ros_msgs/action/Home.action
[5.440s] -- Up-to-date symlink: /workspace/libs/robot_motion_interface/ros/install/robot_motion_interface_ros_msgs/share/robot_motion_interface_ros_msgs/action/SetJointPositions.action
[5.440s] -- Up-to-date symlink: /workspace/libs/robot_motion_interface/ros/install/robot_motion_interface_ros_msgs/share/robot_motion_interface_ros_msgs/msg/ObjectPose.msg
[5.440s] -- Up-to-date symlink: /workspace/libs/robot_motion_interface/ros/install/robot_motion_interface_ros_msgs/share/robot_motion_interface_ros_msgs/msg/ObjectPoses.msg
[5.440s] -- Up-to-date symlink: /workspace/libs/robot_motion_interface/ros/install/robot_motion_interface_ros_msgs/share/ament_index/resource_index/package_run_dependencies/robot_motion_interface_ros_msgs
[5.440s] -- Up-to-date symlink: /workspace/libs/robot_motion_interface/ros/install/robot_motion_interface_ros_msgs/share/ament_index/resource_index/parent_prefix_path/robot_motion_interface_ros_msgs
[5.440s] -- Up-to-date symlink: /workspace/libs/robot_motion_interface/ros/install/robot_motion_interface_ros_msgs/share/robot_motion_interface_ros_msgs/environment/ament_prefix_path.sh
[5.440s] -- Up-to-date symlink: /workspace/libs/robot_motion_interface/ros/install/robot_motion_interface_ros_msgs/share/robot_motion_interface_ros_msgs/environment/ament_prefix_path.dsv
[5.440s] -- Up-to-date symlink: /workspace/libs/robot_motion_interface/ros/install/robot_motion_interface_ros_msgs/share/robot_motion_interface_ros_msgs/environment/path.sh
[5.440s] -- Up-to-date symlink: /workspace/libs/robot_motion_interface/ros/install/robot_motion_interface_ros_msgs/share/robot_motion_interface_ros_msgs/environment/path.dsv
[5.440s] -- Up-to-date symlink: /workspace/libs/robot_motion_interface/ros/install/robot_motion_interface_ros_msgs/share/robot_motion_interface_ros_msgs/local_setup.bash
[5.441s] -- Up-to-date symlink: /workspace/libs/robot_motion_interface/ros/install/robot_motion_interface_ros_msgs/share/robot_motion_interface_ros_msgs/local_setup.sh
[5.441s] -- Up-to-date symlink: /workspace/libs/robot_motion_interface/ros/install/robot_motion_interface_ros_msgs/share/robot_motion_interface_ros_msgs/local_setup.zsh
[5.441s] -- Up-to-date symlink: /workspace/libs/robot_motion_interface/ros/install/robot_motion_interface_ros_msgs/share/robot_motion_interface_ros_msgs/local_setup.dsv
[5.441s] -- Symlinking: /workspace/libs/robot_motion_interface/ros/install/robot_motion_interface_ros_msgs/share/robot_motion_interface_ros_msgs/package.dsv
[5.446s] -- Up-to-date symlink: /workspace/libs/robot_motion_interface/ros/install/robot_motion_interface_ros_msgs/share/ament_index/resource_index/packages/robot_motion_interface_ros_msgs
[5.447s] -- Up-to-date symlink: /workspace/libs/robot_motion_interface/ros/install/robot_motion_interface_ros_msgs/share/robot_motion_interface_ros_msgs/cmake/rosidl_cmake-extras.cmake
[5.447s] -- Up-to-date symlink: /workspace/libs/robot_motion_interface/ros/install/robot_motion_interface_ros_msgs/share/robot_motion_interface_ros_msgs/cmake/ament_cmake_export_dependencies-extras.cmake
[5.447s] -- Up-to-date symlink: /workspace/libs/robot_motion_interface/ros/install/robot_motion_interface_ros_msgs/share/robot_motion_interface_ros_msgs/cmake/ament_cmake_export_include_directories-extras.cmake
[5.447s] -- Up-to-date symlink: /workspace/libs/robot_motion_interface/ros/install/robot_motion_interface_ros_msgs/share/robot_motion_interface_ros_msgs/cmake/ament_cmake_export_libraries-extras.cmake
[5.447s] -- Up-to-date symlink: /workspace/libs/robot_motion_interface/ros/install/robot_motion_interface_ros_msgs/share/robot_motion_interface_ros_msgs/cmake/ament_cmake_export_targets-extras.cmake
[5.447s] -- Up-to-date symlink: /workspace/libs/robot_motion_interface/ros/install/robot_motion_interface_ros_msgs/share/robot_motion_interface_ros_msgs/cmake/rosidl_cmake_export_typesupport_targets-extras.cmake
[5.447s] -- Up-to-date symlink: /workspace/libs/robot_motion_interface/ros/install/robot_motion_interface_ros_msgs/share/robot_motion_interface_ros_msgs/cmake/rosidl_cmake_export_typesupport_libraries-extras.cmake
[5.447s] -- Up-to-date symlink: /workspace/libs/robot_motion_interface/ros/install/robot_motion_interface_ros_msgs/share/robot_motion_interface_ros_msgs/cmake/robot_motion_interface_ros_msgsConfig.cmake
[5.447s] -- Up-to-date symlink: /workspace/libs/robot_motion_interface/ros/install/robot_motion_interface_ros_msgs/share/robot_motion_interface_ros_msgs/cmake/robot_motion_interface_ros_msgsConfig-version.cmake
[5.447s] -- Up-to-date symlink: /workspace/libs/robot_motion_interface/ros/install/robot_motion_interface_ros_msgs/share/robot_motion_interface_ros_msgs/package.xml
[5.448s] -- Up-to-date: /workspace/libs/robot_motion_interface/ros/install/robot_motion_interface_ros_msgs/lib/librobot_motion_interface_ros_msgs__rosidl_generator_c.so
[5.448s] -- Up-to-date: /workspace/libs/robot_motion_interface/ros/install/robot_motion_interface_ros_msgs/lib/librobot_motion_interface_ros_msgs__rosidl_typesupport_fastrtps_c.so
[5.449s] -- Up-to-date: /workspace/libs/robot_motion_interface/ros/install/robot_motion_interface_ros_msgs/lib/librobot_motion_interface_ros_msgs__rosidl_typesupport_introspection_c.so
[5.449s] -- Up-to-date: /workspace/libs/robot_motion_interface/ros/install/robot_motion_interface_ros_msgs/lib/librobot_motion_interface_ros_msgs__rosidl_typesupport_c.so
[5.449s] -- Up-to-date: /workspace/libs/robot_motion_interface/ros/install/robot_motion_interface_ros_msgs/lib/librobot_motion_interface_ros_msgs__rosidl_typesupport_fastrtps_cpp.so
[5.450s] -- Up-to-date: /workspace/libs/robot_motion_interface/ros/install/robot_motion_interface_ros_msgs/lib/librobot_motion_interface_ros_msgs__rosidl_typesupport_introspection_cpp.so
[5.450s] -- Up-to-date: /workspace/libs/robot_motion_interface/ros/install/robot_motion_interface_ros_msgs/lib/librobot_motion_interface_ros_msgs__rosidl_typesupport_cpp.so
[5.489s] Listing '/workspace/libs/robot_motion_interface/ros/install/robot_motion_interface_ros_msgs/lib/python3.12/site-packages/robot_motion_interface_ros_msgs'...
[5.489s] Compiling '/workspace/libs/robot_motion_interface/ros/install/robot_motion_interface_ros_msgs/lib/python3.12/site-packages/robot_motion_interface_ros_msgs/__init__.py'...
[5.489s] Listing '/workspace/libs/robot_motion_interface/ros/install/robot_motion_interface_ros_msgs/lib/python3.12/site-packages/robot_motion_interface_ros_msgs/action'...
[5.489s] Listing '/workspace/libs/robot_motion_interface/ros/install/robot_motion_interface_ros_msgs/lib/python3.12/site-packages/robot_motion_interface_ros_msgs/msg'...
[5.494s] -- Up-to-date: /workspace/libs/robot_motion_interface/ros/install/robot_motion_interface_ros_msgs/lib/librobot_motion_interface_ros_msgs__rosidl_generator_py.so
[5.494s] -- Up-to-date: /workspace/libs/robot_motion_interface/ros/install/robot_motion_interface_ros_msgs/share/robot_motion_interface_ros_msgs/cmake/export_robot_motion_interface_ros_msgs__rosidl_generator_cExport.cmake
[5.494s] -- Up-to-date: /workspace/libs/robot_motion_interface/ros/install/robot_motion_interface_ros_msgs/share/robot_motion_interface_ros_msgs/cmake/export_robot_motion_interface_ros_msgs__rosidl_generator_cExport-noconfig.cmake
[5.494s] -- Up-to-date: /workspace/libs/robot_motion_interface/ros/install/robot_motion_interface_ros_msgs/share/robot_motion_interface_ros_msgs/cmake/export_robot_motion_interface_ros_msgs__rosidl_typesupport_fastrtps_cExport.cmake
[5.494s] -- Up-to-date: /workspace/libs/robot_motion_interface/ros/install/robot_motion_interface_ros_msgs/share/robot_motion_interface_ros_msgs/cmake/export_robot_motion_interface_ros_msgs__rosidl_typesupport_fastrtps_cExport-noconfig.cmake
[5.494s] -- Up-to-date: /workspace/libs/robot_motion_interface/ros/install/robot_motion_interface_ros_msgs/share/robot_motion_interface_ros_msgs/cmake/robot_motion_interface_ros_msgs__rosidl_typesupport_introspection_cExport.cmake
[5.494s] -- Up-to-date: /workspace/libs/robot_motion_interface/ros/install/robot_motion_interface_ros_msgs/share/robot_motion_interface_ros_msgs/cmake/robot_motion_interface_ros_msgs__rosidl_typesupport_introspection_cExport-noconfig.cmake
[5.495s] -- Up-to-date: /workspace/libs/robot_motion_interface/ros/install/robot_motion_interface_ros_msgs/share/robot_motion_interface_ros_msgs/cmake/robot_motion_interface_ros_msgs__rosidl_typesupport_cExport.cmake
[5.495s] -- Up-to-date: /workspace/libs/robot_motion_interface/ros/install/robot_motion_interface_ros_msgs/share/robot_motion_interface_ros_msgs/cmake/robot_motion_interface_ros_msgs__rosidl_typesupport_cExport-noconfig.cmake
[5.495s] -- Up-to-date: /workspace/libs/robot_motion_interface/ros/install/robot_motion_interface_ros_msgs/share/robot_motion_interface_ros_msgs/cmake/export_robot_motion_interface_ros_msgs__rosidl_generator_cppExport.cmake
[5.495s] -- Up-to-date: /workspace/libs/robot_motion_interface/ros/install/robot_motion_interface_ros_msgs/share/robot_motion_interface_ros_msgs/cmake/export_robot_motion_interface_ros_msgs__rosidl_typesupport_fastrtps_cppExport.cmake
[5.495s] -- Up-to-date: /workspace/libs/robot_motion_interface/ros/install/robot_motion_interface_ros_msgs/share/robot_motion_interface_ros_msgs/cmake/export_robot_motion_interface_ros_msgs__rosidl_typesupport_fastrtps_cppExport-noconfig.cmake
[5.495s] -- Up-to-date: /workspace/libs/robot_motion_interface/ros/install/robot_motion_interface_ros_msgs/share/robot_motion_interface_ros_msgs/cmake/robot_motion_interface_ros_msgs__rosidl_typesupport_introspection_cppExport.cmake
[5.495s] -- Up-to-date: /workspace/libs/robot_motion_interface/ros/install/robot_motion_interface_ros_msgs/share/robot_motion_interface_ros_msgs/cmake/robot_motion_interface_ros_msgs__rosidl_typesupport_introspection_cppExport-noconfig.cmake
[5.495s] -- Up-to-date: /workspace/libs/robot_motion_interface/ros/install/robot_motion_interface_ros_msgs/share/robot_motion_interface_ros_msgs/cmake/robot_motion_interface_ros_msgs__rosidl_typesupport_cppExport.cmake
[5.495s] -- Up-to-date: /workspace/libs/robot_motion_interface/ros/install/robot_motion_interface_ros_msgs/share/robot_motion_interface_ros_msgs/cmake/robot_motion_interface_ros_msgs__rosidl_typesupport_cppExport-noconfig.cmake
[5.495s] -- Up-to-date: /workspace/libs/robot_motion_interface/ros/install/robot_motion_interface_ros_msgs/share/robot_motion_interface_ros_msgs/cmake/export_robot_motion_interface_ros_msgs__rosidl_generator_pyExport.cmake
[5.495s] -- Up-to-date: /workspace/libs/robot_motion_interface/ros/install/robot_motion_interface_ros_msgs/share/robot_motion_interface_ros_msgs/cmake/export_robot_motion_interface_ros_msgs__rosidl_generator_pyExport-noconfig.cmake
[5.496s] Invoked command in '/workspace/libs/robot_motion_interface/ros/build/robot_motion_interface_ros_msgs' returned '0': CMAKE_PREFIX_PATH=${CMAKE_PREFIX_PATH}:/opt/ros/jazzy PS1=(venv-dex) \[\e]0;\u@\h: \w\a\]${debian_chroot:+($debian_chroot)}\u@\h:\w\$ VIRTUAL_ENV_PROMPT=(venv-dex) /usr/bin/cmake --install /workspace/libs/robot_motion_interface/ros/build/robot_motion_interface_ros_msgs
